OpenROAD 26Q2-339-g0504146ce6 
Features included (+) or not (-): +GPU +GUI +Python
This program is licensed under the BSD-3 license. See the LICENSE file for details.
Components of this program may be licensed under more restrictive licenses which must be honored.
[INFO ORD-0030] Using 4 thread(s).
read_liberty /home/harish_d1121/OpenROAD-flow-scripts/flow/platforms/sky130hd/lib/sky130_fd_sc_hd__tt_025C_1v80.lib
read_db /home/harish_d1121/Spec_to_Tapeout-main/openroad_runs/p8/results/sky130hd/fp16_multiplier/base/3_4_place_resized.odb
read_sdc /home/harish_d1121/Spec_to_Tapeout-main/openroad_runs/p8/results/sky130hd/fp16_multiplier/base/2_floorplan.sdc
source /home/harish_d1121/OpenROAD-flow-scripts/flow/platforms/sky130hd/setRC.tcl
detailed_placement
[INFO DPL-0006] Core area: 12465.71 um^2, Instances area: 5021.07 um^2, Utilization: 40.3%
[INFO DPL-0005] Diamond search max displacement: +/- 500 sites horizontally, +/- 100 rows vertically.
[INFO DPL-1101] Legalizing using diamond search.
Movements Summary
---------------------------------------
Total cells:                     526
Diamond Move Success:            526 (100.00%)
Diamond Move Failure:              0
Rip-up and replace Success:        0 (  0.00% of diamond failures)
Rip-up and replace Failure:        0
Total Placement Failures:          0
---------------------------------------
Placement Analysis
---------------------------------
total displacement       1154.6 u
average displacement        1.7 u
max displacement            6.7 u
original HPWL            7944.5 u
legalized HPWL           9049.4 u
delta HPWL                   14 %

improve_placement -max_displacement "5 1"
Detailed placement improvement.
[INFO DPL-0401] Setting random seed to 1.
[INFO DPL-0402] Setting maximum displacement 5 1 to 13600 2720 units.
[INFO DPL-0320] Collected 220 fixed cells.
[INFO DPL-0318] Collected 526 single height cells.
[INFO DPL-0321] Collected 0 wide cells.
[INFO DPL-0322] Image (2300, 2720) - (114080, 114240)
[INFO DPL-0310] Assigned 526 cells into segments.  Movement in X-direction is 0.000000, movement in Y-direction is 0.000000.
[INFO DPL-0313] Found 0 cells in wrong regions.
[INFO DPL-0315] Found 0 row alignment problems.
[INFO DPL-0314] Found 0 site alignment problems.
[INFO DPL-0311] Found 0 overlaps between adjacent cells.
[INFO DPL-0312] Found 0 edge spacing violations and 0 padding violations.
[INFO DPL-0303] Running algorithm for independent set matching.
[INFO DPL-0300] Set matching objective is wirelength.
[INFO DPL-0301] Pass   1 of matching; objective is 9.040958e+06.
[INFO DPL-0302] End of matching; objective is 9.032662e+06, improvement is 0.09 percent.
[INFO DPL-0303] Running algorithm for global swaps.
[INFO DPL-0306] Pass   1 of global swaps; hpwl is 8.864543e+06.
[INFO DPL-0306] Pass   2 of global swaps; hpwl is 8.820186e+06.
[INFO DPL-0307] End of global swaps; objective is 8.820186e+06, improvement is 2.35 percent.
[INFO DPL-0303] Running algorithm for vertical swaps.
[INFO DPL-0308] Pass   1 of vertical swaps; hpwl is 8.791035e+06.
[INFO DPL-0309] End of vertical swaps; objective is 8.791035e+06, improvement is 0.33 percent.
[INFO DPL-0303] Running algorithm for reordering.
[INFO DPL-0304] Pass   1 of reordering; objective is 8.782015e+06.
[INFO DPL-0305] End of reordering; objective is 8.782015e+06, improvement is 0.10 percent.
[INFO DPL-0303] Running algorithm for random improvement.
[INFO DPL-0324] Random improver is using random generator.
[INFO DPL-0325] Random improver is using hpwl objective.
[INFO DPL-0326] Random improver cost string is (a).
[INFO DPL-0332] End of pass, Generator random called 10520 times.
[INFO DPL-0335] Generator random, Cumulative attempts 10520, swaps 1617, moves  3298 since last reset.
[INFO DPL-0333] End of pass, Objective hpwl, Initial cost 8.782015e+06, Scratch cost 8.667678e+06, Incremental cost 8.667678e+06, Mismatch? N
[INFO DPL-0338] End of pass, Total cost is 8.667678e+06.
[INFO DPL-0327] Pass   1 of random improver; improvement in cost is 1.30 percent.
[INFO DPL-0332] End of pass, Generator random called 10520 times.
[INFO DPL-0335] Generator random, Cumulative attempts 21040, swaps 3166, moves  6568 since last reset.
[INFO DPL-0333] End of pass, Objective hpwl, Initial cost 8.667678e+06, Scratch cost 8.638484e+06, Incremental cost 8.638484e+06, Mismatch? N
[INFO DPL-0338] End of pass, Total cost is 8.638484e+06.
[INFO DPL-0327] Pass   2 of random improver; improvement in cost is 0.34 percent.
[INFO DPL-0328] End of random improver; improvement is 1.634374 percent.
[INFO DPL-0380] Cell flipping.
[INFO DPL-0382] Changed 0 cell orientations for row compatibility.
[INFO DPL-0383] Performed 158 cell flips.
[INFO DPL-0384] End of flipping; objective is 8.423414e+06, improvement is 2.49 percent.
[INFO DPL-0313] Found 0 cells in wrong regions.
[INFO DPL-0315] Found 0 row alignment problems.
[INFO DPL-0314] Found 0 site alignment problems.
[INFO DPL-0311] Found 0 overlaps between adjacent cells.
[INFO DPL-0312] Found 0 edge spacing violations and 0 padding violations.
Detailed Improvement Results
------------------------------------------
Original HPWL             9049.4 u (    4187.4,     4862.0)
Final HPWL                8438.5 u (    3876.1,     4562.4)
Delta HPWL                  -6.8 % (      -7.4,       -6.2)

optimize_mirroring
[INFO DPL-0020] Mirrored 40 instances
[INFO DPL-0021] HPWL before            8438.5 u
[INFO DPL-0022] HPWL after             8431.9 u
[INFO DPL-0023] HPWL delta               -0.1 %
[INFO FLW-0012] Placement violations .
estimate_parasitics -placement
Report metrics stage 3, detailed place...
No registers in design

==========================================================================
detailed place report_design_area
--------------------------------------------------------------------------
Design area 5021 um^2 40% utilization.
write_db /home/harish_d1121/Spec_to_Tapeout-main/openroad_runs/p8/results/sky130hd/fp16_multiplier/base/3_5_place_dp.odb
Elapsed time: 0:00.46[h:]min:sec. CPU time: user 0.42 sys 0.06 (103%). Peak memory: 124876KB.
Log                        Elapsed/s Peak Memory/MB  sha1sum .odb [0:20)
3_5_place_dp                       0            121 f3fda273a55636146cd3
