OpenROAD 26Q2-339-g0504146ce6 
Features included (+) or not (-): +GPU +GUI +Python
This program is licensed under the BSD-3 license. See the LICENSE file for details.
Components of this program may be licensed under more restrictive licenses which must be honored.
[INFO ORD-0030] Using 4 thread(s).
read_liberty /home/harish_d1121/OpenROAD-flow-scripts/flow/platforms/sky130hd/lib/sky130_fd_sc_hd__tt_025C_1v80.lib
read_db /home/harish_d1121/Spec_to_Tapeout-main/openroad_runs/p2/results/sky130hd/shift_register_4bit/base/3_1_place_gp_skip_io.odb
read_sdc /home/harish_d1121/Spec_to_Tapeout-main/openroad_runs/p2/results/sky130hd/shift_register_4bit/base/2_floorplan.sdc
source /home/harish_d1121/OpenROAD-flow-scripts/flow/platforms/sky130hd/setRC.tcl
place_pins -hor_layers met3 -ver_layers met2
Found 0 macro blocks.
Using 2 tracks default min distance between IO pins.
[INFO PPL-0001] Number of available slots 176
[INFO PPL-0002] Number of I/O             13
[INFO PPL-0003] Number of I/O w/sink      13
[INFO PPL-0004] Number of I/O w/o sink    0
[INFO PPL-0005] Slots per section         200
[INFO PPL-0008] Successfully assigned pins to sections.
[INFO PPL-0012] I/O nets HPWL: 283.39 um.
Design area 221 um^2 13% utilization.
write_db /home/harish_d1121/Spec_to_Tapeout-main/openroad_runs/p2/results/sky130hd/shift_register_4bit/base/3_2_place_iop.odb
Elapsed time: 0:00.33[h:]min:sec. CPU time: user 0.28 sys 0.04 (97%). Peak memory: 118228KB.
Log                        Elapsed/s Peak Memory/MB  sha1sum .odb [0:20)
3_2_place_iop                      0            115 bce04ffbc7cf8966cb7b
