OpenROAD 26Q2-339-g0504146ce6 
Features included (+) or not (-): +GPU +GUI +Python
This program is licensed under the BSD-3 license. See the LICENSE file for details.
Components of this program may be licensed under more restrictive licenses which must be honored.
[INFO ORD-0030] Using 4 thread(s).
read_liberty /home/harish_d1121/OpenROAD-flow-scripts/flow/platforms/sky130hd/lib/sky130_fd_sc_hd__tt_025C_1v80.lib
read_db /home/harish_d1121/Spec_to_Tapeout-main/openroad_runs/p2/results/sky130hd/shift_register_4bit/base/3_4_place_resized.odb
read_sdc /home/harish_d1121/Spec_to_Tapeout-main/openroad_runs/p2/results/sky130hd/shift_register_4bit/base/2_floorplan.sdc
source /home/harish_d1121/OpenROAD-flow-scripts/flow/platforms/sky130hd/setRC.tcl
detailed_placement
[INFO DPL-0006] Core area: 1764.19 um^2, Instances area: 340.33 um^2, Utilization: 19.3%
[INFO DPL-0005] Diamond search max displacement: +/- 500 sites horizontally, +/- 100 rows vertically.
[INFO DPL-1101] Legalizing using diamond search.
Movements Summary
---------------------------------------
Total cells:                      30
Diamond Move Success:             30 (100.00%)
Diamond Move Failure:              0
Rip-up and replace Success:        0 (  0.00% of diamond failures)
Rip-up and replace Failure:        0
Total Placement Failures:          0
---------------------------------------
Placement Analysis
---------------------------------
total displacement         33.5 u
average displacement        0.6 u
max displacement            3.8 u
original HPWL             423.6 u
legalized HPWL            445.7 u
delta HPWL                    5 %

improve_placement -max_displacement "5 1"
Detailed placement improvement.
[INFO DPL-0401] Setting random seed to 1.
[INFO DPL-0402] Setting maximum displacement 5 1 to 13600 2720 units.
[INFO DPL-0320] Collected 38 fixed cells.
[INFO DPL-0318] Collected 30 single height cells.
[INFO DPL-0321] Collected 0 wide cells.
[INFO DPL-0322] Image (4140, 5440) - (47380, 46240)
[INFO DPL-0310] Assigned 30 cells into segments.  Movement in X-direction is 0.000000, movement in Y-direction is 0.000000.
[INFO DPL-0313] Found 0 cells in wrong regions.
[INFO DPL-0315] Found 0 row alignment problems.
[INFO DPL-0314] Found 0 site alignment problems.
[INFO DPL-0311] Found 0 overlaps between adjacent cells.
[INFO DPL-0312] Found 0 edge spacing violations and 0 padding violations.
[INFO DPL-0303] Running algorithm for independent set matching.
[INFO DPL-0300] Set matching objective is wirelength.
[INFO DPL-0301] Pass   1 of matching; objective is 4.464700e+05.
[INFO DPL-0302] End of matching; objective is 4.464700e+05, improvement is 0.00 percent.
[INFO DPL-0303] Running algorithm for global swaps.
[INFO DPL-0306] Pass   1 of global swaps; hpwl is 4.364060e+05.
[INFO DPL-0306] Pass   2 of global swaps; hpwl is 4.364060e+05.
[INFO DPL-0307] End of global swaps; objective is 4.364060e+05, improvement is 2.25 percent.
[INFO DPL-0303] Running algorithm for vertical swaps.
[INFO DPL-0308] Pass   1 of vertical swaps; hpwl is 4.313630e+05.
[INFO DPL-0308] Pass   2 of vertical swaps; hpwl is 4.287130e+05.
[INFO DPL-0309] End of vertical swaps; objective is 4.287130e+05, improvement is 1.76 percent.
[INFO DPL-0303] Running algorithm for reordering.
[INFO DPL-0304] Pass   1 of reordering; objective is 4.287130e+05.
[INFO DPL-0305] End of reordering; objective is 4.287130e+05, improvement is 0.00 percent.
[INFO DPL-0303] Running algorithm for random improvement.
[INFO DPL-0324] Random improver is using random generator.
[INFO DPL-0325] Random improver is using hpwl objective.
[INFO DPL-0326] Random improver cost string is (a).
[INFO DPL-0332] End of pass, Generator random called 600 times.
[INFO DPL-0335] Generator random, Cumulative attempts 600, swaps 48, moves   259 since last reset.
[INFO DPL-0333] End of pass, Objective hpwl, Initial cost 4.287130e+05, Scratch cost 4.180260e+05, Incremental cost 4.180260e+05, Mismatch? N
[INFO DPL-0338] End of pass, Total cost is 4.180260e+05.
[INFO DPL-0327] Pass   1 of random improver; improvement in cost is 2.49 percent.
[INFO DPL-0332] End of pass, Generator random called 600 times.
[INFO DPL-0335] Generator random, Cumulative attempts 1200, swaps 86, moves   534 since last reset.
[INFO DPL-0333] End of pass, Objective hpwl, Initial cost 4.180260e+05, Scratch cost 4.128140e+05, Incremental cost 4.128140e+05, Mismatch? N
[INFO DPL-0338] End of pass, Total cost is 4.128140e+05.
[INFO DPL-0327] Pass   2 of random improver; improvement in cost is 1.25 percent.
[INFO DPL-0332] End of pass, Generator random called 600 times.
[INFO DPL-0335] Generator random, Cumulative attempts 1800, swaps 117, moves   787 since last reset.
[INFO DPL-0333] End of pass, Objective hpwl, Initial cost 4.128140e+05, Scratch cost 4.070300e+05, Incremental cost 4.070300e+05, Mismatch? N
[INFO DPL-0338] End of pass, Total cost is 4.070300e+05.
[INFO DPL-0327] Pass   3 of random improver; improvement in cost is 1.40 percent.
[INFO DPL-0332] End of pass, Generator random called 600 times.
[INFO DPL-0335] Generator random, Cumulative attempts 2400, swaps 146, moves  1048 since last reset.
[INFO DPL-0333] End of pass, Objective hpwl, Initial cost 4.070300e+05, Scratch cost 4.068340e+05, Incremental cost 4.068340e+05, Mismatch? N
[INFO DPL-0338] End of pass, Total cost is 4.068340e+05.
[INFO DPL-0327] Pass   4 of random improver; improvement in cost is 0.05 percent.
[INFO DPL-0328] End of random improver; improvement is 5.103414 percent.
[INFO DPL-0380] Cell flipping.
[INFO DPL-0382] Changed 0 cell orientations for row compatibility.
[INFO DPL-0383] Performed 2 cell flips.
[INFO DPL-0384] End of flipping; objective is 3.988880e+05, improvement is 1.95 percent.
[INFO DPL-0313] Found 0 cells in wrong regions.
[INFO DPL-0315] Found 0 row alignment problems.
[INFO DPL-0314] Found 0 site alignment problems.
[INFO DPL-0311] Found 0 overlaps between adjacent cells.
[INFO DPL-0312] Found 0 edge spacing violations and 0 padding violations.
Detailed Improvement Results
------------------------------------------
Original HPWL              445.7 u (     224.9,      220.8)
Final HPWL                 400.1 u (     195.7,      204.3)
Delta HPWL                 -10.2 % (     -13.0,       -7.5)

optimize_mirroring
[INFO FLW-0012] Placement violations .
estimate_parasitics -placement
Report metrics stage 3, detailed place...

==========================================================================
detailed place report_design_area
--------------------------------------------------------------------------
Design area 340 um^2 19% utilization.
write_db /home/harish_d1121/Spec_to_Tapeout-main/openroad_runs/p2/results/sky130hd/shift_register_4bit/base/3_5_place_dp.odb
Elapsed time: 0:00.35[h:]min:sec. CPU time: user 0.30 sys 0.04 (99%). Peak memory: 121548KB.
Log                        Elapsed/s Peak Memory/MB  sha1sum .odb [0:20)
3_5_place_dp                       0            118 a23bd667826135092611
