
==========================================================================
cts final report_tns
--------------------------------------------------------------------------
tns max 0.00

==========================================================================
cts final report_wns
--------------------------------------------------------------------------
wns max 0.00

==========================================================================
cts final report_worst_slack
--------------------------------------------------------------------------
worst slack max INF

==========================================================================
cts final report_clock_min_period
--------------------------------------------------------------------------

==========================================================================
cts final report_clock_skew
--------------------------------------------------------------------------

==========================================================================
cts final report_checks -path_delay min
--------------------------------------------------------------------------
No paths found.

==========================================================================
cts final report_checks -path_delay max
--------------------------------------------------------------------------
No paths found.

==========================================================================
cts final report_checks -unconstrained
--------------------------------------------------------------------------
Startpoint: a[6] (input port)
Endpoint: result[1] (output port)
Path Group: unconstrained
Path Type: max

Fanout     Cap    Slew   Delay    Time   Description
-----------------------------------------------------------------------------
                          0.00    0.00 ^ input external delay
     1    0.00    0.00    0.00    0.00 ^ a[6] (in)
                                         a[6] (net)
                  0.00    0.00    0.00 ^ input13/A (sky130_fd_sc_hd__clkdlybuf4s50_1)
    12    0.06    0.57    0.83    0.83 ^ input13/X (sky130_fd_sc_hd__clkdlybuf4s50_1)
                                         net13 (net)
                  0.57    0.00    0.83 ^ _1519_/B (sky130_fd_sc_hd__nand2_1)
     1    0.01    0.14    0.16    1.00 v _1519_/Y (sky130_fd_sc_hd__nand2_1)
                                         _0836_ (net)
                  0.14    0.00    1.00 v _1553_/A (sky130_fd_sc_hd__fa_1)
     1    0.01    0.10    0.53    1.53 v _1553_/SUM (sky130_fd_sc_hd__fa_1)
                                         _0374_ (net)
                  0.10    0.00    1.53 v _1554_/B (sky130_fd_sc_hd__fa_1)
     1    0.00    0.05    0.51    2.04 ^ _1554_/SUM (sky130_fd_sc_hd__fa_1)
                                         _0838_ (net)
                  0.05    0.00    2.04 ^ _1297_/A (sky130_fd_sc_hd__inv_1)
     1    0.01    0.04    0.05    2.09 v _1297_/Y (sky130_fd_sc_hd__inv_1)
                                         _0383_ (net)
                  0.04    0.00    2.09 v _1558_/B (sky130_fd_sc_hd__fa_1)
     1    0.01    0.12    0.50    2.59 v _1558_/SUM (sky130_fd_sc_hd__fa_1)
                                         _0412_ (net)
                  0.12    0.00    2.59 v _1564_/A (sky130_fd_sc_hd__fa_1)
     1    0.01    0.10    0.53    3.12 v _1564_/SUM (sky130_fd_sc_hd__fa_1)
                                         _0462_ (net)
                  0.10    0.00    3.12 v _1570_/A (sky130_fd_sc_hd__fa_1)
     1    0.00    0.08    0.49    3.61 v _1570_/SUM (sky130_fd_sc_hd__fa_1)
                                         _0502_ (net)
                  0.08    0.00    3.61 v _1626_/A (sky130_fd_sc_hd__ha_1)
     4    0.01    0.10    0.36    3.97 v _1626_/SUM (sky130_fd_sc_hd__ha_1)
                                         _0914_ (net)
                  0.10    0.00    3.97 v _1181_/A2 (sky130_fd_sc_hd__a21o_1)
     2    0.01    0.05    0.21    4.18 v _1181_/X (sky130_fd_sc_hd__a21o_1)
                                         _0973_ (net)
                  0.05    0.00    4.18 v _1182_/A2 (sky130_fd_sc_hd__a21o_1)
     1    0.00    0.04    0.18    4.35 v _1182_/X (sky130_fd_sc_hd__a21o_1)
                                         _0974_ (net)
                  0.04    0.00    4.36 v _1183_/A2 (sky130_fd_sc_hd__a21o_1)
     2    0.01    0.05    0.19    4.54 v _1183_/X (sky130_fd_sc_hd__a21o_1)
                                         _0975_ (net)
                  0.05    0.00    4.54 v _1184_/B2 (sky130_fd_sc_hd__a221o_1)
     2    0.01    0.09    0.36    4.90 v _1184_/X (sky130_fd_sc_hd__a221o_1)
                                         _0976_ (net)
                  0.09    0.00    4.90 v _1277_/B1 (sky130_fd_sc_hd__a221oi_1)
     1    0.00    0.23    0.25    5.16 ^ _1277_/Y (sky130_fd_sc_hd__a221oi_1)
                                         _1038_ (net)
                  0.23    0.00    5.16 ^ _1278_/B1_N (sky130_fd_sc_hd__a21boi_1)
     1    0.01    0.19    0.25    5.41 ^ _1278_/Y (sky130_fd_sc_hd__a21boi_1)
                                         _0859_ (net)
                  0.19    0.00    5.41 ^ _1579_/CIN (sky130_fd_sc_hd__fa_1)
     2    0.01    0.12    0.25    5.66 ^ _1579_/COUT (sky130_fd_sc_hd__fa_1)
                                         _0558_ (net)
                  0.12    0.00    5.66 ^ _1191_/B (sky130_fd_sc_hd__xor2_1)
     1    0.00    0.12    0.16    5.82 ^ _1191_/X (sky130_fd_sc_hd__xor2_1)
                                         _0979_ (net)
                  0.12    0.00    5.82 ^ place50/A (sky130_fd_sc_hd__buf_4)
    23    0.08    0.22    0.26    6.08 ^ place50/X (sky130_fd_sc_hd__buf_4)
                                         net50 (net)
                  0.22    0.00    6.08 ^ _1253_/B (sky130_fd_sc_hd__nor2_1)
     1    0.00    0.05    0.06    6.15 v _1253_/Y (sky130_fd_sc_hd__nor2_1)
                                         _1030_ (net)
                  0.05    0.00    6.15 v _1254_/B1 (sky130_fd_sc_hd__a21oi_1)
     3    0.01    0.29    0.25    6.40 ^ _1254_/Y (sky130_fd_sc_hd__a21oi_1)
                                         _0564_ (net)
                  0.29    0.00    6.40 ^ _1635_/A (sky130_fd_sc_hd__ha_1)
     2    0.01    0.10    0.24    6.64 ^ _1635_/COUT (sky130_fd_sc_hd__ha_1)
                                         _0641_ (net)
                  0.10    0.00    6.64 ^ _1215_/C1 (sky130_fd_sc_hd__o211ai_1)
     3    0.01    0.15    0.15    6.79 v _1215_/Y (sky130_fd_sc_hd__o211ai_1)
                                         _1000_ (net)
                  0.15    0.00    6.79 v _1221_/A_N (sky130_fd_sc_hd__nand4b_4)
     6    0.04    0.21    0.31    7.10 v _1221_/Y (sky130_fd_sc_hd__nand4b_4)
                                         _1006_ (net)
                  0.21    0.00    7.10 v _1227_/A (sky130_fd_sc_hd__nor2_2)
     8    0.03    0.35    0.37    7.47 ^ _1227_/Y (sky130_fd_sc_hd__nor2_2)
                                         _1012_ (net)
                  0.35    0.00    7.47 ^ _1241_/A1_N (sky130_fd_sc_hd__a2bb2oi_1)
     1    0.01    0.17    0.25    7.72 ^ _1241_/Y (sky130_fd_sc_hd__a2bb2oi_1)
                                         _1025_ (net)
                  0.17    0.00    7.72 ^ _1242_/B (sky130_fd_sc_hd__nor2_1)
     1    0.00    0.10    0.06    7.78 v _1242_/Y (sky130_fd_sc_hd__nor2_1)
                                         net40 (net)
                  0.10    0.00    7.78 v output40/A (sky130_fd_sc_hd__clkdlybuf4s50_1)
     1    0.00    0.04    0.42    8.20 v output40/X (sky130_fd_sc_hd__clkdlybuf4s50_1)
                                         result[1] (net)
                  0.04    0.00    8.20 v result[1] (out)
                                  8.20   data arrival time
-----------------------------------------------------------------------------
(Path is unconstrained)



==========================================================================
cts final report_check_types -max_slew -max_cap -max_fanout -violators
--------------------------------------------------------------------------

==========================================================================
cts final max_slew_check_slack
--------------------------------------------------------------------------
0.8298127055168152

==========================================================================
cts final max_slew_check_limit
--------------------------------------------------------------------------
1.5

==========================================================================
cts final max_slew_check_slack_limit
--------------------------------------------------------------------------
0.5532

==========================================================================
cts final max_fanout_check_slack
--------------------------------------------------------------------------
1.0000000150474662e+30

==========================================================================
cts final max_fanout_check_limit
--------------------------------------------------------------------------
1.0000000150474662e+30

==========================================================================
cts final max_capacitance_check_slack
--------------------------------------------------------------------------
0.021848490461707115

==========================================================================
cts final max_capacitance_check_limit
--------------------------------------------------------------------------
0.03663099929690361

==========================================================================
cts final max_capacitance_check_slack_limit
--------------------------------------------------------------------------
0.5964

==========================================================================
cts final max_slew_violation_count
--------------------------------------------------------------------------
max slew violation count 0

==========================================================================
cts final max_fanout_violation_count
--------------------------------------------------------------------------
max fanout violation count 0

==========================================================================
cts final max_cap_violation_count
--------------------------------------------------------------------------
max cap violation count 0

==========================================================================
cts final setup_violation_count
--------------------------------------------------------------------------
setup violation count 0

==========================================================================
cts final hold_violation_count
--------------------------------------------------------------------------
hold violation count 0

==========================================================================
cts final critical path delay
--------------------------------------------------------------------------
-1

==========================================================================
cts final critical path slack
--------------------------------------------------------------------------
0

==========================================================================
cts final slack div critical path delay
--------------------------------------------------------------------------
0.000000

==========================================================================
cts final report_power
--------------------------------------------------------------------------
Group                  Internal  Switching    Leakage      Total
                          Power      Power      Power      Power (Watts)
----------------------------------------------------------------
Sequential             0.00e+00   0.00e+00   0.00e+00   0.00e+00   0.0%
Combinational          9.23e-03   9.41e-03   2.43e-09   1.86e-02 100.0%
Clock                  0.00e+00   0.00e+00   0.00e+00   0.00e+00   0.0%
Macro                  0.00e+00   0.00e+00   0.00e+00   0.00e+00   0.0%
Pad                    0.00e+00   0.00e+00   0.00e+00   0.00e+00   0.0%
----------------------------------------------------------------
Total                  9.23e-03   9.41e-03   2.43e-09   1.86e-02 100.0%
                          49.5%      50.5%       0.0%
