OpenROAD 26Q2-339-g0504146ce6 
Features included (+) or not (-): +GPU +GUI +Python
This program is licensed under the BSD-3 license. See the LICENSE file for details.
Components of this program may be licensed under more restrictive licenses which must be honored.
[INFO ORD-0030] Using 4 thread(s).
read_liberty /home/harish_d1121/OpenROAD-flow-scripts/flow/platforms/sky130hd/lib/sky130_fd_sc_hd__tt_025C_1v80.lib
read_db /home/harish_d1121/Spec_to_Tapeout-main/openroad_runs/p4/results/sky130hd/button_debouncer/base/2_floorplan.odb
read_sdc /home/harish_d1121/Spec_to_Tapeout-main/openroad_runs/p4/results/sky130hd/button_debouncer/base/2_floorplan.sdc
source /home/harish_d1121/OpenROAD-flow-scripts/flow/platforms/sky130hd/setRC.tcl
[INFO GPL-0022] Initialize gpl and calculate uniform density.
Placement density is 0.2179999975860119, computed from PLACE_DENSITY_LB_ADDON  0.10 and lower bound 0.11999999731779099
global_placement -skip_io -density 0.2179999975860119 -pad_left 0 -pad_right 0
[INFO GPL-0001] ---- Initialize GPL Main Data Structures
[INFO GPL-0002] DBU: 1000
[INFO GPL-0003] SiteSize: (  0.460  2.720 ) um
[INFO GPL-0004] CoreBBox: (  4.140  5.440 ) ( 44.620 43.520 ) um
[INFO GPL-0036] Movable instances area:        166.410 um^2
[INFO GPL-0037] Total instances area:          186.429 um^2
[INFO GPL-0035] Pin density area adjust:        12.043 um^2
[INFO GPL-0032] ---- Initialize Region: Top-level
[INFO GPL-0006] Number of instances:                33
[INFO GPL-0007] Movable instances:                  17
[INFO GPL-0008] Fixed instances:                    16
[INFO GPL-0009] Dummy instances:                     0
[INFO GPL-0010] Number of nets:                     22
[INFO GPL-0011] Number of pins:                     57
[INFO GPL-0012] Die BBox:  (  0.000  0.000 ) ( 48.795 48.795 ) um
[INFO GPL-0013] Core BBox: (  4.140  5.440 ) ( 44.620 43.520 ) um
[INFO GPL-0016] Core area:                    1541.478 um^2
[INFO GPL-0014] Region name: top-level.
[INFO GPL-0015] Region area:                  1541.478 um^2
[INFO GPL-0017] Fixed instances area:           20.019 um^2
[INFO GPL-0018] Movable instances area:        178.452 um^2
[INFO GPL-0019] Utilization:                    11.729 %
[INFO GPL-0020] Standard cells area:           178.452 um^2
[INFO GPL-0021] Large instances area:            0.000 um^2
[INFO GPL-0005] ---- Execute Conjugate Gradient Initial Placement.
[INFO GPL-0051] Source of initial instance position counters:
	Odb location = 0	Core center = 17	Region center = 0
[INFO GPL-0033] ---- Initialize Nesterov Region: Top-level
[INFO GPL-0023] Placement target density:       0.2180
[INFO GPL-0024] Movable insts average area:     10.497 um^2
[INFO GPL-0025] Ideal bin area:                 48.152 um^2
[INFO GPL-0026] Ideal bin count:                    32
[INFO GPL-0027] Total bin area:               1541.478 um^2
[INFO GPL-0028] Bin count (X, Y):           4 ,      4
[INFO GPL-0029] Bin size (W * H):      10.120 *  9.520 um
[INFO GPL-0030] Number of bins:                     16
[INFO GPL-0007] ---- Execute Nesterov Global Placement.
[INFO GPL-0031] HPWL: Half-Perimeter Wirelength
Iteration | Overflow |     HPWL (um) |  HPWL(%) |   Penalty | Group
---------------------------------------------------------------
        0 |   0.5397 |  4.214400e+01 |   +0.00% |  8.33e-13 |      
       10 |   0.5397 |  3.762800e+01 |  -10.72% |  1.36e-12 |      
       20 |   0.5397 |  3.762800e+01 |   +0.00% |  2.21e-12 |      
       30 |   0.5397 |  3.762300e+01 |   -0.01% |  3.60e-12 |      
       40 |   0.5397 |  3.760400e+01 |   -0.05% |  5.87e-12 |      
       50 |   0.5397 |  3.759200e+01 |   -0.03% |  9.55e-12 |      
       60 |   0.5397 |  3.756400e+01 |   -0.07% |  1.56e-11 |      
       70 |   0.5397 |  3.758800e+01 |   +0.06% |  2.53e-11 |      
       80 |   0.5397 |  3.783200e+01 |   +0.65% |  4.13e-11 |      
       90 |   0.5397 |  3.831800e+01 |   +1.28% |  6.73e-11 |      
      100 |   0.5397 |  3.901000e+01 |   +1.81% |  1.10e-10 |      
      110 |   0.5397 |  3.930500e+01 |   +0.76% |  1.78e-10 |      
      120 |   0.5397 |  4.037900e+01 |   +2.73% |  2.91e-10 |      
      130 |   0.5397 |  3.899300e+01 |   -3.43% |  4.73e-10 |      
      140 |   0.5397 |  3.967600e+01 |   +1.75% |  7.71e-10 |      
      150 |   0.5256 |  3.815400e+01 |   -3.84% |  1.26e-09 |      
      160 |   0.5022 |  4.001400e+01 |   +4.87% |  2.05e-09 |      
      170 |   0.5063 |  4.215500e+01 |   +5.35% |  3.33e-09 |      
      180 |   0.5280 |  3.789000e+01 |  -10.12% |  5.43e-09 |      
      190 |   0.5096 |  3.846100e+01 |   +1.51% |  8.84e-09 |      
      200 |   0.5227 |  3.862500e+01 |   +0.43% |  1.44e-08 |      
      210 |   0.5150 |  4.068300e+01 |   +5.33% |  2.35e-08 |      
      220 |   0.4445 |  8.232200e+01 | +102.35% |  3.82e-08 |      
      230 |   0.4059 |  1.011090e+02 |  +22.82% |  6.23e-08 |      
      240 |   0.3661 |  1.196060e+02 |  +18.29% |  1.01e-07 |      
      250 |   0.3107 |  1.349800e+02 |  +12.85% |  1.57e-07 |      
      260 |   0.2685 |  1.461840e+02 |   +8.30% |  2.31e-07 |      
      270 |   0.2227 |  1.547520e+02 |   +5.86% |  3.41e-07 |      
      280 |   0.1841 |  1.639740e+02 |   +5.96% |  5.02e-07 |      
      290 |   0.1325 |  1.806740e+02 |  +10.18% |  7.40e-07 |      
      297 |   0.0981 |  1.903250e+02 |          |  1.01e-06 |      
---------------------------------------------------------------
[INFO GPL-1001] Global placement finished at iteration 297
[INFO GPL-1002] Placed Cell Area              178.4521
[INFO GPL-1003] Available Free Area          1521.4592
[INFO GPL-1004] Minimum Feasible Density        0.1200 (cell_area / free_area)
[INFO GPL-1006]   Suggested Target Densities:
[INFO GPL-1007]     - For 90% usage of free space: 0.1303
[INFO GPL-1008]     - For 80% usage of free space: 0.1466
[INFO GPL-1009]     - For 50% usage of free space: 0.2346
[INFO GPL-1014] Final placement area: 178.45 (+0.00%)
Design area 186 um^2 12% utilization.
write_db /home/harish_d1121/Spec_to_Tapeout-main/openroad_runs/p4/results/sky130hd/button_debouncer/base/3_1_place_gp_skip_io.odb
Elapsed time: 0:00.33[h:]min:sec. CPU time: user 0.36 sys 0.02 (114%). Peak memory: 118480KB.
Log                        Elapsed/s Peak Memory/MB  sha1sum .odb [0:20)
3_1_place_gp_skip_io               0            115 2ad16437a1c83d711bdb
