#! /usr/bin/vvp
:ivl_version "11.0 (stable)";
:ivl_delay_selection "TYPICAL";
:vpi_time_precision - 12;
:vpi_module "/usr/lib/x86_64-linux-gnu/ivl/system.vpi";
:vpi_module "/usr/lib/x86_64-linux-gnu/ivl/vhdl_sys.vpi";
:vpi_module "/usr/lib/x86_64-linux-gnu/ivl/vhdl_textio.vpi";
:vpi_module "/usr/lib/x86_64-linux-gnu/ivl/v2005_math.vpi";
:vpi_module "/usr/lib/x86_64-linux-gnu/ivl/va_math.vpi";
:vpi_module "/usr/lib/x86_64-linux-gnu/ivl/v2009.vpi";
S_0x5835aaec0c50 .scope package, "$unit" "$unit" 2 1;
 .timescale 0 0;
S_0x5835aae79cf0 .scope module, "tb" "tb" 3 3;
 .timescale -9 -12;
P_0x5835aaea8be0 .param/l "N" 1 3 4, +C4<00000000000000000000000000001000>;
P_0x5835aaea8c20 .param/l "WIDTH" 1 3 5, +C4<00000000000000000000000000001000>;
v0x5835aaeebe20_0 .var/s "A", 63 0;
v0x5835aaeebf10_0 .var/s "B", 63 0;
v0x5835aaeec010_0 .var "clk", 0 0;
v0x5835aaeec110_0 .net/s "dot_out", 19 0, v0x5835aaeeb070_0;  1 drivers
v0x5835aaeec1e0_0 .var "rst", 0 0;
v0x5835aaeec2d0_0 .net "valid", 0 0, v0x5835aaeebca0_0;  1 drivers
S_0x5835aae79fb0 .scope task, "check_state" "check_state" 3 28, 3 28 0, S_0x5835aae79cf0;
 .timescale -9 -12;
v0x5835aaeae160_0 .var "check_dot", 0 0;
v0x5835aaeae9a0_0 .var/i "cycle_id", 31 0;
v0x5835aaeaf0e0_0 .var/s "expected_dot", 19 0;
v0x5835aaeaf850_0 .var "expected_valid", 0 0;
TD_tb.check_state ;
    %delay 1000, 0;
    %load/vec4 v0x5835aaeec2d0_0;
    %load/vec4 v0x5835aaeaf850_0;
    %cmp/ne;
    %jmp/0xz  T_0.0, 6;
    %vpi_call/w 3 36 "$display", "FAIL: cycle %0d expected valid=%0b got valid=%0b time=%0t", v0x5835aaeae9a0_0, v0x5835aaeaf850_0, v0x5835aaeec2d0_0, $time {0 0 0};
    %vpi_call/w 3 37 "$fatal", 32'sb00000000000000000000000000000001 {0 0 0};
T_0.0 ;
    %load/vec4 v0x5835aaeae160_0;
    %load/vec4 v0x5835aaeec110_0;
    %load/vec4 v0x5835aaeaf0e0_0;
    %cmp/ne;
    %flag_get/vec4 6;
    %and;
    %flag_set/vec4 8;
    %jmp/0xz  T_0.2, 8;
    %vpi_call/w 3 40 "$display", "FAIL: cycle %0d expected dot_out=%0d got dot_out=%0d time=%0t", v0x5835aaeae9a0_0, v0x5835aaeaf0e0_0, v0x5835aaeec110_0, $time {0 0 0};
    %vpi_call/w 3 41 "$fatal", 32'sb00000000000000000000000000000001 {0 0 0};
T_0.2 ;
    %end;
S_0x5835aaeea510 .scope module, "dut" "dot_product" 3 17, 4 1 0, S_0x5835aae79cf0;
 .timescale 0 0;
    .port_info 0 /INPUT 1 "clk";
    .port_info 1 /INPUT 1 "rst";
    .port_info 2 /INPUT 64 "A";
    .port_info 3 /INPUT 64 "B";
    .port_info 4 /OUTPUT 20 "dot_out";
    .port_info 5 /OUTPUT 1 "valid";
P_0x5835aae7b620 .param/l "ACC_WIDTH" 1 4 12, +C4<00000000000000000000000000000000000000000000000000000000000010100>;
P_0x5835aae7b660 .param/l "N" 0 4 2, +C4<00000000000000000000000000001000>;
P_0x5835aae7b6a0 .param/l "WIDTH" 0 4 3, +C4<00000000000000000000000000001000>;
v0x5835aaeead00_0 .net "A", 63 0, v0x5835aaeebe20_0;  1 drivers
v0x5835aaeeae00_0 .net "B", 63 0, v0x5835aaeebf10_0;  1 drivers
v0x5835aaeeaee0_0 .net "clk", 0 0, v0x5835aaeec010_0;  1 drivers
v0x5835aaeeafb0_0 .var "computed_once", 0 0;
v0x5835aaeeb070_0 .var/s "dot_out", 19 0;
v0x5835aaeeb1a0_0 .var/s "final_sum_comb", 19 0;
v0x5835aaeeb280_0 .var/i "i", 31 0;
v0x5835aaeeb360_0 .var/s "pair_sum_0", 19 0;
v0x5835aaeeb440_0 .var/s "pair_sum_1", 19 0;
v0x5835aaeeb520_0 .var/s "pair_sum_2", 19 0;
v0x5835aaeeb600_0 .var/s "pair_sum_3", 19 0;
v0x5835aaeeb6e0 .array/s "prod_regs", 7 0, 15 0;
v0x5835aaeeb8a0_0 .net "rst", 0 0, v0x5835aaeec1e0_0;  1 drivers
v0x5835aaeeb960_0 .var "stage1_valid", 0 0;
v0x5835aaeeba20_0 .var "stage2_valid", 0 0;
v0x5835aaeebae0_0 .var/s "tree_sum_reg_0", 19 0;
v0x5835aaeebbc0_0 .var/s "tree_sum_reg_1", 19 0;
v0x5835aaeebca0_0 .var "valid", 0 0;
E_0x5835aaeb6e30 .event posedge, v0x5835aaeeaee0_0;
v0x5835aaeeb6e0_0 .array/port v0x5835aaeeb6e0, 0;
v0x5835aaeeb6e0_1 .array/port v0x5835aaeeb6e0, 1;
v0x5835aaeeb6e0_2 .array/port v0x5835aaeeb6e0, 2;
v0x5835aaeeb6e0_3 .array/port v0x5835aaeeb6e0, 3;
E_0x5835aaeb4250/0 .event edge, v0x5835aaeeb6e0_0, v0x5835aaeeb6e0_1, v0x5835aaeeb6e0_2, v0x5835aaeeb6e0_3;
v0x5835aaeeb6e0_4 .array/port v0x5835aaeeb6e0, 4;
v0x5835aaeeb6e0_5 .array/port v0x5835aaeeb6e0, 5;
v0x5835aaeeb6e0_6 .array/port v0x5835aaeeb6e0, 6;
v0x5835aaeeb6e0_7 .array/port v0x5835aaeeb6e0, 7;
E_0x5835aaeb4250/1 .event edge, v0x5835aaeeb6e0_4, v0x5835aaeeb6e0_5, v0x5835aaeeb6e0_6, v0x5835aaeeb6e0_7;
E_0x5835aaeb4250/2 .event edge, v0x5835aaeebae0_0, v0x5835aaeebbc0_0;
E_0x5835aaeb4250 .event/or E_0x5835aaeb4250/0, E_0x5835aaeb4250/1, E_0x5835aaeb4250/2;
S_0x5835aaeea8d0 .scope function.vec4.u8, "vec_elem" "vec_elem" 4 27, 4 27 0, S_0x5835aaeea510;
 .timescale 0 0;
v0x5835aaeb0830_0 .var/i "idx", 31 0;
v0x5835aaeeab30_0 .var "vec", 63 0;
; Variable vec_elem is vec4 return value of scope S_0x5835aaeea8d0
TD_tb.dut.vec_elem ;
    %load/vec4 v0x5835aaeeab30_0;
    %load/vec4 v0x5835aaeb0830_0;
    %muli 8, 0, 32;
    %part/s 8;
    %ret/vec4 0, 0, 8;  Assign to vec_elem (store_vec4_to_lval)
    %end;
    .scope S_0x5835aaeea510;
T_2 ;
    %wait E_0x5835aaeb4250;
    %ix/load 4, 0, 0;
    %flag_set/imm 4, 0;
    %load/vec4a v0x5835aaeeb6e0, 4;
    %pad/s 20;
    %ix/load 4, 1, 0;
    %flag_set/imm 4, 0;
    %load/vec4a v0x5835aaeeb6e0, 4;
    %pad/s 20;
    %add;
    %store/vec4 v0x5835aaeeb360_0, 0, 20;
    %ix/load 4, 2, 0;
    %flag_set/imm 4, 0;
    %load/vec4a v0x5835aaeeb6e0, 4;
    %pad/s 20;
    %ix/load 4, 3, 0;
    %flag_set/imm 4, 0;
    %load/vec4a v0x5835aaeeb6e0, 4;
    %pad/s 20;
    %add;
    %store/vec4 v0x5835aaeeb440_0, 0, 20;
    %ix/load 4, 4, 0;
    %flag_set/imm 4, 0;
    %load/vec4a v0x5835aaeeb6e0, 4;
    %pad/s 20;
    %ix/load 4, 5, 0;
    %flag_set/imm 4, 0;
    %load/vec4a v0x5835aaeeb6e0, 4;
    %pad/s 20;
    %add;
    %store/vec4 v0x5835aaeeb520_0, 0, 20;
    %ix/load 4, 6, 0;
    %flag_set/imm 4, 0;
    %load/vec4a v0x5835aaeeb6e0, 4;
    %pad/s 20;
    %ix/load 4, 7, 0;
    %flag_set/imm 4, 0;
    %load/vec4a v0x5835aaeeb6e0, 4;
    %pad/s 20;
    %add;
    %store/vec4 v0x5835aaeeb600_0, 0, 20;
    %load/vec4 v0x5835aaeebae0_0;
    %load/vec4 v0x5835aaeebbc0_0;
    %add;
    %store/vec4 v0x5835aaeeb1a0_0, 0, 20;
    %jmp T_2;
    .thread T_2, $push;
    .scope S_0x5835aaeea510;
T_3 ;
    %wait E_0x5835aaeb6e30;
    %load/vec4 v0x5835aaeeb8a0_0;
    %flag_set/vec4 8;
    %jmp/0xz  T_3.0, 8;
    %pushi/vec4 0, 0, 32;
    %store/vec4 v0x5835aaeeb280_0, 0, 32;
T_3.2 ;
    %load/vec4 v0x5835aaeeb280_0;
    %cmpi/s 8, 0, 32;
    %jmp/0xz T_3.3, 5;
    %pushi/vec4 0, 0, 16;
    %ix/getv/s 3, v0x5835aaeeb280_0;
    %ix/load 4, 0, 0; Constant delay
    %assign/vec4/a/d v0x5835aaeeb6e0, 0, 4;
    %load/vec4 v0x5835aaeeb280_0;
    %addi 1, 0, 32;
    %store/vec4 v0x5835aaeeb280_0, 0, 32;
    %jmp T_3.2;
T_3.3 ;
    %pushi/vec4 0, 0, 20;
    %assign/vec4 v0x5835aaeebae0_0, 0;
    %pushi/vec4 0, 0, 20;
    %assign/vec4 v0x5835aaeebbc0_0, 0;
    %pushi/vec4 0, 0, 20;
    %assign/vec4 v0x5835aaeeb070_0, 0;
    %pushi/vec4 0, 0, 1;
    %assign/vec4 v0x5835aaeebca0_0, 0;
    %pushi/vec4 0, 0, 1;
    %assign/vec4 v0x5835aaeeb960_0, 0;
    %pushi/vec4 0, 0, 1;
    %assign/vec4 v0x5835aaeeba20_0, 0;
    %pushi/vec4 0, 0, 1;
    %assign/vec4 v0x5835aaeeafb0_0, 0;
    %jmp T_3.1;
T_3.0 ;
    %load/vec4 v0x5835aaeeba20_0;
    %assign/vec4 v0x5835aaeebca0_0, 0;
    %load/vec4 v0x5835aaeeba20_0;
    %flag_set/vec4 8;
    %jmp/0xz  T_3.4, 8;
    %load/vec4 v0x5835aaeeb1a0_0;
    %assign/vec4 v0x5835aaeeb070_0, 0;
T_3.4 ;
    %load/vec4 v0x5835aaeeb960_0;
    %flag_set/vec4 8;
    %jmp/0xz  T_3.6, 8;
    %load/vec4 v0x5835aaeeb360_0;
    %load/vec4 v0x5835aaeeb440_0;
    %add;
    %assign/vec4 v0x5835aaeebae0_0, 0;
    %load/vec4 v0x5835aaeeb520_0;
    %load/vec4 v0x5835aaeeb600_0;
    %add;
    %assign/vec4 v0x5835aaeebbc0_0, 0;
    %pushi/vec4 1, 0, 1;
    %assign/vec4 v0x5835aaeeba20_0, 0;
    %jmp T_3.7;
T_3.6 ;
    %pushi/vec4 0, 0, 1;
    %assign/vec4 v0x5835aaeeba20_0, 0;
T_3.7 ;
    %load/vec4 v0x5835aaeeafb0_0;
    %nor/r;
    %flag_set/vec4 8;
    %jmp/0xz  T_3.8, 8;
    %pushi/vec4 0, 0, 32;
    %store/vec4 v0x5835aaeeb280_0, 0, 32;
T_3.10 ;
    %load/vec4 v0x5835aaeeb280_0;
    %cmpi/s 8, 0, 32;
    %jmp/0xz T_3.11, 5;
    %load/vec4 v0x5835aaeead00_0;
    %load/vec4 v0x5835aaeeb280_0;
    %store/vec4 v0x5835aaeb0830_0, 0, 32;
    %store/vec4 v0x5835aaeeab30_0, 0, 64;
    %callf/vec4 TD_tb.dut.vec_elem, S_0x5835aaeea8d0;
    %pad/s 16;
    %load/vec4 v0x5835aaeeae00_0;
    %load/vec4 v0x5835aaeeb280_0;
    %store/vec4 v0x5835aaeb0830_0, 0, 32;
    %store/vec4 v0x5835aaeeab30_0, 0, 64;
    %callf/vec4 TD_tb.dut.vec_elem, S_0x5835aaeea8d0;
    %pad/s 16;
    %mul;
    %ix/getv/s 3, v0x5835aaeeb280_0;
    %ix/load 4, 0, 0; Constant delay
    %assign/vec4/a/d v0x5835aaeeb6e0, 0, 4;
    %load/vec4 v0x5835aaeeb280_0;
    %addi 1, 0, 32;
    %store/vec4 v0x5835aaeeb280_0, 0, 32;
    %jmp T_3.10;
T_3.11 ;
    %pushi/vec4 1, 0, 1;
    %assign/vec4 v0x5835aaeeb960_0, 0;
    %pushi/vec4 1, 0, 1;
    %assign/vec4 v0x5835aaeeafb0_0, 0;
    %jmp T_3.9;
T_3.8 ;
    %pushi/vec4 0, 0, 1;
    %assign/vec4 v0x5835aaeeb960_0, 0;
T_3.9 ;
T_3.1 ;
    %jmp T_3;
    .thread T_3;
    .scope S_0x5835aae79cf0;
T_4 ;
    %delay 5000, 0;
    %load/vec4 v0x5835aaeec010_0;
    %inv;
    %store/vec4 v0x5835aaeec010_0, 0, 1;
    %jmp T_4;
    .thread T_4;
    .scope S_0x5835aae79cf0;
T_5 ;
    %pushi/vec4 0, 0, 1;
    %store/vec4 v0x5835aaeec010_0, 0, 1;
    %pushi/vec4 0, 0, 1;
    %store/vec4 v0x5835aaeec1e0_0, 0, 1;
    %pushi/vec4 216, 0, 8;
    %ix/load 4, 0, 0;
    %flag_set/imm 4, 0;
    %store/vec4 v0x5835aaeebe20_0, 4, 8;
    %pushi/vec4 50, 0, 8;
    %ix/load 4, 8, 0;
    %flag_set/imm 4, 0;
    %store/vec4 v0x5835aaeebe20_0, 4, 8;
    %pushi/vec4 206, 0, 8;
    %ix/load 4, 16, 0;
    %flag_set/imm 4, 0;
    %store/vec4 v0x5835aaeebe20_0, 4, 8;
    %pushi/vec4 31, 0, 8;
    %ix/load 4, 24, 0;
    %flag_set/imm 4, 0;
    %store/vec4 v0x5835aaeebe20_0, 4, 8;
    %pushi/vec4 14, 0, 8;
    %ix/load 4, 32, 0;
    %flag_set/imm 4, 0;
    %store/vec4 v0x5835aaeebe20_0, 4, 8;
    %pushi/vec4 9, 0, 8;
    %ix/load 4, 40, 0;
    %flag_set/imm 4, 0;
    %store/vec4 v0x5835aaeebe20_0, 4, 8;
    %pushi/vec4 6, 0, 8;
    %ix/load 4, 48, 0;
    %flag_set/imm 4, 0;
    %store/vec4 v0x5835aaeebe20_0, 4, 8;
    %pushi/vec4 224, 0, 8;
    %ix/load 4, 56, 0;
    %flag_set/imm 4, 0;
    %store/vec4 v0x5835aaeebe20_0, 4, 8;
    %pushi/vec4 255, 0, 8;
    %ix/load 4, 0, 0;
    %flag_set/imm 4, 0;
    %store/vec4 v0x5835aaeebf10_0, 4, 8;
    %pushi/vec4 30, 0, 8;
    %ix/load 4, 8, 0;
    %flag_set/imm 4, 0;
    %store/vec4 v0x5835aaeebf10_0, 4, 8;
    %pushi/vec4 41, 0, 8;
    %ix/load 4, 16, 0;
    %flag_set/imm 4, 0;
    %store/vec4 v0x5835aaeebf10_0, 4, 8;
    %pushi/vec4 14, 0, 8;
    %ix/load 4, 24, 0;
    %flag_set/imm 4, 0;
    %store/vec4 v0x5835aaeebf10_0, 4, 8;
    %pushi/vec4 37, 0, 8;
    %ix/load 4, 32, 0;
    %flag_set/imm 4, 0;
    %store/vec4 v0x5835aaeebf10_0, 4, 8;
    %pushi/vec4 50, 0, 8;
    %ix/load 4, 40, 0;
    %flag_set/imm 4, 0;
    %store/vec4 v0x5835aaeebf10_0, 4, 8;
    %pushi/vec4 22, 0, 8;
    %ix/load 4, 48, 0;
    %flag_set/imm 4, 0;
    %store/vec4 v0x5835aaeebf10_0, 4, 8;
    %pushi/vec4 29, 0, 8;
    %ix/load 4, 56, 0;
    %flag_set/imm 4, 0;
    %store/vec4 v0x5835aaeebf10_0, 4, 8;
    %pushi/vec4 1, 0, 1;
    %store/vec4 v0x5835aaeec1e0_0, 0, 1;
    %wait E_0x5835aaeb6e30;
    %pushi/vec4 0, 0, 32;
    %store/vec4 v0x5835aaeae9a0_0, 0, 32;
    %pushi/vec4 0, 0, 1;
    %store/vec4 v0x5835aaeaf850_0, 0, 1;
    %pushi/vec4 0, 0, 20;
    %store/vec4 v0x5835aaeaf0e0_0, 0, 20;
    %pushi/vec4 0, 0, 1;
    %store/vec4 v0x5835aaeae160_0, 0, 1;
    %fork TD_tb.check_state, S_0x5835aae79fb0;
    %join;
    %pushi/vec4 0, 0, 1;
    %store/vec4 v0x5835aaeec1e0_0, 0, 1;
    %wait E_0x5835aaeb6e30;
    %pushi/vec4 1, 0, 32;
    %store/vec4 v0x5835aaeae9a0_0, 0, 32;
    %pushi/vec4 0, 0, 1;
    %store/vec4 v0x5835aaeaf850_0, 0, 1;
    %pushi/vec4 0, 0, 20;
    %store/vec4 v0x5835aaeaf0e0_0, 0, 20;
    %pushi/vec4 0, 0, 1;
    %store/vec4 v0x5835aaeae160_0, 0, 1;
    %fork TD_tb.check_state, S_0x5835aae79fb0;
    %join;
    %wait E_0x5835aaeb6e30;
    %pushi/vec4 2, 0, 32;
    %store/vec4 v0x5835aaeae9a0_0, 0, 32;
    %pushi/vec4 0, 0, 1;
    %store/vec4 v0x5835aaeaf850_0, 0, 1;
    %pushi/vec4 96, 0, 20;
    %store/vec4 v0x5835aaeaf0e0_0, 0, 20;
    %pushi/vec4 0, 0, 1;
    %store/vec4 v0x5835aaeae160_0, 0, 1;
    %fork TD_tb.check_state, S_0x5835aae79fb0;
    %join;
    %wait E_0x5835aaeb6e30;
    %pushi/vec4 3, 0, 32;
    %store/vec4 v0x5835aaeae9a0_0, 0, 32;
    %pushi/vec4 1, 0, 1;
    %store/vec4 v0x5835aaeaf850_0, 0, 1;
    %pushi/vec4 96, 0, 20;
    %store/vec4 v0x5835aaeaf0e0_0, 0, 20;
    %pushi/vec4 1, 0, 1;
    %store/vec4 v0x5835aaeae160_0, 0, 1;
    %fork TD_tb.check_state, S_0x5835aae79fb0;
    %join;
    %wait E_0x5835aaeb6e30;
    %pushi/vec4 4, 0, 32;
    %store/vec4 v0x5835aaeae9a0_0, 0, 32;
    %pushi/vec4 0, 0, 1;
    %store/vec4 v0x5835aaeaf850_0, 0, 1;
    %pushi/vec4 96, 0, 20;
    %store/vec4 v0x5835aaeaf0e0_0, 0, 20;
    %pushi/vec4 0, 0, 1;
    %store/vec4 v0x5835aaeae160_0, 0, 1;
    %fork TD_tb.check_state, S_0x5835aae79fb0;
    %join;
    %pushi/vec4 1, 0, 1;
    %store/vec4 v0x5835aaeec1e0_0, 0, 1;
    %wait E_0x5835aaeb6e30;
    %pushi/vec4 5, 0, 32;
    %store/vec4 v0x5835aaeae9a0_0, 0, 32;
    %pushi/vec4 0, 0, 1;
    %store/vec4 v0x5835aaeaf850_0, 0, 1;
    %pushi/vec4 0, 0, 20;
    %store/vec4 v0x5835aaeaf0e0_0, 0, 20;
    %pushi/vec4 0, 0, 1;
    %store/vec4 v0x5835aaeae160_0, 0, 1;
    %fork TD_tb.check_state, S_0x5835aae79fb0;
    %join;
    %vpi_call/w 3 87 "$display", "TEST PASSED" {0 0 0};
    %vpi_call/w 3 88 "$finish" {0 0 0};
    %end;
    .thread T_5;
# The file index is used to find the file name in the following table.
:file_names 5;
    "N/A";
    "<interactive>";
    "-";
    "/home/harish_d1121/Spec_to_Tapeout-main/output/p5/tb_candidate.v";
    "/home/harish_d1121/Spec_to_Tapeout-main/output/p5/design_candidate.v";
