#! /usr/bin/vvp
:ivl_version "11.0 (stable)";
:ivl_delay_selection "TYPICAL";
:vpi_time_precision - 12;
:vpi_module "/usr/lib/x86_64-linux-gnu/ivl/system.vpi";
:vpi_module "/usr/lib/x86_64-linux-gnu/ivl/vhdl_sys.vpi";
:vpi_module "/usr/lib/x86_64-linux-gnu/ivl/vhdl_textio.vpi";
:vpi_module "/usr/lib/x86_64-linux-gnu/ivl/v2005_math.vpi";
:vpi_module "/usr/lib/x86_64-linux-gnu/ivl/va_math.vpi";
:vpi_module "/usr/lib/x86_64-linux-gnu/ivl/v2009.vpi";
S_0x5f0d2befcc80 .scope package, "$unit" "$unit" 2 1;
 .timescale 0 0;
S_0x5f0d2befce10 .scope module, "tb" "tb" 3 3;
 .timescale -9 -12;
P_0x5f0d2bee1ab0 .param/l "N" 1 3 4, +C4<00000000000000000000000000001000>;
P_0x5f0d2bee1af0 .param/l "WIDTH" 1 3 5, +C4<00000000000000000000000000001000>;
v0x5f0d2bf23070_0 .var/s "A", 63 0;
v0x5f0d2bf23160_0 .var/s "B", 63 0;
v0x5f0d2bf23260_0 .var "clk", 0 0;
v0x5f0d2bf23360_0 .net/s "dot_out", 19 0, v0x5f0d2bf22a80_0;  1 drivers
v0x5f0d2bf23430_0 .var "rst", 0 0;
v0x5f0d2bf234d0_0 .net "valid", 0 0, v0x5f0d2bf22ef0_0;  1 drivers
S_0x5f0d2bebbdd0 .scope task, "check_state" "check_state" 3 28, 3 28 0, S_0x5f0d2befce10;
 .timescale -9 -12;
v0x5f0d2beec350_0 .var "check_dot", 0 0;
v0x5f0d2beecb90_0 .var/i "cycle_id", 31 0;
v0x5f0d2beed2d0_0 .var/s "expected_dot", 19 0;
v0x5f0d2beeda40_0 .var "expected_valid", 0 0;
TD_tb.check_state ;
    %delay 1000, 0;
    %load/vec4 v0x5f0d2bf234d0_0;
    %load/vec4 v0x5f0d2beeda40_0;
    %cmp/ne;
    %jmp/0xz  T_0.0, 6;
    %vpi_call/w 3 36 "$display", "FAIL: cycle %0d expected valid=%0b got valid=%0b time=%0t", v0x5f0d2beecb90_0, v0x5f0d2beeda40_0, v0x5f0d2bf234d0_0, $time {0 0 0};
    %vpi_call/w 3 37 "$fatal", 32'sb00000000000000000000000000000001 {0 0 0};
T_0.0 ;
    %load/vec4 v0x5f0d2beec350_0;
    %load/vec4 v0x5f0d2bf23360_0;
    %load/vec4 v0x5f0d2beed2d0_0;
    %cmp/ne;
    %flag_get/vec4 6;
    %and;
    %flag_set/vec4 8;
    %jmp/0xz  T_0.2, 8;
    %vpi_call/w 3 40 "$display", "FAIL: cycle %0d expected dot_out=%0d got dot_out=%0d time=%0t", v0x5f0d2beecb90_0, v0x5f0d2beed2d0_0, v0x5f0d2bf23360_0, $time {0 0 0};
    %vpi_call/w 3 41 "$fatal", 32'sb00000000000000000000000000000001 {0 0 0};
T_0.2 ;
    %end;
S_0x5f0d2bf21ef0 .scope module, "dut" "dot_product" 3 17, 4 1 0, S_0x5f0d2befce10;
 .timescale 0 0;
    .port_info 0 /INPUT 1 "clk";
    .port_info 1 /INPUT 1 "rst";
    .port_info 2 /INPUT 64 "A";
    .port_info 3 /INPUT 64 "B";
    .port_info 4 /OUTPUT 20 "dot_out";
    .port_info 5 /OUTPUT 1 "valid";
P_0x5f0d2bebbcf0 .param/l "N" 0 4 2, +C4<00000000000000000000000000001000>;
P_0x5f0d2bebbd30 .param/l "WIDTH" 0 4 3, +C4<00000000000000000000000000001000>;
v0x5f0d2bf22710_0 .net "A", 63 0, v0x5f0d2bf23070_0;  1 drivers
v0x5f0d2bf22810_0 .net "B", 63 0, v0x5f0d2bf23160_0;  1 drivers
v0x5f0d2bf228f0_0 .net "clk", 0 0, v0x5f0d2bf23260_0;  1 drivers
v0x5f0d2bf229c0_0 .var "computed_once", 0 0;
v0x5f0d2bf22a80_0 .var/s "dot_out", 19 0;
v0x5f0d2bf22bb0_0 .var/i "i", 31 0;
v0x5f0d2bf22c90_0 .var "pending_valid", 0 0;
v0x5f0d2bf22d50_0 .net "rst", 0 0, v0x5f0d2bf23430_0;  1 drivers
v0x5f0d2bf22e10_0 .var/s "sum_reg", 19 0;
v0x5f0d2bf22ef0_0 .var "valid", 0 0;
E_0x5f0d2bef6700 .event posedge, v0x5f0d2bf228f0_0;
S_0x5f0d2bf22240 .scope function.vec4.u8, "vec_elem" "vec_elem" 4 17, 4 17 0, S_0x5f0d2bf21ef0;
 .timescale 0 0;
v0x5f0d2bf22440_0 .var/i "idx", 31 0;
v0x5f0d2bf22540_0 .var "vec", 63 0;
; Variable vec_elem is vec4 return value of scope S_0x5f0d2bf22240
TD_tb.dut.vec_elem ;
    %load/vec4 v0x5f0d2bf22540_0;
    %load/vec4 v0x5f0d2bf22440_0;
    %muli 8, 0, 32;
    %part/s 8;
    %ret/vec4 0, 0, 8;  Assign to vec_elem (store_vec4_to_lval)
    %end;
    .scope S_0x5f0d2bf21ef0;
T_2 ;
    %wait E_0x5f0d2bef6700;
    %load/vec4 v0x5f0d2bf22d50_0;
    %flag_set/vec4 8;
    %jmp/0xz  T_2.0, 8;
    %pushi/vec4 0, 0, 20;
    %assign/vec4 v0x5f0d2bf22e10_0, 0;
    %pushi/vec4 0, 0, 20;
    %assign/vec4 v0x5f0d2bf22a80_0, 0;
    %pushi/vec4 0, 0, 1;
    %assign/vec4 v0x5f0d2bf22ef0_0, 0;
    %pushi/vec4 0, 0, 1;
    %assign/vec4 v0x5f0d2bf22c90_0, 0;
    %pushi/vec4 0, 0, 1;
    %assign/vec4 v0x5f0d2bf229c0_0, 0;
    %jmp T_2.1;
T_2.0 ;
    %load/vec4 v0x5f0d2bf22c90_0;
    %assign/vec4 v0x5f0d2bf22ef0_0, 0;
    %load/vec4 v0x5f0d2bf22c90_0;
    %flag_set/vec4 8;
    %jmp/0xz  T_2.2, 8;
    %load/vec4 v0x5f0d2bf22e10_0;
    %assign/vec4 v0x5f0d2bf22a80_0, 0;
T_2.2 ;
    %load/vec4 v0x5f0d2bf229c0_0;
    %nor/r;
    %flag_set/vec4 8;
    %jmp/0xz  T_2.4, 8;
    %pushi/vec4 0, 0, 20;
    %store/vec4 v0x5f0d2bf22e10_0, 0, 20;
    %pushi/vec4 0, 0, 32;
    %store/vec4 v0x5f0d2bf22bb0_0, 0, 32;
T_2.6 ;
    %load/vec4 v0x5f0d2bf22bb0_0;
    %cmpi/s 8, 0, 32;
    %jmp/0xz T_2.7, 5;
    %load/vec4 v0x5f0d2bf22e10_0;
    %load/vec4 v0x5f0d2bf22710_0;
    %load/vec4 v0x5f0d2bf22bb0_0;
    %store/vec4 v0x5f0d2bf22440_0, 0, 32;
    %store/vec4 v0x5f0d2bf22540_0, 0, 64;
    %callf/vec4 TD_tb.dut.vec_elem, S_0x5f0d2bf22240;
    %pad/s 20;
    %load/vec4 v0x5f0d2bf22810_0;
    %load/vec4 v0x5f0d2bf22bb0_0;
    %store/vec4 v0x5f0d2bf22440_0, 0, 32;
    %store/vec4 v0x5f0d2bf22540_0, 0, 64;
    %callf/vec4 TD_tb.dut.vec_elem, S_0x5f0d2bf22240;
    %pad/s 20;
    %mul;
    %add;
    %store/vec4 v0x5f0d2bf22e10_0, 0, 20;
    %load/vec4 v0x5f0d2bf22bb0_0;
    %addi 1, 0, 32;
    %store/vec4 v0x5f0d2bf22bb0_0, 0, 32;
    %jmp T_2.6;
T_2.7 ;
    %pushi/vec4 1, 0, 1;
    %assign/vec4 v0x5f0d2bf22c90_0, 0;
    %pushi/vec4 1, 0, 1;
    %assign/vec4 v0x5f0d2bf229c0_0, 0;
    %jmp T_2.5;
T_2.4 ;
    %pushi/vec4 0, 0, 1;
    %assign/vec4 v0x5f0d2bf22c90_0, 0;
T_2.5 ;
T_2.1 ;
    %jmp T_2;
    .thread T_2;
    .scope S_0x5f0d2befce10;
T_3 ;
    %delay 5000, 0;
    %load/vec4 v0x5f0d2bf23260_0;
    %inv;
    %store/vec4 v0x5f0d2bf23260_0, 0, 1;
    %jmp T_3;
    .thread T_3;
    .scope S_0x5f0d2befce10;
T_4 ;
    %pushi/vec4 0, 0, 1;
    %store/vec4 v0x5f0d2bf23260_0, 0, 1;
    %pushi/vec4 0, 0, 1;
    %store/vec4 v0x5f0d2bf23430_0, 0, 1;
    %pushi/vec4 216, 0, 8;
    %ix/load 4, 0, 0;
    %flag_set/imm 4, 0;
    %store/vec4 v0x5f0d2bf23070_0, 4, 8;
    %pushi/vec4 50, 0, 8;
    %ix/load 4, 8, 0;
    %flag_set/imm 4, 0;
    %store/vec4 v0x5f0d2bf23070_0, 4, 8;
    %pushi/vec4 206, 0, 8;
    %ix/load 4, 16, 0;
    %flag_set/imm 4, 0;
    %store/vec4 v0x5f0d2bf23070_0, 4, 8;
    %pushi/vec4 31, 0, 8;
    %ix/load 4, 24, 0;
    %flag_set/imm 4, 0;
    %store/vec4 v0x5f0d2bf23070_0, 4, 8;
    %pushi/vec4 14, 0, 8;
    %ix/load 4, 32, 0;
    %flag_set/imm 4, 0;
    %store/vec4 v0x5f0d2bf23070_0, 4, 8;
    %pushi/vec4 9, 0, 8;
    %ix/load 4, 40, 0;
    %flag_set/imm 4, 0;
    %store/vec4 v0x5f0d2bf23070_0, 4, 8;
    %pushi/vec4 6, 0, 8;
    %ix/load 4, 48, 0;
    %flag_set/imm 4, 0;
    %store/vec4 v0x5f0d2bf23070_0, 4, 8;
    %pushi/vec4 224, 0, 8;
    %ix/load 4, 56, 0;
    %flag_set/imm 4, 0;
    %store/vec4 v0x5f0d2bf23070_0, 4, 8;
    %pushi/vec4 255, 0, 8;
    %ix/load 4, 0, 0;
    %flag_set/imm 4, 0;
    %store/vec4 v0x5f0d2bf23160_0, 4, 8;
    %pushi/vec4 30, 0, 8;
    %ix/load 4, 8, 0;
    %flag_set/imm 4, 0;
    %store/vec4 v0x5f0d2bf23160_0, 4, 8;
    %pushi/vec4 41, 0, 8;
    %ix/load 4, 16, 0;
    %flag_set/imm 4, 0;
    %store/vec4 v0x5f0d2bf23160_0, 4, 8;
    %pushi/vec4 14, 0, 8;
    %ix/load 4, 24, 0;
    %flag_set/imm 4, 0;
    %store/vec4 v0x5f0d2bf23160_0, 4, 8;
    %pushi/vec4 37, 0, 8;
    %ix/load 4, 32, 0;
    %flag_set/imm 4, 0;
    %store/vec4 v0x5f0d2bf23160_0, 4, 8;
    %pushi/vec4 50, 0, 8;
    %ix/load 4, 40, 0;
    %flag_set/imm 4, 0;
    %store/vec4 v0x5f0d2bf23160_0, 4, 8;
    %pushi/vec4 22, 0, 8;
    %ix/load 4, 48, 0;
    %flag_set/imm 4, 0;
    %store/vec4 v0x5f0d2bf23160_0, 4, 8;
    %pushi/vec4 29, 0, 8;
    %ix/load 4, 56, 0;
    %flag_set/imm 4, 0;
    %store/vec4 v0x5f0d2bf23160_0, 4, 8;
    %pushi/vec4 1, 0, 1;
    %store/vec4 v0x5f0d2bf23430_0, 0, 1;
    %wait E_0x5f0d2bef6700;
    %pushi/vec4 0, 0, 32;
    %store/vec4 v0x5f0d2beecb90_0, 0, 32;
    %pushi/vec4 0, 0, 1;
    %store/vec4 v0x5f0d2beeda40_0, 0, 1;
    %pushi/vec4 0, 0, 20;
    %store/vec4 v0x5f0d2beed2d0_0, 0, 20;
    %pushi/vec4 0, 0, 1;
    %store/vec4 v0x5f0d2beec350_0, 0, 1;
    %fork TD_tb.check_state, S_0x5f0d2bebbdd0;
    %join;
    %pushi/vec4 0, 0, 1;
    %store/vec4 v0x5f0d2bf23430_0, 0, 1;
    %wait E_0x5f0d2bef6700;
    %pushi/vec4 1, 0, 32;
    %store/vec4 v0x5f0d2beecb90_0, 0, 32;
    %pushi/vec4 0, 0, 1;
    %store/vec4 v0x5f0d2beeda40_0, 0, 1;
    %pushi/vec4 0, 0, 20;
    %store/vec4 v0x5f0d2beed2d0_0, 0, 20;
    %pushi/vec4 0, 0, 1;
    %store/vec4 v0x5f0d2beec350_0, 0, 1;
    %fork TD_tb.check_state, S_0x5f0d2bebbdd0;
    %join;
    %wait E_0x5f0d2bef6700;
    %pushi/vec4 2, 0, 32;
    %store/vec4 v0x5f0d2beecb90_0, 0, 32;
    %pushi/vec4 1, 0, 1;
    %store/vec4 v0x5f0d2beeda40_0, 0, 1;
    %pushi/vec4 96, 0, 20;
    %store/vec4 v0x5f0d2beed2d0_0, 0, 20;
    %pushi/vec4 1, 0, 1;
    %store/vec4 v0x5f0d2beec350_0, 0, 1;
    %fork TD_tb.check_state, S_0x5f0d2bebbdd0;
    %join;
    %wait E_0x5f0d2bef6700;
    %pushi/vec4 3, 0, 32;
    %store/vec4 v0x5f0d2beecb90_0, 0, 32;
    %pushi/vec4 0, 0, 1;
    %store/vec4 v0x5f0d2beeda40_0, 0, 1;
    %pushi/vec4 96, 0, 20;
    %store/vec4 v0x5f0d2beed2d0_0, 0, 20;
    %pushi/vec4 0, 0, 1;
    %store/vec4 v0x5f0d2beec350_0, 0, 1;
    %fork TD_tb.check_state, S_0x5f0d2bebbdd0;
    %join;
    %pushi/vec4 1, 0, 1;
    %store/vec4 v0x5f0d2bf23430_0, 0, 1;
    %wait E_0x5f0d2bef6700;
    %pushi/vec4 4, 0, 32;
    %store/vec4 v0x5f0d2beecb90_0, 0, 32;
    %pushi/vec4 0, 0, 1;
    %store/vec4 v0x5f0d2beeda40_0, 0, 1;
    %pushi/vec4 0, 0, 20;
    %store/vec4 v0x5f0d2beed2d0_0, 0, 20;
    %pushi/vec4 0, 0, 1;
    %store/vec4 v0x5f0d2beec350_0, 0, 1;
    %fork TD_tb.check_state, S_0x5f0d2bebbdd0;
    %join;
    %vpi_call/w 3 84 "$display", "TEST PASSED" {0 0 0};
    %vpi_call/w 3 85 "$finish" {0 0 0};
    %end;
    .thread T_4;
# The file index is used to find the file name in the following table.
:file_names 5;
    "N/A";
    "<interactive>";
    "-";
    "output/p5/tb.v";
    "output/p5/design.v";
