
==========================================================================
detailed place report_tns
--------------------------------------------------------------------------
tns max 0.00

==========================================================================
detailed place report_wns
--------------------------------------------------------------------------
wns max 0.00

==========================================================================
detailed place report_worst_slack
--------------------------------------------------------------------------
worst slack max 1.15

==========================================================================
detailed place report_clock_min_period
--------------------------------------------------------------------------
clk period_min = 3.35 fmax = 298.74

==========================================================================
detailed place report_checks -path_delay min
--------------------------------------------------------------------------
Startpoint: lut_stage2[10]$_DFF_P_
            (rising edge-triggered flip-flop clocked by clk)
Endpoint: lut_stage2[10]$_DFF_P_
          (rising edge-triggered flip-flop clocked by clk)
Path Group: clk
Path Type: min

Fanout     Cap    Slew   Delay    Time   Description
-----------------------------------------------------------------------------
                  0.00    0.00    0.00   clock clk (rise edge)
                          0.00    0.00   clock network delay (ideal)
                  0.00    0.00    0.00 ^ lut_stage2[10]$_DFF_P_/CLK (sky130_fd_sc_hd__dfxtp_1)
     2    0.01    0.06    0.30    0.30 ^ lut_stage2[10]$_DFF_P_/Q (sky130_fd_sc_hd__dfxtp_1)
                                         lut_stage2[10] (net)
                  0.06    0.00    0.30 ^ _1082_/A (sky130_fd_sc_hd__and2_1)
     1    0.00    0.05    0.11    0.41 ^ _1082_/X (sky130_fd_sc_hd__and2_1)
                                         _0001_[10] (net)
                  0.05    0.00    0.41 ^ lut_stage2[10]$_DFF_P_/D (sky130_fd_sc_hd__dfxtp_1)
                                  0.41   data arrival time

                  0.00    0.00    0.00   clock clk (rise edge)
                          0.00    0.00   clock network delay (ideal)
                          0.00    0.00   clock reconvergence pessimism
                                  0.00 ^ lut_stage2[10]$_DFF_P_/CLK (sky130_fd_sc_hd__dfxtp_1)
                         -0.04   -0.04   library hold time
                                 -0.04   data required time
-----------------------------------------------------------------------------
                                 -0.04   data required time
                                 -0.41   data arrival time
-----------------------------------------------------------------------------
                                  0.45   slack (MET)



==========================================================================
detailed place report_checks -path_delay max
--------------------------------------------------------------------------
Startpoint: x_stage1[2]$_DFF_P_ (rising edge-triggered flip-flop clocked by clk)
Endpoint: lut_stage2[2]$_DFF_P_ (rising edge-triggered flip-flop clocked by clk)
Path Group: clk
Path Type: max

Fanout     Cap    Slew   Delay    Time   Description
-----------------------------------------------------------------------------
                  0.00    0.00    0.00   clock clk (rise edge)
                          0.00    0.00   clock network delay (ideal)
                  0.00    0.00    0.00 ^ x_stage1[2]$_DFF_P_/CLK (sky130_fd_sc_hd__dfxtp_2)
    32    0.13    0.66    0.73    0.73 ^ x_stage1[2]$_DFF_P_/Q (sky130_fd_sc_hd__dfxtp_2)
                                         x_stage1[2] (net)
                  0.66    0.00    0.74 ^ place67/A (sky130_fd_sc_hd__buf_4)
    21    0.09    0.25    0.39    1.12 ^ place67/X (sky130_fd_sc_hd__buf_4)
                                         net67 (net)
                  0.25    0.00    1.12 ^ _0853_/B_N (sky130_fd_sc_hd__nor2b_1)
     2    0.01    0.18    0.24    1.36 ^ _0853_/Y (sky130_fd_sc_hd__nor2b_1)
                                         _0293_ (net)
                  0.18    0.00    1.36 ^ _0854_/S (sky130_fd_sc_hd__mux2i_1)
     1    0.01    0.29    0.34    1.70 ^ _0854_/Y (sky130_fd_sc_hd__mux2i_1)
                                         _0294_ (net)
                  0.29    0.00    1.70 ^ _0859_/A1 (sky130_fd_sc_hd__o21ai_1)
     1    0.00    0.08    0.13    1.83 v _0859_/Y (sky130_fd_sc_hd__o21ai_1)
                                         _0299_ (net)
                  0.08    0.00    1.83 v _0860_/B1 (sky130_fd_sc_hd__a311o_1)
     1    0.02    0.11    0.40    2.23 v _0860_/X (sky130_fd_sc_hd__a311o_1)
                                         _0300_ (net)
                  0.11    0.00    2.23 v _0872_/B (sky130_fd_sc_hd__nor4_1)
     1    0.02    0.74    0.67    2.90 ^ _0872_/Y (sky130_fd_sc_hd__nor4_1)
                                         _0312_ (net)
                  0.74    0.00    2.90 ^ _0911_/A2 (sky130_fd_sc_hd__a41oi_1)
     1    0.01    0.20    0.26    3.16 v _0911_/Y (sky130_fd_sc_hd__a41oi_1)
                                         _0001_[2] (net)
                  0.20    0.00    3.16 v lut_stage2[2]$_DFF_P_/D (sky130_fd_sc_hd__dfxtp_1)
                                  3.16   data arrival time

                  0.00    4.50    4.50   clock clk (rise edge)
                          0.00    4.50   clock network delay (ideal)
                          0.00    4.50   clock reconvergence pessimism
                                  4.50 ^ lut_stage2[2]$_DFF_P_/CLK (sky130_fd_sc_hd__dfxtp_1)
                         -0.19    4.31   library setup time
                                  4.31   data required time
-----------------------------------------------------------------------------
                                  4.31   data required time
                                 -3.16   data arrival time
-----------------------------------------------------------------------------
                                  1.15   slack (MET)



==========================================================================
detailed place report_checks -unconstrained
--------------------------------------------------------------------------
Startpoint: x_stage1[2]$_DFF_P_ (rising edge-triggered flip-flop clocked by clk)
Endpoint: lut_stage2[2]$_DFF_P_ (rising edge-triggered flip-flop clocked by clk)
Path Group: clk
Path Type: max

Fanout     Cap    Slew   Delay    Time   Description
-----------------------------------------------------------------------------
                  0.00    0.00    0.00   clock clk (rise edge)
                          0.00    0.00   clock network delay (ideal)
                  0.00    0.00    0.00 ^ x_stage1[2]$_DFF_P_/CLK (sky130_fd_sc_hd__dfxtp_2)
    32    0.13    0.66    0.73    0.73 ^ x_stage1[2]$_DFF_P_/Q (sky130_fd_sc_hd__dfxtp_2)
                                         x_stage1[2] (net)
                  0.66    0.00    0.74 ^ place67/A (sky130_fd_sc_hd__buf_4)
    21    0.09    0.25    0.39    1.12 ^ place67/X (sky130_fd_sc_hd__buf_4)
                                         net67 (net)
                  0.25    0.00    1.12 ^ _0853_/B_N (sky130_fd_sc_hd__nor2b_1)
     2    0.01    0.18    0.24    1.36 ^ _0853_/Y (sky130_fd_sc_hd__nor2b_1)
                                         _0293_ (net)
                  0.18    0.00    1.36 ^ _0854_/S (sky130_fd_sc_hd__mux2i_1)
     1    0.01    0.29    0.34    1.70 ^ _0854_/Y (sky130_fd_sc_hd__mux2i_1)
                                         _0294_ (net)
                  0.29    0.00    1.70 ^ _0859_/A1 (sky130_fd_sc_hd__o21ai_1)
     1    0.00    0.08    0.13    1.83 v _0859_/Y (sky130_fd_sc_hd__o21ai_1)
                                         _0299_ (net)
                  0.08    0.00    1.83 v _0860_/B1 (sky130_fd_sc_hd__a311o_1)
     1    0.02    0.11    0.40    2.23 v _0860_/X (sky130_fd_sc_hd__a311o_1)
                                         _0300_ (net)
                  0.11    0.00    2.23 v _0872_/B (sky130_fd_sc_hd__nor4_1)
     1    0.02    0.74    0.67    2.90 ^ _0872_/Y (sky130_fd_sc_hd__nor4_1)
                                         _0312_ (net)
                  0.74    0.00    2.90 ^ _0911_/A2 (sky130_fd_sc_hd__a41oi_1)
     1    0.01    0.20    0.26    3.16 v _0911_/Y (sky130_fd_sc_hd__a41oi_1)
                                         _0001_[2] (net)
                  0.20    0.00    3.16 v lut_stage2[2]$_DFF_P_/D (sky130_fd_sc_hd__dfxtp_1)
                                  3.16   data arrival time

                  0.00    4.50    4.50   clock clk (rise edge)
                          0.00    4.50   clock network delay (ideal)
                          0.00    4.50   clock reconvergence pessimism
                                  4.50 ^ lut_stage2[2]$_DFF_P_/CLK (sky130_fd_sc_hd__dfxtp_1)
                         -0.19    4.31   library setup time
                                  4.31   data required time
-----------------------------------------------------------------------------
                                  4.31   data required time
                                 -3.16   data arrival time
-----------------------------------------------------------------------------
                                  1.15   slack (MET)



==========================================================================
detailed place report_check_types -max_slew -max_cap -max_fanout -violators
--------------------------------------------------------------------------

==========================================================================
detailed place max_slew_check_slack
--------------------------------------------------------------------------
0.7186684012413025

==========================================================================
detailed place max_slew_check_limit
--------------------------------------------------------------------------
1.4983880519866943

==========================================================================
detailed place max_slew_check_slack_limit
--------------------------------------------------------------------------
0.4796

==========================================================================
detailed place max_fanout_check_slack
--------------------------------------------------------------------------
1.0000000150474662e+30

==========================================================================
detailed place max_fanout_check_limit
--------------------------------------------------------------------------
1.0000000150474662e+30

==========================================================================
detailed place max_capacitance_check_slack
--------------------------------------------------------------------------
0.016751103103160858

==========================================================================
detailed place max_capacitance_check_limit
--------------------------------------------------------------------------
0.021067000925540924

==========================================================================
detailed place max_capacitance_check_slack_limit
--------------------------------------------------------------------------
0.7951

==========================================================================
detailed place max_slew_violation_count
--------------------------------------------------------------------------
max slew violation count 0

==========================================================================
detailed place max_fanout_violation_count
--------------------------------------------------------------------------
max fanout violation count 0

==========================================================================
detailed place max_cap_violation_count
--------------------------------------------------------------------------
max cap violation count 0

==========================================================================
detailed place setup_violation_count
--------------------------------------------------------------------------
setup violation count 0

==========================================================================
detailed place hold_violation_count
--------------------------------------------------------------------------
hold violation count 0

==========================================================================
detailed place report_checks -path_delay max reg to reg
--------------------------------------------------------------------------
Startpoint: x_stage1[2]$_DFF_P_ (rising edge-triggered flip-flop clocked by clk)
Endpoint: lut_stage2[2]$_DFF_P_ (rising edge-triggered flip-flop clocked by clk)
Path Group: clk
Path Type: max

  Delay    Time   Description
---------------------------------------------------------
   0.00    0.00   clock clk (rise edge)
   0.00    0.00   clock network delay (ideal)
   0.00    0.00 ^ x_stage1[2]$_DFF_P_/CLK (sky130_fd_sc_hd__dfxtp_2)
   0.73    0.73 ^ x_stage1[2]$_DFF_P_/Q (sky130_fd_sc_hd__dfxtp_2)
   0.39    1.12 ^ place67/X (sky130_fd_sc_hd__buf_4)
   0.24    1.36 ^ _0853_/Y (sky130_fd_sc_hd__nor2b_1)
   0.34    1.70 ^ _0854_/Y (sky130_fd_sc_hd__mux2i_1)
   0.13    1.83 v _0859_/Y (sky130_fd_sc_hd__o21ai_1)
   0.40    2.23 v _0860_/X (sky130_fd_sc_hd__a311o_1)
   0.67    2.90 ^ _0872_/Y (sky130_fd_sc_hd__nor4_1)
   0.26    3.16 v _0911_/Y (sky130_fd_sc_hd__a41oi_1)
   0.00    3.16 v lut_stage2[2]$_DFF_P_/D (sky130_fd_sc_hd__dfxtp_1)
           3.16   data arrival time

   4.50    4.50   clock clk (rise edge)
   0.00    4.50   clock network delay (ideal)
   0.00    4.50   clock reconvergence pessimism
           4.50 ^ lut_stage2[2]$_DFF_P_/CLK (sky130_fd_sc_hd__dfxtp_1)
  -0.19    4.31   library setup time
           4.31   data required time
---------------------------------------------------------
           4.31   data required time
          -3.16   data arrival time
---------------------------------------------------------
           1.15   slack (MET)



==========================================================================
detailed place report_checks -path_delay min reg to reg
--------------------------------------------------------------------------
Startpoint: lut_stage2[10]$_DFF_P_
            (rising edge-triggered flip-flop clocked by clk)
Endpoint: lut_stage2[10]$_DFF_P_
          (rising edge-triggered flip-flop clocked by clk)
Path Group: clk
Path Type: min

  Delay    Time   Description
---------------------------------------------------------
   0.00    0.00   clock clk (rise edge)
   0.00    0.00   clock network delay (ideal)
   0.00    0.00 ^ lut_stage2[10]$_DFF_P_/CLK (sky130_fd_sc_hd__dfxtp_1)
   0.30    0.30 ^ lut_stage2[10]$_DFF_P_/Q (sky130_fd_sc_hd__dfxtp_1)
   0.11    0.41 ^ _1082_/X (sky130_fd_sc_hd__and2_1)
   0.00    0.41 ^ lut_stage2[10]$_DFF_P_/D (sky130_fd_sc_hd__dfxtp_1)
           0.41   data arrival time

   0.00    0.00   clock clk (rise edge)
   0.00    0.00   clock network delay (ideal)
   0.00    0.00   clock reconvergence pessimism
           0.00 ^ lut_stage2[10]$_DFF_P_/CLK (sky130_fd_sc_hd__dfxtp_1)
  -0.04   -0.04   library hold time
          -0.04   data required time
---------------------------------------------------------
          -0.04   data required time
          -0.41   data arrival time
---------------------------------------------------------
           0.45   slack (MET)



==========================================================================
detailed place critical path target clock latency max path
--------------------------------------------------------------------------
0.0000

==========================================================================
detailed place critical path target clock latency min path
--------------------------------------------------------------------------
0.0000

==========================================================================
detailed place critical path source clock latency min path
--------------------------------------------------------------------------
0.0000

==========================================================================
detailed place critical path delay
--------------------------------------------------------------------------
3.1602

==========================================================================
detailed place critical path slack
--------------------------------------------------------------------------
1.1527

==========================================================================
detailed place slack div critical path delay
--------------------------------------------------------------------------
36.475540

==========================================================================
detailed place report_power
--------------------------------------------------------------------------
Group                  Internal  Switching    Leakage      Total
                          Power      Power      Power      Power (Watts)
----------------------------------------------------------------
Sequential             3.92e-04   3.07e-05   3.44e-10   4.23e-04  53.2%
Combinational          1.18e-04   2.54e-04   1.17e-09   3.73e-04  46.8%
Clock                  0.00e+00   0.00e+00   0.00e+00   0.00e+00   0.0%
Macro                  0.00e+00   0.00e+00   0.00e+00   0.00e+00   0.0%
Pad                    0.00e+00   0.00e+00   0.00e+00   0.00e+00   0.0%
----------------------------------------------------------------
Total                  5.11e-04   2.85e-04   1.51e-09   7.95e-04 100.0%
                          64.2%      35.8%       0.0%
