
==========================================================================
cts final report_tns
--------------------------------------------------------------------------
tns max 0.00

==========================================================================
cts final report_wns
--------------------------------------------------------------------------
wns max 0.00

==========================================================================
cts final report_worst_slack
--------------------------------------------------------------------------
worst slack max 0.02

==========================================================================
cts final report_clock_min_period
--------------------------------------------------------------------------
clk period_min = 4.48 fmax = 223.05

==========================================================================
cts final report_clock_skew
--------------------------------------------------------------------------
Clock clk
   0.48 source latency tree_sum_reg_0[2]$_DFF_P_/CLK ^
  -0.49 target latency dot_out[18]$_DFF_P_/CLK ^
   0.00 CRPR
--------------
  -0.01 setup skew


==========================================================================
cts final report_checks -path_delay min
--------------------------------------------------------------------------
Startpoint: B[32] (input port clocked by clk)
Endpoint: prod_regs[4][0]$_DFF_P_
          (rising edge-triggered flip-flop clocked by clk)
Path Group: clk
Path Type: min

Fanout     Cap    Slew   Delay    Time   Description
-----------------------------------------------------------------------------
                          0.00    0.00   clock clk (rise edge)
                          0.00    0.00   clock network delay (propagated)
                          0.00    0.00 ^ input external delay
     1    0.01    0.00    0.00    0.00 ^ B[32] (in)
                                         B[32] (net)
                  0.00    0.00    0.00 ^ input90/A (sky130_fd_sc_hd__clkdlybuf4s15_2)
     2    0.02    0.11    0.23    0.23 ^ input90/X (sky130_fd_sc_hd__clkdlybuf4s15_2)
                                         net90 (net)
                  0.11    0.00    0.23 ^ place822/A (sky130_fd_sc_hd__buf_4)
     7    0.03    0.09    0.17    0.40 ^ place822/X (sky130_fd_sc_hd__buf_4)
                                         net822 (net)
                  0.09    0.00    0.40 ^ _7355_/B (sky130_fd_sc_hd__nand2_1)
     1    0.00    0.04    0.07    0.47 v _7355_/Y (sky130_fd_sc_hd__nand2_1)
                                         _5520_ (net)
                  0.04    0.00    0.47 v _7356_/B (sky130_fd_sc_hd__nor2_1)
     1    0.00    0.09    0.09    0.56 ^ _7356_/Y (sky130_fd_sc_hd__nor2_1)
                                         _5521_ (net)
                  0.09    0.00    0.56 ^ _7357_/B1 (sky130_fd_sc_hd__a21oi_1)
     1    0.00    0.03    0.05    0.60 v _7357_/Y (sky130_fd_sc_hd__a21oi_1)
                                         _5522_ (net)
                  0.03    0.00    0.60 v _7358_/B (sky130_fd_sc_hd__nor2_1)
     1    0.00    0.06    0.07    0.67 ^ _7358_/Y (sky130_fd_sc_hd__nor2_1)
                                         _0006_[0] (net)
                  0.06    0.00    0.67 ^ prod_regs[4][0]$_DFF_P_/D (sky130_fd_sc_hd__dfxtp_1)
                                  0.67   data arrival time

                          0.00    0.00   clock clk (rise edge)
                          0.00    0.00   clock source latency
     1    0.07    0.00    0.00    0.00 ^ clk (in)
                                         clk (net)
                  0.00    0.00    0.00 ^ clkbuf_0_clk/A (sky130_fd_sc_hd__clkbuf_16)
    16    0.23    0.24    0.26    0.26 ^ clkbuf_0_clk/X (sky130_fd_sc_hd__clkbuf_16)
                                         clknet_0_clk (net)
                  0.24    0.01    0.27 ^ clkbuf_4_0_0_clk/A (sky130_fd_sc_hd__clkbuf_16)
    13    0.05    0.07    0.22    0.48 ^ clkbuf_4_0_0_clk/X (sky130_fd_sc_hd__clkbuf_16)
                                         clknet_4_0_0_clk (net)
                  0.07    0.00    0.48 ^ prod_regs[4][0]$_DFF_P_/CLK (sky130_fd_sc_hd__dfxtp_1)
                          0.00    0.48   clock reconvergence pessimism
                         -0.03    0.45   library hold time
                                  0.45   data required time
-----------------------------------------------------------------------------
                                  0.45   data required time
                                 -0.67   data arrival time
-----------------------------------------------------------------------------
                                  0.22   slack (MET)



==========================================================================
cts final report_checks -path_delay max
--------------------------------------------------------------------------
Startpoint: B[40] (input port clocked by clk)
Endpoint: prod_regs[5][15]$_DFF_P_
          (rising edge-triggered flip-flop clocked by clk)
Path Group: clk
Path Type: max

Fanout     Cap    Slew   Delay    Time   Description
-----------------------------------------------------------------------------
                          0.00    0.00   clock clk (rise edge)
                          0.00    0.00   clock network delay (propagated)
                          0.00    0.00 v input external delay
     1    0.00    0.00    0.00    0.00 v B[40] (in)
                                         B[40] (net)
                  0.00    0.00    0.00 v input99/A (sky130_fd_sc_hd__clkdlybuf4s15_1)
     5    0.02    0.13    0.24    0.24 v input99/X (sky130_fd_sc_hd__clkdlybuf4s15_1)
                                         net99 (net)
                  0.13    0.00    0.24 v place807/A (sky130_fd_sc_hd__buf_4)
     4    0.01    0.04    0.18    0.42 v place807/X (sky130_fd_sc_hd__buf_4)
                                         net807 (net)
                  0.04    0.00    0.42 v _7590_/B (sky130_fd_sc_hd__and2_1)
     1    0.00    0.04    0.15    0.57 v _7590_/X (sky130_fd_sc_hd__and2_1)
                                         _0418_ (net)
                  0.04    0.00    0.57 v _8707_/A (sky130_fd_sc_hd__ha_1)
     1    0.01    0.05    0.20    0.77 v _8707_/COUT (sky130_fd_sc_hd__ha_1)
                                         _0439_ (net)
                  0.05    0.00    0.77 v _8713_/B (sky130_fd_sc_hd__ha_1)
     1    0.01    0.07    0.29    1.06 v _8713_/SUM (sky130_fd_sc_hd__ha_1)
                                         _0440_ (net)
                  0.07    0.00    1.06 v _8218_/CIN (sky130_fd_sc_hd__fa_1)
     1    0.00    0.05    0.48    1.54 ^ _8218_/SUM (sky130_fd_sc_hd__fa_1)
                                         _0441_ (net)
                  0.05    0.00    1.54 ^ _7926_/A (sky130_fd_sc_hd__inv_1)
     1    0.01    0.04    0.06    1.60 v _7926_/Y (sky130_fd_sc_hd__inv_1)
                                         _4437_ (net)
                  0.04    0.00    1.60 v _8219_/A (sky130_fd_sc_hd__fa_1)
     1    0.00    0.05    0.53    2.12 ^ _8219_/SUM (sky130_fd_sc_hd__fa_1)
                                         _4440_ (net)
                  0.05    0.00    2.12 ^ _6386_/A (sky130_fd_sc_hd__inv_1)
     1    0.00    0.03    0.04    2.17 v _6386_/Y (sky130_fd_sc_hd__inv_1)
                                         _0445_ (net)
                  0.03    0.00    2.17 v _8714_/A (sky130_fd_sc_hd__ha_1)
     1    0.01    0.06    0.21    2.38 v _8714_/COUT (sky130_fd_sc_hd__ha_1)
                                         _5858_ (net)
                  0.06    0.00    2.38 v _8224_/B (sky130_fd_sc_hd__fa_2)
     2    0.01    0.07    0.36    2.74 v _8224_/COUT (sky130_fd_sc_hd__fa_2)
                                         _0512_ (net)
                  0.07    0.00    2.74 v _6181_/A1 (sky130_fd_sc_hd__a21o_1)
     1    0.01    0.05    0.17    2.91 v _6181_/X (sky130_fd_sc_hd__a21o_1)
                                         _5138_ (net)
                  0.05    0.00    2.92 v _6182_/A1 (sky130_fd_sc_hd__a21oi_2)
     2    0.01    0.12    0.14    3.05 ^ _6182_/Y (sky130_fd_sc_hd__a21oi_2)
                                         _0600_ (net)
                  0.12    0.00    3.05 ^ _6369_/A1 (sky130_fd_sc_hd__o21bai_1)
     2    0.01    0.09    0.12    3.18 v _6369_/Y (sky130_fd_sc_hd__o21bai_1)
                                         _5195_ (net)
                  0.09    0.00    3.18 v _6370_/A1 (sky130_fd_sc_hd__a2111oi_2)
     1    0.00    0.30    0.33    3.51 ^ _6370_/Y (sky130_fd_sc_hd__a2111oi_2)
                                         _5196_ (net)
                  0.30    0.00    3.51 ^ place546/A (sky130_fd_sc_hd__buf_4)
     2    0.01    0.04    0.18    3.68 ^ place546/X (sky130_fd_sc_hd__buf_4)
                                         net546 (net)
                  0.04    0.00    3.68 ^ _7569_/A1 (sky130_fd_sc_hd__o21ai_2)
     1    0.01    0.06    0.06    3.75 v _7569_/Y (sky130_fd_sc_hd__o21ai_2)
                                         _0815_ (net)
                  0.06    0.00    3.75 v _8272_/B (sky130_fd_sc_hd__fa_2)
     1    0.01    0.07    0.36    4.11 v _8272_/COUT (sky130_fd_sc_hd__fa_2)
                                         _4504_ (net)
                  0.07    0.00    4.11 v _7363_/B (sky130_fd_sc_hd__xor2_1)
     1    0.01    0.06    0.16    4.26 v _7363_/X (sky130_fd_sc_hd__xor2_1)
                                         _5527_ (net)
                  0.06    0.00    4.26 v _7364_/A (sky130_fd_sc_hd__xnor2_1)
     1    0.01    0.17    0.19    4.45 ^ _7364_/Y (sky130_fd_sc_hd__xnor2_1)
                                         _5528_ (net)
                  0.17    0.00    4.45 ^ _7365_/A (sky130_fd_sc_hd__xnor2_1)
     1    0.01    0.16    0.15    4.61 ^ _7365_/Y (sky130_fd_sc_hd__xnor2_1)
                                         _5529_ (net)
                  0.16    0.00    4.61 ^ _7366_/A (sky130_fd_sc_hd__xnor2_1)
     1    0.00    0.06    0.10    4.71 v _7366_/Y (sky130_fd_sc_hd__xnor2_1)
                                         _5530_ (net)
                  0.06    0.00    4.71 v _7369_/A2 (sky130_fd_sc_hd__o21a_1)
     1    0.00    0.03    0.17    4.87 v _7369_/X (sky130_fd_sc_hd__o21a_1)
                                         _0007_[15] (net)
                  0.03    0.00    4.87 v prod_regs[5][15]$_DFF_P_/D (sky130_fd_sc_hd__dfxtp_1)
                                  4.87   data arrival time

                          4.50    4.50   clock clk (rise edge)
                          0.00    4.50   clock source latency
     1    0.07    0.00    0.00    4.50 ^ clk (in)
                                         clk (net)
                  0.00    0.00    4.50 ^ clkbuf_0_clk/A (sky130_fd_sc_hd__clkbuf_16)
    16    0.23    0.24    0.26    4.76 ^ clkbuf_0_clk/X (sky130_fd_sc_hd__clkbuf_16)
                                         clknet_0_clk (net)
                  0.24    0.01    4.77 ^ clkbuf_4_4_0_clk/A (sky130_fd_sc_hd__clkbuf_16)
    16    0.06    0.08    0.22    4.99 ^ clkbuf_4_4_0_clk/X (sky130_fd_sc_hd__clkbuf_16)
                                         clknet_4_4_0_clk (net)
                  0.08    0.00    4.99 ^ prod_regs[5][15]$_DFF_P_/CLK (sky130_fd_sc_hd__dfxtp_1)
                          0.00    4.99   clock reconvergence pessimism
                         -0.10    4.89   library setup time
                                  4.89   data required time
-----------------------------------------------------------------------------
                                  4.89   data required time
                                 -4.87   data arrival time
-----------------------------------------------------------------------------
                                  0.02   slack (MET)



==========================================================================
cts final report_checks -unconstrained
--------------------------------------------------------------------------
Startpoint: B[40] (input port clocked by clk)
Endpoint: prod_regs[5][15]$_DFF_P_
          (rising edge-triggered flip-flop clocked by clk)
Path Group: clk
Path Type: max

Fanout     Cap    Slew   Delay    Time   Description
-----------------------------------------------------------------------------
                          0.00    0.00   clock clk (rise edge)
                          0.00    0.00   clock network delay (propagated)
                          0.00    0.00 v input external delay
     1    0.00    0.00    0.00    0.00 v B[40] (in)
                                         B[40] (net)
                  0.00    0.00    0.00 v input99/A (sky130_fd_sc_hd__clkdlybuf4s15_1)
     5    0.02    0.13    0.24    0.24 v input99/X (sky130_fd_sc_hd__clkdlybuf4s15_1)
                                         net99 (net)
                  0.13    0.00    0.24 v place807/A (sky130_fd_sc_hd__buf_4)
     4    0.01    0.04    0.18    0.42 v place807/X (sky130_fd_sc_hd__buf_4)
                                         net807 (net)
                  0.04    0.00    0.42 v _7590_/B (sky130_fd_sc_hd__and2_1)
     1    0.00    0.04    0.15    0.57 v _7590_/X (sky130_fd_sc_hd__and2_1)
                                         _0418_ (net)
                  0.04    0.00    0.57 v _8707_/A (sky130_fd_sc_hd__ha_1)
     1    0.01    0.05    0.20    0.77 v _8707_/COUT (sky130_fd_sc_hd__ha_1)
                                         _0439_ (net)
                  0.05    0.00    0.77 v _8713_/B (sky130_fd_sc_hd__ha_1)
     1    0.01    0.07    0.29    1.06 v _8713_/SUM (sky130_fd_sc_hd__ha_1)
                                         _0440_ (net)
                  0.07    0.00    1.06 v _8218_/CIN (sky130_fd_sc_hd__fa_1)
     1    0.00    0.05    0.48    1.54 ^ _8218_/SUM (sky130_fd_sc_hd__fa_1)
                                         _0441_ (net)
                  0.05    0.00    1.54 ^ _7926_/A (sky130_fd_sc_hd__inv_1)
     1    0.01    0.04    0.06    1.60 v _7926_/Y (sky130_fd_sc_hd__inv_1)
                                         _4437_ (net)
                  0.04    0.00    1.60 v _8219_/A (sky130_fd_sc_hd__fa_1)
     1    0.00    0.05    0.53    2.12 ^ _8219_/SUM (sky130_fd_sc_hd__fa_1)
                                         _4440_ (net)
                  0.05    0.00    2.12 ^ _6386_/A (sky130_fd_sc_hd__inv_1)
     1    0.00    0.03    0.04    2.17 v _6386_/Y (sky130_fd_sc_hd__inv_1)
                                         _0445_ (net)
                  0.03    0.00    2.17 v _8714_/A (sky130_fd_sc_hd__ha_1)
     1    0.01    0.06    0.21    2.38 v _8714_/COUT (sky130_fd_sc_hd__ha_1)
                                         _5858_ (net)
                  0.06    0.00    2.38 v _8224_/B (sky130_fd_sc_hd__fa_2)
     2    0.01    0.07    0.36    2.74 v _8224_/COUT (sky130_fd_sc_hd__fa_2)
                                         _0512_ (net)
                  0.07    0.00    2.74 v _6181_/A1 (sky130_fd_sc_hd__a21o_1)
     1    0.01    0.05    0.17    2.91 v _6181_/X (sky130_fd_sc_hd__a21o_1)
                                         _5138_ (net)
                  0.05    0.00    2.92 v _6182_/A1 (sky130_fd_sc_hd__a21oi_2)
     2    0.01    0.12    0.14    3.05 ^ _6182_/Y (sky130_fd_sc_hd__a21oi_2)
                                         _0600_ (net)
                  0.12    0.00    3.05 ^ _6369_/A1 (sky130_fd_sc_hd__o21bai_1)
     2    0.01    0.09    0.12    3.18 v _6369_/Y (sky130_fd_sc_hd__o21bai_1)
                                         _5195_ (net)
                  0.09    0.00    3.18 v _6370_/A1 (sky130_fd_sc_hd__a2111oi_2)
     1    0.00    0.30    0.33    3.51 ^ _6370_/Y (sky130_fd_sc_hd__a2111oi_2)
                                         _5196_ (net)
                  0.30    0.00    3.51 ^ place546/A (sky130_fd_sc_hd__buf_4)
     2    0.01    0.04    0.18    3.68 ^ place546/X (sky130_fd_sc_hd__buf_4)
                                         net546 (net)
                  0.04    0.00    3.68 ^ _7569_/A1 (sky130_fd_sc_hd__o21ai_2)
     1    0.01    0.06    0.06    3.75 v _7569_/Y (sky130_fd_sc_hd__o21ai_2)
                                         _0815_ (net)
                  0.06    0.00    3.75 v _8272_/B (sky130_fd_sc_hd__fa_2)
     1    0.01    0.07    0.36    4.11 v _8272_/COUT (sky130_fd_sc_hd__fa_2)
                                         _4504_ (net)
                  0.07    0.00    4.11 v _7363_/B (sky130_fd_sc_hd__xor2_1)
     1    0.01    0.06    0.16    4.26 v _7363_/X (sky130_fd_sc_hd__xor2_1)
                                         _5527_ (net)
                  0.06    0.00    4.26 v _7364_/A (sky130_fd_sc_hd__xnor2_1)
     1    0.01    0.17    0.19    4.45 ^ _7364_/Y (sky130_fd_sc_hd__xnor2_1)
                                         _5528_ (net)
                  0.17    0.00    4.45 ^ _7365_/A (sky130_fd_sc_hd__xnor2_1)
     1    0.01    0.16    0.15    4.61 ^ _7365_/Y (sky130_fd_sc_hd__xnor2_1)
                                         _5529_ (net)
                  0.16    0.00    4.61 ^ _7366_/A (sky130_fd_sc_hd__xnor2_1)
     1    0.00    0.06    0.10    4.71 v _7366_/Y (sky130_fd_sc_hd__xnor2_1)
                                         _5530_ (net)
                  0.06    0.00    4.71 v _7369_/A2 (sky130_fd_sc_hd__o21a_1)
     1    0.00    0.03    0.17    4.87 v _7369_/X (sky130_fd_sc_hd__o21a_1)
                                         _0007_[15] (net)
                  0.03    0.00    4.87 v prod_regs[5][15]$_DFF_P_/D (sky130_fd_sc_hd__dfxtp_1)
                                  4.87   data arrival time

                          4.50    4.50   clock clk (rise edge)
                          0.00    4.50   clock source latency
     1    0.07    0.00    0.00    4.50 ^ clk (in)
                                         clk (net)
                  0.00    0.00    4.50 ^ clkbuf_0_clk/A (sky130_fd_sc_hd__clkbuf_16)
    16    0.23    0.24    0.26    4.76 ^ clkbuf_0_clk/X (sky130_fd_sc_hd__clkbuf_16)
                                         clknet_0_clk (net)
                  0.24    0.01    4.77 ^ clkbuf_4_4_0_clk/A (sky130_fd_sc_hd__clkbuf_16)
    16    0.06    0.08    0.22    4.99 ^ clkbuf_4_4_0_clk/X (sky130_fd_sc_hd__clkbuf_16)
                                         clknet_4_4_0_clk (net)
                  0.08    0.00    4.99 ^ prod_regs[5][15]$_DFF_P_/CLK (sky130_fd_sc_hd__dfxtp_1)
                          0.00    4.99   clock reconvergence pessimism
                         -0.10    4.89   library setup time
                                  4.89   data required time
-----------------------------------------------------------------------------
                                  4.89   data required time
                                 -4.87   data arrival time
-----------------------------------------------------------------------------
                                  0.02   slack (MET)



==========================================================================
cts final report_check_types -max_slew -max_cap -max_fanout -violators
--------------------------------------------------------------------------

==========================================================================
cts final max_slew_check_slack
--------------------------------------------------------------------------
0.7312572002410889

==========================================================================
cts final max_slew_check_limit
--------------------------------------------------------------------------
1.5

==========================================================================
cts final max_slew_check_slack_limit
--------------------------------------------------------------------------
0.4875

==========================================================================
cts final max_fanout_check_slack
--------------------------------------------------------------------------
1.0000000150474662e+30

==========================================================================
cts final max_fanout_check_limit
--------------------------------------------------------------------------
1.0000000150474662e+30

==========================================================================
cts final max_capacitance_check_slack
--------------------------------------------------------------------------
0.0155941816046834

==========================================================================
cts final max_capacitance_check_limit
--------------------------------------------------------------------------
0.021067000925540924

==========================================================================
cts final max_capacitance_check_slack_limit
--------------------------------------------------------------------------
0.7402

==========================================================================
cts final max_slew_violation_count
--------------------------------------------------------------------------
max slew violation count 0

==========================================================================
cts final max_fanout_violation_count
--------------------------------------------------------------------------
max fanout violation count 0

==========================================================================
cts final max_cap_violation_count
--------------------------------------------------------------------------
max cap violation count 0

==========================================================================
cts final setup_violation_count
--------------------------------------------------------------------------
setup violation count 0

==========================================================================
cts final hold_violation_count
--------------------------------------------------------------------------
hold violation count 0

==========================================================================
cts final report_checks -path_delay max reg to reg
--------------------------------------------------------------------------
Startpoint: prod_regs[4][2]$_DFF_P_
            (rising edge-triggered flip-flop clocked by clk)
Endpoint: tree_sum_reg_1[17]$_DFF_P_
          (rising edge-triggered flip-flop clocked by clk)
Path Group: clk
Path Type: max

  Delay    Time   Description
---------------------------------------------------------
   0.00    0.00   clock clk (rise edge)
   0.00    0.00   clock source latency
   0.00    0.00 ^ clk (in)
   0.26    0.26 ^ clkbuf_0_clk/X (sky130_fd_sc_hd__clkbuf_16)
   0.22    0.48 ^ clkbuf_4_0_0_clk/X (sky130_fd_sc_hd__clkbuf_16)
   0.00    0.48 ^ prod_regs[4][2]$_DFF_P_/CLK (sky130_fd_sc_hd__dfxtp_1)
   0.43    0.91 ^ prod_regs[4][2]$_DFF_P_/Q (sky130_fd_sc_hd__dfxtp_1)
   0.09    1.01 v _7182_/Y (sky130_fd_sc_hd__inv_1)
   0.55    1.56 v _8552_/SUM (sky130_fd_sc_hd__fa_1)
   0.55    2.11 ^ _8553_/SUM (sky130_fd_sc_hd__fa_1)
   0.05    2.16 v _7969_/Y (sky130_fd_sc_hd__inv_1)
   0.27    2.43 ^ _8899_/SUM (sky130_fd_sc_hd__ha_1)
   0.07    2.50 v _6938_/Y (sky130_fd_sc_hd__a21oi_1)
   0.28    2.78 ^ _7007_/Y (sky130_fd_sc_hd__nor3_1)
   0.29    3.08 v _7016_/Y (sky130_fd_sc_hd__o21ai_0)
   0.35    3.43 ^ _7286_/Y (sky130_fd_sc_hd__a211oi_2)
   0.15    3.58 v _7330_/Y (sky130_fd_sc_hd__a31oi_1)
   0.39    3.97 v _8588_/COUT (sky130_fd_sc_hd__fa_1)
   0.15    4.12 v _6576_/Y (sky130_fd_sc_hd__xnor2_1)
   0.27    4.39 ^ _6577_/Y (sky130_fd_sc_hd__xnor2_1)
   0.17    4.57 v _6579_/Y (sky130_fd_sc_hd__a21oi_1)
   0.16    4.73 v _6580_/X (sky130_fd_sc_hd__o21a_1)
   0.00    4.73 v tree_sum_reg_1[17]$_DFF_P_/D (sky130_fd_sc_hd__dfxtp_1)
           4.73   data arrival time

   4.50    4.50   clock clk (rise edge)
   0.00    4.50   clock source latency
   0.00    4.50 ^ clk (in)
   0.26    4.76 ^ clkbuf_0_clk/X (sky130_fd_sc_hd__clkbuf_16)
   0.22    4.98 ^ clkbuf_4_3_0_clk/X (sky130_fd_sc_hd__clkbuf_16)
   0.00    4.98 ^ tree_sum_reg_1[17]$_DFF_P_/CLK (sky130_fd_sc_hd__dfxtp_1)
   0.00    4.98   clock reconvergence pessimism
  -0.10    4.89   library setup time
           4.89   data required time
---------------------------------------------------------
           4.89   data required time
          -4.73   data arrival time
---------------------------------------------------------
           0.16   slack (MET)



==========================================================================
cts final report_checks -path_delay min reg to reg
--------------------------------------------------------------------------
Startpoint: tree_sum_reg_0[18]$_DFF_P_
            (rising edge-triggered flip-flop clocked by clk)
Endpoint: tree_sum_reg_0[18]$_DFF_P_
          (rising edge-triggered flip-flop clocked by clk)
Path Group: clk
Path Type: min

  Delay    Time   Description
---------------------------------------------------------
   0.00    0.00   clock clk (rise edge)
   0.00    0.00   clock source latency
   0.00    0.00 ^ clk (in)
   0.26    0.26 ^ clkbuf_0_clk/X (sky130_fd_sc_hd__clkbuf_16)
   0.23    0.49 ^ clkbuf_4_8_0_clk/X (sky130_fd_sc_hd__clkbuf_16)
   0.00    0.49 ^ tree_sum_reg_0[18]$_DFF_P_/CLK (sky130_fd_sc_hd__dfxtp_1)
   0.34    0.83 ^ tree_sum_reg_0[18]$_DFF_P_/Q (sky130_fd_sc_hd__dfxtp_1)
   0.10    0.93 ^ _6690_/X (sky130_fd_sc_hd__o21a_1)
   0.00    0.93 ^ tree_sum_reg_0[18]$_DFF_P_/D (sky130_fd_sc_hd__dfxtp_1)
           0.93   data arrival time

   0.00    0.00   clock clk (rise edge)
   0.00    0.00   clock source latency
   0.00    0.00 ^ clk (in)
   0.26    0.26 ^ clkbuf_0_clk/X (sky130_fd_sc_hd__clkbuf_16)
   0.23    0.49 ^ clkbuf_4_8_0_clk/X (sky130_fd_sc_hd__clkbuf_16)
   0.00    0.49 ^ tree_sum_reg_0[18]$_DFF_P_/CLK (sky130_fd_sc_hd__dfxtp_1)
   0.00    0.49   clock reconvergence pessimism
  -0.02    0.47   library hold time
           0.47   data required time
---------------------------------------------------------
           0.47   data required time
          -0.93   data arrival time
---------------------------------------------------------
           0.47   slack (MET)



==========================================================================
cts final critical path target clock latency max path
--------------------------------------------------------------------------
0.4878

==========================================================================
cts final critical path target clock latency min path
--------------------------------------------------------------------------
0.4843

==========================================================================
cts final critical path source clock latency min path
--------------------------------------------------------------------------
0.0000

==========================================================================
cts final critical path delay
--------------------------------------------------------------------------
4.8731

==========================================================================
cts final critical path slack
--------------------------------------------------------------------------
0.0167

==========================================================================
cts final slack div critical path delay
--------------------------------------------------------------------------
0.342698

==========================================================================
cts final report_power
--------------------------------------------------------------------------
Group                  Internal  Switching    Leakage      Total
                          Power      Power      Power      Power (Watts)
----------------------------------------------------------------
Sequential             2.13e-03   2.62e-04   1.58e-09   2.39e-03  12.1%
Combinational          7.70e-03   7.99e-03   1.59e-08   1.57e-02  79.5%
Clock                  8.52e-04   8.10e-04   2.84e-10   1.66e-03   8.4%
Macro                  0.00e+00   0.00e+00   0.00e+00   0.00e+00   0.0%
Pad                    0.00e+00   0.00e+00   0.00e+00   0.00e+00   0.0%
----------------------------------------------------------------
Total                  1.07e-02   9.06e-03   1.77e-08   1.97e-02 100.0%
                          54.1%      45.9%       0.0%
