
==========================================================================
global route report_tns
--------------------------------------------------------------------------
tns max -0.05

==========================================================================
global route report_wns
--------------------------------------------------------------------------
wns max -0.03

==========================================================================
global route report_worst_slack
--------------------------------------------------------------------------
worst slack max -0.03

==========================================================================
global route report_clock_min_period
--------------------------------------------------------------------------
clk period_min = 4.53 fmax = 220.98

==========================================================================
global route report_clock_skew
--------------------------------------------------------------------------
Clock clk
   0.49 source latency tree_sum_reg_0[2]$_DFF_P_/CLK ^
  -0.50 target latency dot_out[19]$_DFF_P_/CLK ^
   0.00 CRPR
--------------
  -0.01 setup skew


==========================================================================
global route report_checks -path_delay min
--------------------------------------------------------------------------
Startpoint: A[40] (input port clocked by clk)
Endpoint: prod_regs[5][0]$_DFF_P_
          (rising edge-triggered flip-flop clocked by clk)
Path Group: clk
Path Type: min

Fanout     Cap    Slew   Delay    Time   Description
-----------------------------------------------------------------------------
                          0.00    0.00   clock clk (rise edge)
                          0.00    0.00   clock network delay (propagated)
                          0.00    0.00 v input external delay
     1    0.01    0.00    0.00    0.00 v A[40] (in)
                                         A[40] (net)
                  0.00    0.00    0.00 v input35/A (sky130_fd_sc_hd__clkbuf_4)
     7    0.03    0.07    0.15    0.16 v input35/X (sky130_fd_sc_hd__clkbuf_4)
                                         net35 (net)
                  0.07    0.00    0.16 v _7605_/A (sky130_fd_sc_hd__nand2_1)
     1    0.02    0.22    0.19    0.35 ^ _7605_/Y (sky130_fd_sc_hd__nand2_1)
                                         _5619_ (net)
                  0.22    0.00    0.35 ^ _7606_/B (sky130_fd_sc_hd__nor2_1)
     1    0.00    0.05    0.07    0.42 v _7606_/Y (sky130_fd_sc_hd__nor2_1)
                                         _5620_ (net)
                  0.05    0.00    0.42 v _7607_/B1 (sky130_fd_sc_hd__a21oi_1)
     1    0.00    0.10    0.12    0.54 ^ _7607_/Y (sky130_fd_sc_hd__a21oi_1)
                                         _5621_ (net)
                  0.10    0.00    0.54 ^ _7608_/B (sky130_fd_sc_hd__nor2_1)
     1    0.00    0.03    0.05    0.58 v _7608_/Y (sky130_fd_sc_hd__nor2_1)
                                         _0007_[0] (net)
                  0.03    0.00    0.58 v prod_regs[5][0]$_DFF_P_/D (sky130_fd_sc_hd__dfxtp_1)
                                  0.58   data arrival time

                          0.00    0.00   clock clk (rise edge)
                          0.00    0.00   clock source latency
     1    0.06    0.00    0.00    0.00 ^ clk (in)
                                         clk (net)
                  0.00    0.00    0.00 ^ clkbuf_0_clk/A (sky130_fd_sc_hd__clkbuf_16)
    16    0.24    0.25    0.26    0.26 ^ clkbuf_0_clk/X (sky130_fd_sc_hd__clkbuf_16)
                                         clknet_0_clk (net)
                  0.25    0.01    0.27 ^ clkbuf_4_5_0_clk/A (sky130_fd_sc_hd__clkbuf_16)
    12    0.06    0.08    0.22    0.49 ^ clkbuf_4_5_0_clk/X (sky130_fd_sc_hd__clkbuf_16)
                                         clknet_4_5_0_clk (net)
                  0.08    0.00    0.49 ^ prod_regs[5][0]$_DFF_P_/CLK (sky130_fd_sc_hd__dfxtp_1)
                          0.00    0.49   clock reconvergence pessimism
                         -0.04    0.45   library hold time
                                  0.45   data required time
-----------------------------------------------------------------------------
                                  0.45   data required time
                                 -0.58   data arrival time
-----------------------------------------------------------------------------
                                  0.13   slack (MET)



==========================================================================
global route report_checks -path_delay max
--------------------------------------------------------------------------
Startpoint: A[46] (input port clocked by clk)
Endpoint: prod_regs[5][15]$_DFF_P_
          (rising edge-triggered flip-flop clocked by clk)
Path Group: clk
Path Type: max

Fanout     Cap    Slew   Delay    Time   Description
-----------------------------------------------------------------------------
                          0.00    0.00   clock clk (rise edge)
                          0.00    0.00   clock network delay (propagated)
                          0.00    0.00 v input external delay
     1    0.01    0.00    0.00    0.00 v A[46] (in)
                                         A[46] (net)
                  0.00    0.00    0.00 v input41/A (sky130_fd_sc_hd__dlygate4sd2_1)
     3    0.01    0.06    0.26    0.26 v input41/X (sky130_fd_sc_hd__dlygate4sd2_1)
                                         net41 (net)
                  0.06    0.00    0.26 v _7553_/A (sky130_fd_sc_hd__and2_1)
     1    0.01    0.07    0.18    0.44 v _7553_/X (sky130_fd_sc_hd__and2_1)
                                         _4889_ (net)
                  0.07    0.00    0.44 v _8719_/A (sky130_fd_sc_hd__ha_4)
     1    0.01    0.04    0.25    0.69 v _8719_/SUM (sky130_fd_sc_hd__ha_4)
                                         _5859_ (net)
                  0.04    0.00    0.69 v _8226_/A (sky130_fd_sc_hd__fa_1)
     1    0.00    0.07    0.54    1.23 ^ _8226_/SUM (sky130_fd_sc_hd__fa_1)
                                         _0499_ (net)
                  0.07    0.00    1.23 ^ _7482_/A (sky130_fd_sc_hd__inv_1)
     1    0.01    0.05    0.07    1.30 v _7482_/Y (sky130_fd_sc_hd__inv_1)
                                         _4455_ (net)
                  0.05    0.00    1.30 v _8227_/B (sky130_fd_sc_hd__fa_1)
     1    0.00    0.06    0.51    1.81 ^ _8227_/SUM (sky130_fd_sc_hd__fa_1)
                                         _4457_ (net)
                  0.06    0.00    1.81 ^ _6569_/A (sky130_fd_sc_hd__inv_1)
     1    0.01    0.05    0.07    1.88 v _6569_/Y (sky130_fd_sc_hd__inv_1)
                                         _0500_ (net)
                  0.05    0.00    1.88 v _8228_/B (sky130_fd_sc_hd__fa_1)
     2    0.01    0.10    0.49    2.37 v _8228_/SUM (sky130_fd_sc_hd__fa_1)
                                         _4459_ (net)
                  0.10    0.00    2.37 v _8720_/B (sky130_fd_sc_hd__ha_1)
     1    0.01    0.07    0.31    2.68 v _8720_/SUM (sky130_fd_sc_hd__ha_1)
                                         _0509_ (net)
                  0.07    0.00    2.68 v _6181_/A1 (sky130_fd_sc_hd__a21o_1)
     1    0.01    0.07    0.20    2.88 v _6181_/X (sky130_fd_sc_hd__a21o_1)
                                         _5138_ (net)
                  0.07    0.00    2.88 v _6182_/A2 (sky130_fd_sc_hd__a21oi_4)
     2    0.02    0.16    0.20    3.07 ^ _6182_/Y (sky130_fd_sc_hd__a21oi_4)
                                         _0600_ (net)
                  0.16    0.00    3.07 ^ _6369_/A2 (sky130_fd_sc_hd__o21bai_4)
     2    0.02    0.07    0.09    3.16 v _6369_/Y (sky130_fd_sc_hd__o21bai_4)
                                         _5195_ (net)
                  0.07    0.00    3.16 v _6370_/A2 (sky130_fd_sc_hd__a2111oi_4)
     1    0.00    0.25    0.35    3.51 ^ _6370_/Y (sky130_fd_sc_hd__a2111oi_4)
                                         _5196_ (net)
                  0.25    0.00    3.51 ^ place546/A (sky130_fd_sc_hd__buf_4)
     2    0.01    0.04    0.17    3.68 ^ place546/X (sky130_fd_sc_hd__buf_4)
                                         net546 (net)
                  0.04    0.00    3.68 ^ _7569_/A1 (sky130_fd_sc_hd__o21ai_2)
     1    0.01    0.07    0.07    3.75 v _7569_/Y (sky130_fd_sc_hd__o21ai_2)
                                         _0815_ (net)
                  0.07    0.00    3.75 v _8272_/CIN (sky130_fd_sc_hd__fa_2)
     1    0.01    0.07    0.35    4.10 v _8272_/COUT (sky130_fd_sc_hd__fa_2)
                                         _4504_ (net)
                  0.07    0.00    4.10 v _7363_/A (sky130_fd_sc_hd__xor2_1)
     1    0.01    0.17    0.20    4.30 ^ _7363_/X (sky130_fd_sc_hd__xor2_1)
                                         _5527_ (net)
                  0.17    0.00    4.30 ^ _7364_/B (sky130_fd_sc_hd__xnor2_1)
     1    0.01    0.17    0.16    4.46 ^ _7364_/Y (sky130_fd_sc_hd__xnor2_1)
                                         _5528_ (net)
                  0.17    0.00    4.46 ^ _7365_/B (sky130_fd_sc_hd__xnor2_1)
     1    0.01    0.18    0.16    4.62 ^ _7365_/Y (sky130_fd_sc_hd__xnor2_1)
                                         _5529_ (net)
                  0.18    0.00    4.62 ^ _7366_/B (sky130_fd_sc_hd__xnor2_1)
     1    0.01    0.08    0.11    4.73 v _7366_/Y (sky130_fd_sc_hd__xnor2_1)
                                         _5530_ (net)
                  0.08    0.00    4.73 v _7369_/A2 (sky130_fd_sc_hd__o21a_1)
     1    0.01    0.05    0.19    4.92 v _7369_/X (sky130_fd_sc_hd__o21a_1)
                                         _0007_[15] (net)
                  0.05    0.00    4.92 v prod_regs[5][15]$_DFF_P_/D (sky130_fd_sc_hd__dfxtp_1)
                                  4.92   data arrival time

                          4.50    4.50   clock clk (rise edge)
                          0.00    4.50   clock source latency
     1    0.06    0.00    0.00    4.50 ^ clk (in)
                                         clk (net)
                  0.00    0.00    4.50 ^ clkbuf_0_clk/A (sky130_fd_sc_hd__clkbuf_16)
    16    0.24    0.25    0.26    4.76 ^ clkbuf_0_clk/X (sky130_fd_sc_hd__clkbuf_16)
                                         clknet_0_clk (net)
                  0.25    0.01    4.77 ^ clkbuf_4_4_0_clk/A (sky130_fd_sc_hd__clkbuf_16)
    16    0.06    0.08    0.22    4.99 ^ clkbuf_4_4_0_clk/X (sky130_fd_sc_hd__clkbuf_16)
                                         clknet_4_4_0_clk (net)
                  0.08    0.00    4.99 ^ prod_regs[5][15]$_DFF_P_/CLK (sky130_fd_sc_hd__dfxtp_1)
                          0.00    4.99   clock reconvergence pessimism
                         -0.10    4.89   library setup time
                                  4.89   data required time
-----------------------------------------------------------------------------
                                  4.89   data required time
                                 -4.92   data arrival time
-----------------------------------------------------------------------------
                                 -0.03   slack (VIOLATED)



==========================================================================
global route report_checks -unconstrained
--------------------------------------------------------------------------
Startpoint: A[46] (input port clocked by clk)
Endpoint: prod_regs[5][15]$_DFF_P_
          (rising edge-triggered flip-flop clocked by clk)
Path Group: clk
Path Type: max

Fanout     Cap    Slew   Delay    Time   Description
-----------------------------------------------------------------------------
                          0.00    0.00   clock clk (rise edge)
                          0.00    0.00   clock network delay (propagated)
                          0.00    0.00 v input external delay
     1    0.01    0.00    0.00    0.00 v A[46] (in)
                                         A[46] (net)
                  0.00    0.00    0.00 v input41/A (sky130_fd_sc_hd__dlygate4sd2_1)
     3    0.01    0.06    0.26    0.26 v input41/X (sky130_fd_sc_hd__dlygate4sd2_1)
                                         net41 (net)
                  0.06    0.00    0.26 v _7553_/A (sky130_fd_sc_hd__and2_1)
     1    0.01    0.07    0.18    0.44 v _7553_/X (sky130_fd_sc_hd__and2_1)
                                         _4889_ (net)
                  0.07    0.00    0.44 v _8719_/A (sky130_fd_sc_hd__ha_4)
     1    0.01    0.04    0.25    0.69 v _8719_/SUM (sky130_fd_sc_hd__ha_4)
                                         _5859_ (net)
                  0.04    0.00    0.69 v _8226_/A (sky130_fd_sc_hd__fa_1)
     1    0.00    0.07    0.54    1.23 ^ _8226_/SUM (sky130_fd_sc_hd__fa_1)
                                         _0499_ (net)
                  0.07    0.00    1.23 ^ _7482_/A (sky130_fd_sc_hd__inv_1)
     1    0.01    0.05    0.07    1.30 v _7482_/Y (sky130_fd_sc_hd__inv_1)
                                         _4455_ (net)
                  0.05    0.00    1.30 v _8227_/B (sky130_fd_sc_hd__fa_1)
     1    0.00    0.06    0.51    1.81 ^ _8227_/SUM (sky130_fd_sc_hd__fa_1)
                                         _4457_ (net)
                  0.06    0.00    1.81 ^ _6569_/A (sky130_fd_sc_hd__inv_1)
     1    0.01    0.05    0.07    1.88 v _6569_/Y (sky130_fd_sc_hd__inv_1)
                                         _0500_ (net)
                  0.05    0.00    1.88 v _8228_/B (sky130_fd_sc_hd__fa_1)
     2    0.01    0.10    0.49    2.37 v _8228_/SUM (sky130_fd_sc_hd__fa_1)
                                         _4459_ (net)
                  0.10    0.00    2.37 v _8720_/B (sky130_fd_sc_hd__ha_1)
     1    0.01    0.07    0.31    2.68 v _8720_/SUM (sky130_fd_sc_hd__ha_1)
                                         _0509_ (net)
                  0.07    0.00    2.68 v _6181_/A1 (sky130_fd_sc_hd__a21o_1)
     1    0.01    0.07    0.20    2.88 v _6181_/X (sky130_fd_sc_hd__a21o_1)
                                         _5138_ (net)
                  0.07    0.00    2.88 v _6182_/A2 (sky130_fd_sc_hd__a21oi_4)
     2    0.02    0.16    0.20    3.07 ^ _6182_/Y (sky130_fd_sc_hd__a21oi_4)
                                         _0600_ (net)
                  0.16    0.00    3.07 ^ _6369_/A2 (sky130_fd_sc_hd__o21bai_4)
     2    0.02    0.07    0.09    3.16 v _6369_/Y (sky130_fd_sc_hd__o21bai_4)
                                         _5195_ (net)
                  0.07    0.00    3.16 v _6370_/A2 (sky130_fd_sc_hd__a2111oi_4)
     1    0.00    0.25    0.35    3.51 ^ _6370_/Y (sky130_fd_sc_hd__a2111oi_4)
                                         _5196_ (net)
                  0.25    0.00    3.51 ^ place546/A (sky130_fd_sc_hd__buf_4)
     2    0.01    0.04    0.17    3.68 ^ place546/X (sky130_fd_sc_hd__buf_4)
                                         net546 (net)
                  0.04    0.00    3.68 ^ _7569_/A1 (sky130_fd_sc_hd__o21ai_2)
     1    0.01    0.07    0.07    3.75 v _7569_/Y (sky130_fd_sc_hd__o21ai_2)
                                         _0815_ (net)
                  0.07    0.00    3.75 v _8272_/CIN (sky130_fd_sc_hd__fa_2)
     1    0.01    0.07    0.35    4.10 v _8272_/COUT (sky130_fd_sc_hd__fa_2)
                                         _4504_ (net)
                  0.07    0.00    4.10 v _7363_/A (sky130_fd_sc_hd__xor2_1)
     1    0.01    0.17    0.20    4.30 ^ _7363_/X (sky130_fd_sc_hd__xor2_1)
                                         _5527_ (net)
                  0.17    0.00    4.30 ^ _7364_/B (sky130_fd_sc_hd__xnor2_1)
     1    0.01    0.17    0.16    4.46 ^ _7364_/Y (sky130_fd_sc_hd__xnor2_1)
                                         _5528_ (net)
                  0.17    0.00    4.46 ^ _7365_/B (sky130_fd_sc_hd__xnor2_1)
     1    0.01    0.18    0.16    4.62 ^ _7365_/Y (sky130_fd_sc_hd__xnor2_1)
                                         _5529_ (net)
                  0.18    0.00    4.62 ^ _7366_/B (sky130_fd_sc_hd__xnor2_1)
     1    0.01    0.08    0.11    4.73 v _7366_/Y (sky130_fd_sc_hd__xnor2_1)
                                         _5530_ (net)
                  0.08    0.00    4.73 v _7369_/A2 (sky130_fd_sc_hd__o21a_1)
     1    0.01    0.05    0.19    4.92 v _7369_/X (sky130_fd_sc_hd__o21a_1)
                                         _0007_[15] (net)
                  0.05    0.00    4.92 v prod_regs[5][15]$_DFF_P_/D (sky130_fd_sc_hd__dfxtp_1)
                                  4.92   data arrival time

                          4.50    4.50   clock clk (rise edge)
                          0.00    4.50   clock source latency
     1    0.06    0.00    0.00    4.50 ^ clk (in)
                                         clk (net)
                  0.00    0.00    4.50 ^ clkbuf_0_clk/A (sky130_fd_sc_hd__clkbuf_16)
    16    0.24    0.25    0.26    4.76 ^ clkbuf_0_clk/X (sky130_fd_sc_hd__clkbuf_16)
                                         clknet_0_clk (net)
                  0.25    0.01    4.77 ^ clkbuf_4_4_0_clk/A (sky130_fd_sc_hd__clkbuf_16)
    16    0.06    0.08    0.22    4.99 ^ clkbuf_4_4_0_clk/X (sky130_fd_sc_hd__clkbuf_16)
                                         clknet_4_4_0_clk (net)
                  0.08    0.00    4.99 ^ prod_regs[5][15]$_DFF_P_/CLK (sky130_fd_sc_hd__dfxtp_1)
                          0.00    4.99   clock reconvergence pessimism
                         -0.10    4.89   library setup time
                                  4.89   data required time
-----------------------------------------------------------------------------
                                  4.89   data required time
                                 -4.92   data arrival time
-----------------------------------------------------------------------------
                                 -0.03   slack (VIOLATED)



==========================================================================
global route report_check_types -max_slew -max_cap -max_fanout -violators
--------------------------------------------------------------------------

==========================================================================
global route max_slew_check_slack
--------------------------------------------------------------------------
0.6975481510162354

==========================================================================
global route max_slew_check_limit
--------------------------------------------------------------------------
1.5

==========================================================================
global route max_slew_check_slack_limit
--------------------------------------------------------------------------
0.4650

==========================================================================
global route max_fanout_check_slack
--------------------------------------------------------------------------
1.0000000150474662e+30

==========================================================================
global route max_fanout_check_limit
--------------------------------------------------------------------------
1.0000000150474662e+30

==========================================================================
global route max_capacitance_check_slack
--------------------------------------------------------------------------
0.014914240688085556

==========================================================================
global route max_capacitance_check_limit
--------------------------------------------------------------------------
0.021067000925540924

==========================================================================
global route max_capacitance_check_slack_limit
--------------------------------------------------------------------------
0.7079

==========================================================================
global route max_slew_violation_count
--------------------------------------------------------------------------
max slew violation count 0

==========================================================================
global route max_fanout_violation_count
--------------------------------------------------------------------------
max fanout violation count 0

==========================================================================
global route max_cap_violation_count
--------------------------------------------------------------------------
max cap violation count 0

==========================================================================
global route setup_violation_count
--------------------------------------------------------------------------
setup violation count 2

==========================================================================
global route hold_violation_count
--------------------------------------------------------------------------
hold violation count 0

==========================================================================
global route report_checks -path_delay max reg to reg
--------------------------------------------------------------------------
Startpoint: prod_regs[4][2]$_DFF_P_
            (rising edge-triggered flip-flop clocked by clk)
Endpoint: tree_sum_reg_1[17]$_DFF_P_
          (rising edge-triggered flip-flop clocked by clk)
Path Group: clk
Path Type: max

  Delay    Time   Description
---------------------------------------------------------
   0.00    0.00   clock clk (rise edge)
   0.00    0.00   clock source latency
   0.00    0.00 ^ clk (in)
   0.26    0.26 ^ clkbuf_0_clk/X (sky130_fd_sc_hd__clkbuf_16)
   0.23    0.49 ^ clkbuf_4_0_0_clk/X (sky130_fd_sc_hd__clkbuf_16)
   0.00    0.49 ^ prod_regs[4][2]$_DFF_P_/CLK (sky130_fd_sc_hd__dfxtp_1)
   0.42    0.91 ^ prod_regs[4][2]$_DFF_P_/Q (sky130_fd_sc_hd__dfxtp_1)
   0.09    1.01 v _7182_/Y (sky130_fd_sc_hd__inv_1)
   0.57    1.57 v _8552_/SUM (sky130_fd_sc_hd__fa_1)
   0.56    2.14 ^ _8553_/SUM (sky130_fd_sc_hd__fa_1)
   0.06    2.20 v _7969_/Y (sky130_fd_sc_hd__inv_1)
   0.28    2.48 ^ _8899_/SUM (sky130_fd_sc_hd__ha_1)
   0.10    2.58 v _6938_/Y (sky130_fd_sc_hd__a21oi_1)
   0.24    2.81 ^ _7007_/Y (sky130_fd_sc_hd__nor3_2)
   0.20    3.02 v _7016_/Y (sky130_fd_sc_hd__o21ai_1)
   0.34    3.36 ^ _7286_/Y (sky130_fd_sc_hd__a211oi_2)
   0.17    3.53 v _7330_/Y (sky130_fd_sc_hd__a31oi_1)
   0.40    3.93 v _8588_/COUT (sky130_fd_sc_hd__fa_1)
   0.15    4.08 v _6576_/Y (sky130_fd_sc_hd__xnor2_1)
   0.27    4.35 ^ _6577_/Y (sky130_fd_sc_hd__xnor2_1)
   0.19    4.54 v _6579_/Y (sky130_fd_sc_hd__a21oi_1)
   0.18    4.72 v _6580_/X (sky130_fd_sc_hd__o21a_1)
   0.00    4.72 v tree_sum_reg_1[17]$_DFF_P_/D (sky130_fd_sc_hd__dfxtp_1)
           4.72   data arrival time

   4.50    4.50   clock clk (rise edge)
   0.00    4.50   clock source latency
   0.00    4.50 ^ clk (in)
   0.26    4.76 ^ clkbuf_0_clk/X (sky130_fd_sc_hd__clkbuf_16)
   0.23    4.99 ^ clkbuf_4_3_0_clk/X (sky130_fd_sc_hd__clkbuf_16)
   0.00    5.00 ^ tree_sum_reg_1[17]$_DFF_P_/CLK (sky130_fd_sc_hd__dfxtp_1)
   0.00    5.00   clock reconvergence pessimism
  -0.10    4.89   library setup time
           4.89   data required time
---------------------------------------------------------
           4.89   data required time
          -4.72   data arrival time
---------------------------------------------------------
           0.17   slack (MET)



==========================================================================
global route report_checks -path_delay min reg to reg
--------------------------------------------------------------------------
Startpoint: tree_sum_reg_1[18]$_DFF_P_
            (rising edge-triggered flip-flop clocked by clk)
Endpoint: tree_sum_reg_1[18]$_DFF_P_
          (rising edge-triggered flip-flop clocked by clk)
Path Group: clk
Path Type: min

  Delay    Time   Description
---------------------------------------------------------
   0.00    0.00   clock clk (rise edge)
   0.00    0.00   clock source latency
   0.00    0.00 ^ clk (in)
   0.26    0.26 ^ clkbuf_0_clk/X (sky130_fd_sc_hd__clkbuf_16)
   0.23    0.50 ^ clkbuf_4_2_0_clk/X (sky130_fd_sc_hd__clkbuf_16)
   0.00    0.50 ^ tree_sum_reg_1[18]$_DFF_P_/CLK (sky130_fd_sc_hd__dfxtp_1)
   0.35    0.85 ^ tree_sum_reg_1[18]$_DFF_P_/Q (sky130_fd_sc_hd__dfxtp_1)
   0.11    0.96 ^ _6581_/X (sky130_fd_sc_hd__o21a_1)
   0.00    0.96 ^ tree_sum_reg_1[18]$_DFF_P_/D (sky130_fd_sc_hd__dfxtp_1)
           0.96   data arrival time

   0.00    0.00   clock clk (rise edge)
   0.00    0.00   clock source latency
   0.00    0.00 ^ clk (in)
   0.26    0.26 ^ clkbuf_0_clk/X (sky130_fd_sc_hd__clkbuf_16)
   0.23    0.50 ^ clkbuf_4_2_0_clk/X (sky130_fd_sc_hd__clkbuf_16)
   0.00    0.50 ^ tree_sum_reg_1[18]$_DFF_P_/CLK (sky130_fd_sc_hd__dfxtp_1)
   0.00    0.50   clock reconvergence pessimism
  -0.02    0.48   library hold time
           0.48   data required time
---------------------------------------------------------
           0.48   data required time
          -0.96   data arrival time
---------------------------------------------------------
           0.48   slack (MET)



==========================================================================
global route critical path target clock latency max path
--------------------------------------------------------------------------
0.4944

==========================================================================
global route critical path target clock latency min path
--------------------------------------------------------------------------
0.4927

==========================================================================
global route critical path source clock latency min path
--------------------------------------------------------------------------
0.0000

==========================================================================
global route critical path delay
--------------------------------------------------------------------------
4.9163

==========================================================================
global route critical path slack
--------------------------------------------------------------------------
-0.0252

==========================================================================
global route slack div critical path delay
--------------------------------------------------------------------------
-0.512581

==========================================================================
global route report_power
--------------------------------------------------------------------------
Group                  Internal  Switching    Leakage      Total
                          Power      Power      Power      Power (Watts)
----------------------------------------------------------------
Sequential             2.13e-03   3.08e-04   1.58e-09   2.44e-03  11.0%
Combinational          8.33e-03   9.72e-03   1.60e-08   1.81e-02  81.2%
Clock                  8.54e-04   8.77e-04   2.84e-10   1.73e-03   7.8%
Macro                  0.00e+00   0.00e+00   0.00e+00   0.00e+00   0.0%
Pad                    0.00e+00   0.00e+00   0.00e+00   0.00e+00   0.0%
----------------------------------------------------------------
Total                  1.13e-02   1.09e-02   1.79e-08   2.22e-02 100.0%
                          50.9%      49.1%       0.0%
