Yosys 0.64 (git sha1 8449dd470, g++ 11.4.0-1ubuntu1~22.04.3 -fPIC -O3) [the-openroad-project/yosys]
Using ABC speed script.
Extracting clock period from SDC file: /home/harish_d1121/Spec_to_Tapeout-main/openroad_runs/p5/results/sky130hd/dot_product/base/clock_period.txt
Setting clock period to 4.5
1. Executing Liberty frontend: /home/harish_d1121/OpenROAD-flow-scripts/flow/platforms/sky130hd/lib/sky130_fd_sc_hd__tt_025C_1v80.lib
2. Executing Liberty frontend: /home/harish_d1121/OpenROAD-flow-scripts/flow/platforms/sky130hd/lib/sky130_fd_sc_hd__tt_025C_1v80.lib
3. Executing Verilog-2005 frontend: /tmp/spec2rtl_openroad/p5/flow/designs/sky130hd/dot_product/src/design_syn.v
4. Executing Verilog-2005 frontend: /home/harish_d1121/OpenROAD-flow-scripts/flow/platforms/sky130hd/cells_clkgate_hd.v
5. Executing HIERARCHY pass (managing design hierarchy).
6. Executing AST frontend in derive mode using pre-parsed AST for module `\dot_product'.
6.1. Analyzing design hierarchy..
6.2. Analyzing design hierarchy..
7. Executing OPT_CLEAN pass (remove unused cells and wires).
Warning: Ignoring module dot_product because it contains processes (run 'proc' command first).
8. Executing RTLIL backend.
Warnings: 1 unique messages, 1 total
End of script. Logfile hash: c46df90608, time: 0.43s, user: 0.38s, system: 0.05s, MEM: 77.11 MB peak
Yosys 0.64 (git sha1 8449dd470, g++ 11.4.0-1ubuntu1~22.04.3 -fPIC -O3) [the-openroad-project/yosys]
Time spent: 40% 1x hierarchy (0 sec), 26% 4x read_liberty (0 sec), ...
Elapsed time: 0:00.46[h:]min:sec. CPU time: user 0.41 sys 0.06 (102%). Peak memory: 82284KB.
