
==========================================================================
detailed place report_tns
--------------------------------------------------------------------------
tns max 0.00

==========================================================================
detailed place report_wns
--------------------------------------------------------------------------
wns max 0.00

==========================================================================
detailed place report_worst_slack
--------------------------------------------------------------------------
worst slack max INF

==========================================================================
detailed place report_clock_min_period
--------------------------------------------------------------------------

==========================================================================
detailed place report_checks -path_delay min
--------------------------------------------------------------------------
No paths found.

==========================================================================
detailed place report_checks -path_delay max
--------------------------------------------------------------------------
No paths found.

==========================================================================
detailed place report_checks -unconstrained
--------------------------------------------------------------------------
Startpoint: match$_DFF_P_ (rising edge-triggered flip-flop)
Endpoint: match (output port)
Path Group: unconstrained
Path Type: max

Fanout     Cap    Slew   Delay    Time   Description
-----------------------------------------------------------------------------
                  0.12    0.00    0.00 ^ match$_DFF_P_/CLK (sky130_fd_sc_hd__dfxtp_1)
     1    0.00    0.04    0.33    0.33 ^ match$_DFF_P_/Q (sky130_fd_sc_hd__dfxtp_1)
                                         net4 (net)
                  0.04    0.00    0.33 ^ output4/A (sky130_fd_sc_hd__clkdlybuf4s50_1)
     1    0.00    0.04    0.46    0.79 ^ output4/X (sky130_fd_sc_hd__clkdlybuf4s50_1)
                                         match (net)
                  0.04    0.00    0.79 ^ match (out)
                                  0.79   data arrival time
-----------------------------------------------------------------------------
(Path is unconstrained)



==========================================================================
detailed place report_check_types -max_slew -max_cap -max_fanout -violators
--------------------------------------------------------------------------

==========================================================================
detailed place max_slew_check_slack
--------------------------------------------------------------------------
1.3174408674240112

==========================================================================
detailed place max_slew_check_limit
--------------------------------------------------------------------------
1.496762990951538

==========================================================================
detailed place max_slew_check_slack_limit
--------------------------------------------------------------------------
0.8802

==========================================================================
detailed place max_fanout_check_slack
--------------------------------------------------------------------------
1.0000000150474662e+30

==========================================================================
detailed place max_fanout_check_limit
--------------------------------------------------------------------------
1.0000000150474662e+30

==========================================================================
detailed place max_capacitance_check_slack
--------------------------------------------------------------------------
0.04577365517616272

==========================================================================
detailed place max_capacitance_check_limit
--------------------------------------------------------------------------
0.04944799840450287

==========================================================================
detailed place max_capacitance_check_slack_limit
--------------------------------------------------------------------------
0.9257

==========================================================================
detailed place max_slew_violation_count
--------------------------------------------------------------------------
max slew violation count 0

==========================================================================
detailed place max_fanout_violation_count
--------------------------------------------------------------------------
max fanout violation count 0

==========================================================================
detailed place max_cap_violation_count
--------------------------------------------------------------------------
max cap violation count 0

==========================================================================
detailed place setup_violation_count
--------------------------------------------------------------------------
setup violation count 0

==========================================================================
detailed place hold_violation_count
--------------------------------------------------------------------------
hold violation count 0

==========================================================================
detailed place report_checks -path_delay max reg to reg
--------------------------------------------------------------------------
No paths found.

==========================================================================
detailed place report_checks -path_delay min reg to reg
--------------------------------------------------------------------------
No paths found.

==========================================================================
detailed place critical path target clock latency max path
--------------------------------------------------------------------------
0

==========================================================================
detailed place critical path target clock latency min path
--------------------------------------------------------------------------
0

==========================================================================
detailed place critical path source clock latency min path
--------------------------------------------------------------------------
0

==========================================================================
detailed place critical path delay
--------------------------------------------------------------------------
-1

==========================================================================
detailed place critical path slack
--------------------------------------------------------------------------
0

==========================================================================
detailed place slack div critical path delay
--------------------------------------------------------------------------
0.000000

==========================================================================
detailed place report_power
--------------------------------------------------------------------------
Group                  Internal  Switching    Leakage      Total
                          Power      Power      Power      Power (Watts)
----------------------------------------------------------------
Sequential             7.97e-06   3.35e-07   2.45e-11   8.30e-06  30.0%
Combinational          1.37e-05   5.66e-06   2.81e-11   1.94e-05  70.0%
Clock                  0.00e+00   0.00e+00   0.00e+00   0.00e+00   0.0%
Macro                  0.00e+00   0.00e+00   0.00e+00   0.00e+00   0.0%
Pad                    0.00e+00   0.00e+00   0.00e+00   0.00e+00   0.0%
----------------------------------------------------------------
Total                  2.17e-05   6.00e-06   5.27e-11   2.77e-05 100.0%
                          78.3%      21.7%       0.0%
