
==========================================================================
global route report_tns
--------------------------------------------------------------------------
tns max 0.00

==========================================================================
global route report_wns
--------------------------------------------------------------------------
wns max 0.00

==========================================================================
global route report_worst_slack
--------------------------------------------------------------------------
worst slack max INF

==========================================================================
global route report_clock_min_period
--------------------------------------------------------------------------

==========================================================================
global route report_clock_skew
--------------------------------------------------------------------------

==========================================================================
global route report_checks -path_delay min
--------------------------------------------------------------------------
No paths found.

==========================================================================
global route report_checks -path_delay max
--------------------------------------------------------------------------
No paths found.

==========================================================================
global route report_checks -unconstrained
--------------------------------------------------------------------------
Startpoint: match$_DFF_P_ (rising edge-triggered flip-flop)
Endpoint: match (output port)
Path Group: unconstrained
Path Type: max

Fanout     Cap    Slew   Delay    Time   Description
-----------------------------------------------------------------------------
                  0.14    0.00    0.00 ^ match$_DFF_P_/CLK (sky130_fd_sc_hd__dfxtp_1)
     1    0.00    0.04    0.34    0.34 ^ match$_DFF_P_/Q (sky130_fd_sc_hd__dfxtp_1)
                                         net4 (net)
                  0.04    0.00    0.34 ^ output4/A (sky130_fd_sc_hd__clkdlybuf4s50_1)
     1    0.00    0.06    0.48    0.81 ^ output4/X (sky130_fd_sc_hd__clkdlybuf4s50_1)
                                         match (net)
                  0.06    0.00    0.81 ^ match (out)
                                  0.81   data arrival time
-----------------------------------------------------------------------------
(Path is unconstrained)



==========================================================================
global route report_check_types -max_slew -max_cap -max_fanout -violators
--------------------------------------------------------------------------

==========================================================================
global route max_slew_check_slack
--------------------------------------------------------------------------
1.2840220928192139

==========================================================================
global route max_slew_check_limit
--------------------------------------------------------------------------
1.496762990951538

==========================================================================
global route max_slew_check_slack_limit
--------------------------------------------------------------------------
0.8579

==========================================================================
global route max_fanout_check_slack
--------------------------------------------------------------------------
1.0000000150474662e+30

==========================================================================
global route max_fanout_check_limit
--------------------------------------------------------------------------
1.0000000150474662e+30

==========================================================================
global route max_capacitance_check_slack
--------------------------------------------------------------------------
0.044515740126371384

==========================================================================
global route max_capacitance_check_limit
--------------------------------------------------------------------------
0.04944799840450287

==========================================================================
global route max_capacitance_check_slack_limit
--------------------------------------------------------------------------
0.9003

==========================================================================
global route max_slew_violation_count
--------------------------------------------------------------------------
max slew violation count 0

==========================================================================
global route max_fanout_violation_count
--------------------------------------------------------------------------
max fanout violation count 0

==========================================================================
global route max_cap_violation_count
--------------------------------------------------------------------------
max cap violation count 0

==========================================================================
global route setup_violation_count
--------------------------------------------------------------------------
setup violation count 0

==========================================================================
global route hold_violation_count
--------------------------------------------------------------------------
hold violation count 0

==========================================================================
global route report_checks -path_delay max reg to reg
--------------------------------------------------------------------------
No paths found.

==========================================================================
global route report_checks -path_delay min reg to reg
--------------------------------------------------------------------------
No paths found.

==========================================================================
global route critical path target clock latency max path
--------------------------------------------------------------------------
0

==========================================================================
global route critical path target clock latency min path
--------------------------------------------------------------------------
0

==========================================================================
global route critical path source clock latency min path
--------------------------------------------------------------------------
0

==========================================================================
global route critical path delay
--------------------------------------------------------------------------
-1

==========================================================================
global route critical path slack
--------------------------------------------------------------------------
0

==========================================================================
global route slack div critical path delay
--------------------------------------------------------------------------
0.000000

==========================================================================
global route report_power
--------------------------------------------------------------------------
Group                  Internal  Switching    Leakage      Total
                          Power      Power      Power      Power (Watts)
----------------------------------------------------------------
Sequential             7.97e-06   3.91e-07   2.45e-11   8.36e-06  29.3%
Combinational          1.37e-05   6.50e-06   2.81e-11   2.02e-05  70.7%
Clock                  0.00e+00   0.00e+00   0.00e+00   0.00e+00   0.0%
Macro                  0.00e+00   0.00e+00   0.00e+00   0.00e+00   0.0%
Pad                    0.00e+00   0.00e+00   0.00e+00   0.00e+00   0.0%
----------------------------------------------------------------
Total                  2.17e-05   6.89e-06   5.27e-11   2.86e-05 100.0%
                          75.9%      24.1%       0.0%
