#! /usr/bin/vvp
:ivl_version "11.0 (stable)";
:ivl_delay_selection "TYPICAL";
:vpi_time_precision - 12;
:vpi_module "/usr/lib/x86_64-linux-gnu/ivl/system.vpi";
:vpi_module "/usr/lib/x86_64-linux-gnu/ivl/vhdl_sys.vpi";
:vpi_module "/usr/lib/x86_64-linux-gnu/ivl/vhdl_textio.vpi";
:vpi_module "/usr/lib/x86_64-linux-gnu/ivl/v2005_math.vpi";
:vpi_module "/usr/lib/x86_64-linux-gnu/ivl/va_math.vpi";
:vpi_module "/usr/lib/x86_64-linux-gnu/ivl/v2009.vpi";
S_0x62a7da2eb070 .scope package, "$unit" "$unit" 2 1;
 .timescale 0 0;
S_0x62a7da2eb200 .scope module, "tb" "tb" 3 3;
 .timescale -9 -12;
v0x62a7da3211b0_0 .var "clk", 0 0;
v0x62a7da321270_0 .var "data_in", 0 0;
v0x62a7da321310_0 .net "detected", 0 0, v0x62a7da320e90_0;  1 drivers
v0x62a7da3213b0_0 .var/i "i", 31 0;
v0x62a7da321450_0 .var "reset", 0 0;
v0x62a7da3214f0_0 .var "sample_input", 15 0;
v0x62a7da321590_0 .var "sample_output", 15 0;
S_0x62a7da2eb390 .scope task, "check_detected" "check_detected" 3 21, 3 21 0, S_0x62a7da2eb200;
 .timescale -9 -12;
v0x62a7da2e2020_0 .var/i "cycle_idx", 31 0;
v0x62a7da2e2920_0 .var "expected", 0 0;
TD_tb.check_detected ;
    %delay 1000, 0;
    %load/vec4 v0x62a7da321310_0;
    %load/vec4 v0x62a7da2e2920_0;
    %cmp/ne;
    %jmp/0xz  T_0.0, 6;
    %vpi_call/w 3 27 "$display", "FAIL: cycle=%0d expected detected=%0b got=%0b time=%0t", v0x62a7da2e2020_0, v0x62a7da2e2920_0, v0x62a7da321310_0, $time {0 0 0};
    %vpi_call/w 3 28 "$fatal", 32'sb00000000000000000000000000000001 {0 0 0};
T_0.0 ;
    %end;
S_0x62a7da30f7a0 .scope module, "dut" "seq_detector_0011" 3 12, 4 5 0, S_0x62a7da2eb200;
 .timescale 0 0;
    .port_info 0 /INPUT 1 "clk";
    .port_info 1 /INPUT 1 "reset";
    .port_info 2 /INPUT 1 "data_in";
    .port_info 3 /OUTPUT 1 "detected";
L_0x62a7da2e2800 .functor NOT 1, v0x62a7da321450_0, C4<0>, C4<0>, C4<0>;
L_0x62a7da2e3410 .functor AND 1, v0x62a7da320db0_0, L_0x62a7da2e2800, C4<1>, C4<1>;
L_0x62a7da2dec40 .functor AND 1, L_0x62a7da321790, v0x62a7da321270_0, C4<1>, C4<1>;
L_0x62a7da2df8b0 .functor NOT 1, L_0x62a7da2dec40, C4<0>, C4<0>, C4<0>;
L_0x62a7da2e01e0 .functor OR 1, L_0x62a7da3219b0, L_0x62a7da321aa0, C4<0>, C4<0>;
L_0x62a7da2e08d0 .functor OR 1, L_0x62a7da2e01e0, L_0x62a7da2df8b0, C4<0>, C4<0>;
L_0x62a7da321cc0 .functor NOT 1, L_0x62a7da2e08d0, C4<0>, C4<0>, C4<0>;
L_0x62a7da321d80 .functor NOT 1, v0x62a7da321450_0, C4<0>, C4<0>, C4<0>;
L_0x62a7da321e40 .functor AND 1, L_0x62a7da321cc0, L_0x62a7da321d80, C4<1>, C4<1>;
L_0x62a7da321f50 .functor NOT 1, v0x62a7da321450_0, C4<0>, C4<0>, C4<0>;
L_0x62a7da322020 .functor AND 1, v0x62a7da321270_0, L_0x62a7da321f50, C4<1>, C4<1>;
L_0x62a7da3221f0 .functor NOT 1, v0x62a7da321450_0, C4<0>, C4<0>, C4<0>;
L_0x62a7da3222d0 .functor AND 1, L_0x62a7da322090, L_0x62a7da3221f0, C4<1>, C4<1>;
L_0x62a7da322560 .functor NOT 1, v0x62a7da321450_0, C4<0>, C4<0>, C4<0>;
L_0x62a7da322260 .functor AND 1, L_0x62a7da322480, L_0x62a7da322560, C4<1>, C4<1>;
v0x62a7da2e3570_0 .net "_00_", 0 0, L_0x62a7da321e40;  1 drivers
v0x62a7da2dede0_0 .net "_01_", 0 0, L_0x62a7da2e3410;  1 drivers
v0x62a7da2dfa50_0 .net "_02_", 2 0, L_0x62a7da322340;  1 drivers
v0x62a7da2e0380_0 .net "_03_", 0 0, L_0x62a7da2df8b0;  1 drivers
v0x62a7da2e09f0_0 .net "_04_", 0 0, L_0x62a7da2e01e0;  1 drivers
v0x62a7da31fe10_0 .net "_05_", 0 0, L_0x62a7da321cc0;  1 drivers
v0x62a7da31fed0_0 .net *"_ivl_0", 0 0, L_0x62a7da2e2800;  1 drivers
v0x62a7da31ffb0_0 .net *"_ivl_11", 0 0, L_0x62a7da3219b0;  1 drivers
v0x62a7da320090_0 .net *"_ivl_13", 0 0, L_0x62a7da321aa0;  1 drivers
v0x62a7da320170_0 .net *"_ivl_16", 0 0, L_0x62a7da2e08d0;  1 drivers
v0x62a7da320250_0 .net *"_ivl_20", 0 0, L_0x62a7da321d80;  1 drivers
v0x62a7da320330_0 .net *"_ivl_26", 0 0, L_0x62a7da321f50;  1 drivers
v0x62a7da320410_0 .net *"_ivl_28", 0 0, L_0x62a7da322020;  1 drivers
v0x62a7da3204f0_0 .net *"_ivl_33", 0 0, L_0x62a7da322090;  1 drivers
v0x62a7da3205d0_0 .net *"_ivl_34", 0 0, L_0x62a7da3221f0;  1 drivers
v0x62a7da3206b0_0 .net *"_ivl_36", 0 0, L_0x62a7da3222d0;  1 drivers
v0x62a7da320790_0 .net *"_ivl_42", 0 0, L_0x62a7da322480;  1 drivers
v0x62a7da320870_0 .net *"_ivl_43", 0 0, L_0x62a7da322560;  1 drivers
v0x62a7da320950_0 .net *"_ivl_45", 0 0, L_0x62a7da322260;  1 drivers
v0x62a7da320a30_0 .net *"_ivl_5", 0 0, L_0x62a7da321790;  1 drivers
v0x62a7da320b10_0 .net *"_ivl_6", 0 0, L_0x62a7da2dec40;  1 drivers
v0x62a7da320bf0_0 .net "clk", 0 0, v0x62a7da3211b0_0;  1 drivers
v0x62a7da320cd0_0 .net "data_in", 0 0, v0x62a7da321270_0;  1 drivers
v0x62a7da320db0_0 .var "detect_pending", 0 0;
v0x62a7da320e90_0 .var "detected", 0 0;
v0x62a7da320f70_0 .var "history", 2 0;
v0x62a7da321050_0 .net "reset", 0 0, v0x62a7da321450_0;  1 drivers
E_0x62a7da2e7510 .event posedge, v0x62a7da320bf0_0;
L_0x62a7da321790 .part v0x62a7da320f70_0, 0, 1;
L_0x62a7da3219b0 .part v0x62a7da320f70_0, 2, 1;
L_0x62a7da321aa0 .part v0x62a7da320f70_0, 1, 1;
L_0x62a7da322090 .part v0x62a7da320f70_0, 0, 1;
L_0x62a7da322340 .concat8 [ 1 1 1 0], L_0x62a7da322020, L_0x62a7da3222d0, L_0x62a7da322260;
L_0x62a7da322480 .part v0x62a7da320f70_0, 1, 1;
    .scope S_0x62a7da30f7a0;
T_1 ;
    %wait E_0x62a7da2e7510;
    %load/vec4 v0x62a7da2dfa50_0;
    %parti/s 1, 0, 2;
    %ix/load 4, 0, 0;
    %ix/load 5, 0, 0;
    %flag_set/imm 4, 0;
    %assign/vec4/off/d v0x62a7da320f70_0, 4, 5;
    %jmp T_1;
    .thread T_1;
    .scope S_0x62a7da30f7a0;
T_2 ;
    %wait E_0x62a7da2e7510;
    %load/vec4 v0x62a7da2dfa50_0;
    %parti/s 1, 1, 2;
    %ix/load 4, 1, 0;
    %ix/load 5, 0, 0;
    %flag_set/imm 4, 0;
    %assign/vec4/off/d v0x62a7da320f70_0, 4, 5;
    %jmp T_2;
    .thread T_2;
    .scope S_0x62a7da30f7a0;
T_3 ;
    %wait E_0x62a7da2e7510;
    %load/vec4 v0x62a7da2dfa50_0;
    %parti/s 1, 2, 3;
    %ix/load 4, 2, 0;
    %ix/load 5, 0, 0;
    %flag_set/imm 4, 0;
    %assign/vec4/off/d v0x62a7da320f70_0, 4, 5;
    %jmp T_3;
    .thread T_3;
    .scope S_0x62a7da30f7a0;
T_4 ;
    %wait E_0x62a7da2e7510;
    %load/vec4 v0x62a7da2e3570_0;
    %assign/vec4 v0x62a7da320db0_0, 0;
    %jmp T_4;
    .thread T_4;
    .scope S_0x62a7da30f7a0;
T_5 ;
    %wait E_0x62a7da2e7510;
    %load/vec4 v0x62a7da2dede0_0;
    %assign/vec4 v0x62a7da320e90_0, 0;
    %jmp T_5;
    .thread T_5;
    .scope S_0x62a7da2eb200;
T_6 ;
    %delay 5000, 0;
    %load/vec4 v0x62a7da3211b0_0;
    %inv;
    %store/vec4 v0x62a7da3211b0_0, 0, 1;
    %jmp T_6;
    .thread T_6;
    .scope S_0x62a7da2eb200;
T_7 ;
    %pushi/vec4 0, 0, 1;
    %store/vec4 v0x62a7da3211b0_0, 0, 1;
    %pushi/vec4 0, 0, 1;
    %store/vec4 v0x62a7da321450_0, 0, 1;
    %pushi/vec4 0, 0, 1;
    %store/vec4 v0x62a7da321270_0, 0, 1;
    %pushi/vec4 6578, 0, 16;
    %store/vec4 v0x62a7da3214f0_0, 0, 16;
    %pushi/vec4 1088, 0, 16;
    %store/vec4 v0x62a7da321590_0, 0, 16;
    %pushi/vec4 1, 0, 1;
    %store/vec4 v0x62a7da321450_0, 0, 1;
    %wait E_0x62a7da2e7510;
    %pushi/vec4 0, 0, 1;
    %store/vec4 v0x62a7da2e2920_0, 0, 1;
    %pushi/vec4 0, 0, 32;
    %store/vec4 v0x62a7da2e2020_0, 0, 32;
    %fork TD_tb.check_detected, S_0x62a7da2eb390;
    %join;
    %pushi/vec4 0, 0, 1;
    %store/vec4 v0x62a7da321450_0, 0, 1;
    %pushi/vec4 15, 0, 32;
    %store/vec4 v0x62a7da3213b0_0, 0, 32;
T_7.0 ;
    %load/vec4 v0x62a7da3213b0_0;
    %cmpi/s 0, 0, 32;
    %flag_inv 5; GE is !LT
    %jmp/0xz T_7.1, 5;
    %load/vec4 v0x62a7da3214f0_0;
    %load/vec4 v0x62a7da3213b0_0;
    %part/s 1;
    %store/vec4 v0x62a7da321270_0, 0, 1;
    %wait E_0x62a7da2e7510;
    %load/vec4 v0x62a7da321590_0;
    %load/vec4 v0x62a7da3213b0_0;
    %part/s 1;
    %store/vec4 v0x62a7da2e2920_0, 0, 1;
    %pushi/vec4 16, 0, 32;
    %load/vec4 v0x62a7da3213b0_0;
    %sub;
    %store/vec4 v0x62a7da2e2020_0, 0, 32;
    %fork TD_tb.check_detected, S_0x62a7da2eb390;
    %join;
    %load/vec4 v0x62a7da3213b0_0;
    %subi 1, 0, 32;
    %store/vec4 v0x62a7da3213b0_0, 0, 32;
    %jmp T_7.0;
T_7.1 ;
    %pushi/vec4 1, 0, 1;
    %store/vec4 v0x62a7da321450_0, 0, 1;
    %wait E_0x62a7da2e7510;
    %pushi/vec4 0, 0, 1;
    %store/vec4 v0x62a7da2e2920_0, 0, 1;
    %pushi/vec4 17, 0, 32;
    %store/vec4 v0x62a7da2e2020_0, 0, 32;
    %fork TD_tb.check_detected, S_0x62a7da2eb390;
    %join;
    %vpi_call/w 3 55 "$display", "TEST PASSED" {0 0 0};
    %vpi_call/w 3 56 "$finish" {0 0 0};
    %end;
    .thread T_7;
# The file index is used to find the file name in the following table.
:file_names 5;
    "N/A";
    "<interactive>";
    "-";
    "/home/harish_d1121/Spec_to_Tapeout-main/output/p1_run_openroad/tb_candidate.v";
    "/home/harish_d1121/Spec_to_Tapeout-main/output/p1_run_openroad/Synthesis/design_syn.v";
