
==========================================================================
floorplan final report_tns
--------------------------------------------------------------------------
tns max 0.00

==========================================================================
floorplan final report_wns
--------------------------------------------------------------------------
wns max 0.00

==========================================================================
floorplan final report_worst_slack
--------------------------------------------------------------------------
worst slack max INF

==========================================================================
floorplan final report_clock_min_period
--------------------------------------------------------------------------

==========================================================================
floorplan final report_checks -path_delay min
--------------------------------------------------------------------------
No paths found.

==========================================================================
floorplan final report_checks -path_delay max
--------------------------------------------------------------------------
No paths found.

==========================================================================
floorplan final report_checks -unconstrained
--------------------------------------------------------------------------
Startpoint: data_out[0]$_DFF_P_ (rising edge-triggered flip-flop)
Endpoint: data_out[1]$_DFF_P_ (rising edge-triggered flip-flop)
Path Group: unconstrained
Path Type: max

Fanout     Cap    Slew   Delay    Time   Description
-----------------------------------------------------------------------------
                  0.00    0.00    0.00 ^ data_out[0]$_DFF_P_/CLK (sky130_fd_sc_hd__dfxtp_1)
     3    0.00    0.06    0.30    0.30 ^ data_out[0]$_DFF_P_/Q (sky130_fd_sc_hd__dfxtp_1)
                                         data_out[0] (net)
                  0.06    0.00    0.30 ^ _21_/A1 (sky130_fd_sc_hd__mux2i_1)
     1    0.00    0.04    0.06    0.36 v _21_/Y (sky130_fd_sc_hd__mux2i_1)
                                         _08_ (net)
                  0.04    0.00    0.36 v _23_/A2 (sky130_fd_sc_hd__a211oi_1)
     1    0.00    0.15    0.20    0.56 ^ _23_/Y (sky130_fd_sc_hd__a211oi_1)
                                         _00_[1] (net)
                  0.15    0.00    0.56 ^ data_out[1]$_DFF_P_/D (sky130_fd_sc_hd__dfxtp_1)
                                  0.56   data arrival time
-----------------------------------------------------------------------------
(Path is unconstrained)



==========================================================================
floorplan final report_power
--------------------------------------------------------------------------
Group                  Internal  Switching    Leakage      Total
                          Power      Power      Power      Power (Watts)
----------------------------------------------------------------
Sequential             1.21e-05   9.61e-07   3.33e-11   1.31e-05  32.5%
Combinational          1.81e-05   9.07e-06   4.72e-11   2.71e-05  67.5%
Clock                  0.00e+00   0.00e+00   0.00e+00   0.00e+00   0.0%
Macro                  0.00e+00   0.00e+00   0.00e+00   0.00e+00   0.0%
Pad                    0.00e+00   0.00e+00   0.00e+00   0.00e+00   0.0%
----------------------------------------------------------------
Total                  3.02e-05   1.00e-05   8.05e-11   4.02e-05 100.0%
                          75.0%      25.0%       0.0%
