#! /usr/bin/vvp
:ivl_version "11.0 (stable)";
:ivl_delay_selection "TYPICAL";
:vpi_time_precision - 12;
:vpi_module "/usr/lib/x86_64-linux-gnu/ivl/system.vpi";
:vpi_module "/usr/lib/x86_64-linux-gnu/ivl/vhdl_sys.vpi";
:vpi_module "/usr/lib/x86_64-linux-gnu/ivl/vhdl_textio.vpi";
:vpi_module "/usr/lib/x86_64-linux-gnu/ivl/v2005_math.vpi";
:vpi_module "/usr/lib/x86_64-linux-gnu/ivl/va_math.vpi";
:vpi_module "/usr/lib/x86_64-linux-gnu/ivl/v2009.vpi";
S_0x5a5e14550070 .scope package, "$unit" "$unit" 2 1;
 .timescale 0 0;
S_0x5a5e14550200 .scope module, "tb" "tb" 3 3;
 .timescale -9 -12;
v0x5a5e1458b770_0 .net "clean_btn", 0 0, v0x5a5e1458b190_0;  1 drivers
v0x5a5e1458b830_0 .var "clk", 0 0;
v0x5a5e1458b8d0_0 .var "noisy_btn", 0 0;
v0x5a5e1458b9a0_0 .var "rst", 0 0;
S_0x5a5e14550390 .scope task, "drive_and_check" "drive_and_check" 3 18, 3 18 0, S_0x5a5e14550200;
 .timescale -9 -12;
v0x5a5e14555f20_0 .var "expected", 0 0;
v0x5a5e14546500_0 .var "label", 127 0;
v0x5a5e14547250_0 .var "stimulus", 0 0;
E_0x5a5e1454ba10 .event posedge, v0x5a5e1458b270_0;
TD_tb.drive_and_check ;
    %load/vec4 v0x5a5e14547250_0;
    %store/vec4 v0x5a5e1458b8d0_0, 0, 1;
    %wait E_0x5a5e1454ba10;
    %delay 1000, 0;
    %load/vec4 v0x5a5e1458b770_0;
    %load/vec4 v0x5a5e14555f20_0;
    %cmp/ne;
    %jmp/0xz  T_0.0, 6;
    %vpi_call/w 3 27 "$display", "FAIL: %0s expected clean_btn=%0b got clean_btn=%0b time=%0t", v0x5a5e14546500_0, v0x5a5e14555f20_0, v0x5a5e1458b770_0, $time {0 0 0};
    %vpi_call/w 3 28 "$fatal", 32'sb00000000000000000000000000000001 {0 0 0};
T_0.0 ;
    %end;
S_0x5a5e14579340 .scope module, "dut" "button_debouncer" 3 9, 4 5 0, S_0x5a5e14550200;
 .timescale 0 0;
    .port_info 0 /INPUT 1 "clk";
    .port_info 1 /INPUT 1 "rst";
    .port_info 2 /INPUT 1 "noisy_btn";
    .port_info 3 /OUTPUT 1 "clean_btn";
L_0x5a5e145463e0 .functor NOT 1, L_0x5a5e1458bb70, C4<0>, C4<0>, C4<0>;
L_0x5a5e145470b0 .functor AND 1, L_0x5a5e1458ba70, L_0x5a5e145463e0, C4<1>, C4<1>;
L_0x5a5e145479e0 .functor NOT 1, v0x5a5e1458b9a0_0, C4<0>, C4<0>, C4<0>;
L_0x5a5e145480d0 .functor AND 1, L_0x5a5e1458bd30, L_0x5a5e145479e0, C4<1>, C4<1>;
L_0x5a5e1458bf90 .functor XOR 1, v0x5a5e1458b8d0_0, v0x5a5e1458b350_0, C4<0>, C4<0>;
L_0x5a5e1458c0a0 .functor NOT 1, L_0x5a5e1458bf90, C4<0>, C4<0>, C4<0>;
L_0x5a5e1458c310 .functor NOT 1, L_0x5a5e1458c270, C4<0>, C4<0>, C4<0>;
L_0x5a5e1458c380 .functor AND 1, L_0x5a5e1458c1a0, L_0x5a5e1458c310, C4<1>, C4<1>;
L_0x5a5e1458c4e0 .functor AND 1, L_0x5a5e1458c380, L_0x5a5e1458c0a0, C4<1>, C4<1>;
L_0x5a5e1458c5f0 .functor OR 1, L_0x5a5e1458c4e0, v0x5a5e1458b9a0_0, C4<0>, C4<0>;
L_0x5a5e1458c710 .functor NOT 1, L_0x5a5e1458c5f0, C4<0>, C4<0>, C4<0>;
L_0x5a5e1458c900 .functor OR 1, L_0x5a5e1458c780, L_0x5a5e1458c860, C4<0>, C4<0>;
L_0x5a5e1458ca80 .functor AND 1, L_0x5a5e1458c900, L_0x5a5e1458c0a0, C4<1>, C4<1>;
L_0x5a5e1458cb40 .functor NOT 1, L_0x5a5e1458ca80, C4<0>, C4<0>, C4<0>;
L_0x5a5e1458ca10 .functor OR 1, L_0x5a5e1458cb40, v0x5a5e1458b9a0_0, C4<0>, C4<0>;
L_0x5a5e1458cea0 .functor NOT 1, L_0x5a5e1458ca10, C4<0>, C4<0>, C4<0>;
L_0x5a5e1458cff0 .functor AND 1, v0x5a5e1458b8d0_0, v0x5a5e1458b350_0, C4<1>, C4<1>;
L_0x5a5e1458d060 .functor NOT 1, L_0x5a5e1458cff0, C4<0>, C4<0>, C4<0>;
L_0x5a5e1458d1c0 .functor NOT 1, v0x5a5e1458b8d0_0, C4<0>, C4<0>, C4<0>;
L_0x5a5e1458d230 .functor OR 1, v0x5a5e1458b350_0, L_0x5a5e1458d1c0, C4<0>, C4<0>;
L_0x5a5e1458d3e0 .functor AND 1, L_0x5a5e1458d230, L_0x5a5e1458d060, C4<1>, C4<1>;
L_0x5a5e1458d4a0 .functor OR 1, L_0x5a5e1458d3e0, v0x5a5e1458b9a0_0, C4<0>, C4<0>;
L_0x5a5e1458d620 .functor NOT 1, L_0x5a5e1458d4a0, C4<0>, C4<0>, C4<0>;
v0x5a5e14547b80_0 .net "_00_", 0 0, L_0x5a5e145480d0;  1 drivers
v0x5a5e145481f0_0 .net "_01_", 0 0, L_0x5a5e1458d620;  1 drivers
v0x5a5e145898c0_0 .net "_02_", 1 0, L_0x5a5e1458cc80;  1 drivers
v0x5a5e145899a0_0 .net "_03_", 0 0, L_0x5a5e145470b0;  1 drivers
v0x5a5e14589a60_0 .net "_04_", 0 0, L_0x5a5e1458bd30;  1 drivers
v0x5a5e14589b70_0 .net "_05_", 0 0, L_0x5a5e1458c0a0;  1 drivers
v0x5a5e14589c30_0 .net "_06_", 0 0, L_0x5a5e1458c380;  1 drivers
v0x5a5e14589cf0_0 .net "_07_", 0 0, L_0x5a5e1458cb40;  1 drivers
v0x5a5e14589db0_0 .net "_08_", 0 0, L_0x5a5e1458d060;  1 drivers
v0x5a5e14589e70_0 .net "_09_", 0 0, L_0x5a5e1458d230;  1 drivers
v0x5a5e14589f30_0 .net *"_ivl_1", 0 0, L_0x5a5e1458ba70;  1 drivers
v0x5a5e1458a010_0 .net *"_ivl_10", 0 0, L_0x5a5e145479e0;  1 drivers
v0x5a5e1458a0f0_0 .net *"_ivl_14", 0 0, L_0x5a5e1458bf90;  1 drivers
v0x5a5e1458a1d0_0 .net *"_ivl_19", 0 0, L_0x5a5e1458c1a0;  1 drivers
v0x5a5e1458a2b0_0 .net *"_ivl_21", 0 0, L_0x5a5e1458c270;  1 drivers
v0x5a5e1458a390_0 .net *"_ivl_22", 0 0, L_0x5a5e1458c310;  1 drivers
v0x5a5e1458a470_0 .net *"_ivl_28", 0 0, L_0x5a5e1458c4e0;  1 drivers
v0x5a5e1458a550_0 .net *"_ivl_3", 0 0, L_0x5a5e1458bb70;  1 drivers
v0x5a5e1458a630_0 .net *"_ivl_30", 0 0, L_0x5a5e1458c5f0;  1 drivers
v0x5a5e1458a710_0 .net *"_ivl_32", 0 0, L_0x5a5e1458c710;  1 drivers
v0x5a5e1458a7f0_0 .net *"_ivl_35", 0 0, L_0x5a5e1458c780;  1 drivers
v0x5a5e1458a8d0_0 .net *"_ivl_37", 0 0, L_0x5a5e1458c860;  1 drivers
v0x5a5e1458a9b0_0 .net *"_ivl_38", 0 0, L_0x5a5e1458c900;  1 drivers
v0x5a5e1458aa90_0 .net *"_ivl_4", 0 0, L_0x5a5e145463e0;  1 drivers
v0x5a5e1458ab70_0 .net *"_ivl_40", 0 0, L_0x5a5e1458ca80;  1 drivers
v0x5a5e1458ac50_0 .net *"_ivl_47", 0 0, L_0x5a5e1458ca10;  1 drivers
v0x5a5e1458ad30_0 .net *"_ivl_49", 0 0, L_0x5a5e1458cea0;  1 drivers
v0x5a5e1458ae10_0 .net *"_ivl_51", 0 0, L_0x5a5e1458cff0;  1 drivers
v0x5a5e1458aef0_0 .net *"_ivl_55", 0 0, L_0x5a5e1458d1c0;  1 drivers
v0x5a5e1458afd0_0 .net *"_ivl_59", 0 0, L_0x5a5e1458d3e0;  1 drivers
v0x5a5e1458b0b0_0 .net *"_ivl_61", 0 0, L_0x5a5e1458d4a0;  1 drivers
v0x5a5e1458b190_0 .var "clean_btn", 0 0;
v0x5a5e1458b270_0 .net "clk", 0 0, v0x5a5e1458b830_0;  1 drivers
v0x5a5e1458b350_0 .var "last_sample", 0 0;
v0x5a5e1458b430_0 .net "noisy_btn", 0 0, v0x5a5e1458b8d0_0;  1 drivers
v0x5a5e1458b510_0 .net "rst", 0 0, v0x5a5e1458b9a0_0;  1 drivers
v0x5a5e1458b5f0_0 .var "stable_count", 1 0;
L_0x5a5e1458ba70 .part v0x5a5e1458b5f0_0, 1, 1;
L_0x5a5e1458bb70 .part v0x5a5e1458b5f0_0, 0, 1;
L_0x5a5e1458bd30 .functor MUXZ 1, v0x5a5e1458b190_0, v0x5a5e1458b350_0, L_0x5a5e145470b0, C4<>;
L_0x5a5e1458c1a0 .part v0x5a5e1458b5f0_0, 0, 1;
L_0x5a5e1458c270 .part v0x5a5e1458b5f0_0, 1, 1;
L_0x5a5e1458c780 .part v0x5a5e1458b5f0_0, 1, 1;
L_0x5a5e1458c860 .part v0x5a5e1458b5f0_0, 0, 1;
L_0x5a5e1458cc80 .concat8 [ 1 1 0 0], L_0x5a5e1458c710, L_0x5a5e1458cea0;
    .scope S_0x5a5e14579340;
T_1 ;
    %wait E_0x5a5e1454ba10;
    %load/vec4 v0x5a5e145481f0_0;
    %assign/vec4 v0x5a5e1458b350_0, 0;
    %jmp T_1;
    .thread T_1;
    .scope S_0x5a5e14579340;
T_2 ;
    %wait E_0x5a5e1454ba10;
    %load/vec4 v0x5a5e145898c0_0;
    %parti/s 1, 0, 2;
    %ix/load 4, 0, 0;
    %ix/load 5, 0, 0;
    %flag_set/imm 4, 0;
    %assign/vec4/off/d v0x5a5e1458b5f0_0, 4, 5;
    %jmp T_2;
    .thread T_2;
    .scope S_0x5a5e14579340;
T_3 ;
    %wait E_0x5a5e1454ba10;
    %load/vec4 v0x5a5e145898c0_0;
    %parti/s 1, 1, 2;
    %ix/load 4, 1, 0;
    %ix/load 5, 0, 0;
    %flag_set/imm 4, 0;
    %assign/vec4/off/d v0x5a5e1458b5f0_0, 4, 5;
    %jmp T_3;
    .thread T_3;
    .scope S_0x5a5e14579340;
T_4 ;
    %wait E_0x5a5e1454ba10;
    %load/vec4 v0x5a5e14547b80_0;
    %assign/vec4 v0x5a5e1458b190_0, 0;
    %jmp T_4;
    .thread T_4;
    .scope S_0x5a5e14550200;
T_5 ;
    %delay 5000, 0;
    %load/vec4 v0x5a5e1458b830_0;
    %inv;
    %store/vec4 v0x5a5e1458b830_0, 0, 1;
    %jmp T_5;
    .thread T_5;
    .scope S_0x5a5e14550200;
T_6 ;
    %pushi/vec4 0, 0, 1;
    %store/vec4 v0x5a5e1458b830_0, 0, 1;
    %pushi/vec4 0, 0, 1;
    %store/vec4 v0x5a5e1458b9a0_0, 0, 1;
    %pushi/vec4 0, 0, 1;
    %store/vec4 v0x5a5e1458b8d0_0, 0, 1;
    %pushi/vec4 1, 0, 1;
    %store/vec4 v0x5a5e1458b9a0_0, 0, 1;
    %wait E_0x5a5e1454ba10;
    %delay 1000, 0;
    %load/vec4 v0x5a5e1458b770_0;
    %cmpi/ne 0, 0, 1;
    %jmp/0xz  T_6.0, 6;
    %vpi_call/w 3 42 "$display", "FAIL: reset forces clean_btn low" {0 0 0};
    %vpi_call/w 3 43 "$fatal", 32'sb00000000000000000000000000000001 {0 0 0};
T_6.0 ;
    %pushi/vec4 0, 0, 1;
    %store/vec4 v0x5a5e1458b9a0_0, 0, 1;
    %pushi/vec4 1, 0, 1;
    %store/vec4 v0x5a5e14547250_0, 0, 1;
    %pushi/vec4 0, 0, 1;
    %store/vec4 v0x5a5e14555f20_0, 0, 1;
    %pushi/vec4 26476, 0, 32; draw_string_vec4
    %pushi/vec4 1769235304, 0, 32; draw_string_vec4
    %concat/vec4; draw_string_vec4
    %pushi/vec4 543390051, 0, 32; draw_string_vec4
    %concat/vec4; draw_string_vec4
    %pushi/vec4 1818566705, 0, 32; draw_string_vec4
    %concat/vec4; draw_string_vec4
    %store/vec4 v0x5a5e14546500_0, 0, 128;
    %fork TD_tb.drive_and_check, S_0x5a5e14550390;
    %join;
    %pushi/vec4 0, 0, 1;
    %store/vec4 v0x5a5e14547250_0, 0, 1;
    %pushi/vec4 0, 0, 1;
    %store/vec4 v0x5a5e14555f20_0, 0, 1;
    %pushi/vec4 26476, 0, 32; draw_string_vec4
    %pushi/vec4 1769235304, 0, 32; draw_string_vec4
    %concat/vec4; draw_string_vec4
    %pushi/vec4 543390051, 0, 32; draw_string_vec4
    %concat/vec4; draw_string_vec4
    %pushi/vec4 1818566706, 0, 32; draw_string_vec4
    %concat/vec4; draw_string_vec4
    %store/vec4 v0x5a5e14546500_0, 0, 128;
    %fork TD_tb.drive_and_check, S_0x5a5e14550390;
    %join;
    %pushi/vec4 1, 0, 1;
    %store/vec4 v0x5a5e14547250_0, 0, 1;
    %pushi/vec4 0, 0, 1;
    %store/vec4 v0x5a5e14555f20_0, 0, 1;
    %pushi/vec4 3302541888, 0, 33;
    %concati/vec4 3503476432, 0, 32;
    %concati/vec4 2173560205, 0, 33;
    %concati/vec4 744824881, 0, 30;
    %store/vec4 v0x5a5e14546500_0, 0, 128;
    %fork TD_tb.drive_and_check, S_0x5a5e14550390;
    %join;
    %pushi/vec4 1, 0, 1;
    %store/vec4 v0x5a5e14547250_0, 0, 1;
    %pushi/vec4 0, 0, 1;
    %store/vec4 v0x5a5e14555f20_0, 0, 1;
    %pushi/vec4 3302541888, 0, 33;
    %concati/vec4 3503476432, 0, 32;
    %concati/vec4 2173560205, 0, 33;
    %concati/vec4 744824882, 0, 30;
    %store/vec4 v0x5a5e14546500_0, 0, 128;
    %fork TD_tb.drive_and_check, S_0x5a5e14550390;
    %join;
    %pushi/vec4 1, 0, 1;
    %store/vec4 v0x5a5e14547250_0, 0, 1;
    %pushi/vec4 1, 0, 1;
    %store/vec4 v0x5a5e14555f20_0, 0, 1;
    %pushi/vec4 3431060929, 0, 34;
    %concati/vec4 2441466261, 0, 32;
    %concati/vec4 3431054805, 0, 32;
    %concati/vec4 879785332, 0, 30;
    %store/vec4 v0x5a5e14546500_0, 0, 128;
    %fork TD_tb.drive_and_check, S_0x5a5e14550390;
    %join;
    %pushi/vec4 0, 0, 1;
    %store/vec4 v0x5a5e14547250_0, 0, 1;
    %pushi/vec4 1, 0, 1;
    %store/vec4 v0x5a5e14555f20_0, 0, 1;
    %pushi/vec4 3863011556, 0, 33;
    %concati/vec4 3404518110, 0, 32;
    %concati/vec4 3940958444, 0, 32;
    %concati/vec4 1634497893, 0, 31;
    %store/vec4 v0x5a5e14546500_0, 0, 128;
    %fork TD_tb.drive_and_check, S_0x5a5e14550390;
    %join;
    %pushi/vec4 0, 0, 1;
    %store/vec4 v0x5a5e14547250_0, 0, 1;
    %pushi/vec4 1, 0, 1;
    %store/vec4 v0x5a5e14555f20_0, 0, 1;
    %pushi/vec4 3863011556, 0, 33;
    %concati/vec4 3404518110, 0, 32;
    %concati/vec4 3940958444, 0, 32;
    %concati/vec4 1634497893, 0, 31;
    %store/vec4 v0x5a5e14546500_0, 0, 128;
    %fork TD_tb.drive_and_check, S_0x5a5e14550390;
    %join;
    %pushi/vec4 0, 0, 1;
    %store/vec4 v0x5a5e14547250_0, 0, 1;
    %pushi/vec4 0, 0, 1;
    %store/vec4 v0x5a5e14555f20_0, 0, 1;
    %pushi/vec4 3431060929, 0, 34;
    %concati/vec4 2441466261, 0, 32;
    %concati/vec4 3431054805, 0, 32;
    %concati/vec4 879785332, 0, 30;
    %store/vec4 v0x5a5e14546500_0, 0, 128;
    %fork TD_tb.drive_and_check, S_0x5a5e14550390;
    %join;
    %vpi_call/w 3 56 "$display", "TEST PASSED" {0 0 0};
    %vpi_call/w 3 57 "$finish" {0 0 0};
    %end;
    .thread T_6;
# The file index is used to find the file name in the following table.
:file_names 5;
    "N/A";
    "<interactive>";
    "-";
    "/home/harish_d1121/Spec_to_Tapeout-main/output/p4/tb_candidate.v";
    "/home/harish_d1121/Spec_to_Tapeout-main/output/p4/Synthesis/design_syn.v";
