Yosys 0.64 (git sha1 8449dd470, g++ 11.4.0-1ubuntu1~22.04.3 -fPIC -O3) [the-openroad-project/yosys]
Using ABC speed script.
Extracting clock period from SDC file: /home/harish_d1121/Spec_to_Tapeout-main/openroad_runs/p9/results/sky130hd/fir_filter/base/clock_period.txt
Setting clock period to 8
1. Executing Liberty frontend: /home/harish_d1121/OpenROAD-flow-scripts/flow/platforms/sky130hd/lib/sky130_fd_sc_hd__tt_025C_1v80.lib
2. Executing Liberty frontend: /home/harish_d1121/OpenROAD-flow-scripts/flow/platforms/sky130hd/lib/sky130_fd_sc_hd__tt_025C_1v80.lib
3. Executing Verilog-2005 frontend: /tmp/spec2rtl_openroad/p9/flow/designs/sky130hd/fir_filter/src/design_syn.v
4. Executing Verilog-2005 frontend: /home/harish_d1121/OpenROAD-flow-scripts/flow/platforms/sky130hd/cells_clkgate_hd.v
5. Executing HIERARCHY pass (managing design hierarchy).
6. Executing AST frontend in derive mode using pre-parsed AST for module `\fir_filter'.
6.1. Analyzing design hierarchy..
6.2. Analyzing design hierarchy..
7. Executing OPT_CLEAN pass (remove unused cells and wires).
Warning: Ignoring module fir_filter because it contains processes (run 'proc' command first).
8. Executing RTLIL backend.
Warnings: 1 unique messages, 1 total
End of script. Logfile hash: 799c2beeac, time: 1.15s, user: 1.08s, system: 0.11s, MEM: 204.84 MB peak
Yosys 0.64 (git sha1 8449dd470, g++ 11.4.0-1ubuntu1~22.04.3 -fPIC -O3) [the-openroad-project/yosys]
Time spent: 55% 1x hierarchy (0 sec), 17% 4x read_verilog (0 sec), ...
Elapsed time: 0:01.24[h:]min:sec. CPU time: user 1.16 sys 0.13 (104%). Peak memory: 210452KB.
