OpenROAD 26Q2-339-g0504146ce6 
Features included (+) or not (-): +GPU +GUI +Python
This program is licensed under the BSD-3 license. See the LICENSE file for details.
Components of this program may be licensed under more restrictive licenses which must be honored.
[INFO ORD-0030] Using 4 thread(s).
read_liberty /home/harish_d1121/OpenROAD-flow-scripts/flow/platforms/sky130hd/lib/sky130_fd_sc_hd__tt_025C_1v80.lib
read_db /home/harish_d1121/Spec_to_Tapeout-main/openroad_runs/p9/results/sky130hd/fir_filter/base/5_1_grt.odb
read_sdc /home/harish_d1121/Spec_to_Tapeout-main/openroad_runs/p9/results/sky130hd/fir_filter/base/5_1_grt.sdc
source /home/harish_d1121/OpenROAD-flow-scripts/flow/platforms/sky130hd/setRC.tcl
detailed_route -output_drc /home/harish_d1121/Spec_to_Tapeout-main/openroad_runs/p9/reports/sky130hd/fir_filter/base/5_route_drc.rpt -output_maze /home/harish_d1121/Spec_to_Tapeout-main/openroad_runs/p9/results/sky130hd/fir_filter/base/maze.log -droute_end_iter 64 -verbose 1 -drc_report_iter_step 5
[INFO DRT-0149] Reading tech and libs.
[WARNING DRT-0349] LEF58_ENCLOSURE with no CUTCLASS is not supported. Skipping for layer mcon
[WARNING DRT-0349] LEF58_ENCLOSURE with no CUTCLASS is not supported. Skipping for layer mcon
[WARNING DRT-0349] LEF58_ENCLOSURE with no CUTCLASS is not supported. Skipping for layer via
[WARNING DRT-0349] LEF58_ENCLOSURE with no CUTCLASS is not supported. Skipping for layer via
[WARNING DRT-0349] LEF58_ENCLOSURE with no CUTCLASS is not supported. Skipping for layer via2
[WARNING DRT-0349] LEF58_ENCLOSURE with no CUTCLASS is not supported. Skipping for layer via2
[WARNING DRT-0349] LEF58_ENCLOSURE with no CUTCLASS is not supported. Skipping for layer via3
[WARNING DRT-0349] LEF58_ENCLOSURE with no CUTCLASS is not supported. Skipping for layer via3
[WARNING DRT-0349] LEF58_ENCLOSURE with no CUTCLASS is not supported. Skipping for layer via4
[WARNING DRT-0349] LEF58_ENCLOSURE with no CUTCLASS is not supported. Skipping for layer via4

Units:                1000
Number of layers:     13
Number of macros:     441
Number of vias:       29
Number of viarulegen: 25

[INFO DRT-0150] Reading design.

Design:                   fir_filter
Die area:                 ( 0 0 ) ( 726160 726160 )
Number of track patterns: 12
Number of DEF vias:       0
Number of components:     16427
Number of terminals:      184
Number of snets:          2
Number of nets:           13015

[INFO DRT-0167] List of default vias:
  Layer via
    default via: M1M2_PR
  Layer via2
    default via: M2M3_PR
  Layer via3
    default via: M3M4_PR
  Layer via4
    default via: M4M5_PR
[INFO DRT-0162] Library cell analysis.
[INFO DRT-0163] Instance analysis.
[INFO DRT-0164] Number of unique instances = 124.
[INFO DRT-0168] Init region query.
[INFO DRT-0024]   Complete FR_MASTERSLICE.
[INFO DRT-0024]   Complete Fr_VIA.
[INFO DRT-0024]   Complete li1.
[INFO DRT-0024]   Complete mcon.
[INFO DRT-0024]   Complete met1.
[INFO DRT-0024]   Complete via.
[INFO DRT-0024]   Complete met2.
[INFO DRT-0024]   Complete via2.
[INFO DRT-0024]   Complete met3.
[INFO DRT-0024]   Complete via3.
[INFO DRT-0024]   Complete met4.
[INFO DRT-0024]   Complete via4.
[INFO DRT-0024]   Complete met5.
[INFO DRT-0033] FR_MASTERSLICE shape region query size = 0.
[INFO DRT-0033] FR_VIA shape region query size = 0.
[INFO DRT-0033] li1 shape region query size = 332191.
[INFO DRT-0033] mcon shape region query size = 202265.
[INFO DRT-0033] met1 shape region query size = 91673.
[INFO DRT-0033] via shape region query size = 34320.
[INFO DRT-0033] met2 shape region query size = 20675.
[INFO DRT-0033] via2 shape region query size = 27456.
[INFO DRT-0033] met3 shape region query size = 20691.
[INFO DRT-0033] via3 shape region query size = 27456.
[INFO DRT-0033] met4 shape region query size = 8268.
[INFO DRT-0033] via4 shape region query size = 1352.
[INFO DRT-0033] met5 shape region query size = 1456.
[INFO DRT-0165] Start pin access.
[INFO DRT-0078]   Complete 955 pins.
[INFO DRT-0079]   Complete 100 unique inst patterns.
[INFO DRT-0081]   Complete 124 unique inst patterns.
[INFO DRT-0084]   Complete 7359 groups.
#scanned instances     = 16427
#unique  instances     = 124
#stdCellGenAp          = 3880
#stdCellValidPlanarAp  = 26
#stdCellValidViaAp     = 2674
#stdCellPinNoAp        = 6
#stdCellPinCnt         = 32212
#instTermValidViaApCnt = 0
#macroGenAp            = 0
#macroValidPlanarAp    = 0
#macroValidViaAp       = 0
#macroNoAp             = 0
[INFO DRT-0166] Complete pin access.
[INFO DRT-0267] cpu time = 00:01:39, elapsed time = 00:00:27, memory = 330.77 (MB), peak = 334.90 (MB)

[INFO DRT-0157] Number of guides:     76158

[INFO DRT-0169] Post process guides.
[INFO DRT-0176] GCELLGRID X 0 DO 105 STEP 6900 ;
[INFO DRT-0177] GCELLGRID Y 0 DO 105 STEP 6900 ;
[INFO DRT-0028]   Complete FR_MASTERSLICE.
[INFO DRT-0028]   Complete Fr_VIA.
[INFO DRT-0028]   Complete li1.
[INFO DRT-0028]   Complete mcon.
[INFO DRT-0028]   Complete met1.
[INFO DRT-0028]   Complete via.
[INFO DRT-0028]   Complete met2.
[INFO DRT-0028]   Complete via2.
[INFO DRT-0028]   Complete met3.
[INFO DRT-0028]   Complete via3.
[INFO DRT-0028]   Complete met4.
[INFO DRT-0028]   Complete via4.
[INFO DRT-0028]   Complete met5.
[INFO DRT-0178] Init guide query.
[INFO DRT-0035]   Complete FR_MASTERSLICE (guide).
[INFO DRT-0035]   Complete Fr_VIA (guide).
[INFO DRT-0035]   Complete li1 (guide).
[INFO DRT-0035]   Complete mcon (guide).
[INFO DRT-0035]   Complete met1 (guide).
[INFO DRT-0035]   Complete via (guide).
[INFO DRT-0035]   Complete met2 (guide).
[INFO DRT-0035]   Complete via2 (guide).
[INFO DRT-0035]   Complete met3 (guide).
[INFO DRT-0035]   Complete via3 (guide).
[INFO DRT-0035]   Complete met4 (guide).
[INFO DRT-0035]   Complete via4 (guide).
[INFO DRT-0035]   Complete met5 (guide).
[INFO DRT-0036] FR_MASTERSLICE guide region query size = 0.
[INFO DRT-0036] FR_VIA guide region query size = 0.
[INFO DRT-0036] li1 guide region query size = 24375.
[INFO DRT-0036] mcon guide region query size = 0.
[INFO DRT-0036] met1 guide region query size = 23069.
[INFO DRT-0036] via guide region query size = 0.
[INFO DRT-0036] met2 guide region query size = 11213.
[INFO DRT-0036] via2 guide region query size = 0.
[INFO DRT-0036] met3 guide region query size = 611.
[INFO DRT-0036] via3 guide region query size = 0.
[INFO DRT-0036] met4 guide region query size = 67.
[INFO DRT-0036] via4 guide region query size = 0.
[INFO DRT-0036] met5 guide region query size = 2.
[INFO DRT-0179] Init gr pin query.
[INFO DRT-0267] cpu time = 00:00:00, elapsed time = 00:00:00, memory = 357.40 (MB), peak = 357.40 (MB)
[INFO DRT-0245] skipped writing guide updates to database.
[INFO DRT-0181] Start track assignment.
[INFO DRT-0184] Done with 35655 vertical wires in 3 frboxes and 23682 horizontal wires in 3 frboxes.
[INFO DRT-0186] Done with 2970 vertical wires in 3 frboxes and 5041 horizontal wires in 3 frboxes.
[INFO DRT-0182] Complete track assignment.
[INFO DRT-0267] cpu time = 00:00:03, elapsed time = 00:00:01, memory = 439.20 (MB), peak = 473.15 (MB)
[INFO DRT-0187] Start routing data preparation.
[INFO DRT-0267] cpu time = 00:00:00, elapsed time = 00:00:00, memory = 439.20 (MB), peak = 473.15 (MB)
[INFO DRT-0194] Start detail routing.
[INFO DRT-0195] Start 0th optimization iteration.
    Completing 10% with 0 violations.
    elapsed time = 00:00:01, memory = 561.57 (MB).
    Completing 20% with 0 violations.
    elapsed time = 00:00:02, memory = 724.04 (MB).
    Completing 30% with 313 violations.
    elapsed time = 00:00:04, memory = 819.04 (MB).
    Completing 40% with 313 violations.
    elapsed time = 00:00:05, memory = 859.79 (MB).
    Completing 50% with 313 violations.
    elapsed time = 00:00:07, memory = 870.24 (MB).
    Completing 60% with 557 violations.
    elapsed time = 00:00:09, memory = 886.61 (MB).
    Completing 70% with 557 violations.
    elapsed time = 00:00:10, memory = 866.76 (MB).
    Completing 80% with 861 violations.
    elapsed time = 00:00:12, memory = 881.89 (MB).
    Completing 90% with 861 violations.
    elapsed time = 00:00:14, memory = 917.87 (MB).
    Completing 100% with 1120 violations.
    elapsed time = 00:00:16, memory = 853.96 (MB).
[INFO DRT-0199]   Number of violations = 1348.
Viol/Layer         li1   mcon   met1   met2   met3
Metal Spacing        0      0    297     77      6
Min Hole             0      0      1      0      0
Recheck              2      0    148     76      2
Short                0      1    609    123      6
[INFO DRT-0267] cpu time = 00:01:02, elapsed time = 00:00:16, memory = 1094.96 (MB), peak = 1094.96 (MB)
Total wire length = 303709 um.
Total wire length on LAYER li1 = 0 um.
Total wire length on LAYER met1 = 122037 um.
Total wire length on LAYER met2 = 158763 um.
Total wire length on LAYER met3 = 19766 um.
Total wire length on LAYER met4 = 3123 um.
Total wire length on LAYER met5 = 19 um.
Total number of vias = 59666.
Up-via summary (total 59666):

------------------------
 FR_MASTERSLICE        0
            li1    27100
           met1    31489
           met2      966
           met3      107
           met4        4
------------------------
               59666


[INFO DRT-0195] Start 1st optimization iteration.
    Completing 10% with 1348 violations.
    elapsed time = 00:00:01, memory = 1106.34 (MB).
    Completing 20% with 1348 violations.
    elapsed time = 00:00:03, memory = 1106.34 (MB).
    Completing 30% with 1026 violations.
    elapsed time = 00:00:05, memory = 1106.34 (MB).
    Completing 40% with 1026 violations.
    elapsed time = 00:00:06, memory = 1108.71 (MB).
    Completing 50% with 1026 violations.
    elapsed time = 00:00:08, memory = 1108.71 (MB).
    Completing 60% with 847 violations.
    elapsed time = 00:00:10, memory = 1125.71 (MB).
    Completing 70% with 847 violations.
    elapsed time = 00:00:12, memory = 1125.71 (MB).
    Completing 80% with 733 violations.
    elapsed time = 00:00:13, memory = 1125.71 (MB).
    Completing 90% with 733 violations.
    elapsed time = 00:00:15, memory = 1125.71 (MB).
    Completing 100% with 446 violations.
    elapsed time = 00:00:17, memory = 1125.71 (MB).
[INFO DRT-0199]   Number of violations = 446.
Viol/Layer        met1   met2
Metal Spacing       83     10
Short              337     16
[INFO DRT-0267] cpu time = 00:01:05, elapsed time = 00:00:17, memory = 1125.71 (MB), peak = 1125.71 (MB)
Total wire length = 301880 um.
Total wire length on LAYER li1 = 0 um.
Total wire length on LAYER met1 = 121308 um.
Total wire length on LAYER met2 = 157764 um.
Total wire length on LAYER met3 = 19667 um.
Total wire length on LAYER met4 = 3120 um.
Total wire length on LAYER met5 = 19 um.
Total number of vias = 59068.
Up-via summary (total 59068):

------------------------
 FR_MASTERSLICE        0
            li1    27101
           met1    30900
           met2      955
           met3      108
           met4        4
------------------------
               59068


[INFO DRT-0195] Start 2nd optimization iteration.
    Completing 10% with 446 violations.
    elapsed time = 00:00:00, memory = 1125.71 (MB).
    Completing 20% with 446 violations.
    elapsed time = 00:00:02, memory = 1125.71 (MB).
    Completing 30% with 378 violations.
    elapsed time = 00:00:02, memory = 1125.71 (MB).
    Completing 40% with 378 violations.
    elapsed time = 00:00:03, memory = 1125.71 (MB).
    Completing 50% with 378 violations.
    elapsed time = 00:00:04, memory = 1125.71 (MB).
    Completing 60% with 342 violations.
    elapsed time = 00:00:06, memory = 1125.71 (MB).
    Completing 70% with 342 violations.
    elapsed time = 00:00:07, memory = 1125.71 (MB).
    Completing 80% with 234 violations.
    elapsed time = 00:00:08, memory = 1125.71 (MB).
    Completing 90% with 234 violations.
    elapsed time = 00:00:09, memory = 1125.71 (MB).
    Completing 100% with 193 violations.
    elapsed time = 00:00:10, memory = 1125.71 (MB).
[INFO DRT-0199]   Number of violations = 193.
Viol/Layer        met1   met2
Metal Spacing       38      3
Short              137     15
[INFO DRT-0267] cpu time = 00:00:40, elapsed time = 00:00:11, memory = 1125.71 (MB), peak = 1125.71 (MB)
Total wire length = 301706 um.
Total wire length on LAYER li1 = 0 um.
Total wire length on LAYER met1 = 121219 um.
Total wire length on LAYER met2 = 157720 um.
Total wire length on LAYER met3 = 19639 um.
Total wire length on LAYER met4 = 3109 um.
Total wire length on LAYER met5 = 18 um.
Total number of vias = 59034.
Up-via summary (total 59034):

------------------------
 FR_MASTERSLICE        0
            li1    27101
           met1    30873
           met2      954
           met3      102
           met4        4
------------------------
               59034


[INFO DRT-0195] Start 3rd optimization iteration.
    Completing 10% with 193 violations.
    elapsed time = 00:00:00, memory = 1125.71 (MB).
    Completing 20% with 193 violations.
    elapsed time = 00:00:00, memory = 1125.71 (MB).
    Completing 30% with 118 violations.
    elapsed time = 00:00:01, memory = 1125.71 (MB).
    Completing 40% with 118 violations.
    elapsed time = 00:00:01, memory = 1125.71 (MB).
    Completing 50% with 118 violations.
    elapsed time = 00:00:01, memory = 1125.71 (MB).
    Completing 60% with 79 violations.
    elapsed time = 00:00:02, memory = 1125.71 (MB).
    Completing 70% with 79 violations.
    elapsed time = 00:00:02, memory = 1125.71 (MB).
    Completing 80% with 39 violations.
    elapsed time = 00:00:03, memory = 1125.71 (MB).
    Completing 90% with 39 violations.
    elapsed time = 00:00:03, memory = 1125.71 (MB).
    Completing 100% with 0 violations.
    elapsed time = 00:00:04, memory = 1125.71 (MB).
[INFO DRT-0199]   Number of violations = 0.
[INFO DRT-0267] cpu time = 00:00:13, elapsed time = 00:00:04, memory = 1125.71 (MB), peak = 1125.71 (MB)
Total wire length = 301644 um.
Total wire length on LAYER li1 = 0 um.
Total wire length on LAYER met1 = 120988 um.
Total wire length on LAYER met2 = 157763 um.
Total wire length on LAYER met3 = 19764 um.
Total wire length on LAYER met4 = 3109 um.
Total wire length on LAYER met5 = 18 um.
Total number of vias = 59160.
Up-via summary (total 59160):

------------------------
 FR_MASTERSLICE        0
            li1    27099
           met1    30967
           met2      988
           met3      102
           met4        4
------------------------
               59160


[INFO DRT-0198] Complete detail routing.
Total wire length = 301644 um.
Total wire length on LAYER li1 = 0 um.
Total wire length on LAYER met1 = 120988 um.
Total wire length on LAYER met2 = 157763 um.
Total wire length on LAYER met3 = 19764 um.
Total wire length on LAYER met4 = 3109 um.
Total wire length on LAYER met5 = 18 um.
Total number of vias = 59160.
Up-via summary (total 59160):

------------------------
 FR_MASTERSLICE        0
            li1    27099
           met1    30967
           met2      988
           met3      102
           met4        4
------------------------
               59160


[INFO DRT-0267] cpu time = 00:03:02, elapsed time = 00:00:50, memory = 1125.96 (MB), peak = 1125.96 (MB)

[INFO DRT-0180] Post processing.
Took 79 seconds: detailed_route -output_drc /home/harish_d1121/Spec_to_Tapeout-main/openroad_runs/p9/reports/sky130hd/fir_filter/base/5_route_drc.rpt -output_maze /home/harish_d1121/Spec_to_Tapeout-main/openroad_runs/p9/results/sky130hd/fir_filter/base/maze.log -droute_end_iter 64 -verbose 1 -drc_report_iter_step 5
[INFO GRT-0012] Found 10 antenna violations.
[INFO DPL-0006] Core area: 513342.34 um^2, Instances area: 110851.32 um^2, Utilization: 21.6%
[INFO DPL-0005] Diamond search max displacement: +/- 500 sites horizontally, +/- 100 rows vertically.
[INFO DPL-1101] Legalizing using diamond search.
Movements Summary
---------------------------------------
Total cells:                       0
Diamond Move Success:              0 (  0.00%)
Diamond Move Failure:              0
Rip-up and replace Success:        0 (  0.00% of diamond failures)
Rip-up and replace Failure:        0
Total Placement Failures:          0
---------------------------------------
[INFO GRT-0015] Inserted 10 diodes.
[INFO DRT-0024]   Complete FR_MASTERSLICE.
[INFO DRT-0024]   Complete Fr_VIA.
[INFO DRT-0024]   Complete li1.
[INFO DRT-0024]   Complete mcon.
[INFO DRT-0024]   Complete met1.
[INFO DRT-0024]   Complete via.
[INFO DRT-0024]   Complete met2.
[INFO DRT-0024]   Complete via2.
[INFO DRT-0024]   Complete met3.
[INFO DRT-0024]   Complete via3.
[INFO DRT-0024]   Complete met4.
[INFO DRT-0024]   Complete via4.
[INFO DRT-0024]   Complete met5.
[INFO DRT-0165] Start pin access.
[INFO DRT-0078]   Complete 960 pins.
[INFO DRT-0079]   Complete 100 unique inst patterns.
[INFO DRT-0081]   Complete 125 unique inst patterns.
[INFO DRT-0084]   Complete 7360 groups.
#scanned instances     = 16437
#unique  instances     = 125
#stdCellGenAp          = 3892
#stdCellValidPlanarAp  = 26
#stdCellValidViaAp     = 2686
#stdCellPinNoAp        = 6
#stdCellPinCnt         = 32212
#instTermValidViaApCnt = 0
#macroGenAp            = 0
#macroValidPlanarAp    = 0
#macroValidViaAp       = 0
#macroNoAp             = 0
[INFO DRT-0166] Complete pin access.
[INFO DRT-0267] cpu time = 00:01:40, elapsed time = 00:00:27, memory = 985.90 (MB), peak = 1126.09 (MB)

[INFO DRT-0157] Number of guides:     76120

[INFO DRT-0169] Post process guides.
[INFO DRT-0176] GCELLGRID X 0 DO 105 STEP 6900 ;
[INFO DRT-0177] GCELLGRID Y 0 DO 105 STEP 6900 ;
[INFO DRT-0028]   Complete FR_MASTERSLICE.
[INFO DRT-0028]   Complete Fr_VIA.
[INFO DRT-0028]   Complete li1.
[INFO DRT-0028]   Complete mcon.
[INFO DRT-0028]   Complete met1.
[INFO DRT-0028]   Complete via.
[INFO DRT-0028]   Complete met2.
[INFO DRT-0028]   Complete via2.
[INFO DRT-0028]   Complete met3.
[INFO DRT-0028]   Complete via3.
[INFO DRT-0028]   Complete met4.
[INFO DRT-0028]   Complete via4.
[INFO DRT-0028]   Complete met5.
[INFO DRT-0178] Init guide query.
[INFO DRT-0035]   Complete FR_MASTERSLICE (guide).
[INFO DRT-0035]   Complete Fr_VIA (guide).
[INFO DRT-0035]   Complete li1 (guide).
[INFO DRT-0035]   Complete mcon (guide).
[INFO DRT-0035]   Complete met1 (guide).
[INFO DRT-0035]   Complete via (guide).
[INFO DRT-0035]   Complete met2 (guide).
[INFO DRT-0035]   Complete via2 (guide).
[INFO DRT-0035]   Complete met3 (guide).
[INFO DRT-0035]   Complete via3 (guide).
[INFO DRT-0035]   Complete met4 (guide).
[INFO DRT-0035]   Complete via4 (guide).
[INFO DRT-0035]   Complete met5 (guide).
[INFO DRT-0036] FR_MASTERSLICE guide region query size = 0.
[INFO DRT-0036] FR_VIA guide region query size = 0.
[INFO DRT-0036] li1 guide region query size = 24376.
[INFO DRT-0036] mcon guide region query size = 0.
[INFO DRT-0036] met1 guide region query size = 23072.
[INFO DRT-0036] via guide region query size = 0.
[INFO DRT-0036] met2 guide region query size = 11203.
[INFO DRT-0036] via2 guide region query size = 0.
[INFO DRT-0036] met3 guide region query size = 599.
[INFO DRT-0036] via3 guide region query size = 0.
[INFO DRT-0036] met4 guide region query size = 64.
[INFO DRT-0036] via4 guide region query size = 0.
[INFO DRT-0036] met5 guide region query size = 2.
[INFO DRT-0179] Init gr pin query.
[INFO DRT-0267] cpu time = 00:00:00, elapsed time = 00:00:00, memory = 985.90 (MB), peak = 1126.09 (MB)
[INFO DRT-0245] skipped writing guide updates to database.
[INFO DRT-0181] Start track assignment.
[INFO DRT-0184] Done with 35643 vertical wires in 3 frboxes and 23673 horizontal wires in 3 frboxes.
[INFO DRT-0186] Done with 2978 vertical wires in 3 frboxes and 5035 horizontal wires in 3 frboxes.
[INFO DRT-0182] Complete track assignment.
[INFO DRT-0267] cpu time = 00:00:02, elapsed time = 00:00:01, memory = 985.90 (MB), peak = 1126.09 (MB)
[INFO DRT-0187] Start routing data preparation.
[INFO DRT-0267] cpu time = 00:00:00, elapsed time = 00:00:00, memory = 985.90 (MB), peak = 1126.09 (MB)
[INFO DRT-0194] Start detail routing.
[INFO DRT-0195] Start 0th optimization iteration.
    Completing 10% with 0 violations.
    elapsed time = 00:00:00, memory = 985.90 (MB).
    Completing 20% with 0 violations.
    elapsed time = 00:00:01, memory = 1027.27 (MB).
    Completing 30% with 69 violations.
    elapsed time = 00:00:02, memory = 1046.77 (MB).
    Completing 40% with 69 violations.
    elapsed time = 00:00:03, memory = 1046.77 (MB).
    Completing 50% with 69 violations.
    elapsed time = 00:00:04, memory = 1046.77 (MB).
    Completing 60% with 98 violations.
    elapsed time = 00:00:05, memory = 1046.77 (MB).
    Completing 70% with 98 violations.
    elapsed time = 00:00:05, memory = 1047.15 (MB).
    Completing 80% with 132 violations.
    elapsed time = 00:00:07, memory = 1049.77 (MB).
    Completing 90% with 132 violations.
    elapsed time = 00:00:07, memory = 1049.77 (MB).
    Completing 100% with 162 violations.
    elapsed time = 00:00:09, memory = 1049.77 (MB).
[INFO DRT-0199]   Number of violations = 208.
Viol/Layer        met1   met2   met3
Metal Spacing       17     18      3
Recheck             14     30      2
Short               73     47      4
[INFO DRT-0267] cpu time = 00:00:33, elapsed time = 00:00:09, memory = 1150.52 (MB), peak = 1150.52 (MB)
Total wire length = 301532 um.
Total wire length on LAYER li1 = 0 um.
Total wire length on LAYER met1 = 121073 um.
Total wire length on LAYER met2 = 157676 um.
Total wire length on LAYER met3 = 19694 um.
Total wire length on LAYER met4 = 3069 um.
Total wire length on LAYER met5 = 18 um.
Total number of vias = 59178.
Up-via summary (total 59178):

------------------------
 FR_MASTERSLICE        0
            li1    27116
           met1    30983
           met2      975
           met3      100
           met4        4
------------------------
               59178


[INFO DRT-0195] Start 1st optimization iteration.
    Completing 10% with 208 violations.
    elapsed time = 00:00:00, memory = 1150.52 (MB).
    Completing 20% with 208 violations.
    elapsed time = 00:00:01, memory = 1150.52 (MB).
    Completing 30% with 141 violations.
    elapsed time = 00:00:02, memory = 1150.52 (MB).
    Completing 40% with 141 violations.
    elapsed time = 00:00:03, memory = 1150.90 (MB).
    Completing 50% with 141 violations.
    elapsed time = 00:00:04, memory = 1151.15 (MB).
    Completing 60% with 79 violations.
    elapsed time = 00:00:05, memory = 1151.27 (MB).
    Completing 70% with 79 violations.
    elapsed time = 00:00:06, memory = 1152.02 (MB).
    Completing 80% with 49 violations.
    elapsed time = 00:00:06, memory = 1152.02 (MB).
    Completing 90% with 49 violations.
    elapsed time = 00:00:07, memory = 1152.02 (MB).
    Completing 100% with 6 violations.
    elapsed time = 00:00:08, memory = 1152.40 (MB).
[INFO DRT-0199]   Number of violations = 6.
Viol/Layer        met1   met2
Metal Spacing        0      1
Short                5      0
[INFO DRT-0267] cpu time = 00:00:31, elapsed time = 00:00:08, memory = 1152.52 (MB), peak = 1152.52 (MB)
Total wire length = 301418 um.
Total wire length on LAYER li1 = 0 um.
Total wire length on LAYER met1 = 120994 um.
Total wire length on LAYER met2 = 157643 um.
Total wire length on LAYER met3 = 19705 um.
Total wire length on LAYER met4 = 3056 um.
Total wire length on LAYER met5 = 18 um.
Total number of vias = 59152.
Up-via summary (total 59152):

------------------------
 FR_MASTERSLICE        0
            li1    27116
           met1    30956
           met2      978
           met3       98
           met4        4
------------------------
               59152


[INFO DRT-0195] Start 2nd optimization iteration.
    Completing 10% with 6 violations.
    elapsed time = 00:00:00, memory = 1152.52 (MB).
    Completing 20% with 6 violations.
    elapsed time = 00:00:00, memory = 1152.52 (MB).
    Completing 30% with 6 violations.
    elapsed time = 00:00:00, memory = 1152.52 (MB).
    Completing 40% with 6 violations.
    elapsed time = 00:00:00, memory = 1152.52 (MB).
    Completing 50% with 6 violations.
    elapsed time = 00:00:00, memory = 1152.65 (MB).
    Completing 60% with 4 violations.
    elapsed time = 00:00:00, memory = 1152.65 (MB).
    Completing 70% with 4 violations.
    elapsed time = 00:00:00, memory = 1152.65 (MB).
    Completing 80% with 4 violations.
    elapsed time = 00:00:00, memory = 1152.65 (MB).
    Completing 90% with 4 violations.
    elapsed time = 00:00:00, memory = 1152.65 (MB).
    Completing 100% with 4 violations.
    elapsed time = 00:00:00, memory = 1152.65 (MB).
[INFO DRT-0199]   Number of violations = 4.
Viol/Layer        met1
Metal Spacing        1
Short                3
[INFO DRT-0267] cpu time = 00:00:01, elapsed time = 00:00:00, memory = 1152.65 (MB), peak = 1152.65 (MB)
Total wire length = 301410 um.
Total wire length on LAYER li1 = 0 um.
Total wire length on LAYER met1 = 120976 um.
Total wire length on LAYER met2 = 157656 um.
Total wire length on LAYER met3 = 19702 um.
Total wire length on LAYER met4 = 3056 um.
Total wire length on LAYER met5 = 18 um.
Total number of vias = 59154.
Up-via summary (total 59154):

------------------------
 FR_MASTERSLICE        0
            li1    27116
           met1    30959
           met2      977
           met3       98
           met4        4
------------------------
               59154


[INFO DRT-0195] Start 3rd guides tiles iteration.
    Completing 30% with 4 violations.
    elapsed time = 00:00:00, memory = 1152.65 (MB).
    Completing 60% with 4 violations.
    elapsed time = 00:00:00, memory = 1152.65 (MB).
    Completing 100% with 0 violations.
    elapsed time = 00:00:00, memory = 1152.65 (MB).
[INFO DRT-0199]   Number of violations = 0.
[INFO DRT-0267] cpu time = 00:00:00, elapsed time = 00:00:00, memory = 1152.65 (MB), peak = 1152.65 (MB)
Total wire length = 301409 um.
Total wire length on LAYER li1 = 0 um.
Total wire length on LAYER met1 = 120855 um.
Total wire length on LAYER met2 = 157656 um.
Total wire length on LAYER met3 = 19822 um.
Total wire length on LAYER met4 = 3056 um.
Total wire length on LAYER met5 = 18 um.
Total number of vias = 59153.
Up-via summary (total 59153):

------------------------
 FR_MASTERSLICE        0
            li1    27116
           met1    30956
           met2      979
           met3       98
           met4        4
------------------------
               59153


[INFO DRT-0198] Complete detail routing.
Total wire length = 301409 um.
Total wire length on LAYER li1 = 0 um.
Total wire length on LAYER met1 = 120855 um.
Total wire length on LAYER met2 = 157656 um.
Total wire length on LAYER met3 = 19822 um.
Total wire length on LAYER met4 = 3056 um.
Total wire length on LAYER met5 = 18 um.
Total number of vias = 59153.
Up-via summary (total 59153):

------------------------
 FR_MASTERSLICE        0
            li1    27116
           met1    30956
           met2      979
           met3       98
           met4        4
------------------------
               59153


[INFO DRT-0267] cpu time = 00:01:08, elapsed time = 00:00:19, memory = 1152.65 (MB), peak = 1152.65 (MB)

[INFO DRT-0180] Post processing.
[INFO ANT-0002] Found 1 net violations.
[INFO ANT-0001] Found 1 pin violations.
[INFO GRT-0012] Found 1 antenna violations.
[INFO DPL-0006] Core area: 513342.34 um^2, Instances area: 110853.82 um^2, Utilization: 21.6%
[INFO DPL-0005] Diamond search max displacement: +/- 500 sites horizontally, +/- 100 rows vertically.
[INFO DPL-1101] Legalizing using diamond search.
Movements Summary
---------------------------------------
Total cells:                       0
Diamond Move Success:              0 (  0.00%)
Diamond Move Failure:              0
Rip-up and replace Success:        0 (  0.00% of diamond failures)
Rip-up and replace Failure:        0
Total Placement Failures:          0
---------------------------------------
[INFO GRT-0015] Inserted 1 diodes.
[INFO DRT-0024]   Complete FR_MASTERSLICE.
[INFO DRT-0024]   Complete Fr_VIA.
[INFO DRT-0024]   Complete li1.
[INFO DRT-0024]   Complete mcon.
[INFO DRT-0024]   Complete met1.
[INFO DRT-0024]   Complete via.
[INFO DRT-0024]   Complete met2.
[INFO DRT-0024]   Complete via2.
[INFO DRT-0024]   Complete met3.
[INFO DRT-0024]   Complete via3.
[INFO DRT-0024]   Complete met4.
[INFO DRT-0024]   Complete via4.
[INFO DRT-0024]   Complete met5.
[INFO DRT-0165] Start pin access.
[INFO DRT-0078]   Complete 960 pins.
[INFO DRT-0079]   Complete 100 unique inst patterns.
[INFO DRT-0081]   Complete 125 unique inst patterns.
[INFO DRT-0084]   Complete 7359 groups.
#scanned instances     = 16438
#unique  instances     = 125
#stdCellGenAp          = 3892
#stdCellValidPlanarAp  = 26
#stdCellValidViaAp     = 2686
#stdCellPinNoAp        = 6
#stdCellPinCnt         = 32212
#instTermValidViaApCnt = 0
#macroGenAp            = 0
#macroValidPlanarAp    = 0
#macroValidViaAp       = 0
#macroNoAp             = 0
[INFO DRT-0166] Complete pin access.
[INFO DRT-0267] cpu time = 00:01:40, elapsed time = 00:00:27, memory = 1091.63 (MB), peak = 1152.65 (MB)

[INFO DRT-0157] Number of guides:     76120

[INFO DRT-0169] Post process guides.
[INFO DRT-0176] GCELLGRID X 0 DO 105 STEP 6900 ;
[INFO DRT-0177] GCELLGRID Y 0 DO 105 STEP 6900 ;
[INFO DRT-0028]   Complete FR_MASTERSLICE.
[INFO DRT-0028]   Complete Fr_VIA.
[INFO DRT-0028]   Complete li1.
[INFO DRT-0028]   Complete mcon.
[INFO DRT-0028]   Complete met1.
[INFO DRT-0028]   Complete via.
[INFO DRT-0028]   Complete met2.
[INFO DRT-0028]   Complete via2.
[INFO DRT-0028]   Complete met3.
[INFO DRT-0028]   Complete via3.
[INFO DRT-0028]   Complete met4.
[INFO DRT-0028]   Complete via4.
[INFO DRT-0028]   Complete met5.
[INFO DRT-0178] Init guide query.
[INFO DRT-0035]   Complete FR_MASTERSLICE (guide).
[INFO DRT-0035]   Complete Fr_VIA (guide).
[INFO DRT-0035]   Complete li1 (guide).
[INFO DRT-0035]   Complete mcon (guide).
[INFO DRT-0035]   Complete met1 (guide).
[INFO DRT-0035]   Complete via (guide).
[INFO DRT-0035]   Complete met2 (guide).
[INFO DRT-0035]   Complete via2 (guide).
[INFO DRT-0035]   Complete met3 (guide).
[INFO DRT-0035]   Complete via3 (guide).
[INFO DRT-0035]   Complete met4 (guide).
[INFO DRT-0035]   Complete via4 (guide).
[INFO DRT-0035]   Complete met5 (guide).
[INFO DRT-0036] FR_MASTERSLICE guide region query size = 0.
[INFO DRT-0036] FR_VIA guide region query size = 0.
[INFO DRT-0036] li1 guide region query size = 24376.
[INFO DRT-0036] mcon guide region query size = 0.
[INFO DRT-0036] met1 guide region query size = 23072.
[INFO DRT-0036] via guide region query size = 0.
[INFO DRT-0036] met2 guide region query size = 11203.
[INFO DRT-0036] via2 guide region query size = 0.
[INFO DRT-0036] met3 guide region query size = 599.
[INFO DRT-0036] via3 guide region query size = 0.
[INFO DRT-0036] met4 guide region query size = 64.
[INFO DRT-0036] via4 guide region query size = 0.
[INFO DRT-0036] met5 guide region query size = 2.
[INFO DRT-0179] Init gr pin query.
[INFO DRT-0267] cpu time = 00:00:00, elapsed time = 00:00:00, memory = 1091.63 (MB), peak = 1152.65 (MB)
[INFO DRT-0245] skipped writing guide updates to database.
[INFO DRT-0181] Start track assignment.
[INFO DRT-0184] Done with 35643 vertical wires in 3 frboxes and 23673 horizontal wires in 3 frboxes.
[INFO DRT-0186] Done with 2988 vertical wires in 3 frboxes and 5041 horizontal wires in 3 frboxes.
[INFO DRT-0182] Complete track assignment.
[INFO DRT-0267] cpu time = 00:00:02, elapsed time = 00:00:01, memory = 1091.63 (MB), peak = 1152.65 (MB)
[INFO DRT-0187] Start routing data preparation.
[INFO DRT-0267] cpu time = 00:00:00, elapsed time = 00:00:00, memory = 1091.63 (MB), peak = 1152.65 (MB)
[INFO DRT-0194] Start detail routing.
[INFO DRT-0195] Start 0th optimization iteration.
    Completing 10% with 0 violations.
    elapsed time = 00:00:00, memory = 1091.63 (MB).
    Completing 20% with 0 violations.
    elapsed time = 00:00:01, memory = 1091.63 (MB).
    Completing 30% with 5 violations.
    elapsed time = 00:00:02, memory = 1091.63 (MB).
    Completing 40% with 5 violations.
    elapsed time = 00:00:02, memory = 1091.63 (MB).
    Completing 50% with 5 violations.
    elapsed time = 00:00:03, memory = 1091.63 (MB).
    Completing 60% with 6 violations.
    elapsed time = 00:00:04, memory = 1091.63 (MB).
    Completing 70% with 6 violations.
    elapsed time = 00:00:05, memory = 1091.63 (MB).
    Completing 80% with 6 violations.
    elapsed time = 00:00:06, memory = 1091.63 (MB).
    Completing 90% with 6 violations.
    elapsed time = 00:00:07, memory = 1091.63 (MB).
    Completing 100% with 6 violations.
    elapsed time = 00:00:08, memory = 1091.63 (MB).
[INFO DRT-0199]   Number of violations = 8.
Viol/Layer        met1   met2
Recheck              2      0
Short                0      6
[INFO DRT-0267] cpu time = 00:00:30, elapsed time = 00:00:08, memory = 1156.25 (MB), peak = 1156.25 (MB)
Total wire length = 301408 um.
Total wire length on LAYER li1 = 0 um.
Total wire length on LAYER met1 = 120849 um.
Total wire length on LAYER met2 = 157662 um.
Total wire length on LAYER met3 = 19822 um.
Total wire length on LAYER met4 = 3056 um.
Total wire length on LAYER met5 = 18 um.
Total number of vias = 59150.
Up-via summary (total 59150):

------------------------
 FR_MASTERSLICE        0
            li1    27118
           met1    30951
           met2      979
           met3       98
           met4        4
------------------------
               59150


[INFO DRT-0195] Start 1st optimization iteration.
    Completing 10% with 8 violations.
    elapsed time = 00:00:00, memory = 1156.25 (MB).
    Completing 20% with 8 violations.
    elapsed time = 00:00:01, memory = 1156.25 (MB).
    Completing 30% with 3 violations.
    elapsed time = 00:00:02, memory = 1162.38 (MB).
    Completing 40% with 3 violations.
    elapsed time = 00:00:03, memory = 1163.13 (MB).
    Completing 50% with 3 violations.
    elapsed time = 00:00:03, memory = 1163.31 (MB).
    Completing 60% with 1 violations.
    elapsed time = 00:00:04, memory = 1163.44 (MB).
    Completing 70% with 1 violations.
    elapsed time = 00:00:05, memory = 1163.44 (MB).
    Completing 80% with 0 violations.
    elapsed time = 00:00:06, memory = 1163.44 (MB).
    Completing 90% with 0 violations.
    elapsed time = 00:00:07, memory = 1163.44 (MB).
    Completing 100% with 0 violations.
    elapsed time = 00:00:08, memory = 1163.44 (MB).
[INFO DRT-0199]   Number of violations = 0.
[INFO DRT-0267] cpu time = 00:00:30, elapsed time = 00:00:08, memory = 1163.44 (MB), peak = 1164.38 (MB)
Total wire length = 301408 um.
Total wire length on LAYER li1 = 0 um.
Total wire length on LAYER met1 = 120853 um.
Total wire length on LAYER met2 = 157657 um.
Total wire length on LAYER met3 = 19822 um.
Total wire length on LAYER met4 = 3056 um.
Total wire length on LAYER met5 = 18 um.
Total number of vias = 59153.
Up-via summary (total 59153):

------------------------
 FR_MASTERSLICE        0
            li1    27118
           met1    30954
           met2      979
           met3       98
           met4        4
------------------------
               59153


[INFO DRT-0198] Complete detail routing.
Total wire length = 301408 um.
Total wire length on LAYER li1 = 0 um.
Total wire length on LAYER met1 = 120853 um.
Total wire length on LAYER met2 = 157657 um.
Total wire length on LAYER met3 = 19822 um.
Total wire length on LAYER met4 = 3056 um.
Total wire length on LAYER met5 = 18 um.
Total number of vias = 59153.
Up-via summary (total 59153):

------------------------
 FR_MASTERSLICE        0
            li1    27118
           met1    30954
           met2      979
           met3       98
           met4        4
------------------------
               59153


[INFO DRT-0267] cpu time = 00:01:00, elapsed time = 00:00:16, memory = 1163.44 (MB), peak = 1164.38 (MB)

[INFO DRT-0180] Post processing.
[INFO ANT-0002] Found 0 net violations.
[INFO ANT-0001] Found 0 pin violations.
[INFO ANT-0002] Found 0 net violations.
[INFO ANT-0001] Found 0 pin violations.
Design area 110854 um^2 22% utilization.
write_db /home/harish_d1121/Spec_to_Tapeout-main/openroad_runs/p9/results/sky130hd/fir_filter/base/5_2_route.odb
Elapsed time: 3:00.58[h:]min:sec. CPU time: user 644.59 sys 1.14 (357%). Peak memory: 1192324KB.
Log                        Elapsed/s Peak Memory/MB  sha1sum .odb [0:20)
5_2_route                        180           1164 404c2d6fde33df458592
