
==========================================================================
global place report_tns
--------------------------------------------------------------------------
tns max -0.71

==========================================================================
global place report_wns
--------------------------------------------------------------------------
wns max -0.15

==========================================================================
global place report_worst_slack
--------------------------------------------------------------------------
worst slack max -0.15

==========================================================================
global place report_clock_min_period
--------------------------------------------------------------------------
clk period_min = 8.15 fmax = 122.67

==========================================================================
global place report_checks -path_delay min
--------------------------------------------------------------------------
Startpoint: rst (input port clocked by clk)
Endpoint: state[0][29]$_DFF_P_ (rising edge-triggered flip-flop clocked by clk)
Path Group: clk
Path Type: min

Fanout     Cap    Slew   Delay    Time   Description
-----------------------------------------------------------------------------
                  0.00    0.00    0.00   clock clk (rise edge)
                          0.00    0.00   clock network delay (ideal)
                          0.00    0.00 v input external delay
     1    0.01    0.00    0.00    0.00 v rst (in)
                                         rst (net)
                  0.00    0.00    0.00 v input129/A (sky130_fd_sc_hd__buf_8)
    54    0.37    0.25    0.22    0.22 v input129/X (sky130_fd_sc_hd__buf_8)
                                         net129 (net)
                  0.27    0.06    0.28 v _25980_/A (sky130_fd_sc_hd__nor2_1)
     1    0.00    0.08    0.16    0.44 ^ _25980_/Y (sky130_fd_sc_hd__nor2_1)
                                         _00000_[29] (net)
                  0.08    0.00    0.44 ^ state[0][29]$_DFF_P_/D (sky130_fd_sc_hd__dfxtp_1)
                                  0.44   data arrival time

                  0.00    0.00    0.00   clock clk (rise edge)
                          0.00    0.00   clock network delay (ideal)
                          0.00    0.00   clock reconvergence pessimism
                                  0.00 ^ state[0][29]$_DFF_P_/CLK (sky130_fd_sc_hd__dfxtp_1)
                         -0.04   -0.04   library hold time
                                 -0.04   data required time
-----------------------------------------------------------------------------
                                 -0.04   data required time
                                 -0.44   data arrival time
-----------------------------------------------------------------------------
                                  0.48   slack (MET)



==========================================================================
global place report_checks -path_delay max
--------------------------------------------------------------------------
Startpoint: x_in[15] (input port clocked by clk)
Endpoint: state[1][35]$_DFF_P_ (rising edge-triggered flip-flop clocked by clk)
Path Group: clk
Path Type: max

Fanout     Cap    Slew   Delay    Time   Description
-----------------------------------------------------------------------------
                  0.00    0.00    0.00   clock clk (rise edge)
                          0.00    0.00   clock network delay (ideal)
                          0.00    0.00 ^ input external delay
     1    0.03    0.00    0.00    0.00 ^ x_in[15] (in)
                                         x_in[15] (net)
                  0.00    0.00    0.00 ^ input136/A (sky130_fd_sc_hd__buf_6)
    11    0.23    0.45    0.33    0.33 ^ input136/X (sky130_fd_sc_hd__buf_6)
                                         net136 (net)
                  0.48    0.09    0.42 ^ place1264/A (sky130_fd_sc_hd__buf_12)
     8    0.06    0.09    0.21    0.63 ^ place1264/X (sky130_fd_sc_hd__buf_12)
                                         net1264 (net)
                  0.09    0.00    0.63 ^ place1262/A (sky130_fd_sc_hd__buf_12)
    32    0.23    0.26    0.23    0.86 ^ place1262/X (sky130_fd_sc_hd__buf_12)
                                         net1262 (net)
                  0.27    0.04    0.90 ^ _22268_/A (sky130_fd_sc_hd__nand2_1)
     3    0.04    0.27    0.30    1.20 v _22268_/Y (sky130_fd_sc_hd__nand2_1)
                                         _03435_ (net)
                  0.27    0.00    1.20 v _22269_/A (sky130_fd_sc_hd__inv_1)
     4    0.02    0.21    0.26    1.46 ^ _22269_/Y (sky130_fd_sc_hd__inv_1)
                                         _03541_ (net)
                  0.21    0.00    1.46 ^ place1013/A (sky130_fd_sc_hd__buf_4)
     2    0.01    0.05    0.16    1.63 ^ place1013/X (sky130_fd_sc_hd__buf_4)
                                         net1013 (net)
                  0.05    0.00    1.63 ^ place1012/A (sky130_fd_sc_hd__buf_4)
     9    0.08    0.23    0.25    1.88 ^ place1012/X (sky130_fd_sc_hd__buf_4)
                                         net1012 (net)
                  0.23    0.00    1.88 ^ _28927_/A (sky130_fd_sc_hd__fa_1)
     1    0.01    0.10    0.46    2.34 v _28927_/SUM (sky130_fd_sc_hd__fa_1)
                                         _04194_ (net)
                  0.10    0.00    2.34 v _28928_/B (sky130_fd_sc_hd__fa_1)
     1    0.01    0.10    0.51    2.85 v _28928_/SUM (sky130_fd_sc_hd__fa_1)
                                         _04198_ (net)
                  0.10    0.00    2.85 v _28929_/A (sky130_fd_sc_hd__fa_1)
     1    0.01    0.13    0.57    3.41 v _28929_/SUM (sky130_fd_sc_hd__fa_1)
                                         _04206_ (net)
                  0.13    0.00    3.41 v _28934_/A (sky130_fd_sc_hd__fa_1)
     1    0.01    0.13    0.58    3.99 v _28934_/SUM (sky130_fd_sc_hd__fa_1)
                                         _04234_ (net)
                  0.13    0.00    3.99 v _28937_/A (sky130_fd_sc_hd__fa_1)
     1    0.01    0.11    0.55    4.54 v _28937_/SUM (sky130_fd_sc_hd__fa_1)
                                         _04257_ (net)
                  0.11    0.00    4.54 v _28938_/A (sky130_fd_sc_hd__fa_1)
     1    0.01    0.09    0.52    5.06 v _28938_/SUM (sky130_fd_sc_hd__fa_1)
                                         _04264_ (net)
                  0.09    0.00    5.06 v _29845_/A (sky130_fd_sc_hd__ha_1)
     2    0.01    0.07    0.33    5.38 v _29845_/SUM (sky130_fd_sc_hd__ha_1)
                                         _04268_ (net)
                  0.07    0.00    5.38 v _23031_/A (sky130_fd_sc_hd__inv_1)
     1    0.00    0.04    0.06    5.44 ^ _23031_/Y (sky130_fd_sc_hd__inv_1)
                                         _19574_ (net)
                  0.04    0.00    5.44 ^ _23032_/A1 (sky130_fd_sc_hd__o21bai_1)
     1    0.00    0.05    0.07    5.51 v _23032_/Y (sky130_fd_sc_hd__o21bai_1)
                                         _19575_ (net)
                  0.05    0.00    5.51 v _23033_/A2 (sky130_fd_sc_hd__a21o_1)
     1    0.01    0.06    0.21    5.72 v _23033_/X (sky130_fd_sc_hd__a21o_1)
                                         _19576_ (net)
                  0.06    0.00    5.72 v _23034_/A2 (sky130_fd_sc_hd__a21oi_1)
     2    0.01    0.18    0.20    5.92 ^ _23034_/Y (sky130_fd_sc_hd__a21oi_1)
                                         _19577_ (net)
                  0.18    0.00    5.92 ^ _23608_/B1 (sky130_fd_sc_hd__o21ai_0)
     2    0.01    0.12    0.16    6.08 v _23608_/Y (sky130_fd_sc_hd__o21ai_0)
                                         _04497_ (net)
                  0.12    0.00    6.08 v _23609_/A2 (sky130_fd_sc_hd__a21oi_1)
     1    0.01    0.31    0.32    6.40 ^ _23609_/Y (sky130_fd_sc_hd__a21oi_1)
                                         _19699_ (net)
                  0.31    0.00    6.40 ^ _23617_/A1 (sky130_fd_sc_hd__a31oi_1)
     2    0.02    0.19    0.23    6.63 v _23617_/Y (sky130_fd_sc_hd__a31oi_1)
                                         _19707_ (net)
                  0.19    0.00    6.63 v _25189_/A1 (sky130_fd_sc_hd__a211o_1)
     1    0.02    0.10    0.37    7.00 v _25189_/X (sky130_fd_sc_hd__a211o_1)
                                         _04901_ (net)
                  0.10    0.00    7.00 v _29044_/B (sky130_fd_sc_hd__fa_1)
     1    0.01    0.10    0.44    7.44 v _29044_/COUT (sky130_fd_sc_hd__fa_1)
                                         _17983_ (net)
                  0.10    0.00    7.44 v _24178_/A (sky130_fd_sc_hd__xnor2_1)
     1    0.01    0.16    0.20    7.64 ^ _24178_/Y (sky130_fd_sc_hd__xnor2_1)
                                         _18778_ (net)
                  0.16    0.00    7.64 ^ _24179_/B (sky130_fd_sc_hd__xnor2_1)
     1    0.01    0.16    0.15    7.79 ^ _24179_/Y (sky130_fd_sc_hd__xnor2_1)
                                         _18779_ (net)
                  0.16    0.00    7.79 ^ _24180_/B (sky130_fd_sc_hd__xnor2_1)
     1    0.01    0.19    0.16    7.95 ^ _24180_/Y (sky130_fd_sc_hd__xnor2_1)
                                         _18780_ (net)
                  0.19    0.00    7.95 ^ _24181_/B (sky130_fd_sc_hd__nor2_1)
     1    0.00    0.07    0.07    8.02 v _24181_/Y (sky130_fd_sc_hd__nor2_1)
                                         _00001_[35] (net)
                  0.07    0.00    8.02 v state[1][35]$_DFF_P_/D (sky130_fd_sc_hd__dfxtp_1)
                                  8.02   data arrival time

                  0.00    8.00    8.00   clock clk (rise edge)
                          0.00    8.00   clock network delay (ideal)
                          0.00    8.00   clock reconvergence pessimism
                                  8.00 ^ state[1][35]$_DFF_P_/CLK (sky130_fd_sc_hd__dfxtp_1)
                         -0.13    7.87   library setup time
                                  7.87   data required time
-----------------------------------------------------------------------------
                                  7.87   data required time
                                 -8.02   data arrival time
-----------------------------------------------------------------------------
                                 -0.15   slack (VIOLATED)



==========================================================================
global place report_checks -unconstrained
--------------------------------------------------------------------------
Startpoint: x_in[15] (input port clocked by clk)
Endpoint: state[1][35]$_DFF_P_ (rising edge-triggered flip-flop clocked by clk)
Path Group: clk
Path Type: max

Fanout     Cap    Slew   Delay    Time   Description
-----------------------------------------------------------------------------
                  0.00    0.00    0.00   clock clk (rise edge)
                          0.00    0.00   clock network delay (ideal)
                          0.00    0.00 ^ input external delay
     1    0.03    0.00    0.00    0.00 ^ x_in[15] (in)
                                         x_in[15] (net)
                  0.00    0.00    0.00 ^ input136/A (sky130_fd_sc_hd__buf_6)
    11    0.23    0.45    0.33    0.33 ^ input136/X (sky130_fd_sc_hd__buf_6)
                                         net136 (net)
                  0.48    0.09    0.42 ^ place1264/A (sky130_fd_sc_hd__buf_12)
     8    0.06    0.09    0.21    0.63 ^ place1264/X (sky130_fd_sc_hd__buf_12)
                                         net1264 (net)
                  0.09    0.00    0.63 ^ place1262/A (sky130_fd_sc_hd__buf_12)
    32    0.23    0.26    0.23    0.86 ^ place1262/X (sky130_fd_sc_hd__buf_12)
                                         net1262 (net)
                  0.27    0.04    0.90 ^ _22268_/A (sky130_fd_sc_hd__nand2_1)
     3    0.04    0.27    0.30    1.20 v _22268_/Y (sky130_fd_sc_hd__nand2_1)
                                         _03435_ (net)
                  0.27    0.00    1.20 v _22269_/A (sky130_fd_sc_hd__inv_1)
     4    0.02    0.21    0.26    1.46 ^ _22269_/Y (sky130_fd_sc_hd__inv_1)
                                         _03541_ (net)
                  0.21    0.00    1.46 ^ place1013/A (sky130_fd_sc_hd__buf_4)
     2    0.01    0.05    0.16    1.63 ^ place1013/X (sky130_fd_sc_hd__buf_4)
                                         net1013 (net)
                  0.05    0.00    1.63 ^ place1012/A (sky130_fd_sc_hd__buf_4)
     9    0.08    0.23    0.25    1.88 ^ place1012/X (sky130_fd_sc_hd__buf_4)
                                         net1012 (net)
                  0.23    0.00    1.88 ^ _28927_/A (sky130_fd_sc_hd__fa_1)
     1    0.01    0.10    0.46    2.34 v _28927_/SUM (sky130_fd_sc_hd__fa_1)
                                         _04194_ (net)
                  0.10    0.00    2.34 v _28928_/B (sky130_fd_sc_hd__fa_1)
     1    0.01    0.10    0.51    2.85 v _28928_/SUM (sky130_fd_sc_hd__fa_1)
                                         _04198_ (net)
                  0.10    0.00    2.85 v _28929_/A (sky130_fd_sc_hd__fa_1)
     1    0.01    0.13    0.57    3.41 v _28929_/SUM (sky130_fd_sc_hd__fa_1)
                                         _04206_ (net)
                  0.13    0.00    3.41 v _28934_/A (sky130_fd_sc_hd__fa_1)
     1    0.01    0.13    0.58    3.99 v _28934_/SUM (sky130_fd_sc_hd__fa_1)
                                         _04234_ (net)
                  0.13    0.00    3.99 v _28937_/A (sky130_fd_sc_hd__fa_1)
     1    0.01    0.11    0.55    4.54 v _28937_/SUM (sky130_fd_sc_hd__fa_1)
                                         _04257_ (net)
                  0.11    0.00    4.54 v _28938_/A (sky130_fd_sc_hd__fa_1)
     1    0.01    0.09    0.52    5.06 v _28938_/SUM (sky130_fd_sc_hd__fa_1)
                                         _04264_ (net)
                  0.09    0.00    5.06 v _29845_/A (sky130_fd_sc_hd__ha_1)
     2    0.01    0.07    0.33    5.38 v _29845_/SUM (sky130_fd_sc_hd__ha_1)
                                         _04268_ (net)
                  0.07    0.00    5.38 v _23031_/A (sky130_fd_sc_hd__inv_1)
     1    0.00    0.04    0.06    5.44 ^ _23031_/Y (sky130_fd_sc_hd__inv_1)
                                         _19574_ (net)
                  0.04    0.00    5.44 ^ _23032_/A1 (sky130_fd_sc_hd__o21bai_1)
     1    0.00    0.05    0.07    5.51 v _23032_/Y (sky130_fd_sc_hd__o21bai_1)
                                         _19575_ (net)
                  0.05    0.00    5.51 v _23033_/A2 (sky130_fd_sc_hd__a21o_1)
     1    0.01    0.06    0.21    5.72 v _23033_/X (sky130_fd_sc_hd__a21o_1)
                                         _19576_ (net)
                  0.06    0.00    5.72 v _23034_/A2 (sky130_fd_sc_hd__a21oi_1)
     2    0.01    0.18    0.20    5.92 ^ _23034_/Y (sky130_fd_sc_hd__a21oi_1)
                                         _19577_ (net)
                  0.18    0.00    5.92 ^ _23608_/B1 (sky130_fd_sc_hd__o21ai_0)
     2    0.01    0.12    0.16    6.08 v _23608_/Y (sky130_fd_sc_hd__o21ai_0)
                                         _04497_ (net)
                  0.12    0.00    6.08 v _23609_/A2 (sky130_fd_sc_hd__a21oi_1)
     1    0.01    0.31    0.32    6.40 ^ _23609_/Y (sky130_fd_sc_hd__a21oi_1)
                                         _19699_ (net)
                  0.31    0.00    6.40 ^ _23617_/A1 (sky130_fd_sc_hd__a31oi_1)
     2    0.02    0.19    0.23    6.63 v _23617_/Y (sky130_fd_sc_hd__a31oi_1)
                                         _19707_ (net)
                  0.19    0.00    6.63 v _25189_/A1 (sky130_fd_sc_hd__a211o_1)
     1    0.02    0.10    0.37    7.00 v _25189_/X (sky130_fd_sc_hd__a211o_1)
                                         _04901_ (net)
                  0.10    0.00    7.00 v _29044_/B (sky130_fd_sc_hd__fa_1)
     1    0.01    0.10    0.44    7.44 v _29044_/COUT (sky130_fd_sc_hd__fa_1)
                                         _17983_ (net)
                  0.10    0.00    7.44 v _24178_/A (sky130_fd_sc_hd__xnor2_1)
     1    0.01    0.16    0.20    7.64 ^ _24178_/Y (sky130_fd_sc_hd__xnor2_1)
                                         _18778_ (net)
                  0.16    0.00    7.64 ^ _24179_/B (sky130_fd_sc_hd__xnor2_1)
     1    0.01    0.16    0.15    7.79 ^ _24179_/Y (sky130_fd_sc_hd__xnor2_1)
                                         _18779_ (net)
                  0.16    0.00    7.79 ^ _24180_/B (sky130_fd_sc_hd__xnor2_1)
     1    0.01    0.19    0.16    7.95 ^ _24180_/Y (sky130_fd_sc_hd__xnor2_1)
                                         _18780_ (net)
                  0.19    0.00    7.95 ^ _24181_/B (sky130_fd_sc_hd__nor2_1)
     1    0.00    0.07    0.07    8.02 v _24181_/Y (sky130_fd_sc_hd__nor2_1)
                                         _00001_[35] (net)
                  0.07    0.00    8.02 v state[1][35]$_DFF_P_/D (sky130_fd_sc_hd__dfxtp_1)
                                  8.02   data arrival time

                  0.00    8.00    8.00   clock clk (rise edge)
                          0.00    8.00   clock network delay (ideal)
                          0.00    8.00   clock reconvergence pessimism
                                  8.00 ^ state[1][35]$_DFF_P_/CLK (sky130_fd_sc_hd__dfxtp_1)
                         -0.13    7.87   library setup time
                                  7.87   data required time
-----------------------------------------------------------------------------
                                  7.87   data required time
                                 -8.02   data arrival time
-----------------------------------------------------------------------------
                                 -0.15   slack (VIOLATED)



==========================================================================
global place report_power
--------------------------------------------------------------------------
Group                  Internal  Switching    Leakage      Total
                          Power      Power      Power      Power (Watts)
----------------------------------------------------------------
Sequential             2.95e-03   3.59e-04   2.37e-09   3.31e-03   2.8%
Combinational          5.27e-02   6.39e-02   4.86e-08   1.17e-01  97.2%
Clock                  0.00e+00   0.00e+00   0.00e+00   0.00e+00   0.0%
Macro                  0.00e+00   0.00e+00   0.00e+00   0.00e+00   0.0%
Pad                    0.00e+00   0.00e+00   0.00e+00   0.00e+00   0.0%
----------------------------------------------------------------
Total                  5.57e-02   6.42e-02   5.09e-08   1.20e-01 100.0%
                          46.4%      53.6%       0.0%
