OpenROAD 26Q2-339-g0504146ce6 
Features included (+) or not (-): +GPU +GUI +Python
This program is licensed under the BSD-3 license. See the LICENSE file for details.
Components of this program may be licensed under more restrictive licenses which must be honored.
[INFO ORD-0030] Using 4 thread(s).
read_liberty /home/harish_d1121/OpenROAD-flow-scripts/flow/platforms/sky130hd/lib/sky130_fd_sc_hd__tt_025C_1v80.lib
read_db /home/harish_d1121/Spec_to_Tapeout-main/openroad_runs/p10/results/sky130hd/rising_edge_detector/base/5_1_grt.odb
read_sdc /home/harish_d1121/Spec_to_Tapeout-main/openroad_runs/p10/results/sky130hd/rising_edge_detector/base/5_1_grt.sdc
source /home/harish_d1121/OpenROAD-flow-scripts/flow/platforms/sky130hd/setRC.tcl
detailed_route -output_drc /home/harish_d1121/Spec_to_Tapeout-main/openroad_runs/p10/reports/sky130hd/rising_edge_detector/base/5_route_drc.rpt -output_maze /home/harish_d1121/Spec_to_Tapeout-main/openroad_runs/p10/results/sky130hd/rising_edge_detector/base/maze.log -droute_end_iter 64 -verbose 1 -drc_report_iter_step 5
[INFO DRT-0149] Reading tech and libs.
[WARNING DRT-0349] LEF58_ENCLOSURE with no CUTCLASS is not supported. Skipping for layer mcon
[WARNING DRT-0349] LEF58_ENCLOSURE with no CUTCLASS is not supported. Skipping for layer mcon
[WARNING DRT-0349] LEF58_ENCLOSURE with no CUTCLASS is not supported. Skipping for layer via
[WARNING DRT-0349] LEF58_ENCLOSURE with no CUTCLASS is not supported. Skipping for layer via
[WARNING DRT-0349] LEF58_ENCLOSURE with no CUTCLASS is not supported. Skipping for layer via2
[WARNING DRT-0349] LEF58_ENCLOSURE with no CUTCLASS is not supported. Skipping for layer via2
[WARNING DRT-0349] LEF58_ENCLOSURE with no CUTCLASS is not supported. Skipping for layer via3
[WARNING DRT-0349] LEF58_ENCLOSURE with no CUTCLASS is not supported. Skipping for layer via3
[WARNING DRT-0349] LEF58_ENCLOSURE with no CUTCLASS is not supported. Skipping for layer via4
[WARNING DRT-0349] LEF58_ENCLOSURE with no CUTCLASS is not supported. Skipping for layer via4

Units:                1000
Number of layers:     13
Number of macros:     441
Number of vias:       29
Number of viarulegen: 25

[INFO DRT-0150] Reading design.

Design:                   rising_edge_detector
Die area:                 ( 0 0 ) ( 46295 46295 )
Number of track patterns: 12
Number of DEF vias:       0
Number of components:     21
Number of terminals:      6
Number of snets:          2
Number of nets:           11

[INFO DRT-0167] List of default vias:
  Layer via
    default via: M1M2_PR
  Layer via2
    default via: M2M3_PR
  Layer via3
    default via: M3M4_PR
  Layer via4
    default via: M4M5_PR
[INFO DRT-0162] Library cell analysis.
[INFO DRT-0163] Instance analysis.
[INFO DRT-0164] Number of unique instances = 8.
[INFO DRT-0168] Init region query.
[INFO DRT-0024]   Complete FR_MASTERSLICE.
[INFO DRT-0024]   Complete Fr_VIA.
[INFO DRT-0024]   Complete li1.
[INFO DRT-0024]   Complete mcon.
[INFO DRT-0024]   Complete met1.
[INFO DRT-0024]   Complete via.
[INFO DRT-0024]   Complete met2.
[INFO DRT-0024]   Complete via2.
[INFO DRT-0024]   Complete met3.
[INFO DRT-0024]   Complete via3.
[INFO DRT-0024]   Complete met4.
[INFO DRT-0024]   Complete via4.
[INFO DRT-0024]   Complete met5.
[INFO DRT-0033] FR_MASTERSLICE shape region query size = 0.
[INFO DRT-0033] FR_VIA shape region query size = 0.
[INFO DRT-0033] li1 shape region query size = 320.
[INFO DRT-0033] mcon shape region query size = 196.
[INFO DRT-0033] met1 shape region query size = 82.
[INFO DRT-0033] via shape region query size = 60.
[INFO DRT-0033] met2 shape region query size = 37.
[INFO DRT-0033] via2 shape region query size = 48.
[INFO DRT-0033] met3 shape region query size = 39.
[INFO DRT-0033] via3 shape region query size = 48.
[INFO DRT-0033] met4 shape region query size = 16.
[INFO DRT-0033] via4 shape region query size = 2.
[INFO DRT-0033] met5 shape region query size = 6.
[INFO DRT-0165] Start pin access.
[INFO DRT-0078]   Complete 45 pins.
[INFO DRT-0081]   Complete 8 unique inst patterns.
[INFO DRT-0084]   Complete 8 groups.
#scanned instances     = 21
#unique  instances     = 8
#stdCellGenAp          = 122
#stdCellValidPlanarAp  = 0
#stdCellValidViaAp     = 80
#stdCellPinNoAp        = 0
#stdCellPinCnt         = 21
#instTermValidViaApCnt = 0
#macroGenAp            = 0
#macroValidPlanarAp    = 0
#macroValidViaAp       = 0
#macroNoAp             = 0
[INFO DRT-0166] Complete pin access.
[INFO DRT-0267] cpu time = 00:00:00, elapsed time = 00:00:00, memory = 200.97 (MB), peak = 200.97 (MB)

[INFO DRT-0157] Number of guides:     50

[INFO DRT-0169] Post process guides.
[INFO DRT-0176] GCELLGRID X 0 DO 6 STEP 6900 ;
[INFO DRT-0177] GCELLGRID Y 0 DO 6 STEP 6900 ;
[INFO DRT-0028]   Complete FR_MASTERSLICE.
[INFO DRT-0028]   Complete Fr_VIA.
[INFO DRT-0028]   Complete li1.
[INFO DRT-0028]   Complete mcon.
[INFO DRT-0028]   Complete met1.
[INFO DRT-0028]   Complete via.
[INFO DRT-0028]   Complete met2.
[INFO DRT-0028]   Complete via2.
[INFO DRT-0028]   Complete met3.
[INFO DRT-0028]   Complete via3.
[INFO DRT-0028]   Complete met4.
[INFO DRT-0028]   Complete via4.
[INFO DRT-0028]   Complete met5.
[INFO DRT-0178] Init guide query.
[INFO DRT-0035]   Complete FR_MASTERSLICE (guide).
[INFO DRT-0035]   Complete Fr_VIA (guide).
[INFO DRT-0035]   Complete li1 (guide).
[INFO DRT-0035]   Complete mcon (guide).
[INFO DRT-0035]   Complete met1 (guide).
[INFO DRT-0035]   Complete via (guide).
[INFO DRT-0035]   Complete met2 (guide).
[INFO DRT-0035]   Complete via2 (guide).
[INFO DRT-0035]   Complete met3 (guide).
[INFO DRT-0035]   Complete via3 (guide).
[INFO DRT-0035]   Complete met4 (guide).
[INFO DRT-0035]   Complete via4 (guide).
[INFO DRT-0035]   Complete met5 (guide).
[INFO DRT-0036] FR_MASTERSLICE guide region query size = 0.
[INFO DRT-0036] FR_VIA guide region query size = 0.
[INFO DRT-0036] li1 guide region query size = 18.
[INFO DRT-0036] mcon guide region query size = 0.
[INFO DRT-0036] met1 guide region query size = 13.
[INFO DRT-0036] via guide region query size = 0.
[INFO DRT-0036] met2 guide region query size = 7.
[INFO DRT-0036] via2 guide region query size = 0.
[INFO DRT-0036] met3 guide region query size = 3.
[INFO DRT-0036] via3 guide region query size = 0.
[INFO DRT-0036] met4 guide region query size = 0.
[INFO DRT-0036] via4 guide region query size = 0.
[INFO DRT-0036] met5 guide region query size = 0.
[INFO DRT-0179] Init gr pin query.
[INFO DRT-0267] cpu time = 00:00:00, elapsed time = 00:00:00, memory = 200.97 (MB), peak = 200.97 (MB)
[INFO DRT-0245] skipped writing guide updates to database.
[INFO DRT-0181] Start track assignment.
[INFO DRT-0184] Done with 25 vertical wires in 1 frboxes and 16 horizontal wires in 1 frboxes.
[INFO DRT-0186] Done with 1 vertical wires in 1 frboxes and 1 horizontal wires in 1 frboxes.
[INFO DRT-0182] Complete track assignment.
[INFO DRT-0267] cpu time = 00:00:00, elapsed time = 00:00:00, memory = 201.22 (MB), peak = 201.22 (MB)
[INFO DRT-0187] Start routing data preparation.
[INFO DRT-0267] cpu time = 00:00:00, elapsed time = 00:00:00, memory = 201.22 (MB), peak = 201.22 (MB)
[INFO DRT-0194] Start detail routing.
[INFO DRT-0195] Start 0th optimization iteration.
    Completing 100% with 0 violations.
    elapsed time = 00:00:00, memory = 203.16 (MB).
[INFO DRT-0199]   Number of violations = 0.
[INFO DRT-0267] cpu time = 00:00:00, elapsed time = 00:00:00, memory = 553.39 (MB), peak = 565.29 (MB)
Total wire length = 107 um.
Total wire length on LAYER li1 = 0 um.
Total wire length on LAYER met1 = 48 um.
Total wire length on LAYER met2 = 36 um.
Total wire length on LAYER met3 = 22 um.
Total wire length on LAYER met4 = 0 um.
Total wire length on LAYER met5 = 0 um.
Total number of vias = 40.
Up-via summary (total 40):

---------------------
 FR_MASTERSLICE     0
            li1    21
           met1    16
           met2     3
           met3     0
           met4     0
---------------------
               40


[INFO DRT-0198] Complete detail routing.
Total wire length = 107 um.
Total wire length on LAYER li1 = 0 um.
Total wire length on LAYER met1 = 48 um.
Total wire length on LAYER met2 = 36 um.
Total wire length on LAYER met3 = 22 um.
Total wire length on LAYER met4 = 0 um.
Total wire length on LAYER met5 = 0 um.
Total number of vias = 40.
Up-via summary (total 40):

---------------------
 FR_MASTERSLICE     0
            li1    21
           met1    16
           met2     3
           met3     0
           met4     0
---------------------
               40


[INFO DRT-0267] cpu time = 00:00:00, elapsed time = 00:00:00, memory = 553.52 (MB), peak = 565.29 (MB)

[INFO DRT-0180] Post processing.
[INFO GRT-0012] Found 0 antenna violations.
[INFO ANT-0002] Found 0 net violations.
[INFO ANT-0001] Found 0 pin violations.
[INFO ANT-0002] Found 0 net violations.
[INFO ANT-0001] Found 0 pin violations.
Design area 115 um^2 11% utilization.
write_db /home/harish_d1121/Spec_to_Tapeout-main/openroad_runs/p10/results/sky130hd/rising_edge_detector/base/5_2_route.odb
Elapsed time: 0:01.18[h:]min:sec. CPU time: user 1.71 sys 0.30 (170%). Peak memory: 578852KB.
Log                        Elapsed/s Peak Memory/MB  sha1sum .odb [0:20)
5_2_route                          1            565 77af6f8dbdfdbd7118fc
