#! /usr/bin/vvp
:ivl_version "11.0 (stable)";
:ivl_delay_selection "TYPICAL";
:vpi_time_precision - 12;
:vpi_module "/usr/lib/x86_64-linux-gnu/ivl/system.vpi";
:vpi_module "/usr/lib/x86_64-linux-gnu/ivl/vhdl_sys.vpi";
:vpi_module "/usr/lib/x86_64-linux-gnu/ivl/vhdl_textio.vpi";
:vpi_module "/usr/lib/x86_64-linux-gnu/ivl/v2005_math.vpi";
:vpi_module "/usr/lib/x86_64-linux-gnu/ivl/va_math.vpi";
:vpi_module "/usr/lib/x86_64-linux-gnu/ivl/v2009.vpi";
S_0x652566d37a10 .scope package, "$unit" "$unit" 2 1;
 .timescale 0 0;
S_0x652566cfacf0 .scope module, "tb" "tb" 3 3;
 .timescale -9 -12;
v0x652566d6b510_0 .var "bit_in", 0 0;
v0x652566d6b5d0_0 .var "clk", 0 0;
v0x652566d6b670_0 .net "match", 0 0, v0x652566d6b070_0;  1 drivers
v0x652566d6b740_0 .var "rst", 0 0;
S_0x652566cfae80 .scope task, "drive_and_check" "drive_and_check" 3 18, 3 18 0, S_0x652566cfacf0;
 .timescale -9 -12;
v0x652566d2b2a0_0 .var "expected", 0 0;
v0x652566d29bc0_0 .var "label", 127 0;
v0x652566d2a5b0_0 .var "stimulus", 0 0;
E_0x652566d35190 .event posedge, v0x652566d6af90_0;
TD_tb.drive_and_check ;
    %load/vec4 v0x652566d2a5b0_0;
    %store/vec4 v0x652566d6b510_0, 0, 1;
    %wait E_0x652566d35190;
    %delay 1000, 0;
    %load/vec4 v0x652566d6b670_0;
    %load/vec4 v0x652566d2b2a0_0;
    %cmp/ne;
    %jmp/0xz  T_0.0, 6;
    %vpi_call/w 3 27 "$display", "FAIL: %0s expected match=%0b got match=%0b time=%0t", v0x652566d29bc0_0, v0x652566d2b2a0_0, v0x652566d6b670_0, $time {0 0 0};
    %vpi_call/w 3 28 "$fatal", 32'sb00000000000000000000000000000001 {0 0 0};
T_0.0 ;
    %end;
S_0x652566d5a0e0 .scope module, "dut" "seq_detect_101" 3 9, 4 5 0, S_0x652566cfacf0;
 .timescale 0 0;
    .port_info 0 /INPUT 1 "clk";
    .port_info 1 /INPUT 1 "rst";
    .port_info 2 /INPUT 1 "bit_in";
    .port_info 3 /OUTPUT 1 "match";
L_0x652566d29aa0 .functor NOT 1, v0x652566d6b740_0, C4<0>, C4<0>, C4<0>;
L_0x652566d2a490 .functor AND 1, v0x652566d6b510_0, L_0x652566d29aa0, C4<1>, C4<1>;
L_0x652566d2a760 .functor AND 1, L_0x652566d6b8e0, v0x652566d6b510_0, C4<1>, C4<1>;
L_0x652566d6ba00 .functor NOT 1, v0x652566d6b740_0, C4<0>, C4<0>, C4<0>;
L_0x652566d6baa0 .functor AND 1, L_0x652566d2a760, L_0x652566d6ba00, C4<1>, C4<1>;
L_0x652566d6bbe0 .functor OR 1, v0x652566d6b510_0, v0x652566d6b740_0, C4<0>, C4<0>;
L_0x652566d6bdc0 .functor NOT 1, L_0x652566d6bbe0, C4<0>, C4<0>, C4<0>;
L_0x652566d6be30 .functor AND 1, L_0x652566d6bd20, L_0x652566d6bdc0, C4<1>, C4<1>;
v0x652566d2a880_0 .net "_00_", 0 0, L_0x652566d6baa0;  1 drivers
v0x652566d378a0_0 .net "_01_", 0 0, L_0x652566d6be30;  1 drivers
v0x652566d29560_0 .net "_02_", 0 0, L_0x652566d2a490;  1 drivers
v0x652566d29000_0 .net "_03_", 0 0, L_0x652566d6bbe0;  1 drivers
v0x652566d6a610_0 .net "_04_", 0 0, L_0x652566d2a760;  1 drivers
v0x652566d6a720_0 .net *"_ivl_0", 0 0, L_0x652566d29aa0;  1 drivers
v0x652566d6a800_0 .net *"_ivl_15", 0 0, L_0x652566d6bd20;  1 drivers
v0x652566d6a8e0_0 .net *"_ivl_16", 0 0, L_0x652566d6bdc0;  1 drivers
v0x652566d6a9c0_0 .net *"_ivl_23", 0 0, v0x652566d6b310_0;  1 drivers
v0x652566d6ab30_0 .net *"_ivl_27", 0 0, v0x652566d6b3d0_0;  1 drivers
o0x738feac83288 .functor BUFZ 1, C4<z>; HiZ drive
; Elide local net with no drivers, v0x652566d6ac10_0 name=_ivl_36
v0x652566d6acf0_0 .net *"_ivl_5", 0 0, L_0x652566d6b8e0;  1 drivers
v0x652566d6add0_0 .net *"_ivl_8", 0 0, L_0x652566d6ba00;  1 drivers
v0x652566d6aeb0_0 .net "bit_in", 0 0, v0x652566d6b510_0;  1 drivers
v0x652566d6af90_0 .net "clk", 0 0, v0x652566d6b5d0_0;  1 drivers
v0x652566d6b070_0 .var "match", 0 0;
v0x652566d6b150_0 .net "rst", 0 0, v0x652566d6b740_0;  1 drivers
v0x652566d6b230_0 .net "state", 2 0, L_0x652566d6c100;  1 drivers
v0x652566d6b310_0 .var "state_reg[1]", 0 0;
v0x652566d6b3d0_0 .var "state_reg[2]", 0 0;
L_0x652566d6b8e0 .part L_0x652566d6c100, 1, 1;
L_0x652566d6bd20 .part L_0x652566d6c100, 2, 1;
L_0x652566d6c100 .concat [ 1 1 1 0], o0x738feac83288, v0x652566d6b310_0, v0x652566d6b3d0_0;
    .scope S_0x652566d5a0e0;
T_1 ;
    %wait E_0x652566d35190;
    %load/vec4 v0x652566d2a880_0;
    %assign/vec4 v0x652566d6b070_0, 0;
    %jmp T_1;
    .thread T_1;
    .scope S_0x652566d5a0e0;
T_2 ;
    %wait E_0x652566d35190;
    %load/vec4 v0x652566d378a0_0;
    %assign/vec4 v0x652566d6b310_0, 0;
    %jmp T_2;
    .thread T_2;
    .scope S_0x652566d5a0e0;
T_3 ;
    %wait E_0x652566d35190;
    %load/vec4 v0x652566d29560_0;
    %assign/vec4 v0x652566d6b3d0_0, 0;
    %jmp T_3;
    .thread T_3;
    .scope S_0x652566cfacf0;
T_4 ;
    %delay 5000, 0;
    %load/vec4 v0x652566d6b5d0_0;
    %inv;
    %store/vec4 v0x652566d6b5d0_0, 0, 1;
    %jmp T_4;
    .thread T_4;
    .scope S_0x652566cfacf0;
T_5 ;
    %pushi/vec4 0, 0, 1;
    %store/vec4 v0x652566d6b5d0_0, 0, 1;
    %pushi/vec4 0, 0, 1;
    %store/vec4 v0x652566d6b740_0, 0, 1;
    %pushi/vec4 0, 0, 1;
    %store/vec4 v0x652566d6b510_0, 0, 1;
    %pushi/vec4 1, 0, 1;
    %store/vec4 v0x652566d6b740_0, 0, 1;
    %wait E_0x652566d35190;
    %delay 1000, 0;
    %load/vec4 v0x652566d6b670_0;
    %cmpi/ne 0, 0, 1;
    %jmp/0xz  T_5.0, 6;
    %vpi_call/w 3 42 "$display", "FAIL: reset clears FSM state" {0 0 0};
    %vpi_call/w 3 43 "$fatal", 32'sb00000000000000000000000000000001 {0 0 0};
T_5.0 ;
    %pushi/vec4 0, 0, 1;
    %store/vec4 v0x652566d6b740_0, 0, 1;
    %pushi/vec4 1, 0, 1;
    %store/vec4 v0x652566d2a5b0_0, 0, 1;
    %pushi/vec4 0, 0, 1;
    %store/vec4 v0x652566d2b2a0_0, 0, 1;
    %pushi/vec4 1937006962, 0, 32; draw_string_vec4
    %pushi/vec4 1948283753, 0, 32; draw_string_vec4
    %concat/vec4; draw_string_vec4
    %pushi/vec4 1852271717, 0, 32; draw_string_vec4
    %concat/vec4; draw_string_vec4
    %pushi/vec4 540094513, 0, 32; draw_string_vec4
    %concat/vec4; draw_string_vec4
    %store/vec4 v0x652566d29bc0_0, 0, 128;
    %fork TD_tb.drive_and_check, S_0x652566cfae80;
    %join;
    %pushi/vec4 0, 0, 1;
    %store/vec4 v0x652566d2a5b0_0, 0, 1;
    %pushi/vec4 0, 0, 1;
    %store/vec4 v0x652566d2b2a0_0, 0, 1;
    %pushi/vec4 3536373976, 0, 33;
    %concati/vec4 3393251026, 0, 32;
    %concati/vec4 3704543434, 0, 32;
    %concati/vec4 540094513, 0, 31;
    %store/vec4 v0x652566d29bc0_0, 0, 128;
    %fork TD_tb.drive_and_check, S_0x652566cfae80;
    %join;
    %pushi/vec4 1, 0, 1;
    %store/vec4 v0x652566d2a5b0_0, 0, 1;
    %pushi/vec4 1, 0, 1;
    %store/vec4 v0x652566d2b2a0_0, 0, 1;
    %pushi/vec4 3537686232, 0, 33;
    %concati/vec4 3393217120, 0, 32;
    %concati/vec4 3296838101, 0, 33;
    %concati/vec4 745760115, 0, 30;
    %store/vec4 v0x652566d29bc0_0, 0, 128;
    %fork TD_tb.drive_and_check, S_0x652566cfae80;
    %join;
    %pushi/vec4 0, 0, 1;
    %store/vec4 v0x652566d2a5b0_0, 0, 1;
    %pushi/vec4 0, 0, 1;
    %store/vec4 v0x652566d2b2a0_0, 0, 1;
    %pushi/vec4 3269476576, 0, 33;
    %concati/vec4 3270043850, 0, 32;
    %concati/vec4 3839639748, 0, 32;
    %concati/vec4 1769218100, 0, 31;
    %store/vec4 v0x652566d29bc0_0, 0, 128;
    %fork TD_tb.drive_and_check, S_0x652566cfae80;
    %join;
    %pushi/vec4 1, 0, 1;
    %store/vec4 v0x652566d2a5b0_0, 0, 1;
    %pushi/vec4 1, 0, 1;
    %store/vec4 v0x652566d2b2a0_0, 0, 1;
    %pushi/vec4 3269476576, 0, 33;
    %concati/vec4 3270043850, 0, 32;
    %concati/vec4 3839639748, 0, 32;
    %concati/vec4 1769218101, 0, 31;
    %store/vec4 v0x652566d29bc0_0, 0, 128;
    %fork TD_tb.drive_and_check, S_0x652566cfae80;
    %join;
    %pushi/vec4 1, 0, 1;
    %store/vec4 v0x652566d2a5b0_0, 0, 1;
    %pushi/vec4 0, 0, 1;
    %store/vec4 v0x652566d2b2a0_0, 0, 1;
    %pushi/vec4 3636652234, 0, 33;
    %concati/vec4 3359690962, 0, 32;
    %concati/vec4 3469754578, 0, 32;
    %concati/vec4 1852863860, 0, 31;
    %store/vec4 v0x652566d29bc0_0, 0, 128;
    %fork TD_tb.drive_and_check, S_0x652566cfae80;
    %join;
    %pushi/vec4 1, 0, 1;
    %store/vec4 v0x652566d2a5b0_0, 0, 1;
    %pushi/vec4 0, 0, 1;
    %store/vec4 v0x652566d2b2a0_0, 0, 1;
    %pushi/vec4 3739762892, 0, 33;
    %concati/vec4 3268994762, 0, 32;
    %concati/vec4 2178009509, 0, 33;
    %concati/vec4 661087602, 0, 30;
    %store/vec4 v0x652566d29bc0_0, 0, 128;
    %fork TD_tb.drive_and_check, S_0x652566cfae80;
    %join;
    %pushi/vec4 0, 0, 1;
    %store/vec4 v0x652566d2a5b0_0, 0, 1;
    %pushi/vec4 0, 0, 1;
    %store/vec4 v0x652566d2b2a0_0, 0, 1;
    %pushi/vec4 3537686080, 0, 33;
    %concati/vec4 3638488640, 0, 32;
    %concati/vec4 3705553120, 0, 32;
    %concati/vec4 1970041701, 0, 31;
    %store/vec4 v0x652566d29bc0_0, 0, 128;
    %fork TD_tb.drive_and_check, S_0x652566cfae80;
    %join;
    %vpi_call/w 3 58 "$display", "TEST PASSED" {0 0 0};
    %vpi_call/w 3 59 "$finish" {0 0 0};
    %end;
    .thread T_5;
# The file index is used to find the file name in the following table.
:file_names 5;
    "N/A";
    "<interactive>";
    "-";
    "/home/harish_d1121/Spec_to_Tapeout-main/output/p3/tb_candidate.v";
    "/home/harish_d1121/Spec_to_Tapeout-main/output/p3/Synthesis/design_syn.v";
