$ yosys synth.ys > synth.log 2>&1

 /----------------------------------------------------------------------------\
 |                                                                            |
 |  yosys -- Yosys Open SYnthesis Suite                                       |
 |                                                                            |
 |  Copyright (C) 2012 - 2019  Clifford Wolf <clifford@clifford.at>           |
 |                                                                            |
 |  Permission to use, copy, modify, and/or distribute this software for any  |
 |  purpose with or without fee is hereby granted, provided that the above    |
 |  copyright notice and this permission notice appear in all copies.         |
 |                                                                            |
 |  THE SOFTWARE IS PROVIDED "AS IS" AND THE AUTHOR DISCLAIMS ALL WARRANTIES  |
 |  WITH REGARD TO THIS SOFTWARE INCLUDING ALL IMPLIED WARRANTIES OF          |
 |  MERCHANTABILITY AND FITNESS. IN NO EVENT SHALL THE AUTHOR BE LIABLE FOR   |
 |  ANY SPECIAL, DIRECT, INDIRECT, OR CONSEQUENTIAL DAMAGES OR ANY DAMAGES    |
 |  WHATSOEVER RESULTING FROM LOSS OF USE, DATA OR PROFITS, WHETHER IN AN     |
 |  ACTION OF CONTRACT, NEGLIGENCE OR OTHER TORTIOUS ACTION, ARISING OUT OF   |
 |  OR IN CONNECTION WITH THE USE OR PERFORMANCE OF THIS SOFTWARE.            |
 |                                                                            |
 \----------------------------------------------------------------------------/

 Yosys 0.9 (git sha1 1979e0b)


-- Executing script file `synth.ys' --

1. Executing Verilog-2005 frontend: ../design_candidate.v
Parsing Verilog input from `../design_candidate.v' to AST representation.
Generating RTLIL representation for module `\seq_detect_101'.
Successfully finished Verilog frontend.

2. Executing SYNTH pass.

2.1. Executing HIERARCHY pass (managing design hierarchy).

2.1.1. Analyzing design hierarchy..
Top module:  \seq_detect_101

2.1.2. Analyzing design hierarchy..
Top module:  \seq_detect_101
Removed 0 unused modules.

2.2. Executing PROC pass (convert processes to netlists).

2.2.1. Executing PROC_CLEAN pass (remove empty switches from decision trees).
Cleaned up 0 empty switches.

2.2.2. Executing PROC_RMDEAD pass (remove dead branches from decision trees).
Marked 2 switch rules as full_case in process $proc$../design_candidate.v:13$1 in module seq_detect_101.
Removed a total of 0 dead cases.

2.2.3. Executing PROC_INIT pass (extract init attributes).

2.2.4. Executing PROC_ARST pass (detect async resets in processes).

2.2.5. Executing PROC_MUX pass (convert decision trees to multiplexers).
Creating decoders for process `\seq_detect_101.$proc$../design_candidate.v:13$1'.
     1/2: $0\match[0:0]
     2/2: $0\state[1:0]

2.2.6. Executing PROC_DLATCH pass (convert process syncs to latches).

2.2.7. Executing PROC_DFF pass (convert process syncs to FFs).
Creating register for signal `\seq_detect_101.\state' using process `\seq_detect_101.$proc$../design_candidate.v:13$1'.
  created $dff cell `$procdff$22' with positive edge clock.
Creating register for signal `\seq_detect_101.\match' using process `\seq_detect_101.$proc$../design_candidate.v:13$1'.
  created $dff cell `$procdff$23' with positive edge clock.

2.2.8. Executing PROC_CLEAN pass (remove empty switches from decision trees).
Found and cleaned up 3 empty switches in `\seq_detect_101.$proc$../design_candidate.v:13$1'.
Removing empty process `seq_detect_101.$proc$../design_candidate.v:13$1'.
Cleaned up 3 empty switches.

2.3. Executing OPT_EXPR pass (perform const folding).
Optimizing module seq_detect_101.
<suppressed ~1 debug messages>

2.4. Executing OPT_CLEAN pass (remove unused cells and wires).
Finding unused cells or wires in module \seq_detect_101..
Removed 0 unused cells and 6 unused wires.
<suppressed ~1 debug messages>

2.5. Executing CHECK pass (checking for obvious problems).
checking module seq_detect_101..
found and reported 0 problems.

2.6. Executing OPT pass (performing simple optimizations).

2.6.1. Executing OPT_EXPR pass (perform const folding).
Optimizing module seq_detect_101.

2.6.2. Executing OPT_MERGE pass (detect identical cells).
Finding identical cells in module `\seq_detect_101'.
<suppressed ~3 debug messages>
Removed a total of 1 cells.

2.6.3. Executing OPT_MUXTREE pass (detect dead branches in mux trees).
Running muxtree optimizer on module \seq_detect_101..
  Creating internal representation of mux trees.
  Evaluating internal representation of mux trees.
  Analyzing evaluation results.
Removed 0 multiplexer ports.
<suppressed ~2 debug messages>

2.6.4. Executing OPT_REDUCE pass (consolidate $*mux and $reduce_* inputs).
  Optimizing cells in module \seq_detect_101.
Performed a total of 0 changes.

2.6.5. Executing OPT_MERGE pass (detect identical cells).
Finding identical cells in module `\seq_detect_101'.
<suppressed ~3 debug messages>
Removed a total of 1 cells.

2.6.6. Executing OPT_RMDFF pass (remove dff with constant values).

2.6.7. Executing OPT_CLEAN pass (remove unused cells and wires).
Finding unused cells or wires in module \seq_detect_101..
Removed 0 unused cells and 2 unused wires.
<suppressed ~1 debug messages>

2.6.8. Executing OPT_EXPR pass (perform const folding).
Optimizing module seq_detect_101.

2.6.9. Rerunning OPT passes. (Maybe there is more to do..)

2.6.10. Executing OPT_MUXTREE pass (detect dead branches in mux trees).
Running muxtree optimizer on module \seq_detect_101..
  Creating internal representation of mux trees.
  Evaluating internal representation of mux trees.
  Analyzing evaluation results.
Removed 0 multiplexer ports.
<suppressed ~2 debug messages>

2.6.11. Executing OPT_REDUCE pass (consolidate $*mux and $reduce_* inputs).
  Optimizing cells in module \seq_detect_101.
    New ctrl vector for $pmux cell $procmux$15: { $procmux$17_CMP $auto$opt_reduce.cc:132:opt_mux$25 }
    New input vector for $reduce_or cell $auto$opt_reduce.cc:126:opt_mux$24: { $procmux$16_CMP $procmux$18_CMP }
  Optimizing cells in module \seq_detect_101.
Performed a total of 2 changes.

2.6.12. Executing OPT_MERGE pass (detect identical cells).
Finding identical cells in module `\seq_detect_101'.
Removed a total of 0 cells.

2.6.13. Executing OPT_RMDFF pass (remove dff with constant values).

2.6.14. Executing OPT_CLEAN pass (remove unused cells and wires).
Finding unused cells or wires in module \seq_detect_101..

2.6.15. Executing OPT_EXPR pass (perform const folding).
Optimizing module seq_detect_101.

2.6.16. Rerunning OPT passes. (Maybe there is more to do..)

2.6.17. Executing OPT_MUXTREE pass (detect dead branches in mux trees).
Running muxtree optimizer on module \seq_detect_101..
  Creating internal representation of mux trees.
  Evaluating internal representation of mux trees.
  Analyzing evaluation results.
Removed 0 multiplexer ports.
<suppressed ~2 debug messages>

2.6.18. Executing OPT_REDUCE pass (consolidate $*mux and $reduce_* inputs).
  Optimizing cells in module \seq_detect_101.
Performed a total of 0 changes.

2.6.19. Executing OPT_MERGE pass (detect identical cells).
Finding identical cells in module `\seq_detect_101'.
Removed a total of 0 cells.

2.6.20. Executing OPT_RMDFF pass (remove dff with constant values).

2.6.21. Executing OPT_CLEAN pass (remove unused cells and wires).
Finding unused cells or wires in module \seq_detect_101..

2.6.22. Executing OPT_EXPR pass (perform const folding).
Optimizing module seq_detect_101.

2.6.23. Finished OPT passes. (There is nothing left to do.)

2.7. Executing WREDUCE pass (reducing word size of cells).
Removed top 1 bits (of 2) from port B of cell seq_detect_101.$procmux$17_CMP0 ($eq).
Removed top 1 bits (of 2) from mux cell seq_detect_101.$procmux$13 ($mux).
Removed top 1 bits (of 2) from wire seq_detect_101.$procmux$13_Y.

2.8. Executing PEEPOPT pass (run peephole optimizers).

2.9. Executing OPT_CLEAN pass (remove unused cells and wires).
Finding unused cells or wires in module \seq_detect_101..
Removed 0 unused cells and 1 unused wires.
<suppressed ~1 debug messages>

2.10. Executing TECHMAP pass (map to technology primitives).

2.10.1. Executing Verilog-2005 frontend: /usr/bin/../share/yosys/cmp2lut.v
Parsing Verilog input from `/usr/bin/../share/yosys/cmp2lut.v' to AST representation.
Generating RTLIL representation for module `\_90_lut_cmp_'.
Successfully finished Verilog frontend.

2.10.2. Continuing TECHMAP pass.
No more expansions possible.
<suppressed ~36 debug messages>

2.11. Executing ALUMACC pass (create $alu and $macc cells).
Extracting $alu and $macc cells in module seq_detect_101:
  created 0 $alu and 0 $macc cells.

2.12. Executing SHARE pass (SAT-based resource sharing).

2.13. Executing OPT pass (performing simple optimizations).

2.13.1. Executing OPT_EXPR pass (perform const folding).
Optimizing module seq_detect_101.

2.13.2. Executing OPT_MERGE pass (detect identical cells).
Finding identical cells in module `\seq_detect_101'.
Removed a total of 0 cells.

2.13.3. Executing OPT_MUXTREE pass (detect dead branches in mux trees).
Running muxtree optimizer on module \seq_detect_101..
  Creating internal representation of mux trees.
  Evaluating internal representation of mux trees.
  Analyzing evaluation results.
Removed 0 multiplexer ports.
<suppressed ~2 debug messages>

2.13.4. Executing OPT_REDUCE pass (consolidate $*mux and $reduce_* inputs).
  Optimizing cells in module \seq_detect_101.
Performed a total of 0 changes.

2.13.5. Executing OPT_MERGE pass (detect identical cells).
Finding identical cells in module `\seq_detect_101'.
<suppressed ~3 debug messages>
Removed a total of 1 cells.

2.13.6. Executing OPT_RMDFF pass (remove dff with constant values).

2.13.7. Executing OPT_CLEAN pass (remove unused cells and wires).
Finding unused cells or wires in module \seq_detect_101..
Removed 0 unused cells and 1 unused wires.
<suppressed ~1 debug messages>

2.13.8. Executing OPT_EXPR pass (perform const folding).
Optimizing module seq_detect_101.

2.13.9. Rerunning OPT passes. (Maybe there is more to do..)

2.13.10. Executing OPT_MUXTREE pass (detect dead branches in mux trees).
Running muxtree optimizer on module \seq_detect_101..
  Creating internal representation of mux trees.
  Evaluating internal representation of mux trees.
  Analyzing evaluation results.
Removed 0 multiplexer ports.
<suppressed ~3 debug messages>

2.13.11. Executing OPT_REDUCE pass (consolidate $*mux and $reduce_* inputs).
  Optimizing cells in module \seq_detect_101.
Performed a total of 0 changes.

2.13.12. Executing OPT_MERGE pass (detect identical cells).
Finding identical cells in module `\seq_detect_101'.
Removed a total of 0 cells.

2.13.13. Executing OPT_RMDFF pass (remove dff with constant values).

2.13.14. Executing OPT_CLEAN pass (remove unused cells and wires).
Finding unused cells or wires in module \seq_detect_101..

2.13.15. Executing OPT_EXPR pass (perform const folding).
Optimizing module seq_detect_101.

2.13.16. Finished OPT passes. (There is nothing left to do.)

2.14. Executing FSM pass (extract and optimize FSM).

2.14.1. Executing FSM_DETECT pass (finding FSMs in design).
Found FSM state register seq_detect_101.state.

2.14.2. Executing FSM_EXTRACT pass (extracting FSM from design).
Extracting FSM `\state' from module `\seq_detect_101'.
  found $dff cell for state register: $procdff$22
  root of input selection tree: $0\state[1:0]
  found reset state: 2'00 (guessed from mux tree)
  found ctrl input: \rst
  found ctrl input: $auto$opt_reduce.cc:132:opt_mux$25
  found ctrl input: $procmux$17_CMP
  found ctrl input: \bit_in
  found state code: 2'00
  found state code: 2'01
  found state code: 2'10
  found ctrl output: $procmux$17_CMP
  found ctrl output: $procmux$16_CMP
  found ctrl output: $procmux$18_CMP
  ctrl inputs: { \bit_in \rst $auto$opt_reduce.cc:132:opt_mux$25 }
  ctrl outputs: { $procmux$18_CMP $procmux$17_CMP $procmux$16_CMP $0\state[1:0] }
  transition:       2'00 3'00- ->       2'00 5'10000
  transition:       2'00 3'10- ->       2'01 5'10001
  transition:       2'00 3'-1- ->       2'00 5'10000
  transition:       2'10 3'00- ->       2'00 5'00100
  transition:       2'10 3'10- ->       2'01 5'00101
  transition:       2'10 3'-1- ->       2'00 5'00100
  transition:       2'01 3'00- ->       2'10 5'01010
  transition:       2'01 3'10- ->       2'01 5'01001
  transition:       2'01 3'-1- ->       2'00 5'01000

2.14.3. Executing FSM_OPT pass (simple optimizations of FSMs).
Optimizing FSM `$fsm$\state$27' from module `\seq_detect_101'.
  Removing unused input signal $auto$opt_reduce.cc:132:opt_mux$25.

2.14.4. Executing OPT_CLEAN pass (remove unused cells and wires).
Finding unused cells or wires in module \seq_detect_101..
Removed 8 unused cells and 8 unused wires.
<suppressed ~9 debug messages>

2.14.5. Executing FSM_OPT pass (simple optimizations of FSMs).
Optimizing FSM `$fsm$\state$27' from module `\seq_detect_101'.
  Removing unused output signal $0\state[1:0] [0].
  Removing unused output signal $0\state[1:0] [1].
  Removing unused output signal $procmux$17_CMP.
  Removing unused output signal $procmux$18_CMP.

2.14.6. Executing FSM_RECODE pass (re-assigning FSM state encoding).
Recoding FSM `$fsm$\state$27' from module `\seq_detect_101' using `auto' encoding:
  mapping auto encoding to `one-hot` for this FSM.
  00 -> --1
  10 -> -1-
  01 -> 1--

2.14.7. Executing FSM_INFO pass (dumping all available information on FSM cells).

FSM `$fsm$\state$27' from module `\seq_detect_101':
-------------------------------------

  Information on FSM $fsm$\state$27 (\state):

  Number of input signals:    2
  Number of output signals:   1
  Number of state bits:       3

  Input signals:
    0: \rst
    1: \bit_in

  Output signals:
    0: $procmux$16_CMP

  State encoding:
    0:      3'--1  <RESET STATE>
    1:      3'-1-
    2:      3'1--

  Transition Table (state_in, ctrl_in, state_out, ctrl_out):
      0:     0 2'00   ->     0 1'0
      1:     0 2'-1   ->     0 1'0
      2:     0 2'10   ->     2 1'0
      3:     1 2'00   ->     0 1'1
      4:     1 2'-1   ->     0 1'1
      5:     1 2'10   ->     2 1'1
      6:     2 2'-1   ->     0 1'0
      7:     2 2'00   ->     1 1'0
      8:     2 2'10   ->     2 1'0

-------------------------------------

2.14.8. Executing FSM_MAP pass (mapping FSMs to basic logic).
Mapping FSM `$fsm$\state$27' from module `\seq_detect_101'.

2.15. Executing OPT pass (performing simple optimizations).

2.15.1. Executing OPT_EXPR pass (perform const folding).
Optimizing module seq_detect_101.
<suppressed ~3 debug messages>

2.15.2. Executing OPT_MERGE pass (detect identical cells).
Finding identical cells in module `\seq_detect_101'.
<suppressed ~3 debug messages>
Removed a total of 1 cells.

2.15.3. Executing OPT_RMDFF pass (remove dff with constant values).

2.15.4. Executing OPT_CLEAN pass (remove unused cells and wires).
Finding unused cells or wires in module \seq_detect_101..
Removed 0 unused cells and 9 unused wires.
<suppressed ~1 debug messages>

2.15.5. Finished fast OPT passes.

2.16. Executing MEMORY pass.

2.16.1. Executing MEMORY_DFF pass (merging $dff cells to $memrd and $memwr).

2.16.2. Executing OPT_CLEAN pass (remove unused cells and wires).
Finding unused cells or wires in module \seq_detect_101..

2.16.3. Executing MEMORY_SHARE pass (consolidating $memrd/$memwr cells).

2.16.4. Executing OPT_CLEAN pass (remove unused cells and wires).
Finding unused cells or wires in module \seq_detect_101..

2.16.5. Executing MEMORY_COLLECT pass (generating $mem cells).

2.17. Executing OPT_CLEAN pass (remove unused cells and wires).
Finding unused cells or wires in module \seq_detect_101..

2.18. Executing OPT pass (performing simple optimizations).

2.18.1. Executing OPT_EXPR pass (perform const folding).
Optimizing module seq_detect_101.
<suppressed ~2 debug messages>

2.18.2. Executing OPT_MERGE pass (detect identical cells).
Finding identical cells in module `\seq_detect_101'.
Removed a total of 0 cells.

2.18.3. Executing OPT_RMDFF pass (remove dff with constant values).

2.18.4. Executing OPT_CLEAN pass (remove unused cells and wires).
Finding unused cells or wires in module \seq_detect_101..
Removed 0 unused cells and 1 unused wires.
<suppressed ~1 debug messages>

2.18.5. Finished fast OPT passes.

2.19. Executing MEMORY_MAP pass (converting $mem cells to logic and flip-flops).

2.20. Executing OPT pass (performing simple optimizations).

2.20.1. Executing OPT_EXPR pass (perform const folding).
Optimizing module seq_detect_101.

2.20.2. Executing OPT_MERGE pass (detect identical cells).
Finding identical cells in module `\seq_detect_101'.
Removed a total of 0 cells.

2.20.3. Executing OPT_MUXTREE pass (detect dead branches in mux trees).
Running muxtree optimizer on module \seq_detect_101..
  Creating internal representation of mux trees.
  Evaluating internal representation of mux trees.
  Analyzing evaluation results.
Removed 0 multiplexer ports.
<suppressed ~1 debug messages>

2.20.4. Executing OPT_REDUCE pass (consolidate $*mux and $reduce_* inputs).
  Optimizing cells in module \seq_detect_101.
    New input vector for $reduce_or cell $auto$fsm_map.cc:105:implement_pattern_cache$39: { \state [0] \state [1] }
  Optimizing cells in module \seq_detect_101.
Performed a total of 1 changes.

2.20.5. Executing OPT_MERGE pass (detect identical cells).
Finding identical cells in module `\seq_detect_101'.
Removed a total of 0 cells.

2.20.6. Executing OPT_RMDFF pass (remove dff with constant values).

2.20.7. Executing OPT_CLEAN pass (remove unused cells and wires).
Finding unused cells or wires in module \seq_detect_101..

2.20.8. Executing OPT_EXPR pass (perform const folding).
Optimizing module seq_detect_101.

2.20.9. Rerunning OPT passes. (Maybe there is more to do..)

2.20.10. Executing OPT_MUXTREE pass (detect dead branches in mux trees).
Running muxtree optimizer on module \seq_detect_101..
  Creating internal representation of mux trees.
  Evaluating internal representation of mux trees.
  Analyzing evaluation results.
Removed 0 multiplexer ports.
<suppressed ~1 debug messages>

2.20.11. Executing OPT_REDUCE pass (consolidate $*mux and $reduce_* inputs).
  Optimizing cells in module \seq_detect_101.
Performed a total of 0 changes.

2.20.12. Executing OPT_MERGE pass (detect identical cells).
Finding identical cells in module `\seq_detect_101'.
Removed a total of 0 cells.

2.20.13. Executing OPT_RMDFF pass (remove dff with constant values).

2.20.14. Executing OPT_CLEAN pass (remove unused cells and wires).
Finding unused cells or wires in module \seq_detect_101..

2.20.15. Executing OPT_EXPR pass (perform const folding).
Optimizing module seq_detect_101.

2.20.16. Finished OPT passes. (There is nothing left to do.)

2.21. Executing TECHMAP pass (map to technology primitives).

2.21.1. Executing Verilog-2005 frontend: <techmap.v>
Parsing Verilog input from `<techmap.v>' to AST representation.
Generating RTLIL representation for module `\_90_simplemap_bool_ops'.
Generating RTLIL representation for module `\_90_simplemap_reduce_ops'.
Generating RTLIL representation for module `\_90_simplemap_logic_ops'.
Generating RTLIL representation for module `\_90_simplemap_compare_ops'.
Generating RTLIL representation for module `\_90_simplemap_various'.
Generating RTLIL representation for module `\_90_simplemap_registers'.
Generating RTLIL representation for module `\_90_shift_ops_shr_shl_sshl_sshr'.
Generating RTLIL representation for module `\_90_shift_shiftx'.
Generating RTLIL representation for module `\_90_fa'.
Generating RTLIL representation for module `\_90_lcu'.
Generating RTLIL representation for module `\_90_alu'.
Generating RTLIL representation for module `\_90_macc'.
Generating RTLIL representation for module `\_90_alumacc'.
Generating RTLIL representation for module `\$__div_mod_u'.
Generating RTLIL representation for module `\$__div_mod'.
Generating RTLIL representation for module `\_90_div'.
Generating RTLIL representation for module `\_90_mod'.
Generating RTLIL representation for module `\_90_pow'.
Generating RTLIL representation for module `\_90_pmux'.
Generating RTLIL representation for module `\_90_lut'.
Successfully finished Verilog frontend.

2.21.2. Continuing TECHMAP pass.
Using extmapper simplemap for cells of type $dff.
Using extmapper simplemap for cells of type $reduce_or.
Using extmapper simplemap for cells of type $logic_not.
Using extmapper simplemap for cells of type $and.
Using extmapper simplemap for cells of type $mux.
Using extmapper simplemap for cells of type $eq.
No more expansions possible.
<suppressed ~10 debug messages>

2.22. Executing OPT pass (performing simple optimizations).

2.22.1. Executing OPT_EXPR pass (perform const folding).
Optimizing module seq_detect_101.
<suppressed ~1 debug messages>

2.22.2. Executing OPT_MERGE pass (detect identical cells).
Finding identical cells in module `\seq_detect_101'.
Removed a total of 0 cells.

2.22.3. Executing OPT_RMDFF pass (remove dff with constant values).

2.22.4. Executing OPT_CLEAN pass (remove unused cells and wires).
Finding unused cells or wires in module \seq_detect_101..
Removed 4 unused cells and 5 unused wires.
<suppressed ~5 debug messages>

2.22.5. Finished fast OPT passes.

2.23. Executing ABC pass (technology mapping using ABC).

2.23.1. Extracting gate netlist of module `\seq_detect_101' to `<abc-temp-dir>/input.blif'..
Extracted 8 gates and 14 wires to a netlist network with 4 inputs and 3 outputs.

2.23.1.1. Executing ABC.
Running ABC command: berkeley-abc -s -f <abc-temp-dir>/abc.script 2>&1
ABC: ABC command line: "source <abc-temp-dir>/abc.script".
ABC: 
ABC: + read_blif <abc-temp-dir>/input.blif 
ABC: + read_library <abc-temp-dir>/stdcells.genlib 
ABC: Entered genlib library with 17 gates from file "<abc-temp-dir>/stdcells.genlib".
ABC: + strash 
ABC: + dretime 
ABC: + retime 
ABC: + map 
ABC: + write_blif <abc-temp-dir>/output.blif 

2.23.1.2. Re-integrating ABC results.
ABC RESULTS:               AND cells:        1
ABC RESULTS:            ANDNOT cells:        3
ABC RESULTS:                OR cells:        1
ABC RESULTS:        internal signals:        7
ABC RESULTS:           input signals:        4
ABC RESULTS:          output signals:        3
Removing temp directory.

2.24. Executing OPT pass (performing simple optimizations).

2.24.1. Executing OPT_EXPR pass (perform const folding).
Optimizing module seq_detect_101.

2.24.2. Executing OPT_MERGE pass (detect identical cells).
Finding identical cells in module `\seq_detect_101'.
Removed a total of 0 cells.

2.24.3. Executing OPT_RMDFF pass (remove dff with constant values).

2.24.4. Executing OPT_CLEAN pass (remove unused cells and wires).
Finding unused cells or wires in module \seq_detect_101..
Removed 0 unused cells and 12 unused wires.
<suppressed ~1 debug messages>

2.24.5. Finished fast OPT passes.

2.25. Executing HIERARCHY pass (managing design hierarchy).

2.25.1. Analyzing design hierarchy..
Top module:  \seq_detect_101

2.25.2. Analyzing design hierarchy..
Top module:  \seq_detect_101
Removed 0 unused modules.

2.26. Printing statistics.

=== seq_detect_101 ===

   Number of wires:                 10
   Number of wire bits:             12
   Number of public wires:           5
   Number of public wire bits:       7
   Number of memories:               0
   Number of memory bits:            0
   Number of processes:              0
   Number of cells:                  8
     $_ANDNOT_                       3
     $_AND_                          1
     $_DFF_P_                        3
     $_OR_                           1

2.27. Executing CHECK pass (checking for obvious problems).
checking module seq_detect_101..
found and reported 0 problems.

3. Executing Verilog backend.
Dumping module `\seq_detect_101'.

End of script. Logfile hash: 5efd6089c5
CPU: user 0.03s system 0.00s, MEM: 16.61 MB total, 11.00 MB resident
Yosys 0.9 (git sha1 1979e0b)
Time spent: 22% 17x opt_clean (0 sec), 19% 15x opt_expr (0 sec), ...
