$ yosys synth.ys > synth.log 2>&1

 /----------------------------------------------------------------------------\
 |                                                                            |
 |  yosys -- Yosys Open SYnthesis Suite                                       |
 |                                                                            |
 |  Copyright (C) 2012 - 2019  Clifford Wolf <clifford@clifford.at>           |
 |                                                                            |
 |  Permission to use, copy, modify, and/or distribute this software for any  |
 |  purpose with or without fee is hereby granted, provided that the above    |
 |  copyright notice and this permission notice appear in all copies.         |
 |                                                                            |
 |  THE SOFTWARE IS PROVIDED "AS IS" AND THE AUTHOR DISCLAIMS ALL WARRANTIES  |
 |  WITH REGARD TO THIS SOFTWARE INCLUDING ALL IMPLIED WARRANTIES OF          |
 |  MERCHANTABILITY AND FITNESS. IN NO EVENT SHALL THE AUTHOR BE LIABLE FOR   |
 |  ANY SPECIAL, DIRECT, INDIRECT, OR CONSEQUENTIAL DAMAGES OR ANY DAMAGES    |
 |  WHATSOEVER RESULTING FROM LOSS OF USE, DATA OR PROFITS, WHETHER IN AN     |
 |  ACTION OF CONTRACT, NEGLIGENCE OR OTHER TORTIOUS ACTION, ARISING OUT OF   |
 |  OR IN CONNECTION WITH THE USE OR PERFORMANCE OF THIS SOFTWARE.            |
 |                                                                            |
 \----------------------------------------------------------------------------/

 Yosys 0.9 (git sha1 1979e0b)


-- Executing script file `synth.ys' --

1. Executing Verilog-2005 frontend: ../design_candidate.v
Parsing Verilog input from `../design_candidate.v' to AST representation.
Generating RTLIL representation for module `\fir_filter'.
Warning: Replacing memory \state with list of registers. See ../design_candidate.v:39
Warning: Replacing memory \stage_sum with list of registers. See ../design_candidate.v:30
Warning: Replacing memory \prod with list of registers. See ../design_candidate.v:30, ../design_candidate.v:27
Successfully finished Verilog frontend.

2. Executing SYNTH pass.

2.1. Executing HIERARCHY pass (managing design hierarchy).

2.1.1. Analyzing design hierarchy..
Top module:  \fir_filter

2.1.2. Analyzing design hierarchy..
Top module:  \fir_filter
Removed 0 unused modules.

2.2. Executing PROC pass (convert processes to netlists).

2.2.1. Executing PROC_CLEAN pass (remove empty switches from decision trees).
Cleaned up 0 empty switches.

2.2.2. Executing PROC_RMDEAD pass (remove dead branches from decision trees).
Marked 1 switch rules as full_case in process $proc$../design_candidate.v:36$101 in module fir_filter.
Removed a total of 0 dead cases.

2.2.3. Executing PROC_INIT pass (extract init attributes).

2.2.4. Executing PROC_ARST pass (detect async resets in processes).

2.2.5. Executing PROC_MUX pass (convert decision trees to multiplexers).
Creating decoders for process `\fir_filter.$proc$../design_candidate.v:36$101'.
     1/10: $2\i[31:0]
     2/10: $1\i[31:0]
     3/10: $0\state[6][35:0]
     4/10: $0\state[5][35:0]
     5/10: $0\state[4][35:0]
     6/10: $0\state[3][35:0]
     7/10: $0\state[2][35:0]
     8/10: $0\state[1][35:0]
     9/10: $0\state[0][35:0]
    10/10: $0\y_out[35:0]
Creating decoders for process `\fir_filter.$proc$../design_candidate.v:25$37'.
     1/41: $0\i[31:0]
     2/41: $0\stage_sum[0][35:0]
     3/41: $0\stage_sum[1][35:0]
     4/41: $0\stage_sum[2][35:0]
     5/41: $0\stage_sum[3][35:0]
     6/41: $0\stage_sum[4][35:0]
     7/41: $0\stage_sum[5][35:0]
     8/41: $0\stage_sum[6][35:0]
     9/41: $0\stage_sum[7][35:0]
    10/41: $0\prod[7][35:0]
    11/41: $0$func$\coeff_at$../design_candidate.v:27$16$\coeff_at[15:0]$59
    12/41: $0$func$\coeff_at$../design_candidate.v:27$16$\idx[31:0]$61
    13/41: $0$func$\coeff_at$../design_candidate.v:27$16$\coeffs[127:0]$60
    14/41: $0\prod[6][35:0]
    15/41: $0$func$\coeff_at$../design_candidate.v:27$15$\coeff_at[15:0]$56
    16/41: $0$func$\coeff_at$../design_candidate.v:27$15$\idx[31:0]$58
    17/41: $0$func$\coeff_at$../design_candidate.v:27$15$\coeffs[127:0]$57
    18/41: $0\prod[5][35:0]
    19/41: $0$func$\coeff_at$../design_candidate.v:27$14$\coeff_at[15:0]$53
    20/41: $0$func$\coeff_at$../design_candidate.v:27$14$\idx[31:0]$55
    21/41: $0$func$\coeff_at$../design_candidate.v:27$14$\coeffs[127:0]$54
    22/41: $0\prod[4][35:0]
    23/41: $0$func$\coeff_at$../design_candidate.v:27$13$\coeff_at[15:0]$50
    24/41: $0$func$\coeff_at$../design_candidate.v:27$13$\idx[31:0]$52
    25/41: $0$func$\coeff_at$../design_candidate.v:27$13$\coeffs[127:0]$51
    26/41: $0\prod[3][35:0]
    27/41: $0$func$\coeff_at$../design_candidate.v:27$12$\coeff_at[15:0]$47
    28/41: $0$func$\coeff_at$../design_candidate.v:27$12$\idx[31:0]$49
    29/41: $0$func$\coeff_at$../design_candidate.v:27$12$\coeffs[127:0]$48
    30/41: $0\prod[2][35:0]
    31/41: $0$func$\coeff_at$../design_candidate.v:27$11$\coeff_at[15:0]$44
    32/41: $0$func$\coeff_at$../design_candidate.v:27$11$\idx[31:0]$46
    33/41: $0$func$\coeff_at$../design_candidate.v:27$11$\coeffs[127:0]$45
    34/41: $0\prod[1][35:0]
    35/41: $0$func$\coeff_at$../design_candidate.v:27$10$\coeff_at[15:0]$41
    36/41: $0$func$\coeff_at$../design_candidate.v:27$10$\idx[31:0]$43
    37/41: $0$func$\coeff_at$../design_candidate.v:27$10$\coeffs[127:0]$42
    38/41: $0\prod[0][35:0]
    39/41: $0$func$\coeff_at$../design_candidate.v:27$9$\coeff_at[15:0]$38
    40/41: $0$func$\coeff_at$../design_candidate.v:27$9$\idx[31:0]$40
    41/41: $0$func$\coeff_at$../design_candidate.v:27$9$\coeffs[127:0]$39

2.2.6. Executing PROC_DLATCH pass (convert process syncs to latches).
No latch inferred for signal `\fir_filter.\i' from process `\fir_filter.$proc$../design_candidate.v:25$37'.
No latch inferred for signal `\fir_filter.$func$\coeff_at$../design_candidate.v:27$9$\coeff_at' from process `\fir_filter.$proc$../design_candidate.v:25$37'.
No latch inferred for signal `\fir_filter.$func$\coeff_at$../design_candidate.v:27$9$\coeffs' from process `\fir_filter.$proc$../design_candidate.v:25$37'.
No latch inferred for signal `\fir_filter.$func$\coeff_at$../design_candidate.v:27$9$\idx' from process `\fir_filter.$proc$../design_candidate.v:25$37'.
No latch inferred for signal `\fir_filter.$func$\coeff_at$../design_candidate.v:27$10$\coeff_at' from process `\fir_filter.$proc$../design_candidate.v:25$37'.
No latch inferred for signal `\fir_filter.$func$\coeff_at$../design_candidate.v:27$10$\coeffs' from process `\fir_filter.$proc$../design_candidate.v:25$37'.
No latch inferred for signal `\fir_filter.$func$\coeff_at$../design_candidate.v:27$10$\idx' from process `\fir_filter.$proc$../design_candidate.v:25$37'.
No latch inferred for signal `\fir_filter.$func$\coeff_at$../design_candidate.v:27$11$\coeff_at' from process `\fir_filter.$proc$../design_candidate.v:25$37'.
No latch inferred for signal `\fir_filter.$func$\coeff_at$../design_candidate.v:27$11$\coeffs' from process `\fir_filter.$proc$../design_candidate.v:25$37'.
No latch inferred for signal `\fir_filter.$func$\coeff_at$../design_candidate.v:27$11$\idx' from process `\fir_filter.$proc$../design_candidate.v:25$37'.
No latch inferred for signal `\fir_filter.$func$\coeff_at$../design_candidate.v:27$12$\coeff_at' from process `\fir_filter.$proc$../design_candidate.v:25$37'.
No latch inferred for signal `\fir_filter.$func$\coeff_at$../design_candidate.v:27$12$\coeffs' from process `\fir_filter.$proc$../design_candidate.v:25$37'.
No latch inferred for signal `\fir_filter.$func$\coeff_at$../design_candidate.v:27$12$\idx' from process `\fir_filter.$proc$../design_candidate.v:25$37'.
No latch inferred for signal `\fir_filter.$func$\coeff_at$../design_candidate.v:27$13$\coeff_at' from process `\fir_filter.$proc$../design_candidate.v:25$37'.
No latch inferred for signal `\fir_filter.$func$\coeff_at$../design_candidate.v:27$13$\coeffs' from process `\fir_filter.$proc$../design_candidate.v:25$37'.
No latch inferred for signal `\fir_filter.$func$\coeff_at$../design_candidate.v:27$13$\idx' from process `\fir_filter.$proc$../design_candidate.v:25$37'.
No latch inferred for signal `\fir_filter.$func$\coeff_at$../design_candidate.v:27$14$\coeff_at' from process `\fir_filter.$proc$../design_candidate.v:25$37'.
No latch inferred for signal `\fir_filter.$func$\coeff_at$../design_candidate.v:27$14$\coeffs' from process `\fir_filter.$proc$../design_candidate.v:25$37'.
No latch inferred for signal `\fir_filter.$func$\coeff_at$../design_candidate.v:27$14$\idx' from process `\fir_filter.$proc$../design_candidate.v:25$37'.
No latch inferred for signal `\fir_filter.$func$\coeff_at$../design_candidate.v:27$15$\coeff_at' from process `\fir_filter.$proc$../design_candidate.v:25$37'.
No latch inferred for signal `\fir_filter.$func$\coeff_at$../design_candidate.v:27$15$\coeffs' from process `\fir_filter.$proc$../design_candidate.v:25$37'.
No latch inferred for signal `\fir_filter.$func$\coeff_at$../design_candidate.v:27$15$\idx' from process `\fir_filter.$proc$../design_candidate.v:25$37'.
No latch inferred for signal `\fir_filter.$func$\coeff_at$../design_candidate.v:27$16$\coeff_at' from process `\fir_filter.$proc$../design_candidate.v:25$37'.
No latch inferred for signal `\fir_filter.$func$\coeff_at$../design_candidate.v:27$16$\coeffs' from process `\fir_filter.$proc$../design_candidate.v:25$37'.
No latch inferred for signal `\fir_filter.$func$\coeff_at$../design_candidate.v:27$16$\idx' from process `\fir_filter.$proc$../design_candidate.v:25$37'.
No latch inferred for signal `\fir_filter.\prod[0]' from process `\fir_filter.$proc$../design_candidate.v:25$37'.
No latch inferred for signal `\fir_filter.\prod[1]' from process `\fir_filter.$proc$../design_candidate.v:25$37'.
No latch inferred for signal `\fir_filter.\prod[2]' from process `\fir_filter.$proc$../design_candidate.v:25$37'.
No latch inferred for signal `\fir_filter.\prod[3]' from process `\fir_filter.$proc$../design_candidate.v:25$37'.
No latch inferred for signal `\fir_filter.\prod[4]' from process `\fir_filter.$proc$../design_candidate.v:25$37'.
No latch inferred for signal `\fir_filter.\prod[5]' from process `\fir_filter.$proc$../design_candidate.v:25$37'.
No latch inferred for signal `\fir_filter.\prod[6]' from process `\fir_filter.$proc$../design_candidate.v:25$37'.
No latch inferred for signal `\fir_filter.\prod[7]' from process `\fir_filter.$proc$../design_candidate.v:25$37'.
No latch inferred for signal `\fir_filter.\stage_sum[0]' from process `\fir_filter.$proc$../design_candidate.v:25$37'.
No latch inferred for signal `\fir_filter.\stage_sum[1]' from process `\fir_filter.$proc$../design_candidate.v:25$37'.
No latch inferred for signal `\fir_filter.\stage_sum[2]' from process `\fir_filter.$proc$../design_candidate.v:25$37'.
No latch inferred for signal `\fir_filter.\stage_sum[3]' from process `\fir_filter.$proc$../design_candidate.v:25$37'.
No latch inferred for signal `\fir_filter.\stage_sum[4]' from process `\fir_filter.$proc$../design_candidate.v:25$37'.
No latch inferred for signal `\fir_filter.\stage_sum[5]' from process `\fir_filter.$proc$../design_candidate.v:25$37'.
No latch inferred for signal `\fir_filter.\stage_sum[6]' from process `\fir_filter.$proc$../design_candidate.v:25$37'.
No latch inferred for signal `\fir_filter.\stage_sum[7]' from process `\fir_filter.$proc$../design_candidate.v:25$37'.

2.2.7. Executing PROC_DFF pass (convert process syncs to FFs).
Creating register for signal `\fir_filter.\y_out' using process `\fir_filter.$proc$../design_candidate.v:36$101'.
  created $dff cell `$procdff$129' with positive edge clock.
Creating register for signal `\fir_filter.\i' using process `\fir_filter.$proc$../design_candidate.v:36$101'.
  created $dff cell `$procdff$130' with positive edge clock.
Creating register for signal `\fir_filter.\state[0]' using process `\fir_filter.$proc$../design_candidate.v:36$101'.
  created $dff cell `$procdff$131' with positive edge clock.
Creating register for signal `\fir_filter.\state[1]' using process `\fir_filter.$proc$../design_candidate.v:36$101'.
  created $dff cell `$procdff$132' with positive edge clock.
Creating register for signal `\fir_filter.\state[2]' using process `\fir_filter.$proc$../design_candidate.v:36$101'.
  created $dff cell `$procdff$133' with positive edge clock.
Creating register for signal `\fir_filter.\state[3]' using process `\fir_filter.$proc$../design_candidate.v:36$101'.
  created $dff cell `$procdff$134' with positive edge clock.
Creating register for signal `\fir_filter.\state[4]' using process `\fir_filter.$proc$../design_candidate.v:36$101'.
  created $dff cell `$procdff$135' with positive edge clock.
Creating register for signal `\fir_filter.\state[5]' using process `\fir_filter.$proc$../design_candidate.v:36$101'.
  created $dff cell `$procdff$136' with positive edge clock.
Creating register for signal `\fir_filter.\state[6]' using process `\fir_filter.$proc$../design_candidate.v:36$101'.
  created $dff cell `$procdff$137' with positive edge clock.

2.2.8. Executing PROC_CLEAN pass (remove empty switches from decision trees).
Found and cleaned up 1 empty switch in `\fir_filter.$proc$../design_candidate.v:36$101'.
Removing empty process `fir_filter.$proc$../design_candidate.v:36$101'.
Removing empty process `fir_filter.$proc$../design_candidate.v:25$37'.
Cleaned up 1 empty switch.

2.3. Executing OPT_EXPR pass (perform const folding).
Optimizing module fir_filter.
<suppressed ~33 debug messages>

2.4. Executing OPT_CLEAN pass (remove unused cells and wires).
Finding unused cells or wires in module \fir_filter..
Removed 2 unused cells and 124 unused wires.
<suppressed ~3 debug messages>

2.5. Executing CHECK pass (checking for obvious problems).
checking module fir_filter..
found and reported 0 problems.

2.6. Executing OPT pass (performing simple optimizations).

2.6.1. Executing OPT_EXPR pass (perform const folding).
Optimizing module fir_filter.

2.6.2. Executing OPT_MERGE pass (detect identical cells).
Finding identical cells in module `\fir_filter'.
Removed a total of 0 cells.

2.6.3. Executing OPT_MUXTREE pass (detect dead branches in mux trees).
Running muxtree optimizer on module \fir_filter..
  Creating internal representation of mux trees.
  Evaluating internal representation of mux trees.
  Analyzing evaluation results.
Removed 0 multiplexer ports.
<suppressed ~8 debug messages>

2.6.4. Executing OPT_REDUCE pass (consolidate $*mux and $reduce_* inputs).
  Optimizing cells in module \fir_filter.
Performed a total of 0 changes.

2.6.5. Executing OPT_MERGE pass (detect identical cells).
Finding identical cells in module `\fir_filter'.
Removed a total of 0 cells.

2.6.6. Executing OPT_RMDFF pass (remove dff with constant values).

2.6.7. Executing OPT_CLEAN pass (remove unused cells and wires).
Finding unused cells or wires in module \fir_filter..

2.6.8. Executing OPT_EXPR pass (perform const folding).
Optimizing module fir_filter.

2.6.9. Finished OPT passes. (There is nothing left to do.)

2.7. Executing WREDUCE pass (reducing word size of cells).
Removed top 20 bits (of 36) from port A of cell fir_filter.$mul$../design_candidate.v:27$65 ($mul).
Removed top 20 bits (of 36) from port B of cell fir_filter.$mul$../design_candidate.v:27$65 ($mul).
Removed top 4 bits (of 36) from port Y of cell fir_filter.$mul$../design_candidate.v:27$65 ($mul).
Removed top 20 bits (of 36) from port A of cell fir_filter.$mul$../design_candidate.v:27$69 ($mul).
Removed top 20 bits (of 36) from port B of cell fir_filter.$mul$../design_candidate.v:27$69 ($mul).
Removed top 4 bits (of 36) from port Y of cell fir_filter.$mul$../design_candidate.v:27$69 ($mul).
Removed top 20 bits (of 36) from port A of cell fir_filter.$mul$../design_candidate.v:27$73 ($mul).
Removed top 20 bits (of 36) from port B of cell fir_filter.$mul$../design_candidate.v:27$73 ($mul).
Removed top 4 bits (of 36) from port Y of cell fir_filter.$mul$../design_candidate.v:27$73 ($mul).
Removed top 20 bits (of 36) from port A of cell fir_filter.$mul$../design_candidate.v:27$77 ($mul).
Removed top 20 bits (of 36) from port B of cell fir_filter.$mul$../design_candidate.v:27$77 ($mul).
Removed top 4 bits (of 36) from port Y of cell fir_filter.$mul$../design_candidate.v:27$77 ($mul).
Removed top 20 bits (of 36) from port A of cell fir_filter.$mul$../design_candidate.v:27$81 ($mul).
Removed top 20 bits (of 36) from port B of cell fir_filter.$mul$../design_candidate.v:27$81 ($mul).
Removed top 4 bits (of 36) from port Y of cell fir_filter.$mul$../design_candidate.v:27$81 ($mul).
Removed top 20 bits (of 36) from port A of cell fir_filter.$mul$../design_candidate.v:27$85 ($mul).
Removed top 20 bits (of 36) from port B of cell fir_filter.$mul$../design_candidate.v:27$85 ($mul).
Removed top 4 bits (of 36) from port Y of cell fir_filter.$mul$../design_candidate.v:27$85 ($mul).
Removed top 20 bits (of 36) from port A of cell fir_filter.$mul$../design_candidate.v:27$89 ($mul).
Removed top 20 bits (of 36) from port B of cell fir_filter.$mul$../design_candidate.v:27$89 ($mul).
Removed top 4 bits (of 36) from port Y of cell fir_filter.$mul$../design_candidate.v:27$89 ($mul).
Removed top 20 bits (of 36) from port A of cell fir_filter.$mul$../design_candidate.v:27$93 ($mul).
Removed top 20 bits (of 36) from port B of cell fir_filter.$mul$../design_candidate.v:27$93 ($mul).
Removed top 4 bits (of 36) from port Y of cell fir_filter.$mul$../design_candidate.v:27$93 ($mul).
Removed top 4 bits (of 36) from port A of cell fir_filter.$add$../design_candidate.v:32$94 ($add).
Removed top 4 bits (of 36) from port A of cell fir_filter.$add$../design_candidate.v:32$95 ($add).
Removed top 4 bits (of 36) from port A of cell fir_filter.$add$../design_candidate.v:32$96 ($add).
Removed top 4 bits (of 36) from port A of cell fir_filter.$add$../design_candidate.v:32$97 ($add).
Removed top 4 bits (of 36) from port A of cell fir_filter.$add$../design_candidate.v:32$98 ($add).
Removed top 4 bits (of 36) from port A of cell fir_filter.$add$../design_candidate.v:32$99 ($add).
Removed top 4 bits (of 36) from port A of cell fir_filter.$add$../design_candidate.v:32$100 ($add).

2.8. Executing PEEPOPT pass (run peephole optimizers).

2.9. Executing OPT_CLEAN pass (remove unused cells and wires).
Finding unused cells or wires in module \fir_filter..

2.10. Executing TECHMAP pass (map to technology primitives).

2.10.1. Executing Verilog-2005 frontend: /usr/bin/../share/yosys/cmp2lut.v
Parsing Verilog input from `/usr/bin/../share/yosys/cmp2lut.v' to AST representation.
Generating RTLIL representation for module `\_90_lut_cmp_'.
Successfully finished Verilog frontend.

2.10.2. Continuing TECHMAP pass.
No more expansions possible.

2.11. Executing ALUMACC pass (create $alu and $macc cells).
Extracting $alu and $macc cells in module fir_filter:
  creating $macc model for $add$../design_candidate.v:32$100 ($add).
  creating $macc model for $add$../design_candidate.v:32$94 ($add).
  creating $macc model for $add$../design_candidate.v:32$95 ($add).
  creating $macc model for $add$../design_candidate.v:32$96 ($add).
  creating $macc model for $add$../design_candidate.v:32$97 ($add).
  creating $macc model for $add$../design_candidate.v:32$98 ($add).
  creating $macc model for $add$../design_candidate.v:32$99 ($add).
  creating $macc model for $mul$../design_candidate.v:27$65 ($mul).
  creating $macc model for $mul$../design_candidate.v:27$69 ($mul).
  creating $macc model for $mul$../design_candidate.v:27$73 ($mul).
  creating $macc model for $mul$../design_candidate.v:27$77 ($mul).
  creating $macc model for $mul$../design_candidate.v:27$81 ($mul).
  creating $macc model for $mul$../design_candidate.v:27$85 ($mul).
  creating $macc model for $mul$../design_candidate.v:27$89 ($mul).
  creating $macc model for $mul$../design_candidate.v:27$93 ($mul).
  merging $macc model for $mul$../design_candidate.v:27$69 into $add$../design_candidate.v:32$99.
  merging $macc model for $mul$../design_candidate.v:27$73 into $add$../design_candidate.v:32$98.
  merging $macc model for $mul$../design_candidate.v:27$77 into $add$../design_candidate.v:32$97.
  merging $macc model for $mul$../design_candidate.v:27$81 into $add$../design_candidate.v:32$96.
  merging $macc model for $mul$../design_candidate.v:27$85 into $add$../design_candidate.v:32$95.
  merging $macc model for $mul$../design_candidate.v:27$89 into $add$../design_candidate.v:32$94.
  merging $macc model for $mul$../design_candidate.v:27$65 into $add$../design_candidate.v:32$100.
  creating $macc cell for $mul$../design_candidate.v:27$93: $auto$alumacc.cc:354:replace_macc$138
  creating $macc cell for $add$../design_candidate.v:32$99: $auto$alumacc.cc:354:replace_macc$139
  creating $macc cell for $add$../design_candidate.v:32$98: $auto$alumacc.cc:354:replace_macc$140
  creating $macc cell for $add$../design_candidate.v:32$97: $auto$alumacc.cc:354:replace_macc$141
  creating $macc cell for $add$../design_candidate.v:32$96: $auto$alumacc.cc:354:replace_macc$142
  creating $macc cell for $add$../design_candidate.v:32$95: $auto$alumacc.cc:354:replace_macc$143
  creating $macc cell for $add$../design_candidate.v:32$94: $auto$alumacc.cc:354:replace_macc$144
  creating $macc cell for $add$../design_candidate.v:32$100: $auto$alumacc.cc:354:replace_macc$145
  created 0 $alu and 8 $macc cells.

2.12. Executing SHARE pass (SAT-based resource sharing).
Found 7 cells in module fir_filter that may be considered for resource sharing.
  Analyzing resource sharing options for $mul$../design_candidate.v:27$89 ($mul):
    Found cell that is never activated: $mul$../design_candidate.v:27$89
    Cell is never active. Sharing is pointless, we simply remove it.
  Analyzing resource sharing options for $mul$../design_candidate.v:27$85 ($mul):
    Found cell that is never activated: $mul$../design_candidate.v:27$85
    Cell is never active. Sharing is pointless, we simply remove it.
  Analyzing resource sharing options for $mul$../design_candidate.v:27$81 ($mul):
    Found cell that is never activated: $mul$../design_candidate.v:27$81
    Cell is never active. Sharing is pointless, we simply remove it.
  Analyzing resource sharing options for $mul$../design_candidate.v:27$77 ($mul):
    Found cell that is never activated: $mul$../design_candidate.v:27$77
    Cell is never active. Sharing is pointless, we simply remove it.
  Analyzing resource sharing options for $mul$../design_candidate.v:27$73 ($mul):
    Found cell that is never activated: $mul$../design_candidate.v:27$73
    Cell is never active. Sharing is pointless, we simply remove it.
  Analyzing resource sharing options for $mul$../design_candidate.v:27$69 ($mul):
    Found cell that is never activated: $mul$../design_candidate.v:27$69
    Cell is never active. Sharing is pointless, we simply remove it.
  Analyzing resource sharing options for $mul$../design_candidate.v:27$65 ($mul):
    Found cell that is never activated: $mul$../design_candidate.v:27$65
    Cell is never active. Sharing is pointless, we simply remove it.
Removing 7 cells in module fir_filter:
  Removing cell $mul$../design_candidate.v:27$65 ($mul).
  Removing cell $mul$../design_candidate.v:27$69 ($mul).
  Removing cell $mul$../design_candidate.v:27$73 ($mul).
  Removing cell $mul$../design_candidate.v:27$77 ($mul).
  Removing cell $mul$../design_candidate.v:27$81 ($mul).
  Removing cell $mul$../design_candidate.v:27$85 ($mul).
  Removing cell $mul$../design_candidate.v:27$89 ($mul).

2.13. Executing OPT pass (performing simple optimizations).

2.13.1. Executing OPT_EXPR pass (perform const folding).
Optimizing module fir_filter.

2.13.2. Executing OPT_MERGE pass (detect identical cells).
Finding identical cells in module `\fir_filter'.
Removed a total of 0 cells.

2.13.3. Executing OPT_MUXTREE pass (detect dead branches in mux trees).
Running muxtree optimizer on module \fir_filter..
  Creating internal representation of mux trees.
  Evaluating internal representation of mux trees.
  Analyzing evaluation results.
Removed 0 multiplexer ports.
<suppressed ~8 debug messages>

2.13.4. Executing OPT_REDUCE pass (consolidate $*mux and $reduce_* inputs).
  Optimizing cells in module \fir_filter.
Performed a total of 0 changes.

2.13.5. Executing OPT_MERGE pass (detect identical cells).
Finding identical cells in module `\fir_filter'.
Removed a total of 0 cells.

2.13.6. Executing OPT_RMDFF pass (remove dff with constant values).

2.13.7. Executing OPT_CLEAN pass (remove unused cells and wires).
Finding unused cells or wires in module \fir_filter..

2.13.8. Executing OPT_EXPR pass (perform const folding).
Optimizing module fir_filter.

2.13.9. Finished OPT passes. (There is nothing left to do.)

2.14. Executing FSM pass (extract and optimize FSM).

2.14.1. Executing FSM_DETECT pass (finding FSMs in design).

2.14.2. Executing FSM_EXTRACT pass (extracting FSM from design).

2.14.3. Executing FSM_OPT pass (simple optimizations of FSMs).

2.14.4. Executing OPT_CLEAN pass (remove unused cells and wires).
Finding unused cells or wires in module \fir_filter..

2.14.5. Executing FSM_OPT pass (simple optimizations of FSMs).

2.14.6. Executing FSM_RECODE pass (re-assigning FSM state encoding).

2.14.7. Executing FSM_INFO pass (dumping all available information on FSM cells).

2.14.8. Executing FSM_MAP pass (mapping FSMs to basic logic).

2.15. Executing OPT pass (performing simple optimizations).

2.15.1. Executing OPT_EXPR pass (perform const folding).
Optimizing module fir_filter.

2.15.2. Executing OPT_MERGE pass (detect identical cells).
Finding identical cells in module `\fir_filter'.
Removed a total of 0 cells.

2.15.3. Executing OPT_RMDFF pass (remove dff with constant values).

2.15.4. Executing OPT_CLEAN pass (remove unused cells and wires).
Finding unused cells or wires in module \fir_filter..

2.15.5. Finished fast OPT passes.

2.16. Executing MEMORY pass.

2.16.1. Executing MEMORY_DFF pass (merging $dff cells to $memrd and $memwr).

2.16.2. Executing OPT_CLEAN pass (remove unused cells and wires).
Finding unused cells or wires in module \fir_filter..

2.16.3. Executing MEMORY_SHARE pass (consolidating $memrd/$memwr cells).

2.16.4. Executing OPT_CLEAN pass (remove unused cells and wires).
Finding unused cells or wires in module \fir_filter..

2.16.5. Executing MEMORY_COLLECT pass (generating $mem cells).

2.17. Executing OPT_CLEAN pass (remove unused cells and wires).
Finding unused cells or wires in module \fir_filter..

2.18. Executing OPT pass (performing simple optimizations).

2.18.1. Executing OPT_EXPR pass (perform const folding).
Optimizing module fir_filter.

2.18.2. Executing OPT_MERGE pass (detect identical cells).
Finding identical cells in module `\fir_filter'.
Removed a total of 0 cells.

2.18.3. Executing OPT_RMDFF pass (remove dff with constant values).

2.18.4. Executing OPT_CLEAN pass (remove unused cells and wires).
Finding unused cells or wires in module \fir_filter..

2.18.5. Finished fast OPT passes.

2.19. Executing MEMORY_MAP pass (converting $mem cells to logic and flip-flops).

2.20. Executing OPT pass (performing simple optimizations).

2.20.1. Executing OPT_EXPR pass (perform const folding).
Optimizing module fir_filter.

2.20.2. Executing OPT_MERGE pass (detect identical cells).
Finding identical cells in module `\fir_filter'.
Removed a total of 0 cells.

2.20.3. Executing OPT_MUXTREE pass (detect dead branches in mux trees).
Running muxtree optimizer on module \fir_filter..
  Creating internal representation of mux trees.
  Evaluating internal representation of mux trees.
  Analyzing evaluation results.
Removed 0 multiplexer ports.
<suppressed ~8 debug messages>

2.20.4. Executing OPT_REDUCE pass (consolidate $*mux and $reduce_* inputs).
  Optimizing cells in module \fir_filter.
    Consolidated identical input bits for $mux cell $procmux$106:
      Old ports: A={ \prod[7] [35] \prod[7] [35] \prod[7] [35] \prod[7] [35] \prod[7] [35] \prod[7] [30:0] }, B=36'000000000000000000000000000000000000, Y=$0\state[6][35:0]
      New ports: A={ \prod[7] [35] \prod[7] [30:0] }, B=0, Y=$0\state[6][35:0] [31:0]
      New connections: $0\state[6][35:0] [35:32] = { $0\state[6][35:0] [31] $0\state[6][35:0] [31] $0\state[6][35:0] [31] $0\state[6][35:0] [31] }
  Optimizing cells in module \fir_filter.
Performed a total of 1 changes.

2.20.5. Executing OPT_MERGE pass (detect identical cells).
Finding identical cells in module `\fir_filter'.
Removed a total of 0 cells.

2.20.6. Executing OPT_RMDFF pass (remove dff with constant values).

2.20.7. Executing OPT_CLEAN pass (remove unused cells and wires).
Finding unused cells or wires in module \fir_filter..

2.20.8. Executing OPT_EXPR pass (perform const folding).
Optimizing module fir_filter.

2.20.9. Rerunning OPT passes. (Maybe there is more to do..)

2.20.10. Executing OPT_MUXTREE pass (detect dead branches in mux trees).
Running muxtree optimizer on module \fir_filter..
  Creating internal representation of mux trees.
  Evaluating internal representation of mux trees.
  Analyzing evaluation results.
Removed 0 multiplexer ports.
<suppressed ~8 debug messages>

2.20.11. Executing OPT_REDUCE pass (consolidate $*mux and $reduce_* inputs).
  Optimizing cells in module \fir_filter.
Performed a total of 0 changes.

2.20.12. Executing OPT_MERGE pass (detect identical cells).
Finding identical cells in module `\fir_filter'.
Removed a total of 0 cells.

2.20.13. Executing OPT_RMDFF pass (remove dff with constant values).

2.20.14. Executing OPT_CLEAN pass (remove unused cells and wires).
Finding unused cells or wires in module \fir_filter..

2.20.15. Executing OPT_EXPR pass (perform const folding).
Optimizing module fir_filter.

2.20.16. Finished OPT passes. (There is nothing left to do.)

2.21. Executing TECHMAP pass (map to technology primitives).

2.21.1. Executing Verilog-2005 frontend: <techmap.v>
Parsing Verilog input from `<techmap.v>' to AST representation.
Generating RTLIL representation for module `\_90_simplemap_bool_ops'.
Generating RTLIL representation for module `\_90_simplemap_reduce_ops'.
Generating RTLIL representation for module `\_90_simplemap_logic_ops'.
Generating RTLIL representation for module `\_90_simplemap_compare_ops'.
Generating RTLIL representation for module `\_90_simplemap_various'.
Generating RTLIL representation for module `\_90_simplemap_registers'.
Generating RTLIL representation for module `\_90_shift_ops_shr_shl_sshl_sshr'.
Generating RTLIL representation for module `\_90_shift_shiftx'.
Generating RTLIL representation for module `\_90_fa'.
Generating RTLIL representation for module `\_90_lcu'.
Generating RTLIL representation for module `\_90_alu'.
Generating RTLIL representation for module `\_90_macc'.
Generating RTLIL representation for module `\_90_alumacc'.
Generating RTLIL representation for module `\$__div_mod_u'.
Generating RTLIL representation for module `\$__div_mod'.
Generating RTLIL representation for module `\_90_div'.
Generating RTLIL representation for module `\_90_mod'.
Generating RTLIL representation for module `\_90_pow'.
Generating RTLIL representation for module `\_90_pmux'.
Generating RTLIL representation for module `\_90_lut'.
Successfully finished Verilog frontend.

2.21.2. Continuing TECHMAP pass.
Using extmapper maccmap for cells of type $macc.
  add \x_in * \h [31:16] (16x16 bits, signed)
  add \state[1] (36 bits, signed)
  add \x_in * \h [111:96] (16x16 bits, signed)
  add \state[6] (36 bits, signed)
Using extmapper simplemap for cells of type $mux.
  add \x_in * \h [79:64] (16x16 bits, signed)
  add \state[4] (36 bits, signed)
  add \x_in * \h [15:0] (16x16 bits, signed)
  add \state[0] (36 bits, signed)
  add \x_in * \h [95:80] (16x16 bits, signed)
  add \state[5] (36 bits, signed)
  add \x_in * \h [47:32] (16x16 bits, signed)
  add \state[2] (36 bits, signed)
  add \x_in * \h [63:48] (16x16 bits, signed)
  add \state[3] (36 bits, signed)
Using extmapper simplemap for cells of type $dff.
  add \x_in * \h [127:112] (16x16 bits, signed)
Using extmapper simplemap for cells of type $and.
Using extmapper simplemap for cells of type $not.
Using template $paramod\_90_fa\WIDTH=36 for cells of type $fa.
Using template $paramod\_90_alu\A_SIGNED=0\B_SIGNED=0\A_WIDTH=36\B_WIDTH=36\Y_WIDTH=36 for cells of type $alu.
Using template $paramod\_90_fa\WIDTH=32 for cells of type $fa.
Using template $paramod\_90_alu\A_SIGNED=0\B_SIGNED=0\A_WIDTH=32\B_WIDTH=32\Y_WIDTH=32 for cells of type $alu.
Using extmapper simplemap for cells of type $or.
Using extmapper simplemap for cells of type $xor.
Using template $paramod\_90_lcu\WIDTH=36 for cells of type $lcu.
Using extmapper simplemap for cells of type $pos.
Using template $paramod\_90_lcu\WIDTH=32 for cells of type $lcu.
No more expansions possible.
<suppressed ~2673 debug messages>

2.22. Executing OPT pass (performing simple optimizations).

2.22.1. Executing OPT_EXPR pass (perform const folding).
Optimizing module fir_filter.
<suppressed ~7309 debug messages>

2.22.2. Executing OPT_MERGE pass (detect identical cells).
Finding identical cells in module `\fir_filter'.
<suppressed ~15192 debug messages>
Removed a total of 5064 cells.

2.22.3. Executing OPT_RMDFF pass (remove dff with constant values).

2.22.4. Executing OPT_CLEAN pass (remove unused cells and wires).
Finding unused cells or wires in module \fir_filter..
Removed 468 unused cells and 1688 unused wires.
<suppressed ~469 debug messages>

2.22.5. Finished fast OPT passes.

2.23. Executing ABC pass (technology mapping using ABC).

2.23.1. Extracting gate netlist of module `\fir_filter' to `<abc-temp-dir>/input.blif'..
Extracted 17398 gates and 17792 wires to a netlist network with 393 inputs and 284 outputs.

2.23.1.1. Executing ABC.
Running ABC command: berkeley-abc -s -f <abc-temp-dir>/abc.script 2>&1
ABC: ABC command line: "source <abc-temp-dir>/abc.script".
ABC: 
ABC: + read_blif <abc-temp-dir>/input.blif 
ABC: + read_library <abc-temp-dir>/stdcells.genlib 
ABC: Entered genlib library with 17 gates from file "<abc-temp-dir>/stdcells.genlib".
ABC: + strash 
ABC: + dretime 
ABC: + retime 
ABC: + map 
ABC: + write_blif <abc-temp-dir>/output.blif 

2.23.1.2. Re-integrating ABC results.
ABC RESULTS:               AND cells:     2073
ABC RESULTS:            ANDNOT cells:     3323
ABC RESULTS:              AOI3 cells:     1668
ABC RESULTS:               MUX cells:        1
ABC RESULTS:              NAND cells:      461
ABC RESULTS:               NOR cells:      526
ABC RESULTS:               NOT cells:      468
ABC RESULTS:              OAI3 cells:      459
ABC RESULTS:                OR cells:      647
ABC RESULTS:             ORNOT cells:      337
ABC RESULTS:              XNOR cells:     2195
ABC RESULTS:               XOR cells:     3800
ABC RESULTS:        internal signals:    17115
ABC RESULTS:           input signals:      393
ABC RESULTS:          output signals:      284
Removing temp directory.

2.24. Executing OPT pass (performing simple optimizations).

2.24.1. Executing OPT_EXPR pass (perform const folding).
Optimizing module fir_filter.

2.24.2. Executing OPT_MERGE pass (detect identical cells).
Finding identical cells in module `\fir_filter'.
Removed a total of 0 cells.

2.24.3. Executing OPT_RMDFF pass (remove dff with constant values).

2.24.4. Executing OPT_CLEAN pass (remove unused cells and wires).
Finding unused cells or wires in module \fir_filter..
Removed 0 unused cells and 2232 unused wires.
<suppressed ~8 debug messages>

2.24.5. Finished fast OPT passes.

2.25. Executing HIERARCHY pass (managing design hierarchy).

2.25.1. Analyzing design hierarchy..
Top module:  \fir_filter

2.25.2. Analyzing design hierarchy..
Top module:  \fir_filter
Removed 0 unused modules.

2.26. Printing statistics.

=== fir_filter ===

   Number of wires:              15704
   Number of wire bits:          16752
   Number of public wires:          22
   Number of public wire bits:     790
   Number of memories:               0
   Number of memory bits:            0
   Number of processes:              0
   Number of cells:              16242
     $_ANDNOT_                    3323
     $_AND_                       2073
     $_AOI3_                      1668
     $_DFF_P_                      284
     $_MUX_                          1
     $_NAND_                       461
     $_NOR_                        526
     $_NOT_                        468
     $_OAI3_                       459
     $_ORNOT_                      337
     $_OR_                         647
     $_XNOR_                      2195
     $_XOR_                       3800

2.27. Executing CHECK pass (checking for obvious problems).
checking module fir_filter..
found and reported 0 problems.

3. Executing Verilog backend.
Dumping module `\fir_filter'.

Warnings: 3 unique messages, 3 total
End of script. Logfile hash: c7c10e75a3
CPU: user 4.72s system 0.04s, MEM: 81.53 MB total, 73.23 MB resident
Yosys 0.9 (git sha1 1979e0b)
Time spent: 47% 13x opt_merge (2 sec), 13% 14x opt_expr (0 sec), ...
