#! /usr/bin/vvp
:ivl_version "11.0 (stable)";
:ivl_delay_selection "TYPICAL";
:vpi_time_precision - 12;
:vpi_module "/usr/lib/x86_64-linux-gnu/ivl/system.vpi";
:vpi_module "/usr/lib/x86_64-linux-gnu/ivl/vhdl_sys.vpi";
:vpi_module "/usr/lib/x86_64-linux-gnu/ivl/vhdl_textio.vpi";
:vpi_module "/usr/lib/x86_64-linux-gnu/ivl/v2005_math.vpi";
:vpi_module "/usr/lib/x86_64-linux-gnu/ivl/va_math.vpi";
:vpi_module "/usr/lib/x86_64-linux-gnu/ivl/v2009.vpi";
S_0x61e91b1a4ec0 .scope package, "$unit" "$unit" 2 1;
 .timescale 0 0;
S_0x61e91b1a5050 .scope module, "tb" "tb" 3 3;
 .timescale -9 -12;
v0x61e91b1d5ec0_0 .var "clk", 0 0;
v0x61e91b1d5f80_0 .net "pulse", 0 0, v0x61e91b1d5ba0_0;  1 drivers
v0x61e91b1d6020_0 .var "rst", 0 0;
v0x61e91b1d60c0_0 .var "sig_in", 0 0;
S_0x61e91b169cf0 .scope task, "check_pulse" "check_pulse" 3 18, 3 18 0, S_0x61e91b1a5050;
 .timescale -9 -12;
v0x61e91b199160_0 .var "expected", 0 0;
v0x61e91b199910_0 .var "label", 127 0;
TD_tb.check_pulse ;
    %delay 1000, 0;
    %load/vec4 v0x61e91b1d5f80_0;
    %load/vec4 v0x61e91b199160_0;
    %cmp/ne;
    %jmp/0xz  T_0.0, 6;
    %vpi_call/w 3 24 "$display", "FAIL: %0s expected pulse=%0b got pulse=%0b time=%0t", v0x61e91b199910_0, v0x61e91b199160_0, v0x61e91b1d5f80_0, $time {0 0 0};
    %vpi_call/w 3 25 "$fatal", 32'sb00000000000000000000000000000001 {0 0 0};
T_0.0 ;
    %end;
S_0x61e91b1c5560 .scope module, "dut" "rising_edge_detector" 3 9, 4 5 0, S_0x61e91b1a5050;
 .timescale 0 0;
    .port_info 0 /INPUT 1 "clk";
    .port_info 1 /INPUT 1 "rst";
    .port_info 2 /INPUT 1 "sig_in";
    .port_info 3 /OUTPUT 1 "pulse";
L_0x61e91b1997b0 .functor NOT 1, v0x61e91b1d5ac0_0, C4<0>, C4<0>, C4<0>;
L_0x61e91b19a430 .functor AND 1, v0x61e91b1d60c0_0, L_0x61e91b1997b0, C4<1>, C4<1>;
L_0x61e91b19ac60 .functor NOT 1, v0x61e91b1d6020_0, C4<0>, C4<0>, C4<0>;
L_0x61e91b19baf0 .functor AND 1, L_0x61e91b19a430, L_0x61e91b19ac60, C4<1>, C4<1>;
L_0x61e91b19c900 .functor NOT 1, v0x61e91b1d6020_0, C4<0>, C4<0>, C4<0>;
L_0x61e91b196a50 .functor AND 1, v0x61e91b1d60c0_0, L_0x61e91b19c900, C4<1>, C4<1>;
v0x61e91b19a610_0 .net "_0_", 0 0, L_0x61e91b196a50;  1 drivers
v0x61e91b19adc0_0 .net "_1_", 0 0, L_0x61e91b19baf0;  1 drivers
v0x61e91b19bc50_0 .net "_2_", 0 0, L_0x61e91b19a430;  1 drivers
v0x61e91b19cae0_0 .net *"_ivl_0", 0 0, L_0x61e91b1997b0;  1 drivers
v0x61e91b196b70_0 .net *"_ivl_4", 0 0, L_0x61e91b19ac60;  1 drivers
v0x61e91b1d5900_0 .net *"_ivl_8", 0 0, L_0x61e91b19c900;  1 drivers
v0x61e91b1d59e0_0 .net "clk", 0 0, v0x61e91b1d5ec0_0;  1 drivers
v0x61e91b1d5ac0_0 .var "prev_sig", 0 0;
v0x61e91b1d5ba0_0 .var "pulse", 0 0;
v0x61e91b1d5c80_0 .net "rst", 0 0, v0x61e91b1d6020_0;  1 drivers
v0x61e91b1d5d60_0 .net "sig_in", 0 0, v0x61e91b1d60c0_0;  1 drivers
E_0x61e91b1a3b50 .event posedge, v0x61e91b1d59e0_0;
    .scope S_0x61e91b1c5560;
T_1 ;
    %wait E_0x61e91b1a3b50;
    %load/vec4 v0x61e91b19a610_0;
    %assign/vec4 v0x61e91b1d5ac0_0, 0;
    %jmp T_1;
    .thread T_1;
    .scope S_0x61e91b1c5560;
T_2 ;
    %wait E_0x61e91b1a3b50;
    %load/vec4 v0x61e91b19adc0_0;
    %assign/vec4 v0x61e91b1d5ba0_0, 0;
    %jmp T_2;
    .thread T_2;
    .scope S_0x61e91b1a5050;
T_3 ;
    %delay 5000, 0;
    %load/vec4 v0x61e91b1d5ec0_0;
    %inv;
    %store/vec4 v0x61e91b1d5ec0_0, 0, 1;
    %jmp T_3;
    .thread T_3;
    .scope S_0x61e91b1a5050;
T_4 ;
    %pushi/vec4 0, 0, 1;
    %store/vec4 v0x61e91b1d5ec0_0, 0, 1;
    %pushi/vec4 0, 0, 1;
    %store/vec4 v0x61e91b1d6020_0, 0, 1;
    %pushi/vec4 0, 0, 1;
    %store/vec4 v0x61e91b1d60c0_0, 0, 1;
    %pushi/vec4 1, 0, 1;
    %store/vec4 v0x61e91b1d6020_0, 0, 1;
    %wait E_0x61e91b1a3b50;
    %pushi/vec4 0, 0, 1;
    %store/vec4 v0x61e91b199160_0, 0, 1;
    %pushi/vec4 3872057408, 0, 33;
    %concati/vec4 3336096450, 0, 32;
    %concati/vec4 3840295142, 0, 32;
    %concati/vec4 1952543845, 0, 31;
    %store/vec4 v0x61e91b199910_0, 0, 128;
    %fork TD_tb.check_pulse, S_0x61e91b169cf0;
    %join;
    %pushi/vec4 0, 0, 1;
    %store/vec4 v0x61e91b1d6020_0, 0, 1;
    %wait E_0x61e91b1a3b50;
    %pushi/vec4 0, 0, 1;
    %store/vec4 v0x61e91b199160_0, 0, 1;
    %pushi/vec4 26980, 0, 32; draw_string_vec4
    %pushi/vec4 1818566764, 0, 32; draw_string_vec4
    %concat/vec4; draw_string_vec4
    %pushi/vec4 1870078057, 0, 32; draw_string_vec4
    %concat/vec4; draw_string_vec4
    %pushi/vec4 1852863860, 0, 32; draw_string_vec4
    %concat/vec4; draw_string_vec4
    %store/vec4 v0x61e91b199910_0, 0, 128;
    %fork TD_tb.check_pulse, S_0x61e91b169cf0;
    %join;
    %pushi/vec4 1, 0, 1;
    %store/vec4 v0x61e91b1d60c0_0, 0, 1;
    %wait E_0x61e91b1a3b50;
    %pushi/vec4 1, 0, 1;
    %store/vec4 v0x61e91b199160_0, 0, 1;
    %pushi/vec4 3872578766, 0, 33;
    %concati/vec4 2174063005, 0, 33;
    %concati/vec4 2491531733, 0, 32;
    %concati/vec4 745760115, 0, 30;
    %store/vec4 v0x61e91b199910_0, 0, 128;
    %fork TD_tb.check_pulse, S_0x61e91b169cf0;
    %join;
    %wait E_0x61e91b1a3b50;
    %pushi/vec4 0, 0, 1;
    %store/vec4 v0x61e91b199160_0, 0, 1;
    %pushi/vec4 2175636885, 0, 34;
    %concati/vec4 3229729237, 0, 32;
    %concati/vec4 2983040129, 0, 32;
    %concati/vec4 677996392, 0, 30;
    %store/vec4 v0x61e91b199910_0, 0, 128;
    %fork TD_tb.check_pulse, S_0x61e91b169cf0;
    %join;
    %pushi/vec4 0, 0, 1;
    %store/vec4 v0x61e91b1d60c0_0, 0, 1;
    %wait E_0x61e91b1a3b50;
    %pushi/vec4 0, 0, 1;
    %store/vec4 v0x61e91b199160_0, 0, 1;
    %pushi/vec4 3393243358, 0, 33;
    %concati/vec4 3404087516, 0, 32;
    %concati/vec4 3739762912, 0, 32;
    %concati/vec4 1970041701, 0, 31;
    %store/vec4 v0x61e91b199910_0, 0, 128;
    %fork TD_tb.check_pulse, S_0x61e91b169cf0;
    %join;
    %pushi/vec4 1, 0, 1;
    %store/vec4 v0x61e91b1d60c0_0, 0, 1;
    %wait E_0x61e91b1a3b50;
    %pushi/vec4 1, 0, 1;
    %store/vec4 v0x61e91b199160_0, 0, 1;
    %pushi/vec4 3368995392, 0, 33;
    %concati/vec4 3773487334, 0, 32;
    %concati/vec4 3404087490, 0, 32;
    %concati/vec4 1734437230, 0, 31;
    %store/vec4 v0x61e91b199910_0, 0, 128;
    %fork TD_tb.check_pulse, S_0x61e91b169cf0;
    %join;
    %wait E_0x61e91b1a3b50;
    %pushi/vec4 0, 0, 1;
    %store/vec4 v0x61e91b199160_0, 0, 1;
    %pushi/vec4 3437808356, 0, 33;
    %concati/vec4 2177734029, 0, 33;
    %concati/vec4 3183054977, 0, 32;
    %concati/vec4 627337061, 0, 30;
    %store/vec4 v0x61e91b199910_0, 0, 128;
    %fork TD_tb.check_pulse, S_0x61e91b169cf0;
    %join;
    %vpi_call/w 3 61 "$display", "TEST PASSED" {0 0 0};
    %vpi_call/w 3 62 "$finish" {0 0 0};
    %end;
    .thread T_4;
# The file index is used to find the file name in the following table.
:file_names 5;
    "N/A";
    "<interactive>";
    "-";
    "/home/harish_d1121/Spec_to_Tapeout-main/output/p10/tb_candidate.v";
    "/home/harish_d1121/Spec_to_Tapeout-main/output/p10/Synthesis/design_syn.v";
