#! /usr/bin/vvp
:ivl_version "11.0 (stable)";
:ivl_delay_selection "TYPICAL";
:vpi_time_precision - 12;
:vpi_module "/usr/lib/x86_64-linux-gnu/ivl/system.vpi";
:vpi_module "/usr/lib/x86_64-linux-gnu/ivl/vhdl_sys.vpi";
:vpi_module "/usr/lib/x86_64-linux-gnu/ivl/vhdl_textio.vpi";
:vpi_module "/usr/lib/x86_64-linux-gnu/ivl/v2005_math.vpi";
:vpi_module "/usr/lib/x86_64-linux-gnu/ivl/va_math.vpi";
:vpi_module "/usr/lib/x86_64-linux-gnu/ivl/v2009.vpi";
S_0x5ac8a72cd590 .scope package, "$unit" "$unit" 2 1;
 .timescale 0 0;
S_0x5ac8a72cd720 .scope module, "tb" "tb" 3 3;
 .timescale -9 -12;
v0x5ac8a72ea090_0 .var "clk", 0 0;
v0x5ac8a72ea150_0 .var "data_in", 3 0;
v0x5ac8a72ea1f0_0 .net "data_out", 3 0, v0x5ac8a72bf2a0_0;  1 drivers
v0x5ac8a72ea290_0 .var "load", 0 0;
v0x5ac8a72ea330_0 .var "rst", 0 0;
v0x5ac8a72ea420_0 .var "serial_in", 0 0;
v0x5ac8a72ea4f0_0 .var "shift_en", 0 0;
S_0x5ac8a72bff20 .scope task, "check_data_out" "check_data_out" 3 24, 3 24 0, S_0x5ac8a72cd720;
 .timescale -9 -12;
v0x5ac8a72937b0_0 .var "expected", 3 0;
v0x5ac8a7293ba0_0 .var "label", 127 0;
TD_tb.check_data_out ;
    %delay 1000, 0;
    %load/vec4 v0x5ac8a72ea1f0_0;
    %load/vec4 v0x5ac8a72937b0_0;
    %cmp/ne;
    %jmp/0xz  T_0.0, 6;
    %vpi_call/w 3 30 "$display", "FAIL: %0s expected=%b got=%b time=%0t", v0x5ac8a7293ba0_0, v0x5ac8a72937b0_0, v0x5ac8a72ea1f0_0, $time {0 0 0};
    %vpi_call/w 3 31 "$fatal", 32'sb00000000000000000000000000000001 {0 0 0};
T_0.0 ;
    %end;
S_0x5ac8a72e99a0 .scope module, "dut" "shift_register_4bit" 3 12, 4 1 0, S_0x5ac8a72cd720;
 .timescale 0 0;
    .port_info 0 /INPUT 1 "clk";
    .port_info 1 /INPUT 1 "rst";
    .port_info 2 /INPUT 1 "load";
    .port_info 3 /INPUT 1 "shift_en";
    .port_info 4 /INPUT 1 "serial_in";
    .port_info 5 /INPUT 4 "data_in";
    .port_info 6 /OUTPUT 4 "data_out";
v0x5ac8a72bda90_0 .net "clk", 0 0, v0x5ac8a72ea090_0;  1 drivers
v0x5ac8a72bea90_0 .net "data_in", 3 0, v0x5ac8a72ea150_0;  1 drivers
v0x5ac8a72bf2a0_0 .var "data_out", 3 0;
v0x5ac8a72e9c60_0 .net "load", 0 0, v0x5ac8a72ea290_0;  1 drivers
v0x5ac8a72e9d20_0 .net "rst", 0 0, v0x5ac8a72ea330_0;  1 drivers
v0x5ac8a72e9e30_0 .net "serial_in", 0 0, v0x5ac8a72ea420_0;  1 drivers
v0x5ac8a72e9ef0_0 .net "shift_en", 0 0, v0x5ac8a72ea4f0_0;  1 drivers
E_0x5ac8a7292480 .event posedge, v0x5ac8a72bda90_0;
    .scope S_0x5ac8a72e99a0;
T_1 ;
    %wait E_0x5ac8a7292480;
    %load/vec4 v0x5ac8a72e9d20_0;
    %flag_set/vec4 8;
    %jmp/0xz  T_1.0, 8;
    %pushi/vec4 0, 0, 4;
    %assign/vec4 v0x5ac8a72bf2a0_0, 0;
    %jmp T_1.1;
T_1.0 ;
    %load/vec4 v0x5ac8a72e9c60_0;
    %flag_set/vec4 8;
    %jmp/0xz  T_1.2, 8;
    %load/vec4 v0x5ac8a72bea90_0;
    %assign/vec4 v0x5ac8a72bf2a0_0, 0;
    %jmp T_1.3;
T_1.2 ;
    %load/vec4 v0x5ac8a72e9ef0_0;
    %flag_set/vec4 8;
    %jmp/0xz  T_1.4, 8;
    %load/vec4 v0x5ac8a72bf2a0_0;
    %parti/s 3, 0, 2;
    %load/vec4 v0x5ac8a72e9e30_0;
    %concat/vec4; draw_concat_vec4
    %assign/vec4 v0x5ac8a72bf2a0_0, 0;
T_1.4 ;
T_1.3 ;
T_1.1 ;
    %jmp T_1;
    .thread T_1;
    .scope S_0x5ac8a72cd720;
T_2 ;
    %delay 5000, 0;
    %load/vec4 v0x5ac8a72ea090_0;
    %inv;
    %store/vec4 v0x5ac8a72ea090_0, 0, 1;
    %jmp T_2;
    .thread T_2;
    .scope S_0x5ac8a72cd720;
T_3 ;
    %pushi/vec4 0, 0, 1;
    %store/vec4 v0x5ac8a72ea090_0, 0, 1;
    %pushi/vec4 0, 0, 1;
    %store/vec4 v0x5ac8a72ea330_0, 0, 1;
    %pushi/vec4 0, 0, 1;
    %store/vec4 v0x5ac8a72ea290_0, 0, 1;
    %pushi/vec4 0, 0, 1;
    %store/vec4 v0x5ac8a72ea4f0_0, 0, 1;
    %pushi/vec4 0, 0, 1;
    %store/vec4 v0x5ac8a72ea420_0, 0, 1;
    %pushi/vec4 0, 0, 4;
    %store/vec4 v0x5ac8a72ea150_0, 0, 4;
    %pushi/vec4 1, 0, 1;
    %store/vec4 v0x5ac8a72ea330_0, 0, 1;
    %wait E_0x5ac8a7292480;
    %pushi/vec4 0, 0, 4;
    %store/vec4 v0x5ac8a72937b0_0, 0, 4;
    %pushi/vec4 2173546901, 0, 34;
    %concati/vec4 2244594817, 0, 32;
    %concati/vec4 3382025637, 0, 32;
    %concati/vec4 863266162, 0, 30;
    %store/vec4 v0x5ac8a7293ba0_0, 0, 128;
    %fork TD_tb.check_data_out, S_0x5ac8a72bff20;
    %join;
    %pushi/vec4 0, 0, 1;
    %store/vec4 v0x5ac8a72ea330_0, 0, 1;
    %pushi/vec4 1, 0, 1;
    %store/vec4 v0x5ac8a72ea290_0, 0, 1;
    %pushi/vec4 10, 0, 4;
    %store/vec4 v0x5ac8a72ea150_0, 0, 4;
    %wait E_0x5ac8a7292480;
    %pushi/vec4 10, 0, 4;
    %store/vec4 v0x5ac8a72937b0_0, 0, 4;
    %pushi/vec4 3359698660, 0, 33;
    %concati/vec4 3538471654, 0, 32;
    %concati/vec4 2173797841, 0, 33;
    %concati/vec4 559901038, 0, 30;
    %store/vec4 v0x5ac8a7293ba0_0, 0, 128;
    %fork TD_tb.check_data_out, S_0x5ac8a72bff20;
    %join;
    %pushi/vec4 1, 0, 1;
    %store/vec4 v0x5ac8a72ea4f0_0, 0, 1;
    %pushi/vec4 1, 0, 1;
    %store/vec4 v0x5ac8a72ea420_0, 0, 1;
    %wait E_0x5ac8a7292480;
    %pushi/vec4 10, 0, 4;
    %store/vec4 v0x5ac8a72937b0_0, 0, 4;
    %pushi/vec4 3739538152, 0, 33;
    %concati/vec4 4064337644, 0, 32;
    %concati/vec4 3403956454, 0, 32;
    %concati/vec4 1751737972, 0, 31;
    %store/vec4 v0x5ac8a7293ba0_0, 0, 128;
    %fork TD_tb.check_data_out, S_0x5ac8a72bff20;
    %join;
    %pushi/vec4 0, 0, 1;
    %store/vec4 v0x5ac8a72ea290_0, 0, 1;
    %pushi/vec4 0, 0, 1;
    %store/vec4 v0x5ac8a72ea420_0, 0, 1;
    %wait E_0x5ac8a7292480;
    %pushi/vec4 4, 0, 4;
    %store/vec4 v0x5ac8a72937b0_0, 0, 4;
    %pushi/vec4 3863004370, 0, 33;
    %concati/vec4 3907403974, 0, 32;
    %concati/vec4 3739542730, 0, 32;
    %concati/vec4 1668574329, 0, 31;
    %store/vec4 v0x5ac8a7293ba0_0, 0, 128;
    %fork TD_tb.check_data_out, S_0x5ac8a72bff20;
    %join;
    %pushi/vec4 0, 0, 1;
    %store/vec4 v0x5ac8a72ea4f0_0, 0, 1;
    %wait E_0x5ac8a7292480;
    %pushi/vec4 4, 0, 4;
    %store/vec4 v0x5ac8a72937b0_0, 0, 4;
    %pushi/vec4 104, 0, 32; draw_string_vec4
    %pushi/vec4 1869374496, 0, 32; draw_string_vec4
    %concat/vec4; draw_string_vec4
    %pushi/vec4 1650813025, 0, 32; draw_string_vec4
    %concat/vec4; draw_string_vec4
    %pushi/vec4 1986621298, 0, 32; draw_string_vec4
    %concat/vec4; draw_string_vec4
    %store/vec4 v0x5ac8a7293ba0_0, 0, 128;
    %fork TD_tb.check_data_out, S_0x5ac8a72bff20;
    %join;
    %vpi_call/w 3 68 "$display", "TEST PASSED" {0 0 0};
    %vpi_call/w 3 69 "$finish" {0 0 0};
    %end;
    .thread T_3;
# The file index is used to find the file name in the following table.
:file_names 5;
    "N/A";
    "<interactive>";
    "-";
    "/home/harish_d1121/Spec_to_Tapeout-main/output/p2/tb_candidate.v";
    "/home/harish_d1121/Spec_to_Tapeout-main/output/p2/design_candidate.v";
