
==========================================================================
floorplan final report_tns
--------------------------------------------------------------------------
tns max 0.00

==========================================================================
floorplan final report_wns
--------------------------------------------------------------------------
wns max 0.00

==========================================================================
floorplan final report_worst_slack
--------------------------------------------------------------------------
worst slack max 0.82

==========================================================================
floorplan final report_clock_min_period
--------------------------------------------------------------------------
clk period_min = 7.18 fmax = 139.23

==========================================================================
floorplan final report_checks -path_delay min
--------------------------------------------------------------------------
Startpoint: rst (input port clocked by clk)
Endpoint: state[0][32]$_DFF_P_ (rising edge-triggered flip-flop clocked by clk)
Path Group: clk
Path Type: min

Fanout     Cap    Slew   Delay    Time   Description
-----------------------------------------------------------------------------
                  0.00    0.00    0.00   clock clk (rise edge)
                          0.00    0.00   clock network delay (ideal)
                          0.00    0.00 ^ input external delay
   284    0.70    0.00    0.00    0.00 ^ rst (in)
                                         rst (net)
                  0.00    0.00    0.00 ^ _22226_/B (sky130_fd_sc_hd__nor2_1)
     1    0.00    0.01    0.02    0.02 v _22226_/Y (sky130_fd_sc_hd__nor2_1)
                                         _00000_[32] (net)
                  0.01    0.00    0.02 v state[0][32]$_DFF_P_/D (sky130_fd_sc_hd__dfxtp_1)
                                  0.02   data arrival time

                  0.00    0.00    0.00   clock clk (rise edge)
                          0.00    0.00   clock network delay (ideal)
                          0.00    0.00   clock reconvergence pessimism
                                  0.00 ^ state[0][32]$_DFF_P_/CLK (sky130_fd_sc_hd__dfxtp_1)
                         -0.05   -0.05   library hold time
                                 -0.05   data required time
-----------------------------------------------------------------------------
                                 -0.05   data required time
                                 -0.02   data arrival time
-----------------------------------------------------------------------------
                                  0.07   slack (MET)



==========================================================================
floorplan final report_checks -path_delay max
--------------------------------------------------------------------------
Startpoint: h[0] (input port clocked by clk)
Endpoint: y_out[35]$_DFF_P_ (rising edge-triggered flip-flop clocked by clk)
Path Group: clk
Path Type: max

Fanout     Cap    Slew   Delay    Time   Description
-----------------------------------------------------------------------------
                  0.00    0.00    0.00   clock clk (rise edge)
                          0.00    0.00   clock network delay (ideal)
                          0.00    0.00 v input external delay
    16    0.02    0.00    0.00    0.00 v h[0] (in)
                                         h[0] (net)
                  0.00    0.00    0.00 v _23840_/B (sky130_fd_sc_hd__nand2_1)
     6    0.03    0.32    0.24    0.24 ^ _23840_/Y (sky130_fd_sc_hd__nand2_1)
                                         _01226_ (net)
                  0.32    0.00    0.24 ^ _23841_/A (sky130_fd_sc_hd__inv_1)
    16    0.10    0.48    0.48    0.72 v _23841_/Y (sky130_fd_sc_hd__inv_1)
                                         _01332_ (net)
                  0.48    0.00    0.72 v _28504_/A (sky130_fd_sc_hd__fa_1)
     1    0.00    0.06    0.67    1.40 ^ _28504_/SUM (sky130_fd_sc_hd__fa_1)
                                         _01422_ (net)
                  0.06    0.00    1.40 ^ _23095_/A (sky130_fd_sc_hd__inv_1)
     1    0.01    0.04    0.05    1.45 v _23095_/Y (sky130_fd_sc_hd__inv_1)
                                         _17438_ (net)
                  0.04    0.00    1.45 v _28506_/A (sky130_fd_sc_hd__fa_1)
     1    0.00    0.05    0.52    1.97 ^ _28506_/SUM (sky130_fd_sc_hd__fa_1)
                                         _17439_ (net)
                  0.05    0.00    1.97 ^ _25438_/A (sky130_fd_sc_hd__inv_1)
     1    0.01    0.04    0.05    2.02 v _25438_/Y (sky130_fd_sc_hd__inv_1)
                                         _01433_ (net)
                  0.04    0.00    2.02 v _28509_/A (sky130_fd_sc_hd__fa_1)
     1    0.01    0.10    0.49    2.52 v _28509_/SUM (sky130_fd_sc_hd__fa_1)
                                         _01450_ (net)
                  0.10    0.00    2.52 v _28514_/A (sky130_fd_sc_hd__fa_1)
     1    0.01    0.10    0.51    3.03 v _28514_/SUM (sky130_fd_sc_hd__fa_1)
                                         _01479_ (net)
                  0.10    0.00    3.03 v _28517_/A (sky130_fd_sc_hd__fa_1)
     1    0.01    0.10    0.51    3.54 v _28517_/SUM (sky130_fd_sc_hd__fa_1)
                                         _01502_ (net)
                  0.10    0.00    3.54 v _28518_/A (sky130_fd_sc_hd__fa_1)
     1    0.00    0.08    0.48    4.02 v _28518_/SUM (sky130_fd_sc_hd__fa_1)
                                         _01509_ (net)
                  0.08    0.00    4.02 v _29747_/A (sky130_fd_sc_hd__ha_1)
     4    0.01    0.10    0.35    4.37 v _29747_/SUM (sky130_fd_sc_hd__ha_1)
                                         _01611_ (net)
                  0.10    0.00    4.37 v _23214_/A2 (sky130_fd_sc_hd__a21oi_1)
     2    0.00    0.13    0.18    4.55 ^ _23214_/Y (sky130_fd_sc_hd__a21oi_1)
                                         _19621_ (net)
                  0.13    0.00    4.55 ^ _23236_/A2 (sky130_fd_sc_hd__o21bai_1)
     1    0.00    0.05    0.07    4.62 v _23236_/Y (sky130_fd_sc_hd__o21bai_1)
                                         _19630_ (net)
                  0.05    0.00    4.62 v _23237_/A2 (sky130_fd_sc_hd__a21oi_1)
     1    0.00    0.09    0.12    4.74 ^ _23237_/Y (sky130_fd_sc_hd__a21oi_1)
                                         _19631_ (net)
                  0.09    0.00    4.74 ^ _23241_/A2 (sky130_fd_sc_hd__o21ai_0)
     1    0.00    0.08    0.09    4.83 v _23241_/Y (sky130_fd_sc_hd__o21ai_0)
                                         _19635_ (net)
                  0.08    0.00    4.83 v _23242_/B1 (sky130_fd_sc_hd__a41o_4)
     4    0.02    0.06    0.27    5.11 v _23242_/X (sky130_fd_sc_hd__a41o_4)
                                         _02144_ (net)
                  0.06    0.00    5.11 v _23353_/A1 (sky130_fd_sc_hd__a2111oi_4)
     1    0.00    0.25    0.29    5.40 ^ _23353_/Y (sky130_fd_sc_hd__a2111oi_4)
                                         _19655_ (net)
                  0.25    0.00    5.40 ^ _23356_/A (sky130_fd_sc_hd__nor3_2)
     2    0.01    0.08    0.10    5.50 v _23356_/Y (sky130_fd_sc_hd__nor3_2)
                                         _02519_ (net)
                  0.08    0.00    5.50 v _23427_/A3 (sky130_fd_sc_hd__a31oi_2)
     2    0.01    0.19    0.23    5.73 ^ _23427_/Y (sky130_fd_sc_hd__a31oi_2)
                                         _02617_ (net)
                  0.19    0.00    5.73 ^ _25550_/A1 (sky130_fd_sc_hd__o21ai_1)
     1    0.01    0.08    0.12    5.85 v _25550_/Y (sky130_fd_sc_hd__o21ai_1)
                                         _02693_ (net)
                  0.08    0.00    5.85 v _28708_/B (sky130_fd_sc_hd__fa_1)
     1    0.00    0.08    0.40    6.25 v _28708_/COUT (sky130_fd_sc_hd__fa_1)
                                         _17642_ (net)
                  0.08    0.00    6.25 v _25564_/A (sky130_fd_sc_hd__xor2_1)
     1    0.00    0.05    0.17    6.42 v _25564_/X (sky130_fd_sc_hd__xor2_1)
                                         _18951_ (net)
                  0.05    0.00    6.42 v _25566_/A (sky130_fd_sc_hd__xnor2_1)
     1    0.00    0.16    0.18    6.60 ^ _25566_/Y (sky130_fd_sc_hd__xnor2_1)
                                         _18953_ (net)
                  0.16    0.00    6.60 ^ _25570_/A (sky130_fd_sc_hd__xnor2_1)
     1    0.00    0.16    0.15    6.75 ^ _25570_/Y (sky130_fd_sc_hd__xnor2_1)
                                         _18957_ (net)
                  0.16    0.00    6.75 ^ _25574_/A (sky130_fd_sc_hd__xnor2_1)
     1    0.00    0.16    0.15    6.89 ^ _25574_/Y (sky130_fd_sc_hd__xnor2_1)
                                         _18961_ (net)
                  0.16    0.00    6.89 ^ _25575_/B (sky130_fd_sc_hd__xnor2_1)
     1    0.00    0.11    0.13    7.02 ^ _25575_/Y (sky130_fd_sc_hd__xnor2_1)
                                         _18962_ (net)
                  0.11    0.00    7.02 ^ _25576_/B (sky130_fd_sc_hd__nor2_1)
     1    0.00    0.03    0.04    7.07 v _25576_/Y (sky130_fd_sc_hd__nor2_1)
                                         _00007_[35] (net)
                  0.03    0.00    7.07 v y_out[35]$_DFF_P_/D (sky130_fd_sc_hd__dfxtp_1)
                                  7.07   data arrival time

                  0.00    8.00    8.00   clock clk (rise edge)
                          0.00    8.00   clock network delay (ideal)
                          0.00    8.00   clock reconvergence pessimism
                                  8.00 ^ y_out[35]$_DFF_P_/CLK (sky130_fd_sc_hd__dfxtp_1)
                         -0.11    7.89   library setup time
                                  7.89   data required time
-----------------------------------------------------------------------------
                                  7.89   data required time
                                 -7.07   data arrival time
-----------------------------------------------------------------------------
                                  0.82   slack (MET)



==========================================================================
floorplan final report_checks -unconstrained
--------------------------------------------------------------------------
Startpoint: h[0] (input port clocked by clk)
Endpoint: y_out[35]$_DFF_P_ (rising edge-triggered flip-flop clocked by clk)
Path Group: clk
Path Type: max

Fanout     Cap    Slew   Delay    Time   Description
-----------------------------------------------------------------------------
                  0.00    0.00    0.00   clock clk (rise edge)
                          0.00    0.00   clock network delay (ideal)
                          0.00    0.00 v input external delay
    16    0.02    0.00    0.00    0.00 v h[0] (in)
                                         h[0] (net)
                  0.00    0.00    0.00 v _23840_/B (sky130_fd_sc_hd__nand2_1)
     6    0.03    0.32    0.24    0.24 ^ _23840_/Y (sky130_fd_sc_hd__nand2_1)
                                         _01226_ (net)
                  0.32    0.00    0.24 ^ _23841_/A (sky130_fd_sc_hd__inv_1)
    16    0.10    0.48    0.48    0.72 v _23841_/Y (sky130_fd_sc_hd__inv_1)
                                         _01332_ (net)
                  0.48    0.00    0.72 v _28504_/A (sky130_fd_sc_hd__fa_1)
     1    0.00    0.06    0.67    1.40 ^ _28504_/SUM (sky130_fd_sc_hd__fa_1)
                                         _01422_ (net)
                  0.06    0.00    1.40 ^ _23095_/A (sky130_fd_sc_hd__inv_1)
     1    0.01    0.04    0.05    1.45 v _23095_/Y (sky130_fd_sc_hd__inv_1)
                                         _17438_ (net)
                  0.04    0.00    1.45 v _28506_/A (sky130_fd_sc_hd__fa_1)
     1    0.00    0.05    0.52    1.97 ^ _28506_/SUM (sky130_fd_sc_hd__fa_1)
                                         _17439_ (net)
                  0.05    0.00    1.97 ^ _25438_/A (sky130_fd_sc_hd__inv_1)
     1    0.01    0.04    0.05    2.02 v _25438_/Y (sky130_fd_sc_hd__inv_1)
                                         _01433_ (net)
                  0.04    0.00    2.02 v _28509_/A (sky130_fd_sc_hd__fa_1)
     1    0.01    0.10    0.49    2.52 v _28509_/SUM (sky130_fd_sc_hd__fa_1)
                                         _01450_ (net)
                  0.10    0.00    2.52 v _28514_/A (sky130_fd_sc_hd__fa_1)
     1    0.01    0.10    0.51    3.03 v _28514_/SUM (sky130_fd_sc_hd__fa_1)
                                         _01479_ (net)
                  0.10    0.00    3.03 v _28517_/A (sky130_fd_sc_hd__fa_1)
     1    0.01    0.10    0.51    3.54 v _28517_/SUM (sky130_fd_sc_hd__fa_1)
                                         _01502_ (net)
                  0.10    0.00    3.54 v _28518_/A (sky130_fd_sc_hd__fa_1)
     1    0.00    0.08    0.48    4.02 v _28518_/SUM (sky130_fd_sc_hd__fa_1)
                                         _01509_ (net)
                  0.08    0.00    4.02 v _29747_/A (sky130_fd_sc_hd__ha_1)
     4    0.01    0.10    0.35    4.37 v _29747_/SUM (sky130_fd_sc_hd__ha_1)
                                         _01611_ (net)
                  0.10    0.00    4.37 v _23214_/A2 (sky130_fd_sc_hd__a21oi_1)
     2    0.00    0.13    0.18    4.55 ^ _23214_/Y (sky130_fd_sc_hd__a21oi_1)
                                         _19621_ (net)
                  0.13    0.00    4.55 ^ _23236_/A2 (sky130_fd_sc_hd__o21bai_1)
     1    0.00    0.05    0.07    4.62 v _23236_/Y (sky130_fd_sc_hd__o21bai_1)
                                         _19630_ (net)
                  0.05    0.00    4.62 v _23237_/A2 (sky130_fd_sc_hd__a21oi_1)
     1    0.00    0.09    0.12    4.74 ^ _23237_/Y (sky130_fd_sc_hd__a21oi_1)
                                         _19631_ (net)
                  0.09    0.00    4.74 ^ _23241_/A2 (sky130_fd_sc_hd__o21ai_0)
     1    0.00    0.08    0.09    4.83 v _23241_/Y (sky130_fd_sc_hd__o21ai_0)
                                         _19635_ (net)
                  0.08    0.00    4.83 v _23242_/B1 (sky130_fd_sc_hd__a41o_4)
     4    0.02    0.06    0.27    5.11 v _23242_/X (sky130_fd_sc_hd__a41o_4)
                                         _02144_ (net)
                  0.06    0.00    5.11 v _23353_/A1 (sky130_fd_sc_hd__a2111oi_4)
     1    0.00    0.25    0.29    5.40 ^ _23353_/Y (sky130_fd_sc_hd__a2111oi_4)
                                         _19655_ (net)
                  0.25    0.00    5.40 ^ _23356_/A (sky130_fd_sc_hd__nor3_2)
     2    0.01    0.08    0.10    5.50 v _23356_/Y (sky130_fd_sc_hd__nor3_2)
                                         _02519_ (net)
                  0.08    0.00    5.50 v _23427_/A3 (sky130_fd_sc_hd__a31oi_2)
     2    0.01    0.19    0.23    5.73 ^ _23427_/Y (sky130_fd_sc_hd__a31oi_2)
                                         _02617_ (net)
                  0.19    0.00    5.73 ^ _25550_/A1 (sky130_fd_sc_hd__o21ai_1)
     1    0.01    0.08    0.12    5.85 v _25550_/Y (sky130_fd_sc_hd__o21ai_1)
                                         _02693_ (net)
                  0.08    0.00    5.85 v _28708_/B (sky130_fd_sc_hd__fa_1)
     1    0.00    0.08    0.40    6.25 v _28708_/COUT (sky130_fd_sc_hd__fa_1)
                                         _17642_ (net)
                  0.08    0.00    6.25 v _25564_/A (sky130_fd_sc_hd__xor2_1)
     1    0.00    0.05    0.17    6.42 v _25564_/X (sky130_fd_sc_hd__xor2_1)
                                         _18951_ (net)
                  0.05    0.00    6.42 v _25566_/A (sky130_fd_sc_hd__xnor2_1)
     1    0.00    0.16    0.18    6.60 ^ _25566_/Y (sky130_fd_sc_hd__xnor2_1)
                                         _18953_ (net)
                  0.16    0.00    6.60 ^ _25570_/A (sky130_fd_sc_hd__xnor2_1)
     1    0.00    0.16    0.15    6.75 ^ _25570_/Y (sky130_fd_sc_hd__xnor2_1)
                                         _18957_ (net)
                  0.16    0.00    6.75 ^ _25574_/A (sky130_fd_sc_hd__xnor2_1)
     1    0.00    0.16    0.15    6.89 ^ _25574_/Y (sky130_fd_sc_hd__xnor2_1)
                                         _18961_ (net)
                  0.16    0.00    6.89 ^ _25575_/B (sky130_fd_sc_hd__xnor2_1)
     1    0.00    0.11    0.13    7.02 ^ _25575_/Y (sky130_fd_sc_hd__xnor2_1)
                                         _18962_ (net)
                  0.11    0.00    7.02 ^ _25576_/B (sky130_fd_sc_hd__nor2_1)
     1    0.00    0.03    0.04    7.07 v _25576_/Y (sky130_fd_sc_hd__nor2_1)
                                         _00007_[35] (net)
                  0.03    0.00    7.07 v y_out[35]$_DFF_P_/D (sky130_fd_sc_hd__dfxtp_1)
                                  7.07   data arrival time

                  0.00    8.00    8.00   clock clk (rise edge)
                          0.00    8.00   clock network delay (ideal)
                          0.00    8.00   clock reconvergence pessimism
                                  8.00 ^ y_out[35]$_DFF_P_/CLK (sky130_fd_sc_hd__dfxtp_1)
                         -0.11    7.89   library setup time
                                  7.89   data required time
-----------------------------------------------------------------------------
                                  7.89   data required time
                                 -7.07   data arrival time
-----------------------------------------------------------------------------
                                  0.82   slack (MET)



==========================================================================
floorplan final report_power
--------------------------------------------------------------------------
Group                  Internal  Switching    Leakage      Total
                          Power      Power      Power      Power (Watts)
----------------------------------------------------------------
Sequential             2.97e-03   1.59e-04   2.37e-09   3.13e-03   4.3%
Combinational          3.69e-02   3.26e-02   4.44e-08   6.95e-02  95.7%
Clock                  0.00e+00   0.00e+00   0.00e+00   0.00e+00   0.0%
Macro                  0.00e+00   0.00e+00   0.00e+00   0.00e+00   0.0%
Pad                    0.00e+00   0.00e+00   0.00e+00   0.00e+00   0.0%
----------------------------------------------------------------
Total                  3.99e-02   3.27e-02   4.67e-08   7.26e-02 100.0%
                          54.9%      45.1%       0.0%
