OpenROAD 26Q2-339-g0504146ce6 
Features included (+) or not (-): +GPU +GUI +Python
This program is licensed under the BSD-3 license. See the LICENSE file for details.
Components of this program may be licensed under more restrictive licenses which must be honored.
[INFO ORD-0030] Using 4 thread(s).
read_liberty /home/harish_d1121/OpenROAD-flow-scripts/flow/platforms/sky130hd/lib/sky130_fd_sc_hd__tt_025C_1v80.lib
read_db /home/harish_d1121/Spec_to_Tapeout-main/openroad_runs/p5/results/sky130hd/dot_product/base/3_2_place_iop.odb
read_sdc /home/harish_d1121/Spec_to_Tapeout-main/openroad_runs/p5/results/sky130hd/dot_product/base/2_floorplan.sdc
source /home/harish_d1121/OpenROAD-flow-scripts/flow/platforms/sky130hd/setRC.tcl
[INFO RSZ-0026] Removed 0 buffers.
Perform port buffering...
[INFO RSZ-0027] Inserted 129 sky130_fd_sc_hd__clkdlybuf4s50_1 input buffers.
[INFO RSZ-0028] Inserted 21 sky130_fd_sc_hd__clkdlybuf4s50_1 output buffers.
[INFO GPL-0022] Initialize gpl and calculate uniform density.
Placement density is 0.31700000375509263, computed from PLACE_DENSITY_LB_ADDON  0.10 and lower bound 0.23000000417232513
global_placement -density 0.31700000375509263 -pad_left 0 -pad_right 0 -routability_driven -timing_driven -force_center_initial_place -min_phi_coef 0.95 -max_phi_coef 1.05
[INFO GPL-0001] ---- Initialize GPL Main Data Structures
[INFO GPL-0002] DBU: 1000
[INFO GPL-0003] SiteSize: (  0.460  2.720 ) um
[INFO GPL-0004] CoreBBox: (  4.140  5.440 ) ( 384.560 383.520 ) um
[INFO GPL-0036] Movable instances area:      30301.562 um^2
[INFO GPL-0037] Total instances area:        32682.595 um^2
[INFO GPL-0035] Pin density area adjust:       917.234 um^2
[INFO GPL-0032] ---- Initialize Region: Top-level
[INFO GPL-0006] Number of instances:              5008
[INFO GPL-0007] Movable instances:                3105
[INFO GPL-0008] Fixed instances:                  1903
[INFO GPL-0009] Dummy instances:                     0
[INFO GPL-0010] Number of nets:                   4071
[INFO GPL-0011] Number of pins:                  10667
[INFO GPL-0012] Die BBox:  (  0.000  0.000 ) ( 388.980 388.980 ) um
[INFO GPL-0013] Core BBox: (  4.140  5.440 ) ( 384.560 383.520 ) um
[INFO GPL-0016] Core area:                  143829.194 um^2
[INFO GPL-0014] Region name: top-level.
[INFO GPL-0015] Region area:                143829.194 um^2
[INFO GPL-0017] Fixed instances area:         2381.034 um^2
[INFO GPL-0018] Movable instances area:      31218.796 um^2
[INFO GPL-0019] Utilization:                    22.071 %
[INFO GPL-0020] Standard cells area:         31218.796 um^2
[INFO GPL-0021] Large instances area:            0.000 um^2
[INFO GPL-0005] ---- Execute Conjugate Gradient Initial Placement.
[INFO GPL-0051] Source of initial instance position counters:
	Odb location = 0	Core center = 3105	Region center = 0
[InitialPlace]  Iter: 1 conjugate gradient residual: 0.00030041 HPWL: 100125688
[InitialPlace]  Iter: 2 conjugate gradient residual: 0.00007804 HPWL: 73554388
[InitialPlace]  Iter: 3 conjugate gradient residual: 0.00005208 HPWL: 73356175
[InitialPlace]  Iter: 4 conjugate gradient residual: 0.00003706 HPWL: 73190857
[InitialPlace]  Iter: 5 conjugate gradient residual: 0.00004726 HPWL: 72959254
[InitialPlace]  Iter: 6 conjugate gradient residual: 0.00004046 HPWL: 72709905
[InitialPlace]  Iter: 7 conjugate gradient residual: 0.00003706 HPWL: 72459889
[InitialPlace]  Iter: 8 conjugate gradient residual: 0.00003134 HPWL: 72260050
[InitialPlace]  Iter: 9 conjugate gradient residual: 0.00004802 HPWL: 72066678
[InitialPlace]  Iter: 10 conjugate gradient residual: 0.00002758 HPWL: 71915033
[InitialPlace]  Iter: 11 conjugate gradient residual: 0.00001976 HPWL: 71795563
[InitialPlace]  Iter: 12 conjugate gradient residual: 0.00001145 HPWL: 71727705
[InitialPlace]  Iter: 13 conjugate gradient residual: 0.00000946 HPWL: 71673198
[INFO GPL-0033] ---- Initialize Nesterov Region: Top-level
[INFO GPL-0023] Placement target density:       0.3170
[INFO GPL-0024] Movable insts average area:     10.054 um^2
[INFO GPL-0025] Ideal bin area:                 31.717 um^2
[INFO GPL-0026] Ideal bin count:                  4534
[INFO GPL-0027] Total bin area:             143829.194 um^2
[INFO GPL-0028] Bin count (X, Y):          64 ,     64
[INFO GPL-0029] Bin size (W * H):       5.944 *  5.907 um
[INFO GPL-0030] Number of bins:                   4096
[INFO GPL-0007] ---- Execute Nesterov Global Placement.
[INFO GPL-0031] HPWL: Half-Perimeter Wirelength
Iteration | Overflow |     HPWL (um) |  HPWL(%) |   Penalty | Group
---------------------------------------------------------------
        0 |   0.9028 |  4.501754e+04 |   +0.00% |  1.22e-14 |      
       10 |   0.8336 |  5.206926e+04 |  +15.66% |  1.98e-14 |      
       20 |   0.7767 |  5.511841e+04 |   +5.86% |  3.23e-14 |      
       30 |   0.7469 |  5.537090e+04 |   +0.46% |  5.25e-14 |      
       40 |   0.7321 |  5.504243e+04 |   -0.59% |  8.56e-14 |      
       50 |   0.7244 |  5.490620e+04 |   -0.25% |  1.39e-13 |      
       60 |   0.7245 |  5.487667e+04 |   -0.05% |  2.27e-13 |      
       70 |   0.7282 |  5.487382e+04 |   -0.01% |  3.70e-13 |      
       80 |   0.7314 |  5.485432e+04 |   -0.04% |  6.02e-13 |      
       90 |   0.7356 |  5.480732e+04 |   -0.09% |  9.81e-13 |      
      100 |   0.7365 |  5.479035e+04 |   -0.03% |  1.60e-12 |      
      110 |   0.7342 |  5.481913e+04 |   +0.05% |  2.60e-12 |      
      120 |   0.7316 |  5.486505e+04 |   +0.08% |  4.24e-12 |      
      130 |   0.7282 |  5.489441e+04 |   +0.05% |  6.91e-12 |      
      140 |   0.7261 |  5.491725e+04 |   +0.04% |  1.13e-11 |      
      150 |   0.7247 |  5.497700e+04 |   +0.11% |  1.83e-11 |      
      160 |   0.7230 |  5.513437e+04 |   +0.29% |  2.99e-11 |      
      170 |   0.7168 |  5.541783e+04 |   +0.51% |  4.86e-11 |      
      180 |   0.7043 |  5.575460e+04 |   +0.61% |  7.92e-11 |      
      190 |   0.6901 |  5.603084e+04 |   +0.50% |  1.29e-10 |      
      200 |   0.6678 |  5.631333e+04 |   +0.50% |  2.10e-10 |      
      210 |   0.6393 |  5.677491e+04 |   +0.82% |  3.42e-10 |      
[INFO GPL-0100] Timing-driven iteration 1/2, virtual: false.
[INFO GPL-0101]    Iter: 213, overflow: 0.633, keep resizer changes at: 1, HPWL: 56872359
Iteration |   Area    | Resized | Buffers | Nets repaired | Remaining
---------------------------------------------------------------------
        0 |     +0.0% |       0 |       0 |             0 |      4071
    final |     +0.3% |       4 |       4 |             4 |         0
---------------------------------------------------------------------
[INFO RSZ-0034] Found 4 slew violations.
[INFO RSZ-0036] Found 2 capacitance violations.
[INFO RSZ-0039] Resized 4 instances.
[INFO RSZ-0038] Inserted 4 buffers in 4 nets.
   Iter   |    Area   | Removed | Inserted |   Pins
          |           | Buffers | Buffers  | Remaining
-------------------------------------------------------
        0 |     +0.0% |       0 |        0 |      3941
      390 |     +0.0% |       0 |        1 |      3551
      780 |     +1.7% |       0 |       74 |      3161
     1170 |     +3.0% |       0 |      130 |      2771
     1560 |     +3.3% |       0 |      142 |      2381
     1950 |     +3.5% |       0 |      153 |      1991
     2340 |     +3.6% |       0 |      157 |      1601
     2730 |     +3.9% |       0 |      169 |      1211
     3120 |     +4.2% |       0 |      185 |       821
     3510 |     +4.3% |       3 |      195 |       431
     3900 |     +7.5% |       3 |      336 |        41
    final |     +8.7% |       4 |      389 |         0
-------------------------------------------------------
[INFO GPL-0106] Timing-driven: worst slack -1.3324957e-09
[INFO GPL-0107] Timing-driven: repair_design delta area: 2958.688 um^2 (+9.48%)
[INFO GPL-0108] Timing-driven: repair_design, gpl delta gcells: 389 (+12.53%)
[INFO GPL-0109] Timing-driven: repair_design, gcells created: 393, deleted: 4
[INFO GPL-0110] Timing-driven: new target density: 0.33791712
[INFO GPL-0038] Routability snapshot saved at iter = 220
      219 |   0.5952 |  6.046471e+04 |          |           |      
Iteration | Overflow |     HPWL (um) |  HPWL(%) |   Penalty | Group
---------------------------------------------------------------
      220 |   0.5908 |  6.072989e+04 |   +6.97% |  5.57e-10 |      
      230 |   0.5620 |  6.124767e+04 |   +0.85% |  9.08e-10 |      
      240 |   0.5408 |  6.163275e+04 |   +0.63% |  1.48e-09 |      
      250 |   0.5077 |  6.217397e+04 |   +0.88% |  2.41e-09 |      
      260 |   0.4649 |  6.255840e+04 |   +0.62% |  3.92e-09 |      
      270 |   0.4294 |  6.335361e+04 |   +1.27% |  6.39e-09 |      
      280 |   0.3893 |  6.435479e+04 |   +1.58% |  1.04e-08 |      
      290 |   0.3505 |  6.508639e+04 |   +1.14% |  1.69e-08 |      
      300 |   0.3185 |  6.566100e+04 |   +0.88% |  2.55e-08 |      
[INFO GPL-0040] Routability iteration: 1
[INFO GPL-0041] Total routing overflow: 0.0702
[INFO GPL-0042] Number of overflowed tiles: 1 (0.03%)
[INFO GPL-0043] Average top 0.5% routing congestion: 0.8902
[INFO GPL-0044] Average top 1.0% routing congestion: 0.8584
[INFO GPL-0045] Average top 2.0% routing congestion: 0.8281
[INFO GPL-0046] Average top 5.0% routing congestion: 0.7858
[INFO GPL-0047] Routability iteration weighted routing congestion: 0.8743
[INFO GPL-0050] Weighted routing congestion is lower than target routing congestion(1.0100), end routability optimization.
[INFO GPL-0090] Routability finished. Target routing congestion achieved succesfully.
Iteration | Overflow |     HPWL (um) |  HPWL(%) |   Penalty | Group
---------------------------------------------------------------
      310 |   0.2923 |  6.614834e+04 |   +0.74% |  3.75e-08 |      
      320 |   0.2634 |  6.654284e+04 |   +0.60% |  5.53e-08 |      
      330 |   0.2361 |  6.693745e+04 |   +0.59% |  8.14e-08 |      
      340 |   0.2099 |  6.735636e+04 |   +0.63% |  1.20e-07 |      
[INFO GPL-0100] Timing-driven iteration 2/2, virtual: false.
[INFO GPL-0101]    Iter: 348, overflow: 0.193, keep resizer changes at: 1, HPWL: 67669904
Iteration |   Area    | Resized | Buffers | Nets repaired | Remaining
---------------------------------------------------------------------
        0 |     +0.0% |       0 |       0 |             0 |      4460
    final |     +0.0% |       0 |       0 |             0 |         0
---------------------------------------------------------------------
   Iter   |    Area   | Removed | Inserted |   Pins
          |           | Buffers | Buffers  | Remaining
-------------------------------------------------------
        0 |     +0.0% |       0 |        0 |      3941
      390 |     +0.0% |       1 |        3 |      3551
      780 |     +0.2% |      74 |       82 |      3161
     1170 |     +0.3% |     130 |      145 |      2771
     1560 |     +0.5% |     142 |      167 |      2381
     1950 |     +0.6% |     153 |      182 |      1991
     2340 |     +0.6% |     157 |      187 |      1601
     2730 |     +0.7% |     169 |      201 |      1211
     3120 |     +0.7% |     185 |      220 |       821
     3510 |     +0.7% |     195 |      232 |       431
     3900 |     +1.2% |     336 |      394 |        41
    final |     +1.4% |     389 |      456 |         0
-------------------------------------------------------
[INFO GPL-0106] Timing-driven: worst slack -1.2042025e-09
[INFO GPL-0107] Timing-driven: repair_design delta area: 490.470 um^2 (+1.44%)
[INFO GPL-0108] Timing-driven: repair_design, gpl delta gcells: 67 (+1.92%)
[INFO GPL-0109] Timing-driven: repair_design, gcells created: 456, deleted: 389
[INFO GPL-0110] Timing-driven: new target density: 0.34138462
Iteration | Overflow |     HPWL (um) |  HPWL(%) |   Penalty | Group
---------------------------------------------------------------
      350 |   0.1900 |  6.943654e+04 |   +3.09% |  1.77e-07 |      
      360 |   0.1681 |  6.953714e+04 |   +0.14% |  2.60e-07 |      
      370 |   0.1464 |  6.978554e+04 |   +0.36% |  3.83e-07 |      
      380 |   0.1294 |  6.999424e+04 |   +0.30% |  5.65e-07 |      
      390 |   0.1147 |  7.028676e+04 |   +0.42% |  8.32e-07 |      
      400 |   0.0992 |  7.057657e+04 |   +0.41% |  1.23e-06 |      
      400 |   0.0992 |  7.057657e+04 |          |  1.27e-06 |      
---------------------------------------------------------------
[INFO GPL-1001] Global placement finished at iteration 400
[INFO GPL-1003] Routability mode iteration count: 88
[INFO GPL-1005] Routability final weighted congestion: 0.7852
[INFO GPL-1002] Placed Cell Area            34667.9539
[INFO GPL-1003] Available Free Area         141448.1600
[INFO GPL-1004] Minimum Feasible Density        0.2300 (cell_area / free_area)
[INFO GPL-1006]   Suggested Target Densities:
[INFO GPL-1007]     - For 90% usage of free space: 0.2723
[INFO GPL-1008]     - For 80% usage of free space: 0.3064
[INFO GPL-1009]     - For 50% usage of free space: 0.4902
[INFO GPL-1011] Original area (um^2): 31218.80
[INFO GPL-1012] Total routability artificial inflation: 0.00 (+0.00%)
[INFO GPL-1013] Total timing-driven delta area: 3449.16 (+11.05%)
[INFO GPL-1014] Final placement area: 34667.95 (+11.05%)
estimate_parasitics -placement
Report metrics stage 3, global place...

==========================================================================
global place report_design_area
--------------------------------------------------------------------------
Design area 36126 um^2 25% utilization.
write_db /home/harish_d1121/Spec_to_Tapeout-main/openroad_runs/p5/results/sky130hd/dot_product/base/3_3_place_gp.odb
Elapsed time: 0:02.82[h:]min:sec. CPU time: user 4.66 sys 0.64 (187%). Peak memory: 261552KB.
Log                        Elapsed/s Peak Memory/MB  sha1sum .odb [0:20)
3_3_place_gp                       2            255 9690fbfef27fd1b44643
