OpenROAD 26Q2-339-g0504146ce6 
Features included (+) or not (-): +GPU +GUI +Python
This program is licensed under the BSD-3 license. See the LICENSE file for details.
Components of this program may be licensed under more restrictive licenses which must be honored.
[INFO ORD-0030] Using 4 thread(s).
read_liberty /home/harish_d1121/OpenROAD-flow-scripts/flow/platforms/sky130hd/lib/sky130_fd_sc_hd__tt_025C_1v80.lib
read_db /home/harish_d1121/Spec_to_Tapeout-main/openroad_runs/p3/results/sky130hd/seq_detect_101/base/3_4_place_resized.odb
read_sdc /home/harish_d1121/Spec_to_Tapeout-main/openroad_runs/p3/results/sky130hd/seq_detect_101/base/2_floorplan.sdc
source /home/harish_d1121/OpenROAD-flow-scripts/flow/platforms/sky130hd/setRC.tcl
detailed_placement
[INFO DPL-0006] Core area: 1559.00 um^2, Instances area: 146.39 um^2, Utilization: 9.4%
[INFO DPL-0005] Diamond search max displacement: +/- 500 sites horizontally, +/- 100 rows vertically.
[INFO DPL-1101] Legalizing using diamond search.
Movements Summary
---------------------------------------
Total cells:                      10
Diamond Move Success:             10 (100.00%)
Diamond Move Failure:              0
Rip-up and replace Success:        0 (  0.00% of diamond failures)
Rip-up and replace Failure:        0
Total Placement Failures:          0
---------------------------------------
Placement Analysis
---------------------------------
total displacement          9.9 u
average displacement        0.4 u
max displacement            3.2 u
original HPWL             172.0 u
legalized HPWL            185.2 u
delta HPWL                    8 %

improve_placement -max_displacement "5 1"
Detailed placement improvement.
[INFO DPL-0401] Setting random seed to 1.
[INFO DPL-0402] Setting maximum displacement 5 1 to 13600 2720 units.
[INFO DPL-0320] Collected 20 fixed cells.
[INFO DPL-0318] Collected 10 single height cells.
[INFO DPL-0321] Collected 0 wide cells.
[INFO DPL-0322] Image (6440, 8160) - (47380, 46240)
[INFO DPL-0310] Assigned 10 cells into segments.  Movement in X-direction is 0.000000, movement in Y-direction is 0.000000.
[INFO DPL-0313] Found 0 cells in wrong regions.
[INFO DPL-0315] Found 0 row alignment problems.
[INFO DPL-0314] Found 0 site alignment problems.
[INFO DPL-0311] Found 0 overlaps between adjacent cells.
[INFO DPL-0312] Found 0 edge spacing violations and 0 padding violations.
[INFO DPL-0303] Running algorithm for independent set matching.
[INFO DPL-0300] Set matching objective is wirelength.
[INFO DPL-0301] Pass   1 of matching; objective is 1.848830e+05.
[INFO DPL-0302] End of matching; objective is 1.848830e+05, improvement is 0.00 percent.
[INFO DPL-0303] Running algorithm for global swaps.
[INFO DPL-0306] Pass   1 of global swaps; hpwl is 1.630290e+05.
[INFO DPL-0306] Pass   2 of global swaps; hpwl is 1.630290e+05.
[INFO DPL-0307] End of global swaps; objective is 1.630290e+05, improvement is 11.82 percent.
[INFO DPL-0303] Running algorithm for vertical swaps.
[INFO DPL-0308] Pass   1 of vertical swaps; hpwl is 1.607680e+05.
[INFO DPL-0308] Pass   2 of vertical swaps; hpwl is 1.607680e+05.
[INFO DPL-0309] End of vertical swaps; objective is 1.607680e+05, improvement is 1.39 percent.
[INFO DPL-0303] Running algorithm for reordering.
[INFO DPL-0304] Pass   1 of reordering; objective is 1.607680e+05.
[INFO DPL-0305] End of reordering; objective is 1.607680e+05, improvement is 0.00 percent.
[INFO DPL-0303] Running algorithm for random improvement.
[INFO DPL-0324] Random improver is using random generator.
[INFO DPL-0325] Random improver is using hpwl objective.
[INFO DPL-0326] Random improver cost string is (a).
[INFO DPL-0332] End of pass, Generator random called 200 times.
[INFO DPL-0335] Generator random, Cumulative attempts 200, swaps 7, moves   100 since last reset.
[INFO DPL-0333] End of pass, Objective hpwl, Initial cost 1.607680e+05, Scratch cost 1.604120e+05, Incremental cost 1.604120e+05, Mismatch? N
[INFO DPL-0338] End of pass, Total cost is 1.604120e+05.
[INFO DPL-0327] Pass   1 of random improver; improvement in cost is 0.22 percent.
[INFO DPL-0328] End of random improver; improvement is 0.221437 percent.
[INFO DPL-0380] Cell flipping.
[INFO DPL-0382] Changed 0 cell orientations for row compatibility.
[INFO DPL-0383] Performed 1 cell flips.
[INFO DPL-0384] End of flipping; objective is 1.597760e+05, improvement is 0.40 percent.
[INFO DPL-0313] Found 0 cells in wrong regions.
[INFO DPL-0315] Found 0 row alignment problems.
[INFO DPL-0314] Found 0 site alignment problems.
[INFO DPL-0311] Found 0 overlaps between adjacent cells.
[INFO DPL-0312] Found 0 edge spacing violations and 0 padding violations.
Detailed Improvement Results
------------------------------------------
Original HPWL              185.2 u (      90.8,       94.4)
Final HPWL                 159.0 u (      76.1,       82.9)
Delta HPWL                 -14.1 % (     -16.2,      -12.2)

optimize_mirroring
[INFO FLW-0012] Placement violations .
estimate_parasitics -placement
Report metrics stage 3, detailed place...

==========================================================================
detailed place report_design_area
--------------------------------------------------------------------------
Design area 146 um^2 9% utilization.
write_db /home/harish_d1121/Spec_to_Tapeout-main/openroad_runs/p3/results/sky130hd/seq_detect_101/base/3_5_place_dp.odb
Elapsed time: 0:00.33[h:]min:sec. CPU time: user 0.29 sys 0.04 (98%). Peak memory: 121164KB.
Log                        Elapsed/s Peak Memory/MB  sha1sum .odb [0:20)
3_5_place_dp                       0            118 5b69a3a64391bc1595ad
