OpenROAD 26Q2-339-g0504146ce6 
Features included (+) or not (-): +GPU +GUI +Python
This program is licensed under the BSD-3 license. See the LICENSE file for details.
Components of this program may be licensed under more restrictive licenses which must be honored.
[INFO ORD-0030] Using 4 thread(s).
read_liberty /home/harish_d1121/OpenROAD-flow-scripts/flow/platforms/sky130hd/lib/sky130_fd_sc_hd__tt_025C_1v80.lib
read_db /home/harish_d1121/Spec_to_Tapeout-main/openroad_runs/p3/results/sky130hd/seq_detect_101/base/5_1_grt.odb
read_sdc /home/harish_d1121/Spec_to_Tapeout-main/openroad_runs/p3/results/sky130hd/seq_detect_101/base/5_1_grt.sdc
source /home/harish_d1121/OpenROAD-flow-scripts/flow/platforms/sky130hd/setRC.tcl
detailed_route -output_drc /home/harish_d1121/Spec_to_Tapeout-main/openroad_runs/p3/reports/sky130hd/seq_detect_101/base/5_route_drc.rpt -output_maze /home/harish_d1121/Spec_to_Tapeout-main/openroad_runs/p3/results/sky130hd/seq_detect_101/base/maze.log -droute_end_iter 64 -verbose 1 -drc_report_iter_step 5
[INFO DRT-0149] Reading tech and libs.
[WARNING DRT-0349] LEF58_ENCLOSURE with no CUTCLASS is not supported. Skipping for layer mcon
[WARNING DRT-0349] LEF58_ENCLOSURE with no CUTCLASS is not supported. Skipping for layer mcon
[WARNING DRT-0349] LEF58_ENCLOSURE with no CUTCLASS is not supported. Skipping for layer via
[WARNING DRT-0349] LEF58_ENCLOSURE with no CUTCLASS is not supported. Skipping for layer via
[WARNING DRT-0349] LEF58_ENCLOSURE with no CUTCLASS is not supported. Skipping for layer via2
[WARNING DRT-0349] LEF58_ENCLOSURE with no CUTCLASS is not supported. Skipping for layer via2
[WARNING DRT-0349] LEF58_ENCLOSURE with no CUTCLASS is not supported. Skipping for layer via3
[WARNING DRT-0349] LEF58_ENCLOSURE with no CUTCLASS is not supported. Skipping for layer via3
[WARNING DRT-0349] LEF58_ENCLOSURE with no CUTCLASS is not supported. Skipping for layer via4
[WARNING DRT-0349] LEF58_ENCLOSURE with no CUTCLASS is not supported. Skipping for layer via4

Units:                1000
Number of layers:     13
Number of macros:     441
Number of vias:       29
Number of viarulegen: 25

[INFO DRT-0150] Reading design.

Design:                   seq_detect_101
Die area:                 ( 0 0 ) ( 53555 53555 )
Number of track patterns: 12
Number of DEF vias:       0
Number of components:     26
Number of terminals:      6
Number of snets:          2
Number of nets:           13

[INFO DRT-0167] List of default vias:
  Layer via
    default via: M1M2_PR
  Layer via2
    default via: M2M3_PR
  Layer via3
    default via: M3M4_PR
  Layer via4
    default via: M4M5_PR
[INFO DRT-0162] Library cell analysis.
[INFO DRT-0163] Instance analysis.
[INFO DRT-0164] Number of unique instances = 9.
[INFO DRT-0168] Init region query.
[INFO DRT-0024]   Complete FR_MASTERSLICE.
[INFO DRT-0024]   Complete Fr_VIA.
[INFO DRT-0024]   Complete li1.
[INFO DRT-0024]   Complete mcon.
[INFO DRT-0024]   Complete met1.
[INFO DRT-0024]   Complete via.
[INFO DRT-0024]   Complete met2.
[INFO DRT-0024]   Complete via2.
[INFO DRT-0024]   Complete met3.
[INFO DRT-0024]   Complete via3.
[INFO DRT-0024]   Complete met4.
[INFO DRT-0024]   Complete via4.
[INFO DRT-0024]   Complete met5.
[INFO DRT-0033] FR_MASTERSLICE shape region query size = 0.
[INFO DRT-0033] FR_VIA shape region query size = 0.
[INFO DRT-0033] li1 shape region query size = 423.
[INFO DRT-0033] mcon shape region query size = 252.
[INFO DRT-0033] met1 shape region query size = 114.
[INFO DRT-0033] via shape region query size = 115.
[INFO DRT-0033] met2 shape region query size = 70.
[INFO DRT-0033] via2 shape region query size = 92.
[INFO DRT-0033] met3 shape region query size = 72.
[INFO DRT-0033] via3 shape region query size = 92.
[INFO DRT-0033] met4 shape region query size = 29.
[INFO DRT-0033] via4 shape region query size = 3.
[INFO DRT-0033] met5 shape region query size = 7.
[INFO DRT-0165] Start pin access.
[INFO DRT-0078]   Complete 53 pins.
[INFO DRT-0081]   Complete 9 unique inst patterns.
[INFO DRT-0084]   Complete 8 groups.
#scanned instances     = 26
#unique  instances     = 9
#stdCellGenAp          = 149
#stdCellValidPlanarAp  = 0
#stdCellValidViaAp     = 101
#stdCellPinNoAp        = 0
#stdCellPinCnt         = 28
#instTermValidViaApCnt = 0
#macroGenAp            = 0
#macroValidPlanarAp    = 0
#macroValidViaAp       = 0
#macroNoAp             = 0
[INFO DRT-0166] Complete pin access.
[INFO DRT-0267] cpu time = 00:00:01, elapsed time = 00:00:00, memory = 200.77 (MB), peak = 200.77 (MB)

[INFO DRT-0157] Number of guides:     59

[INFO DRT-0169] Post process guides.
[INFO DRT-0176] GCELLGRID X 0 DO 7 STEP 6900 ;
[INFO DRT-0177] GCELLGRID Y 0 DO 7 STEP 6900 ;
[INFO DRT-0028]   Complete FR_MASTERSLICE.
[INFO DRT-0028]   Complete Fr_VIA.
[INFO DRT-0028]   Complete li1.
[INFO DRT-0028]   Complete mcon.
[INFO DRT-0028]   Complete met1.
[INFO DRT-0028]   Complete via.
[INFO DRT-0028]   Complete met2.
[INFO DRT-0028]   Complete via2.
[INFO DRT-0028]   Complete met3.
[INFO DRT-0028]   Complete via3.
[INFO DRT-0028]   Complete met4.
[INFO DRT-0028]   Complete via4.
[INFO DRT-0028]   Complete met5.
[INFO DRT-0178] Init guide query.
[INFO DRT-0035]   Complete FR_MASTERSLICE (guide).
[INFO DRT-0035]   Complete Fr_VIA (guide).
[INFO DRT-0035]   Complete li1 (guide).
[INFO DRT-0035]   Complete mcon (guide).
[INFO DRT-0035]   Complete met1 (guide).
[INFO DRT-0035]   Complete via (guide).
[INFO DRT-0035]   Complete met2 (guide).
[INFO DRT-0035]   Complete via2 (guide).
[INFO DRT-0035]   Complete met3 (guide).
[INFO DRT-0035]   Complete via3 (guide).
[INFO DRT-0035]   Complete met4 (guide).
[INFO DRT-0035]   Complete via4 (guide).
[INFO DRT-0035]   Complete met5 (guide).
[INFO DRT-0036] FR_MASTERSLICE guide region query size = 0.
[INFO DRT-0036] FR_VIA guide region query size = 0.
[INFO DRT-0036] li1 guide region query size = 21.
[INFO DRT-0036] mcon guide region query size = 0.
[INFO DRT-0036] met1 guide region query size = 15.
[INFO DRT-0036] via guide region query size = 0.
[INFO DRT-0036] met2 guide region query size = 10.
[INFO DRT-0036] via2 guide region query size = 0.
[INFO DRT-0036] met3 guide region query size = 3.
[INFO DRT-0036] via3 guide region query size = 0.
[INFO DRT-0036] met4 guide region query size = 0.
[INFO DRT-0036] via4 guide region query size = 0.
[INFO DRT-0036] met5 guide region query size = 0.
[INFO DRT-0179] Init gr pin query.
[INFO DRT-0267] cpu time = 00:00:00, elapsed time = 00:00:00, memory = 200.89 (MB), peak = 200.89 (MB)
[INFO DRT-0245] skipped writing guide updates to database.
[INFO DRT-0181] Start track assignment.
[INFO DRT-0184] Done with 31 vertical wires in 1 frboxes and 18 horizontal wires in 1 frboxes.
[INFO DRT-0186] Done with 0 vertical wires in 1 frboxes and 1 horizontal wires in 1 frboxes.
[INFO DRT-0182] Complete track assignment.
[INFO DRT-0267] cpu time = 00:00:00, elapsed time = 00:00:00, memory = 200.89 (MB), peak = 200.89 (MB)
[INFO DRT-0187] Start routing data preparation.
[INFO DRT-0267] cpu time = 00:00:00, elapsed time = 00:00:00, memory = 200.89 (MB), peak = 200.89 (MB)
[INFO DRT-0194] Start detail routing.
[INFO DRT-0195] Start 0th optimization iteration.
    Completing 100% with 0 violations.
    elapsed time = 00:00:00, memory = 203.39 (MB).
[INFO DRT-0199]   Number of violations = 0.
[INFO DRT-0267] cpu time = 00:00:00, elapsed time = 00:00:00, memory = 553.64 (MB), peak = 565.64 (MB)
Total wire length = 158 um.
Total wire length on LAYER li1 = 0 um.
Total wire length on LAYER met1 = 49 um.
Total wire length on LAYER met2 = 76 um.
Total wire length on LAYER met3 = 32 um.
Total wire length on LAYER met4 = 0 um.
Total wire length on LAYER met5 = 0 um.
Total number of vias = 55.
Up-via summary (total 55):

---------------------
 FR_MASTERSLICE     0
            li1    28
           met1    24
           met2     3
           met3     0
           met4     0
---------------------
               55


[INFO DRT-0198] Complete detail routing.
Total wire length = 158 um.
Total wire length on LAYER li1 = 0 um.
Total wire length on LAYER met1 = 49 um.
Total wire length on LAYER met2 = 76 um.
Total wire length on LAYER met3 = 32 um.
Total wire length on LAYER met4 = 0 um.
Total wire length on LAYER met5 = 0 um.
Total number of vias = 55.
Up-via summary (total 55):

---------------------
 FR_MASTERSLICE     0
            li1    28
           met1    24
           met2     3
           met3     0
           met4     0
---------------------
               55


[INFO DRT-0267] cpu time = 00:00:00, elapsed time = 00:00:00, memory = 553.89 (MB), peak = 565.64 (MB)

[INFO DRT-0180] Post processing.
[INFO GRT-0012] Found 0 antenna violations.
[INFO ANT-0002] Found 0 net violations.
[INFO ANT-0001] Found 0 pin violations.
[INFO ANT-0002] Found 0 net violations.
[INFO ANT-0001] Found 0 pin violations.
Design area 146 um^2 9% utilization.
write_db /home/harish_d1121/Spec_to_Tapeout-main/openroad_runs/p3/results/sky130hd/seq_detect_101/base/5_2_route.odb
Elapsed time: 0:01.24[h:]min:sec. CPU time: user 2.03 sys 0.25 (183%). Peak memory: 579212KB.
Log                        Elapsed/s Peak Memory/MB  sha1sum .odb [0:20)
5_2_route                          1            565 71875c3986be997d47ce
