
==========================================================================
resizer report_tns
--------------------------------------------------------------------------
tns max 0.00

==========================================================================
resizer report_wns
--------------------------------------------------------------------------
wns max 0.00

==========================================================================
resizer report_worst_slack
--------------------------------------------------------------------------
worst slack max INF

==========================================================================
resizer report_clock_min_period
--------------------------------------------------------------------------

==========================================================================
resizer report_checks -path_delay min
--------------------------------------------------------------------------
No paths found.

==========================================================================
resizer report_checks -path_delay max
--------------------------------------------------------------------------
No paths found.

==========================================================================
resizer report_checks -unconstrained
--------------------------------------------------------------------------
Startpoint: last_sample$_DFF_P_ (rising edge-triggered flip-flop)
Endpoint: stable_count[1]$_DFF_P_ (rising edge-triggered flip-flop)
Path Group: unconstrained
Path Type: max

Fanout     Cap    Slew   Delay    Time   Description
-----------------------------------------------------------------------------
                  0.15    0.00    0.00 ^ last_sample$_DFF_P_/CLK (sky130_fd_sc_hd__dfxtp_1)
     3    0.01    0.12    0.40    0.40 ^ last_sample$_DFF_P_/Q (sky130_fd_sc_hd__dfxtp_1)
                                         last_sample (net)
                  0.12    0.00    0.40 ^ _16_/A (sky130_fd_sc_hd__inv_1)
     1    0.00    0.04    0.05    0.45 v _16_/Y (sky130_fd_sc_hd__inv_1)
                                         _06_ (net)
                  0.04    0.00    0.45 v _27_/A (sky130_fd_sc_hd__ha_1)
     2    0.01    0.08    0.29    0.74 ^ _27_/SUM (sky130_fd_sc_hd__ha_1)
                                         _05_ (net)
                  0.08    0.00    0.74 ^ _20_/C_N (sky130_fd_sc_hd__nor3b_1)
     1    0.00    0.15    0.17    0.91 ^ _20_/Y (sky130_fd_sc_hd__nor3b_1)
                                         _02_[1] (net)
                  0.15    0.00    0.91 ^ stable_count[1]$_DFF_P_/D (sky130_fd_sc_hd__dfxtp_1)
                                  0.91   data arrival time
-----------------------------------------------------------------------------
(Path is unconstrained)



==========================================================================
resizer report_check_types -max_slew -max_cap -max_fanout -violators
--------------------------------------------------------------------------

==========================================================================
resizer max_slew_check_slack
--------------------------------------------------------------------------
1.3083752393722534

==========================================================================
resizer max_slew_check_limit
--------------------------------------------------------------------------
1.4953149557113647

==========================================================================
resizer max_slew_check_slack_limit
--------------------------------------------------------------------------
0.8750

==========================================================================
resizer max_fanout_check_slack
--------------------------------------------------------------------------
1.0000000150474662e+30

==========================================================================
resizer max_fanout_check_limit
--------------------------------------------------------------------------
1.0000000150474662e+30

==========================================================================
resizer max_capacitance_check_slack
--------------------------------------------------------------------------
0.0470363013446331

==========================================================================
resizer max_capacitance_check_limit
--------------------------------------------------------------------------
0.04944799840450287

==========================================================================
resizer max_capacitance_check_slack_limit
--------------------------------------------------------------------------
0.9512

==========================================================================
resizer max_slew_violation_count
--------------------------------------------------------------------------
max slew violation count 0

==========================================================================
resizer max_fanout_violation_count
--------------------------------------------------------------------------
max fanout violation count 0

==========================================================================
resizer max_cap_violation_count
--------------------------------------------------------------------------
max cap violation count 0

==========================================================================
resizer setup_violation_count
--------------------------------------------------------------------------
setup violation count 0

==========================================================================
resizer hold_violation_count
--------------------------------------------------------------------------
hold violation count 0

==========================================================================
resizer report_checks -path_delay max reg to reg
--------------------------------------------------------------------------
No paths found.

==========================================================================
resizer report_checks -path_delay min reg to reg
--------------------------------------------------------------------------
No paths found.

==========================================================================
resizer critical path target clock latency max path
--------------------------------------------------------------------------
0

==========================================================================
resizer critical path target clock latency min path
--------------------------------------------------------------------------
0

==========================================================================
resizer critical path source clock latency min path
--------------------------------------------------------------------------
0

==========================================================================
resizer critical path delay
--------------------------------------------------------------------------
-1

==========================================================================
resizer critical path slack
--------------------------------------------------------------------------
0

==========================================================================
resizer slack div critical path delay
--------------------------------------------------------------------------
0.000000

==========================================================================
resizer report_power
--------------------------------------------------------------------------
Group                  Internal  Switching    Leakage      Total
                          Power      Power      Power      Power (Watts)
----------------------------------------------------------------
Sequential             1.09e-05   2.15e-06   3.30e-11   1.31e-05  31.2%
Combinational          1.77e-05   1.11e-05   5.05e-11   2.89e-05  68.8%
Clock                  0.00e+00   0.00e+00   0.00e+00   0.00e+00   0.0%
Macro                  0.00e+00   0.00e+00   0.00e+00   0.00e+00   0.0%
Pad                    0.00e+00   0.00e+00   0.00e+00   0.00e+00   0.0%
----------------------------------------------------------------
Total                  2.87e-05   1.33e-05   8.36e-11   4.20e-05 100.0%
                          68.3%      31.7%       0.0%
