
==========================================================================
global place report_tns
--------------------------------------------------------------------------
tns max -26.66

==========================================================================
global place report_wns
--------------------------------------------------------------------------
wns max -1.28

==========================================================================
global place report_worst_slack
--------------------------------------------------------------------------
worst slack max -1.28

==========================================================================
global place report_clock_min_period
--------------------------------------------------------------------------
clk period_min = 5.78 fmax = 172.92

==========================================================================
global place report_checks -path_delay min
--------------------------------------------------------------------------
Startpoint: rst (input port clocked by clk)
Endpoint: prod_regs[2][14]$_DFF_P_
          (rising edge-triggered flip-flop clocked by clk)
Path Group: clk
Path Type: min

Fanout     Cap    Slew   Delay    Time   Description
-----------------------------------------------------------------------------
                  0.00    0.00    0.00   clock clk (rise edge)
                          0.00    0.00   clock network delay (ideal)
                          0.00    0.00 v input external delay
     1    0.02    0.00    0.00    0.00 v rst (in)
                                         rst (net)
                  0.00    0.00    0.00 v input129/A (sky130_fd_sc_hd__buf_6)
    40    0.21    0.18    0.19    0.20 v input129/X (sky130_fd_sc_hd__buf_6)
                                         net129 (net)
                  0.19    0.04    0.23 v _6365_/A (sky130_fd_sc_hd__nor2_1)
     1    0.00    0.06    0.13    0.37 ^ _6365_/Y (sky130_fd_sc_hd__nor2_1)
                                         _0004_[14] (net)
                  0.06    0.00    0.37 ^ prod_regs[2][14]$_DFF_P_/D (sky130_fd_sc_hd__dfxtp_1)
                                  0.37   data arrival time

                  0.00    0.00    0.00   clock clk (rise edge)
                          0.00    0.00   clock network delay (ideal)
                          0.00    0.00   clock reconvergence pessimism
                                  0.00 ^ prod_regs[2][14]$_DFF_P_/CLK (sky130_fd_sc_hd__dfxtp_1)
                         -0.04   -0.04   library hold time
                                 -0.04   data required time
-----------------------------------------------------------------------------
                                 -0.04   data required time
                                 -0.37   data arrival time
-----------------------------------------------------------------------------
                                  0.41   slack (MET)



==========================================================================
global place report_checks -path_delay max
--------------------------------------------------------------------------
Startpoint: A[40] (input port clocked by clk)
Endpoint: prod_regs[5][15]$_DFF_P_
          (rising edge-triggered flip-flop clocked by clk)
Path Group: clk
Path Type: max

Fanout     Cap    Slew   Delay    Time   Description
-----------------------------------------------------------------------------
                  0.00    0.00    0.00   clock clk (rise edge)
                          0.00    0.00   clock network delay (ideal)
                          0.00    0.00 ^ input external delay
     1    0.02    0.00    0.00    0.00 ^ A[40] (in)
                                         A[40] (net)
                  0.00    0.00    0.00 ^ input35/A (sky130_fd_sc_hd__clkdlybuf4s50_1)
     7    0.03    0.25    0.61    0.61 ^ input35/X (sky130_fd_sc_hd__clkdlybuf4s50_1)
                                         net35 (net)
                  0.25    0.00    0.61 ^ _6272_/A (sky130_fd_sc_hd__nand2_1)
     1    0.01    0.10    0.12    0.73 v _6272_/Y (sky130_fd_sc_hd__nand2_1)
                                         _4441_ (net)
                  0.10    0.00    0.73 v _8220_/A (sky130_fd_sc_hd__fa_1)
     1    0.00    0.06    0.55    1.28 ^ _8220_/SUM (sky130_fd_sc_hd__fa_1)
                                         _0456_ (net)
                  0.06    0.00    1.28 ^ _7816_/A (sky130_fd_sc_hd__inv_1)
     1    0.00    0.03    0.05    1.33 v _7816_/Y (sky130_fd_sc_hd__inv_1)
                                         _4883_ (net)
                  0.03    0.00    1.33 v _8715_/A (sky130_fd_sc_hd__ha_1)
     1    0.00    0.05    0.27    1.60 ^ _8715_/SUM (sky130_fd_sc_hd__ha_1)
                                         _0457_ (net)
                  0.05    0.00    1.60 ^ _7140_/A (sky130_fd_sc_hd__inv_1)
     1    0.01    0.04    0.05    1.66 v _7140_/Y (sky130_fd_sc_hd__inv_1)
                                         _4445_ (net)
                  0.04    0.00    1.66 v _8222_/A (sky130_fd_sc_hd__fa_1)
     1    0.00    0.06    0.53    2.19 ^ _8222_/SUM (sky130_fd_sc_hd__fa_1)
                                         _4447_ (net)
                  0.06    0.00    2.19 ^ _6853_/A (sky130_fd_sc_hd__inv_1)
     1    0.01    0.04    0.06    2.25 v _6853_/Y (sky130_fd_sc_hd__inv_1)
                                         _0467_ (net)
                  0.04    0.00    2.25 v _8223_/A (sky130_fd_sc_hd__fa_1)
     1    0.01    0.10    0.50    2.75 v _8223_/SUM (sky130_fd_sc_hd__fa_1)
                                         _0472_ (net)
                  0.10    0.00    2.75 v _8224_/A (sky130_fd_sc_hd__fa_1)
     2    0.01    0.09    0.45    3.20 v _8224_/COUT (sky130_fd_sc_hd__fa_1)
                                         _0512_ (net)
                  0.09    0.00    3.20 v _6181_/A1 (sky130_fd_sc_hd__a21o_1)
     1    0.00    0.04    0.17    3.38 v _6181_/X (sky130_fd_sc_hd__a21o_1)
                                         _5138_ (net)
                  0.04    0.00    3.38 v _6182_/A2 (sky130_fd_sc_hd__a21oi_1)
     2    0.01    0.19    0.20    3.58 ^ _6182_/Y (sky130_fd_sc_hd__a21oi_1)
                                         _0600_ (net)
                  0.19    0.00    3.58 ^ _6369_/A2 (sky130_fd_sc_hd__o21bai_1)
     2    0.01    0.07    0.11    3.68 v _6369_/Y (sky130_fd_sc_hd__o21bai_1)
                                         _5195_ (net)
                  0.07    0.00    3.68 v _6370_/A2 (sky130_fd_sc_hd__a2111oi_0)
     1    0.01    0.48    0.49    4.18 ^ _6370_/Y (sky130_fd_sc_hd__a2111oi_0)
                                         _5196_ (net)
                  0.48    0.00    4.18 ^ place546/A (sky130_fd_sc_hd__buf_4)
     2    0.01    0.04    0.20    4.37 ^ place546/X (sky130_fd_sc_hd__buf_4)
                                         net546 (net)
                  0.04    0.00    4.37 ^ _7569_/A1 (sky130_fd_sc_hd__o21ai_0)
     1    0.01    0.12    0.12    4.50 v _7569_/Y (sky130_fd_sc_hd__o21ai_0)
                                         _0815_ (net)
                  0.12    0.00    4.50 v _8272_/B (sky130_fd_sc_hd__fa_1)
     1    0.00    0.08    0.42    4.92 v _8272_/COUT (sky130_fd_sc_hd__fa_1)
                                         _4504_ (net)
                  0.08    0.00    4.92 v _7363_/B (sky130_fd_sc_hd__xor2_1)
     1    0.01    0.06    0.16    5.08 v _7363_/X (sky130_fd_sc_hd__xor2_1)
                                         _5527_ (net)
                  0.06    0.00    5.08 v _7364_/B (sky130_fd_sc_hd__xnor2_1)
     1    0.01    0.18    0.18    5.26 ^ _7364_/Y (sky130_fd_sc_hd__xnor2_1)
                                         _5528_ (net)
                  0.18    0.00    5.26 ^ _7365_/B (sky130_fd_sc_hd__xnor2_1)
     1    0.00    0.15    0.15    5.42 ^ _7365_/Y (sky130_fd_sc_hd__xnor2_1)
                                         _5529_ (net)
                  0.15    0.00    5.42 ^ _7366_/B (sky130_fd_sc_hd__xnor2_1)
     1    0.00    0.06    0.09    5.51 v _7366_/Y (sky130_fd_sc_hd__xnor2_1)
                                         _5530_ (net)
                  0.06    0.00    5.51 v _7369_/A2 (sky130_fd_sc_hd__o21a_1)
     1    0.00    0.03    0.16    5.67 v _7369_/X (sky130_fd_sc_hd__o21a_1)
                                         _0007_[15] (net)
                  0.03    0.00    5.67 v prod_regs[5][15]$_DFF_P_/D (sky130_fd_sc_hd__dfxtp_1)
                                  5.67   data arrival time

                  0.00    4.50    4.50   clock clk (rise edge)
                          0.00    4.50   clock network delay (ideal)
                          0.00    4.50   clock reconvergence pessimism
                                  4.50 ^ prod_regs[5][15]$_DFF_P_/CLK (sky130_fd_sc_hd__dfxtp_1)
                         -0.11    4.39   library setup time
                                  4.39   data required time
-----------------------------------------------------------------------------
                                  4.39   data required time
                                 -5.67   data arrival time
-----------------------------------------------------------------------------
                                 -1.28   slack (VIOLATED)



==========================================================================
global place report_checks -unconstrained
--------------------------------------------------------------------------
Startpoint: A[40] (input port clocked by clk)
Endpoint: prod_regs[5][15]$_DFF_P_
          (rising edge-triggered flip-flop clocked by clk)
Path Group: clk
Path Type: max

Fanout     Cap    Slew   Delay    Time   Description
-----------------------------------------------------------------------------
                  0.00    0.00    0.00   clock clk (rise edge)
                          0.00    0.00   clock network delay (ideal)
                          0.00    0.00 ^ input external delay
     1    0.02    0.00    0.00    0.00 ^ A[40] (in)
                                         A[40] (net)
                  0.00    0.00    0.00 ^ input35/A (sky130_fd_sc_hd__clkdlybuf4s50_1)
     7    0.03    0.25    0.61    0.61 ^ input35/X (sky130_fd_sc_hd__clkdlybuf4s50_1)
                                         net35 (net)
                  0.25    0.00    0.61 ^ _6272_/A (sky130_fd_sc_hd__nand2_1)
     1    0.01    0.10    0.12    0.73 v _6272_/Y (sky130_fd_sc_hd__nand2_1)
                                         _4441_ (net)
                  0.10    0.00    0.73 v _8220_/A (sky130_fd_sc_hd__fa_1)
     1    0.00    0.06    0.55    1.28 ^ _8220_/SUM (sky130_fd_sc_hd__fa_1)
                                         _0456_ (net)
                  0.06    0.00    1.28 ^ _7816_/A (sky130_fd_sc_hd__inv_1)
     1    0.00    0.03    0.05    1.33 v _7816_/Y (sky130_fd_sc_hd__inv_1)
                                         _4883_ (net)
                  0.03    0.00    1.33 v _8715_/A (sky130_fd_sc_hd__ha_1)
     1    0.00    0.05    0.27    1.60 ^ _8715_/SUM (sky130_fd_sc_hd__ha_1)
                                         _0457_ (net)
                  0.05    0.00    1.60 ^ _7140_/A (sky130_fd_sc_hd__inv_1)
     1    0.01    0.04    0.05    1.66 v _7140_/Y (sky130_fd_sc_hd__inv_1)
                                         _4445_ (net)
                  0.04    0.00    1.66 v _8222_/A (sky130_fd_sc_hd__fa_1)
     1    0.00    0.06    0.53    2.19 ^ _8222_/SUM (sky130_fd_sc_hd__fa_1)
                                         _4447_ (net)
                  0.06    0.00    2.19 ^ _6853_/A (sky130_fd_sc_hd__inv_1)
     1    0.01    0.04    0.06    2.25 v _6853_/Y (sky130_fd_sc_hd__inv_1)
                                         _0467_ (net)
                  0.04    0.00    2.25 v _8223_/A (sky130_fd_sc_hd__fa_1)
     1    0.01    0.10    0.50    2.75 v _8223_/SUM (sky130_fd_sc_hd__fa_1)
                                         _0472_ (net)
                  0.10    0.00    2.75 v _8224_/A (sky130_fd_sc_hd__fa_1)
     2    0.01    0.09    0.45    3.20 v _8224_/COUT (sky130_fd_sc_hd__fa_1)
                                         _0512_ (net)
                  0.09    0.00    3.20 v _6181_/A1 (sky130_fd_sc_hd__a21o_1)
     1    0.00    0.04    0.17    3.38 v _6181_/X (sky130_fd_sc_hd__a21o_1)
                                         _5138_ (net)
                  0.04    0.00    3.38 v _6182_/A2 (sky130_fd_sc_hd__a21oi_1)
     2    0.01    0.19    0.20    3.58 ^ _6182_/Y (sky130_fd_sc_hd__a21oi_1)
                                         _0600_ (net)
                  0.19    0.00    3.58 ^ _6369_/A2 (sky130_fd_sc_hd__o21bai_1)
     2    0.01    0.07    0.11    3.68 v _6369_/Y (sky130_fd_sc_hd__o21bai_1)
                                         _5195_ (net)
                  0.07    0.00    3.68 v _6370_/A2 (sky130_fd_sc_hd__a2111oi_0)
     1    0.01    0.48    0.49    4.18 ^ _6370_/Y (sky130_fd_sc_hd__a2111oi_0)
                                         _5196_ (net)
                  0.48    0.00    4.18 ^ place546/A (sky130_fd_sc_hd__buf_4)
     2    0.01    0.04    0.20    4.37 ^ place546/X (sky130_fd_sc_hd__buf_4)
                                         net546 (net)
                  0.04    0.00    4.37 ^ _7569_/A1 (sky130_fd_sc_hd__o21ai_0)
     1    0.01    0.12    0.12    4.50 v _7569_/Y (sky130_fd_sc_hd__o21ai_0)
                                         _0815_ (net)
                  0.12    0.00    4.50 v _8272_/B (sky130_fd_sc_hd__fa_1)
     1    0.00    0.08    0.42    4.92 v _8272_/COUT (sky130_fd_sc_hd__fa_1)
                                         _4504_ (net)
                  0.08    0.00    4.92 v _7363_/B (sky130_fd_sc_hd__xor2_1)
     1    0.01    0.06    0.16    5.08 v _7363_/X (sky130_fd_sc_hd__xor2_1)
                                         _5527_ (net)
                  0.06    0.00    5.08 v _7364_/B (sky130_fd_sc_hd__xnor2_1)
     1    0.01    0.18    0.18    5.26 ^ _7364_/Y (sky130_fd_sc_hd__xnor2_1)
                                         _5528_ (net)
                  0.18    0.00    5.26 ^ _7365_/B (sky130_fd_sc_hd__xnor2_1)
     1    0.00    0.15    0.15    5.42 ^ _7365_/Y (sky130_fd_sc_hd__xnor2_1)
                                         _5529_ (net)
                  0.15    0.00    5.42 ^ _7366_/B (sky130_fd_sc_hd__xnor2_1)
     1    0.00    0.06    0.09    5.51 v _7366_/Y (sky130_fd_sc_hd__xnor2_1)
                                         _5530_ (net)
                  0.06    0.00    5.51 v _7369_/A2 (sky130_fd_sc_hd__o21a_1)
     1    0.00    0.03    0.16    5.67 v _7369_/X (sky130_fd_sc_hd__o21a_1)
                                         _0007_[15] (net)
                  0.03    0.00    5.67 v prod_regs[5][15]$_DFF_P_/D (sky130_fd_sc_hd__dfxtp_1)
                                  5.67   data arrival time

                  0.00    4.50    4.50   clock clk (rise edge)
                          0.00    4.50   clock network delay (ideal)
                          0.00    4.50   clock reconvergence pessimism
                                  4.50 ^ prod_regs[5][15]$_DFF_P_/CLK (sky130_fd_sc_hd__dfxtp_1)
                         -0.11    4.39   library setup time
                                  4.39   data required time
-----------------------------------------------------------------------------
                                  4.39   data required time
                                 -5.67   data arrival time
-----------------------------------------------------------------------------
                                 -1.28   slack (VIOLATED)



==========================================================================
global place report_power
--------------------------------------------------------------------------
Group                  Internal  Switching    Leakage      Total
                          Power      Power      Power      Power (Watts)
----------------------------------------------------------------
Sequential             2.17e-03   2.54e-04   1.58e-09   2.42e-03  13.9%
Combinational          7.30e-03   7.72e-03   1.56e-08   1.50e-02  86.1%
Clock                  0.00e+00   0.00e+00   0.00e+00   0.00e+00   0.0%
Macro                  0.00e+00   0.00e+00   0.00e+00   0.00e+00   0.0%
Pad                    0.00e+00   0.00e+00   0.00e+00   0.00e+00   0.0%
----------------------------------------------------------------
Total                  9.47e-03   7.97e-03   1.72e-08   1.74e-02 100.0%
                          54.3%      45.7%       0.0%
