#! /usr/bin/vvp
:ivl_version "11.0 (stable)";
:ivl_delay_selection "TYPICAL";
:vpi_time_precision - 12;
:vpi_module "/usr/lib/x86_64-linux-gnu/ivl/system.vpi";
:vpi_module "/usr/lib/x86_64-linux-gnu/ivl/vhdl_sys.vpi";
:vpi_module "/usr/lib/x86_64-linux-gnu/ivl/vhdl_textio.vpi";
:vpi_module "/usr/lib/x86_64-linux-gnu/ivl/v2005_math.vpi";
:vpi_module "/usr/lib/x86_64-linux-gnu/ivl/va_math.vpi";
:vpi_module "/usr/lib/x86_64-linux-gnu/ivl/v2009.vpi";
S_0x5eb52b112a50 .scope package, "$unit" "$unit" 2 1;
 .timescale 0 0;
S_0x5eb52b112be0 .scope module, "tb" "tb" 3 3;
 .timescale -9 -12;
P_0x5eb52b0fdbd0 .param/l "N" 1 3 5, +C4<00000000000000000000000000001000>;
P_0x5eb52b0fdc10 .param/l "WIDTH" 1 3 4, +C4<00000000000000000000000000010000>;
v0x5eb52b13b650_0 .var "clk", 0 0;
v0x5eb52b13b710 .array/s "expected", 7 0, 35 0;
v0x5eb52b13b7b0_0 .var/s "h", 127 0;
v0x5eb52b13b8e0_0 .var/i "i", 31 0;
v0x5eb52b13b980_0 .var "rst", 0 0;
v0x5eb52b13ba20 .array/s "stimuli", 7 0, 15 0;
v0x5eb52b13bac0_0 .var/s "x_in", 15 0;
v0x5eb52b13bbb0_0 .net/s "y_out", 35 0, v0x5eb52b13b4d0_0;  1 drivers
S_0x5eb52b0cfcf0 .scope task, "check_output" "check_output" 3 30, 3 30 0, S_0x5eb52b112be0;
 .timescale -9 -12;
v0x5eb52b101bd0_0 .var/s "expected_value", 35 0;
v0x5eb52b101c70_0 .var/i "idx", 31 0;
TD_tb.check_output ;
    %delay 1000, 0;
    %load/vec4 v0x5eb52b13bbb0_0;
    %load/vec4 v0x5eb52b101bd0_0;
    %cmp/ne;
    %jmp/0xz  T_0.0, 6;
    %vpi_call/w 3 36 "$display", "FAIL: sample %0d expected y_out=%0d got y_out=%0d time=%0t", v0x5eb52b101c70_0, v0x5eb52b101bd0_0, v0x5eb52b13bbb0_0, $time {0 0 0};
    %vpi_call/w 3 37 "$fatal", 32'sb00000000000000000000000000000001 {0 0 0};
T_0.0 ;
    %end;
S_0x5eb52b13a300 .scope module, "dut" "fir_filter" 3 20, 4 1 0, S_0x5eb52b112be0;
 .timescale 0 0;
    .port_info 0 /INPUT 1 "clk";
    .port_info 1 /INPUT 1 "rst";
    .port_info 2 /INPUT 16 "x_in";
    .port_info 3 /INPUT 128 "h";
    .port_info 4 /OUTPUT 36 "y_out";
P_0x5eb52b0d1620 .param/l "ACC_WIDTH" 1 4 11, +C4<00000000000000000000000000000000000000000000000000000000000100100>;
P_0x5eb52b0d1660 .param/l "N" 0 4 3, +C4<00000000000000000000000000001000>;
P_0x5eb52b0d16a0 .param/l "WIDTH" 0 4 2, +C4<00000000000000000000000000010000>;
v0x5eb52b13abc0_0 .net "clk", 0 0, v0x5eb52b13b650_0;  1 drivers
v0x5eb52b13aca0_0 .net "h", 127 0, v0x5eb52b13b7b0_0;  1 drivers
v0x5eb52b13ad80_0 .var/i "i", 31 0;
v0x5eb52b13ae70 .array/s "prod", 7 0, 35 0;
v0x5eb52b13b080_0 .net "rst", 0 0, v0x5eb52b13b980_0;  1 drivers
v0x5eb52b13b190 .array/s "stage_sum", 7 0, 35 0;
v0x5eb52b13b250 .array/s "state", 6 0, 35 0;
v0x5eb52b13b3f0_0 .net/s "x_in", 15 0, v0x5eb52b13bac0_0;  1 drivers
v0x5eb52b13b4d0_0 .var/s "y_out", 35 0;
E_0x5eb52b10b510 .event posedge, v0x5eb52b13abc0_0;
v0x5eb52b13ae70_0 .array/port v0x5eb52b13ae70, 0;
v0x5eb52b13ae70_1 .array/port v0x5eb52b13ae70, 1;
E_0x5eb52b10a7f0/0 .event edge, v0x5eb52b13b3f0_0, v0x5eb52b13aca0_0, v0x5eb52b13ae70_0, v0x5eb52b13ae70_1;
v0x5eb52b13ae70_2 .array/port v0x5eb52b13ae70, 2;
v0x5eb52b13ae70_3 .array/port v0x5eb52b13ae70, 3;
v0x5eb52b13ae70_4 .array/port v0x5eb52b13ae70, 4;
v0x5eb52b13ae70_5 .array/port v0x5eb52b13ae70, 5;
E_0x5eb52b10a7f0/1 .event edge, v0x5eb52b13ae70_2, v0x5eb52b13ae70_3, v0x5eb52b13ae70_4, v0x5eb52b13ae70_5;
v0x5eb52b13ae70_6 .array/port v0x5eb52b13ae70, 6;
v0x5eb52b13ae70_7 .array/port v0x5eb52b13ae70, 7;
v0x5eb52b13b250_0 .array/port v0x5eb52b13b250, 0;
v0x5eb52b13b250_1 .array/port v0x5eb52b13b250, 1;
E_0x5eb52b10a7f0/2 .event edge, v0x5eb52b13ae70_6, v0x5eb52b13ae70_7, v0x5eb52b13b250_0, v0x5eb52b13b250_1;
v0x5eb52b13b250_2 .array/port v0x5eb52b13b250, 2;
v0x5eb52b13b250_3 .array/port v0x5eb52b13b250, 3;
v0x5eb52b13b250_4 .array/port v0x5eb52b13b250, 4;
v0x5eb52b13b250_5 .array/port v0x5eb52b13b250, 5;
E_0x5eb52b10a7f0/3 .event edge, v0x5eb52b13b250_2, v0x5eb52b13b250_3, v0x5eb52b13b250_4, v0x5eb52b13b250_5;
v0x5eb52b13b250_6 .array/port v0x5eb52b13b250, 6;
E_0x5eb52b10a7f0/4 .event edge, v0x5eb52b13b250_6;
E_0x5eb52b10a7f0 .event/or E_0x5eb52b10a7f0/0, E_0x5eb52b10a7f0/1, E_0x5eb52b10a7f0/2, E_0x5eb52b10a7f0/3, E_0x5eb52b10a7f0/4;
S_0x5eb52b13a6f0 .scope function.vec4.u16, "coeff_at" "coeff_at" 4 17, 4 17 0, S_0x5eb52b13a300;
 .timescale 0 0;
; Variable coeff_at is vec4 return value of scope S_0x5eb52b13a6f0
v0x5eb52b13a9f0_0 .var "coeffs", 127 0;
v0x5eb52b13aad0_0 .var/i "idx", 31 0;
TD_tb.dut.coeff_at ;
    %load/vec4 v0x5eb52b13a9f0_0;
    %load/vec4 v0x5eb52b13aad0_0;
    %muli 16, 0, 32;
    %part/s 16;
    %ret/vec4 0, 0, 16;  Assign to coeff_at (store_vec4_to_lval)
    %end;
    .scope S_0x5eb52b13a300;
T_2 ;
    %wait E_0x5eb52b10a7f0;
    %pushi/vec4 0, 0, 32;
    %store/vec4 v0x5eb52b13ad80_0, 0, 32;
T_2.0 ;
    %load/vec4 v0x5eb52b13ad80_0;
    %cmpi/s 8, 0, 32;
    %jmp/0xz T_2.1, 5;
    %load/vec4 v0x5eb52b13b3f0_0;
    %pad/s 36;
    %load/vec4 v0x5eb52b13aca0_0;
    %load/vec4 v0x5eb52b13ad80_0;
    %store/vec4 v0x5eb52b13aad0_0, 0, 32;
    %store/vec4 v0x5eb52b13a9f0_0, 0, 128;
    %callf/vec4 TD_tb.dut.coeff_at, S_0x5eb52b13a6f0;
    %pad/s 36;
    %mul;
    %ix/getv/s 4, v0x5eb52b13ad80_0;
    %store/vec4a v0x5eb52b13ae70, 4, 0;
    %load/vec4 v0x5eb52b13ad80_0;
    %addi 1, 0, 32;
    %store/vec4 v0x5eb52b13ad80_0, 0, 32;
    %jmp T_2.0;
T_2.1 ;
    %ix/load 4, 7, 0;
    %flag_set/imm 4, 0;
    %load/vec4a v0x5eb52b13ae70, 4;
    %ix/load 4, 7, 0;
    %flag_set/imm 4, 0;
    %store/vec4a v0x5eb52b13b190, 4, 0;
    %pushi/vec4 6, 0, 32;
    %store/vec4 v0x5eb52b13ad80_0, 0, 32;
T_2.2 ;
    %load/vec4 v0x5eb52b13ad80_0;
    %cmpi/s 0, 0, 32;
    %flag_inv 5; GE is !LT
    %jmp/0xz T_2.3, 5;
    %ix/getv/s 4, v0x5eb52b13ad80_0;
    %load/vec4a v0x5eb52b13ae70, 4;
    %ix/getv/s 4, v0x5eb52b13ad80_0;
    %load/vec4a v0x5eb52b13b250, 4;
    %add;
    %ix/getv/s 4, v0x5eb52b13ad80_0;
    %store/vec4a v0x5eb52b13b190, 4, 0;
    %load/vec4 v0x5eb52b13ad80_0;
    %subi 1, 0, 32;
    %store/vec4 v0x5eb52b13ad80_0, 0, 32;
    %jmp T_2.2;
T_2.3 ;
    %jmp T_2;
    .thread T_2, $push;
    .scope S_0x5eb52b13a300;
T_3 ;
    %wait E_0x5eb52b10b510;
    %load/vec4 v0x5eb52b13b080_0;
    %flag_set/vec4 8;
    %jmp/0xz  T_3.0, 8;
    %pushi/vec4 0, 0, 32;
    %store/vec4 v0x5eb52b13ad80_0, 0, 32;
T_3.2 ;
    %load/vec4 v0x5eb52b13ad80_0;
    %cmpi/s 7, 0, 32;
    %jmp/0xz T_3.3, 5;
    %pushi/vec4 0, 0, 36;
    %ix/getv/s 3, v0x5eb52b13ad80_0;
    %ix/load 4, 0, 0; Constant delay
    %assign/vec4/a/d v0x5eb52b13b250, 0, 4;
    %load/vec4 v0x5eb52b13ad80_0;
    %addi 1, 0, 32;
    %store/vec4 v0x5eb52b13ad80_0, 0, 32;
    %jmp T_3.2;
T_3.3 ;
    %pushi/vec4 0, 0, 36;
    %assign/vec4 v0x5eb52b13b4d0_0, 0;
    %jmp T_3.1;
T_3.0 ;
    %ix/load 4, 0, 0;
    %flag_set/imm 4, 0;
    %load/vec4a v0x5eb52b13b190, 4;
    %assign/vec4 v0x5eb52b13b4d0_0, 0;
    %pushi/vec4 0, 0, 32;
    %store/vec4 v0x5eb52b13ad80_0, 0, 32;
T_3.4 ;
    %load/vec4 v0x5eb52b13ad80_0;
    %cmpi/s 6, 0, 32;
    %jmp/0xz T_3.5, 5;
    %load/vec4 v0x5eb52b13ad80_0;
    %pad/s 33;
    %addi 1, 0, 33;
    %ix/vec4/s 4;
    %load/vec4a v0x5eb52b13b190, 4;
    %ix/getv/s 3, v0x5eb52b13ad80_0;
    %ix/load 4, 0, 0; Constant delay
    %assign/vec4/a/d v0x5eb52b13b250, 0, 4;
    %load/vec4 v0x5eb52b13ad80_0;
    %addi 1, 0, 32;
    %store/vec4 v0x5eb52b13ad80_0, 0, 32;
    %jmp T_3.4;
T_3.5 ;
    %ix/load 4, 7, 0;
    %flag_set/imm 4, 0;
    %load/vec4a v0x5eb52b13ae70, 4;
    %ix/load 3, 6, 0;
    %flag_set/imm 4, 0;
    %ix/load 4, 0, 0; Constant delay
    %assign/vec4/a/d v0x5eb52b13b250, 0, 4;
T_3.1 ;
    %jmp T_3;
    .thread T_3;
    .scope S_0x5eb52b112be0;
T_4 ;
    %delay 5000, 0;
    %load/vec4 v0x5eb52b13b650_0;
    %inv;
    %store/vec4 v0x5eb52b13b650_0, 0, 1;
    %jmp T_4;
    .thread T_4;
    .scope S_0x5eb52b112be0;
T_5 ;
    %pushi/vec4 0, 0, 1;
    %store/vec4 v0x5eb52b13b650_0, 0, 1;
    %pushi/vec4 0, 0, 1;
    %store/vec4 v0x5eb52b13b980_0, 0, 1;
    %pushi/vec4 0, 0, 16;
    %store/vec4 v0x5eb52b13bac0_0, 0, 16;
    %pushi/vec4 1, 0, 16;
    %ix/load 4, 0, 0;
    %flag_set/imm 4, 0;
    %store/vec4 v0x5eb52b13b7b0_0, 4, 16;
    %pushi/vec4 2, 0, 16;
    %ix/load 4, 16, 0;
    %flag_set/imm 4, 0;
    %store/vec4 v0x5eb52b13b7b0_0, 4, 16;
    %pushi/vec4 3, 0, 16;
    %ix/load 4, 32, 0;
    %flag_set/imm 4, 0;
    %store/vec4 v0x5eb52b13b7b0_0, 4, 16;
    %pushi/vec4 4, 0, 16;
    %ix/load 4, 48, 0;
    %flag_set/imm 4, 0;
    %store/vec4 v0x5eb52b13b7b0_0, 4, 16;
    %pushi/vec4 5, 0, 16;
    %ix/load 4, 64, 0;
    %flag_set/imm 4, 0;
    %store/vec4 v0x5eb52b13b7b0_0, 4, 16;
    %pushi/vec4 6, 0, 16;
    %ix/load 4, 80, 0;
    %flag_set/imm 4, 0;
    %store/vec4 v0x5eb52b13b7b0_0, 4, 16;
    %pushi/vec4 7, 0, 16;
    %ix/load 4, 96, 0;
    %flag_set/imm 4, 0;
    %store/vec4 v0x5eb52b13b7b0_0, 4, 16;
    %pushi/vec4 8, 0, 16;
    %ix/load 4, 112, 0;
    %flag_set/imm 4, 0;
    %store/vec4 v0x5eb52b13b7b0_0, 4, 16;
    %pushi/vec4 1, 0, 16;
    %ix/load 4, 0, 0;
    %flag_set/imm 4, 0;
    %store/vec4a v0x5eb52b13ba20, 4, 0;
    %pushi/vec4 2, 0, 16;
    %ix/load 4, 1, 0;
    %flag_set/imm 4, 0;
    %store/vec4a v0x5eb52b13ba20, 4, 0;
    %pushi/vec4 3, 0, 16;
    %ix/load 4, 2, 0;
    %flag_set/imm 4, 0;
    %store/vec4a v0x5eb52b13ba20, 4, 0;
    %pushi/vec4 4, 0, 16;
    %ix/load 4, 3, 0;
    %flag_set/imm 4, 0;
    %store/vec4a v0x5eb52b13ba20, 4, 0;
    %pushi/vec4 5, 0, 16;
    %ix/load 4, 4, 0;
    %flag_set/imm 4, 0;
    %store/vec4a v0x5eb52b13ba20, 4, 0;
    %pushi/vec4 6, 0, 16;
    %ix/load 4, 5, 0;
    %flag_set/imm 4, 0;
    %store/vec4a v0x5eb52b13ba20, 4, 0;
    %pushi/vec4 7, 0, 16;
    %ix/load 4, 6, 0;
    %flag_set/imm 4, 0;
    %store/vec4a v0x5eb52b13ba20, 4, 0;
    %pushi/vec4 8, 0, 16;
    %ix/load 4, 7, 0;
    %flag_set/imm 4, 0;
    %store/vec4a v0x5eb52b13ba20, 4, 0;
    %pushi/vec4 1, 0, 36;
    %ix/load 4, 0, 0;
    %flag_set/imm 4, 0;
    %store/vec4a v0x5eb52b13b710, 4, 0;
    %pushi/vec4 4, 0, 36;
    %ix/load 4, 1, 0;
    %flag_set/imm 4, 0;
    %store/vec4a v0x5eb52b13b710, 4, 0;
    %pushi/vec4 10, 0, 36;
    %ix/load 4, 2, 0;
    %flag_set/imm 4, 0;
    %store/vec4a v0x5eb52b13b710, 4, 0;
    %pushi/vec4 20, 0, 36;
    %ix/load 4, 3, 0;
    %flag_set/imm 4, 0;
    %store/vec4a v0x5eb52b13b710, 4, 0;
    %pushi/vec4 35, 0, 36;
    %ix/load 4, 4, 0;
    %flag_set/imm 4, 0;
    %store/vec4a v0x5eb52b13b710, 4, 0;
    %pushi/vec4 56, 0, 36;
    %ix/load 4, 5, 0;
    %flag_set/imm 4, 0;
    %store/vec4a v0x5eb52b13b710, 4, 0;
    %pushi/vec4 84, 0, 36;
    %ix/load 4, 6, 0;
    %flag_set/imm 4, 0;
    %store/vec4a v0x5eb52b13b710, 4, 0;
    %pushi/vec4 120, 0, 36;
    %ix/load 4, 7, 0;
    %flag_set/imm 4, 0;
    %store/vec4a v0x5eb52b13b710, 4, 0;
    %pushi/vec4 1, 0, 1;
    %store/vec4 v0x5eb52b13b980_0, 0, 1;
    %wait E_0x5eb52b10b510;
    %pushi/vec4 4294967295, 0, 32;
    %store/vec4 v0x5eb52b101c70_0, 0, 32;
    %pushi/vec4 0, 0, 36;
    %store/vec4 v0x5eb52b101bd0_0, 0, 36;
    %fork TD_tb.check_output, S_0x5eb52b0cfcf0;
    %join;
    %pushi/vec4 0, 0, 1;
    %store/vec4 v0x5eb52b13b980_0, 0, 1;
    %pushi/vec4 0, 0, 32;
    %store/vec4 v0x5eb52b13b8e0_0, 0, 32;
T_5.0 ;
    %load/vec4 v0x5eb52b13b8e0_0;
    %cmpi/s 8, 0, 32;
    %jmp/0xz T_5.1, 5;
    %ix/getv/s 4, v0x5eb52b13b8e0_0;
    %load/vec4a v0x5eb52b13ba20, 4;
    %store/vec4 v0x5eb52b13bac0_0, 0, 16;
    %wait E_0x5eb52b10b510;
    %load/vec4 v0x5eb52b13b8e0_0;
    %store/vec4 v0x5eb52b101c70_0, 0, 32;
    %ix/getv/s 4, v0x5eb52b13b8e0_0;
    %load/vec4a v0x5eb52b13b710, 4;
    %store/vec4 v0x5eb52b101bd0_0, 0, 36;
    %fork TD_tb.check_output, S_0x5eb52b0cfcf0;
    %join;
    %load/vec4 v0x5eb52b13b8e0_0;
    %addi 1, 0, 32;
    %store/vec4 v0x5eb52b13b8e0_0, 0, 32;
    %jmp T_5.0;
T_5.1 ;
    %vpi_call/w 3 85 "$display", "TEST PASSED" {0 0 0};
    %vpi_call/w 3 86 "$finish" {0 0 0};
    %end;
    .thread T_5;
# The file index is used to find the file name in the following table.
:file_names 5;
    "N/A";
    "<interactive>";
    "-";
    "/home/harish_d1121/Spec_to_Tapeout-main/output/p9/tb_candidate.v";
    "/home/harish_d1121/Spec_to_Tapeout-main/output/p9/design_candidate.v";
