
==========================================================================
global place report_tns
--------------------------------------------------------------------------
tns max 0.00

==========================================================================
global place report_wns
--------------------------------------------------------------------------
wns max 0.00

==========================================================================
global place report_worst_slack
--------------------------------------------------------------------------
worst slack max 1.11

==========================================================================
global place report_clock_min_period
--------------------------------------------------------------------------
clk period_min = 3.39 fmax = 294.85

==========================================================================
global place report_checks -path_delay min
--------------------------------------------------------------------------
Startpoint: lut_stage2[13]$_DFF_P_
            (rising edge-triggered flip-flop clocked by clk)
Endpoint: lut_stage2[13]$_DFF_P_
          (rising edge-triggered flip-flop clocked by clk)
Path Group: clk
Path Type: min

Fanout     Cap    Slew   Delay    Time   Description
-----------------------------------------------------------------------------
                  0.00    0.00    0.00   clock clk (rise edge)
                          0.00    0.00   clock network delay (ideal)
                  0.00    0.00    0.00 ^ lut_stage2[13]$_DFF_P_/CLK (sky130_fd_sc_hd__dfxtp_1)
     2    0.00    0.06    0.30    0.30 ^ lut_stage2[13]$_DFF_P_/Q (sky130_fd_sc_hd__dfxtp_1)
                                         lut_stage2[13] (net)
                  0.06    0.00    0.30 ^ _1085_/A (sky130_fd_sc_hd__and2_1)
     1    0.00    0.04    0.11    0.41 ^ _1085_/X (sky130_fd_sc_hd__and2_1)
                                         _0001_[13] (net)
                  0.04    0.00    0.41 ^ lut_stage2[13]$_DFF_P_/D (sky130_fd_sc_hd__dfxtp_1)
                                  0.41   data arrival time

                  0.00    0.00    0.00   clock clk (rise edge)
                          0.00    0.00   clock network delay (ideal)
                          0.00    0.00   clock reconvergence pessimism
                                  0.00 ^ lut_stage2[13]$_DFF_P_/CLK (sky130_fd_sc_hd__dfxtp_1)
                         -0.04   -0.04   library hold time
                                 -0.04   data required time
-----------------------------------------------------------------------------
                                 -0.04   data required time
                                 -0.41   data arrival time
-----------------------------------------------------------------------------
                                  0.44   slack (MET)



==========================================================================
global place report_checks -path_delay max
--------------------------------------------------------------------------
Startpoint: x_stage1[2]$_DFF_P_ (rising edge-triggered flip-flop clocked by clk)
Endpoint: lut_stage2[2]$_DFF_P_ (rising edge-triggered flip-flop clocked by clk)
Path Group: clk
Path Type: max

Fanout     Cap    Slew   Delay    Time   Description
-----------------------------------------------------------------------------
                  0.00    0.00    0.00   clock clk (rise edge)
                          0.00    0.00   clock network delay (ideal)
                  0.00    0.00    0.00 ^ x_stage1[2]$_DFF_P_/CLK (sky130_fd_sc_hd__dfxtp_2)
    32    0.14    0.68    0.75    0.75 ^ x_stage1[2]$_DFF_P_/Q (sky130_fd_sc_hd__dfxtp_2)
                                         x_stage1[2] (net)
                  0.68    0.00    0.76 ^ place67/A (sky130_fd_sc_hd__buf_4)
    21    0.09    0.25    0.39    1.14 ^ place67/X (sky130_fd_sc_hd__buf_4)
                                         net67 (net)
                  0.25    0.00    1.15 ^ _0853_/B_N (sky130_fd_sc_hd__nor2b_1)
     2    0.01    0.21    0.26    1.41 ^ _0853_/Y (sky130_fd_sc_hd__nor2b_1)
                                         _0293_ (net)
                  0.21    0.00    1.41 ^ _0854_/S (sky130_fd_sc_hd__mux2i_1)
     1    0.01    0.29    0.34    1.75 ^ _0854_/Y (sky130_fd_sc_hd__mux2i_1)
                                         _0294_ (net)
                  0.29    0.00    1.75 ^ _0859_/A1 (sky130_fd_sc_hd__o21ai_1)
     1    0.00    0.08    0.13    1.87 v _0859_/Y (sky130_fd_sc_hd__o21ai_1)
                                         _0299_ (net)
                  0.08    0.00    1.87 v _0860_/B1 (sky130_fd_sc_hd__a311o_1)
     1    0.02    0.12    0.40    2.28 v _0860_/X (sky130_fd_sc_hd__a311o_1)
                                         _0300_ (net)
                  0.12    0.00    2.28 v _0872_/B (sky130_fd_sc_hd__nor4_1)
     1    0.02    0.74    0.68    2.96 ^ _0872_/Y (sky130_fd_sc_hd__nor4_1)
                                         _0312_ (net)
                  0.74    0.00    2.96 ^ _0911_/A2 (sky130_fd_sc_hd__a41oi_1)
     1    0.01    0.19    0.25    3.21 v _0911_/Y (sky130_fd_sc_hd__a41oi_1)
                                         _0001_[2] (net)
                  0.19    0.00    3.21 v lut_stage2[2]$_DFF_P_/D (sky130_fd_sc_hd__dfxtp_1)
                                  3.21   data arrival time

                  0.00    4.50    4.50   clock clk (rise edge)
                          0.00    4.50   clock network delay (ideal)
                          0.00    4.50   clock reconvergence pessimism
                                  4.50 ^ lut_stage2[2]$_DFF_P_/CLK (sky130_fd_sc_hd__dfxtp_1)
                         -0.18    4.32   library setup time
                                  4.32   data required time
-----------------------------------------------------------------------------
                                  4.32   data required time
                                 -3.21   data arrival time
-----------------------------------------------------------------------------
                                  1.11   slack (MET)



==========================================================================
global place report_checks -unconstrained
--------------------------------------------------------------------------
Startpoint: x_stage1[2]$_DFF_P_ (rising edge-triggered flip-flop clocked by clk)
Endpoint: lut_stage2[2]$_DFF_P_ (rising edge-triggered flip-flop clocked by clk)
Path Group: clk
Path Type: max

Fanout     Cap    Slew   Delay    Time   Description
-----------------------------------------------------------------------------
                  0.00    0.00    0.00   clock clk (rise edge)
                          0.00    0.00   clock network delay (ideal)
                  0.00    0.00    0.00 ^ x_stage1[2]$_DFF_P_/CLK (sky130_fd_sc_hd__dfxtp_2)
    32    0.14    0.68    0.75    0.75 ^ x_stage1[2]$_DFF_P_/Q (sky130_fd_sc_hd__dfxtp_2)
                                         x_stage1[2] (net)
                  0.68    0.00    0.76 ^ place67/A (sky130_fd_sc_hd__buf_4)
    21    0.09    0.25    0.39    1.14 ^ place67/X (sky130_fd_sc_hd__buf_4)
                                         net67 (net)
                  0.25    0.00    1.15 ^ _0853_/B_N (sky130_fd_sc_hd__nor2b_1)
     2    0.01    0.21    0.26    1.41 ^ _0853_/Y (sky130_fd_sc_hd__nor2b_1)
                                         _0293_ (net)
                  0.21    0.00    1.41 ^ _0854_/S (sky130_fd_sc_hd__mux2i_1)
     1    0.01    0.29    0.34    1.75 ^ _0854_/Y (sky130_fd_sc_hd__mux2i_1)
                                         _0294_ (net)
                  0.29    0.00    1.75 ^ _0859_/A1 (sky130_fd_sc_hd__o21ai_1)
     1    0.00    0.08    0.13    1.87 v _0859_/Y (sky130_fd_sc_hd__o21ai_1)
                                         _0299_ (net)
                  0.08    0.00    1.87 v _0860_/B1 (sky130_fd_sc_hd__a311o_1)
     1    0.02    0.12    0.40    2.28 v _0860_/X (sky130_fd_sc_hd__a311o_1)
                                         _0300_ (net)
                  0.12    0.00    2.28 v _0872_/B (sky130_fd_sc_hd__nor4_1)
     1    0.02    0.74    0.68    2.96 ^ _0872_/Y (sky130_fd_sc_hd__nor4_1)
                                         _0312_ (net)
                  0.74    0.00    2.96 ^ _0911_/A2 (sky130_fd_sc_hd__a41oi_1)
     1    0.01    0.19    0.25    3.21 v _0911_/Y (sky130_fd_sc_hd__a41oi_1)
                                         _0001_[2] (net)
                  0.19    0.00    3.21 v lut_stage2[2]$_DFF_P_/D (sky130_fd_sc_hd__dfxtp_1)
                                  3.21   data arrival time

                  0.00    4.50    4.50   clock clk (rise edge)
                          0.00    4.50   clock network delay (ideal)
                          0.00    4.50   clock reconvergence pessimism
                                  4.50 ^ lut_stage2[2]$_DFF_P_/CLK (sky130_fd_sc_hd__dfxtp_1)
                         -0.18    4.32   library setup time
                                  4.32   data required time
-----------------------------------------------------------------------------
                                  4.32   data required time
                                 -3.21   data arrival time
-----------------------------------------------------------------------------
                                  1.11   slack (MET)



==========================================================================
global place report_power
--------------------------------------------------------------------------
Group                  Internal  Switching    Leakage      Total
                          Power      Power      Power      Power (Watts)
----------------------------------------------------------------
Sequential             3.92e-04   3.14e-05   3.44e-10   4.24e-04  51.9%
Combinational          1.18e-04   2.74e-04   1.17e-09   3.92e-04  48.1%
Clock                  0.00e+00   0.00e+00   0.00e+00   0.00e+00   0.0%
Macro                  0.00e+00   0.00e+00   0.00e+00   0.00e+00   0.0%
Pad                    0.00e+00   0.00e+00   0.00e+00   0.00e+00   0.0%
----------------------------------------------------------------
Total                  5.11e-04   3.05e-04   1.51e-09   8.16e-04 100.0%
                          62.6%      37.4%       0.0%
