OpenROAD 26Q2-339-g0504146ce6 
Features included (+) or not (-): +GPU +GUI +Python
This program is licensed under the BSD-3 license. See the LICENSE file for details.
Components of this program may be licensed under more restrictive licenses which must be honored.
[INFO ORD-0030] Using 4 thread(s).
read_liberty /home/harish_d1121/OpenROAD-flow-scripts/flow/platforms/sky130hd/lib/sky130_fd_sc_hd__tt_025C_1v80.lib
read_db /home/harish_d1121/Spec_to_Tapeout-main/openroad_runs/p10/results/sky130hd/rising_edge_detector/base/3_2_place_iop.odb
read_sdc /home/harish_d1121/Spec_to_Tapeout-main/openroad_runs/p10/results/sky130hd/rising_edge_detector/base/2_floorplan.sdc
source /home/harish_d1121/OpenROAD-flow-scripts/flow/platforms/sky130hd/setRC.tcl
[INFO RSZ-0026] Removed 0 buffers.
Perform port buffering...
[INFO RSZ-0027] Inserted 3 sky130_fd_sc_hd__clkdlybuf4s50_1 input buffers.
[INFO RSZ-0028] Inserted 1 sky130_fd_sc_hd__clkdlybuf4s50_1 output buffers.
[INFO GPL-0022] Initialize gpl and calculate uniform density.
Placement density is 0.16449999943375587, computed from PLACE_DENSITY_LB_ADDON  0.05 and lower bound 0.10999999940395355
global_placement -density 0.16449999943375587 -pad_left 0 -pad_right 0 -routability_driven -timing_driven -force_center_initial_place -min_phi_coef 0.95 -max_phi_coef 1.05
[INFO GPL-0001] ---- Initialize GPL Main Data Structures
[INFO GPL-0002] DBU: 1000
[INFO GPL-0003] SiteSize: (  0.460  2.720 ) um
[INFO GPL-0004] CoreBBox: (  6.440  8.160 ) ( 40.020 38.080 ) um
[INFO GPL-0036] Movable instances area:         98.845 um^2
[INFO GPL-0037] Total instances area:          115.110 um^2
[INFO GPL-0035] Pin density area adjust:         4.354 um^2
[INFO GPL-0032] ---- Initialize Region: Top-level
[INFO GPL-0006] Number of instances:                21
[INFO GPL-0007] Movable instances:                   8
[INFO GPL-0008] Fixed instances:                    13
[INFO GPL-0009] Dummy instances:                     0
[INFO GPL-0010] Number of nets:                     11
[INFO GPL-0011] Number of pins:                     25
[INFO GPL-0012] Die BBox:  (  0.000  0.000 ) ( 46.295 46.295 ) um
[INFO GPL-0013] Core BBox: (  6.440  8.160 ) ( 40.020 38.080 ) um
[INFO GPL-0016] Core area:                    1004.714 um^2
[INFO GPL-0014] Region name: top-level.
[INFO GPL-0015] Region area:                  1004.714 um^2
[INFO GPL-0017] Fixed instances area:           16.266 um^2
[INFO GPL-0018] Movable instances area:        103.199 um^2
[INFO GPL-0019] Utilization:                    10.441 %
[INFO GPL-0020] Standard cells area:           103.199 um^2
[INFO GPL-0021] Large instances area:            0.000 um^2
[INFO GPL-0005] ---- Execute Conjugate Gradient Initial Placement.
[INFO GPL-0051] Source of initial instance position counters:
	Odb location = 0	Core center = 8	Region center = 0
[InitialPlace]  Iter: 1 conjugate gradient residual: 0.00000003 HPWL: 186518
[InitialPlace]  Iter: 2 conjugate gradient residual: 0.00000001 HPWL: 173313
[InitialPlace]  Iter: 3 conjugate gradient residual: 0.00000001 HPWL: 173797
[InitialPlace]  Iter: 4 conjugate gradient residual: 0.00000004 HPWL: 173926
[InitialPlace]  Iter: 5 conjugate gradient residual: 0.00000000 HPWL: 174009
[INFO GPL-0033] ---- Initialize Nesterov Region: Top-level
[INFO GPL-0023] Placement target density:       0.1645
[INFO GPL-0024] Movable insts average area:     12.900 um^2
[INFO GPL-0025] Ideal bin area:                 78.419 um^2
[INFO GPL-0026] Ideal bin count:                    12
[INFO GPL-0027] Total bin area:               1004.714 um^2
[INFO GPL-0028] Bin count (X, Y):           2 ,      2
[INFO GPL-0029] Bin size (W * H):      16.790 * 14.960 um
[INFO GPL-0030] Number of bins:                      4
[INFO GPL-0007] ---- Execute Nesterov Global Placement.
[INFO GPL-0031] HPWL: Half-Perimeter Wirelength
Iteration | Overflow |     HPWL (um) |  HPWL(%) |   Penalty | Group
---------------------------------------------------------------
        0 |   0.0000 |  1.012920e+02 |   +0.00% |  1.68e-11 |      
[INFO GPL-0100] Timing-driven iteration 1/2, virtual: false.
[INFO GPL-0101]    Iter: 1, overflow: 0.000, keep resizer changes at: 1, HPWL: 101292
Iteration |   Area    | Resized | Buffers | Nets repaired | Remaining
---------------------------------------------------------------------
        0 |     +0.0% |       0 |       0 |             0 |        11
    final |     +0.0% |       0 |       0 |             0 |         0
---------------------------------------------------------------------
   Iter   |    Area   | Removed | Inserted |   Pins
          |           | Buffers | Buffers  | Remaining
-------------------------------------------------------
        0 |     +0.0% |       0 |        0 |         8
        1 |     +0.0% |       0 |        0 |         7
        2 |     +0.0% |       0 |        0 |         6
        3 |     +0.0% |       0 |        0 |         5
        4 |     +0.0% |       0 |        0 |         4
        5 |     +0.0% |       0 |        0 |         3
        6 |     +0.0% |       0 |        0 |         2
        7 |     +0.0% |       0 |        0 |         1
    final |     +0.0% |       0 |        0 |         0
-------------------------------------------------------
[INFO GPL-0106] Timing-driven: worst slack 1e+30
[WARNING GPL-0102] Timing-driven: no slacks found. Timing-driven mode disabled.
[INFO GPL-0107] Timing-driven: repair_design delta area: 0.000 um^2 (+0.00%)
[INFO GPL-0108] Timing-driven: repair_design, gpl delta gcells: 0 (+0.00%)
[INFO GPL-0109] Timing-driven: repair_design, gcells created: 0, deleted: 0
[INFO GPL-0110] Timing-driven: new target density: 0.1645
[INFO GPL-0038] Routability snapshot saved at iter = 1
        0 |   0.0000 |  1.012920e+02 |          |           |      
[INFO GPL-0040] Routability iteration: 1
[INFO GPL-0041] Total routing overflow: 0.0000
[INFO GPL-0042] Number of overflowed tiles: 0 (0.00%)
[INFO GPL-0043] Average top 0.5% routing congestion: 0.5609
[INFO GPL-0044] Average top 1.0% routing congestion: 0.5609
[INFO GPL-0045] Average top 2.0% routing congestion: 0.5609
[INFO GPL-0046] Average top 5.0% routing congestion: 0.5501
[INFO GPL-0047] Routability iteration weighted routing congestion: 0.5609
[INFO GPL-0050] Weighted routing congestion is lower than target routing congestion(1.0100), end routability optimization.
[INFO GPL-0090] Routability finished. Target routing congestion achieved succesfully.
        0 |   0.0000 |  1.012920e+02 |          |  1.75e-11 |      
---------------------------------------------------------------
[INFO GPL-1001] Global placement finished at iteration 0
[INFO GPL-1003] Routability mode iteration count: 0
[INFO GPL-1005] Routability final weighted congestion: 0.5609
[INFO GPL-1002] Placed Cell Area              103.1990
[INFO GPL-1003] Available Free Area           988.4480
[INFO GPL-1004] Minimum Feasible Density        0.1100 (cell_area / free_area)
[INFO GPL-1006]   Suggested Target Densities:
[INFO GPL-1007]     - For 90% usage of free space: 0.1160
[INFO GPL-1008]     - For 80% usage of free space: 0.1305
[INFO GPL-1009]     - For 50% usage of free space: 0.2088
[INFO GPL-1011] Original area (um^2): 103.20
[INFO GPL-1012] Total routability artificial inflation: 0.00 (+0.00%)
[INFO GPL-1014] Final placement area: 103.20 (+0.00%)
estimate_parasitics -placement
Report metrics stage 3, global place...

==========================================================================
global place report_design_area
--------------------------------------------------------------------------
Design area 115 um^2 11% utilization.
write_db /home/harish_d1121/Spec_to_Tapeout-main/openroad_runs/p10/results/sky130hd/rising_edge_detector/base/3_3_place_gp.odb
Elapsed time: 0:00.43[h:]min:sec. CPU time: user 0.49 sys 0.09 (134%). Peak memory: 212064KB.
Log                        Elapsed/s Peak Memory/MB  sha1sum .odb [0:20)
3_3_place_gp                       0            207 aaedbf9e854485b30631
