
==========================================================================
finish report_tns
--------------------------------------------------------------------------
tns max 0.00

==========================================================================
finish report_wns
--------------------------------------------------------------------------
wns max 0.00

==========================================================================
finish report_worst_slack
--------------------------------------------------------------------------
worst slack max 0.15

==========================================================================
finish report_clock_min_period
--------------------------------------------------------------------------
clk period_min = 4.35 fmax = 229.87

==========================================================================
finish report_clock_skew
--------------------------------------------------------------------------
Clock clk
   0.44 source latency prod_regs[3][1]$_DFF_P_/CLK ^
  -0.45 target latency tree_sum_reg_0[18]$_DFF_P_/CLK ^
   0.00 CRPR
--------------
  -0.01 setup skew


==========================================================================
finish report_checks -path_delay min
--------------------------------------------------------------------------
Startpoint: A[40] (input port clocked by clk)
Endpoint: prod_regs[5][0]$_DFF_P_
          (rising edge-triggered flip-flop clocked by clk)
Path Group: clk
Path Type: min

Fanout     Cap    Slew   Delay    Time   Description
-----------------------------------------------------------------------------
                          0.00    0.00   clock clk (rise edge)
                          0.00    0.00   clock network delay (propagated)
                          0.00    0.00 ^ input external delay
     1    0.01    0.00    0.00    0.00 ^ A[40] (in)
                                         A[40] (net)
                  0.00    0.00    0.00 ^ input35/A (sky130_fd_sc_hd__clkbuf_4)
     7    0.02    0.08    0.15    0.15 ^ input35/X (sky130_fd_sc_hd__clkbuf_4)
                                         net35 (net)
                  0.08    0.00    0.15 ^ _7605_/A (sky130_fd_sc_hd__nand2_1)
     1    0.02    0.15    0.15    0.30 v _7605_/Y (sky130_fd_sc_hd__nand2_1)
                                         _5619_ (net)
                  0.15    0.00    0.30 v _7606_/B (sky130_fd_sc_hd__nor2_1)
     1    0.00    0.09    0.12    0.42 ^ _7606_/Y (sky130_fd_sc_hd__nor2_1)
                                         _5620_ (net)
                  0.09    0.00    0.42 ^ _7607_/B1 (sky130_fd_sc_hd__a21oi_1)
     1    0.00    0.03    0.05    0.47 v _7607_/Y (sky130_fd_sc_hd__a21oi_1)
                                         _5621_ (net)
                  0.03    0.00    0.47 v _7608_/B (sky130_fd_sc_hd__nor2_1)
     1    0.00    0.07    0.07    0.54 ^ _7608_/Y (sky130_fd_sc_hd__nor2_1)
                                         _0007_[0] (net)
                  0.07    0.00    0.54 ^ prod_regs[5][0]$_DFF_P_/D (sky130_fd_sc_hd__dfxtp_1)
                                  0.54   data arrival time

                          0.00    0.00   clock clk (rise edge)
                          0.00    0.00   clock source latency
     1    0.04    0.00    0.00    0.00 ^ clk (in)
                                         clk (net)
                  0.00    0.00    0.00 ^ clkbuf_0_clk/A (sky130_fd_sc_hd__clkbuf_16)
    16    0.20    0.21    0.23    0.24 ^ clkbuf_0_clk/X (sky130_fd_sc_hd__clkbuf_16)
                                         clknet_0_clk (net)
                  0.21    0.01    0.24 ^ clkbuf_4_5_0_clk/A (sky130_fd_sc_hd__clkbuf_16)
    12    0.05    0.07    0.20    0.45 ^ clkbuf_4_5_0_clk/X (sky130_fd_sc_hd__clkbuf_16)
                                         clknet_4_5_0_clk (net)
                  0.07    0.00    0.45 ^ prod_regs[5][0]$_DFF_P_/CLK (sky130_fd_sc_hd__dfxtp_1)
                          0.00    0.45   clock reconvergence pessimism
                         -0.03    0.41   library hold time
                                  0.41   data required time
-----------------------------------------------------------------------------
                                  0.41   data required time
                                 -0.54   data arrival time
-----------------------------------------------------------------------------
                                  0.13   slack (MET)



==========================================================================
finish report_checks -path_delay max
--------------------------------------------------------------------------
Startpoint: A[39] (input port clocked by clk)
Endpoint: prod_regs[4][15]$_DFF_P_
          (rising edge-triggered flip-flop clocked by clk)
Path Group: clk
Path Type: max

Fanout     Cap    Slew   Delay    Time   Description
-----------------------------------------------------------------------------
                          0.00    0.00   clock clk (rise edge)
                          0.00    0.00   clock network delay (propagated)
                          0.00    0.00 v input external delay
     1    0.01    0.00    0.00    0.00 v A[39] (in)
                                         A[39] (net)
                  0.00    0.00    0.00 v input33/A (sky130_fd_sc_hd__buf_8)
     5    0.02    0.03    0.11    0.11 v input33/X (sky130_fd_sc_hd__buf_8)
                                         net33 (net)
                  0.03    0.00    0.11 v _7231_/B (sky130_fd_sc_hd__and2_4)
     4    0.02    0.05    0.17    0.28 v _7231_/X (sky130_fd_sc_hd__and2_4)
                                         _1022_ (net)
                  0.05    0.00    0.28 v rebuffer1026/A (sky130_fd_sc_hd__buf_6)
     1    0.01    0.02    0.11    0.39 v rebuffer1026/X (sky130_fd_sc_hd__buf_6)
                                         net1026 (net)
                  0.02    0.00    0.39 v _8304_/B (sky130_fd_sc_hd__fa_1)
     1    0.01    0.09    0.46    0.85 v _8304_/SUM (sky130_fd_sc_hd__fa_1)
                                         _1110_ (net)
                  0.09    0.00    0.85 v _8305_/CIN (sky130_fd_sc_hd__fa_1)
     1    0.01    0.10    0.53    1.38 ^ _8305_/SUM (sky130_fd_sc_hd__fa_1)
                                         _1111_ (net)
                  0.10    0.00    1.38 ^ _8307_/CIN (sky130_fd_sc_hd__fa_1)
     1    0.01    0.10    0.44    1.82 v _8307_/SUM (sky130_fd_sc_hd__fa_1)
                                         _1123_ (net)
                  0.10    0.00    1.82 v _8308_/A (sky130_fd_sc_hd__fa_1)
     2    0.01    0.10    0.52    2.34 v _8308_/SUM (sky130_fd_sc_hd__fa_1)
                                         _1129_ (net)
                  0.10    0.00    2.34 v _8760_/A (sky130_fd_sc_hd__ha_1)
     2    0.01    0.06    0.32    2.67 v _8760_/SUM (sky130_fd_sc_hd__ha_1)
                                         _1174_ (net)
                  0.06    0.00    2.67 v _6626_/A2 (sky130_fd_sc_hd__a21o_1)
     1    0.00    0.03    0.18    2.84 v _6626_/X (sky130_fd_sc_hd__a21o_1)
                                         _5291_ (net)
                  0.03    0.00    2.84 v _6627_/A2 (sky130_fd_sc_hd__a21o_1)
     2    0.01    0.05    0.19    3.03 v _6627_/X (sky130_fd_sc_hd__a21o_1)
                                         _5292_ (net)
                  0.05    0.00    3.03 v _6628_/C (sky130_fd_sc_hd__nor3_2)
     1    0.00    0.13    0.11    3.14 ^ _6628_/Y (sky130_fd_sc_hd__nor3_2)
                                         _5293_ (net)
                  0.13    0.00    3.14 ^ _6629_/B1 (sky130_fd_sc_hd__o31a_1)
     1    0.01    0.10    0.19    3.33 ^ _6629_/X (sky130_fd_sc_hd__o31a_1)
                                         _5294_ (net)
                  0.10    0.00    3.33 ^ _6632_/A (sky130_fd_sc_hd__nor3_2)
     1    0.01    0.05    0.07    3.40 v _6632_/Y (sky130_fd_sc_hd__nor3_2)
                                         _1273_ (net)
                  0.05    0.00    3.40 v _8327_/B (sky130_fd_sc_hd__fa_2)
     1    0.01    0.08    0.37    3.77 v _8327_/COUT (sky130_fd_sc_hd__fa_2)
                                         _4557_ (net)
                  0.08    0.00    3.77 v _6924_/B (sky130_fd_sc_hd__xnor2_2)
     1    0.01    0.06    0.15    3.92 v _6924_/Y (sky130_fd_sc_hd__xnor2_2)
                                         _5384_ (net)
                  0.06    0.00    3.92 v _6926_/A (sky130_fd_sc_hd__xnor2_2)
     1    0.01    0.08    0.15    4.07 v _6926_/Y (sky130_fd_sc_hd__xnor2_2)
                                         _5386_ (net)
                  0.08    0.00    4.07 v _6927_/B (sky130_fd_sc_hd__xnor2_2)
     2    0.01    0.06    0.15    4.22 v _6927_/Y (sky130_fd_sc_hd__xnor2_2)
                                         _5387_ (net)
                  0.06    0.00    4.22 v _6931_/B (sky130_fd_sc_hd__and3_1)
     1    0.00    0.04    0.17    4.39 v _6931_/X (sky130_fd_sc_hd__and3_1)
                                         _5391_ (net)
                  0.04    0.00    4.39 v _6933_/B1 (sky130_fd_sc_hd__a311o_1)
     1    0.00    0.05    0.30    4.69 v _6933_/X (sky130_fd_sc_hd__a311o_1)
                                         _0006_[15] (net)
                  0.05    0.00    4.69 v prod_regs[4][15]$_DFF_P_/D (sky130_fd_sc_hd__dfxtp_1)
                                  4.69   data arrival time

                          4.50    4.50   clock clk (rise edge)
                          0.00    4.50   clock source latency
     1    0.04    0.00    0.00    4.50 ^ clk (in)
                                         clk (net)
                  0.00    0.00    4.50 ^ clkbuf_0_clk/A (sky130_fd_sc_hd__clkbuf_16)
    16    0.20    0.21    0.23    4.74 ^ clkbuf_0_clk/X (sky130_fd_sc_hd__clkbuf_16)
                                         clknet_0_clk (net)
                  0.21    0.01    4.74 ^ clkbuf_4_0_0_clk/A (sky130_fd_sc_hd__clkbuf_16)
    13    0.05    0.07    0.20    4.94 ^ clkbuf_4_0_0_clk/X (sky130_fd_sc_hd__clkbuf_16)
                                         clknet_4_0_0_clk (net)
                  0.07    0.00    4.95 ^ prod_regs[4][15]$_DFF_P_/CLK (sky130_fd_sc_hd__dfxtp_1)
                          0.00    4.95   clock reconvergence pessimism
                         -0.11    4.84   library setup time
                                  4.84   data required time
-----------------------------------------------------------------------------
                                  4.84   data required time
                                 -4.69   data arrival time
-----------------------------------------------------------------------------
                                  0.15   slack (MET)



==========================================================================
finish report_checks -unconstrained
--------------------------------------------------------------------------
Startpoint: A[39] (input port clocked by clk)
Endpoint: prod_regs[4][15]$_DFF_P_
          (rising edge-triggered flip-flop clocked by clk)
Path Group: clk
Path Type: max

Fanout     Cap    Slew   Delay    Time   Description
-----------------------------------------------------------------------------
                          0.00    0.00   clock clk (rise edge)
                          0.00    0.00   clock network delay (propagated)
                          0.00    0.00 v input external delay
     1    0.01    0.00    0.00    0.00 v A[39] (in)
                                         A[39] (net)
                  0.00    0.00    0.00 v input33/A (sky130_fd_sc_hd__buf_8)
     5    0.02    0.03    0.11    0.11 v input33/X (sky130_fd_sc_hd__buf_8)
                                         net33 (net)
                  0.03    0.00    0.11 v _7231_/B (sky130_fd_sc_hd__and2_4)
     4    0.02    0.05    0.17    0.28 v _7231_/X (sky130_fd_sc_hd__and2_4)
                                         _1022_ (net)
                  0.05    0.00    0.28 v rebuffer1026/A (sky130_fd_sc_hd__buf_6)
     1    0.01    0.02    0.11    0.39 v rebuffer1026/X (sky130_fd_sc_hd__buf_6)
                                         net1026 (net)
                  0.02    0.00    0.39 v _8304_/B (sky130_fd_sc_hd__fa_1)
     1    0.01    0.09    0.46    0.85 v _8304_/SUM (sky130_fd_sc_hd__fa_1)
                                         _1110_ (net)
                  0.09    0.00    0.85 v _8305_/CIN (sky130_fd_sc_hd__fa_1)
     1    0.01    0.10    0.53    1.38 ^ _8305_/SUM (sky130_fd_sc_hd__fa_1)
                                         _1111_ (net)
                  0.10    0.00    1.38 ^ _8307_/CIN (sky130_fd_sc_hd__fa_1)
     1    0.01    0.10    0.44    1.82 v _8307_/SUM (sky130_fd_sc_hd__fa_1)
                                         _1123_ (net)
                  0.10    0.00    1.82 v _8308_/A (sky130_fd_sc_hd__fa_1)
     2    0.01    0.10    0.52    2.34 v _8308_/SUM (sky130_fd_sc_hd__fa_1)
                                         _1129_ (net)
                  0.10    0.00    2.34 v _8760_/A (sky130_fd_sc_hd__ha_1)
     2    0.01    0.06    0.32    2.67 v _8760_/SUM (sky130_fd_sc_hd__ha_1)
                                         _1174_ (net)
                  0.06    0.00    2.67 v _6626_/A2 (sky130_fd_sc_hd__a21o_1)
     1    0.00    0.03    0.18    2.84 v _6626_/X (sky130_fd_sc_hd__a21o_1)
                                         _5291_ (net)
                  0.03    0.00    2.84 v _6627_/A2 (sky130_fd_sc_hd__a21o_1)
     2    0.01    0.05    0.19    3.03 v _6627_/X (sky130_fd_sc_hd__a21o_1)
                                         _5292_ (net)
                  0.05    0.00    3.03 v _6628_/C (sky130_fd_sc_hd__nor3_2)
     1    0.00    0.13    0.11    3.14 ^ _6628_/Y (sky130_fd_sc_hd__nor3_2)
                                         _5293_ (net)
                  0.13    0.00    3.14 ^ _6629_/B1 (sky130_fd_sc_hd__o31a_1)
     1    0.01    0.10    0.19    3.33 ^ _6629_/X (sky130_fd_sc_hd__o31a_1)
                                         _5294_ (net)
                  0.10    0.00    3.33 ^ _6632_/A (sky130_fd_sc_hd__nor3_2)
     1    0.01    0.05    0.07    3.40 v _6632_/Y (sky130_fd_sc_hd__nor3_2)
                                         _1273_ (net)
                  0.05    0.00    3.40 v _8327_/B (sky130_fd_sc_hd__fa_2)
     1    0.01    0.08    0.37    3.77 v _8327_/COUT (sky130_fd_sc_hd__fa_2)
                                         _4557_ (net)
                  0.08    0.00    3.77 v _6924_/B (sky130_fd_sc_hd__xnor2_2)
     1    0.01    0.06    0.15    3.92 v _6924_/Y (sky130_fd_sc_hd__xnor2_2)
                                         _5384_ (net)
                  0.06    0.00    3.92 v _6926_/A (sky130_fd_sc_hd__xnor2_2)
     1    0.01    0.08    0.15    4.07 v _6926_/Y (sky130_fd_sc_hd__xnor2_2)
                                         _5386_ (net)
                  0.08    0.00    4.07 v _6927_/B (sky130_fd_sc_hd__xnor2_2)
     2    0.01    0.06    0.15    4.22 v _6927_/Y (sky130_fd_sc_hd__xnor2_2)
                                         _5387_ (net)
                  0.06    0.00    4.22 v _6931_/B (sky130_fd_sc_hd__and3_1)
     1    0.00    0.04    0.17    4.39 v _6931_/X (sky130_fd_sc_hd__and3_1)
                                         _5391_ (net)
                  0.04    0.00    4.39 v _6933_/B1 (sky130_fd_sc_hd__a311o_1)
     1    0.00    0.05    0.30    4.69 v _6933_/X (sky130_fd_sc_hd__a311o_1)
                                         _0006_[15] (net)
                  0.05    0.00    4.69 v prod_regs[4][15]$_DFF_P_/D (sky130_fd_sc_hd__dfxtp_1)
                                  4.69   data arrival time

                          4.50    4.50   clock clk (rise edge)
                          0.00    4.50   clock source latency
     1    0.04    0.00    0.00    4.50 ^ clk (in)
                                         clk (net)
                  0.00    0.00    4.50 ^ clkbuf_0_clk/A (sky130_fd_sc_hd__clkbuf_16)
    16    0.20    0.21    0.23    4.74 ^ clkbuf_0_clk/X (sky130_fd_sc_hd__clkbuf_16)
                                         clknet_0_clk (net)
                  0.21    0.01    4.74 ^ clkbuf_4_0_0_clk/A (sky130_fd_sc_hd__clkbuf_16)
    13    0.05    0.07    0.20    4.94 ^ clkbuf_4_0_0_clk/X (sky130_fd_sc_hd__clkbuf_16)
                                         clknet_4_0_0_clk (net)
                  0.07    0.00    4.95 ^ prod_regs[4][15]$_DFF_P_/CLK (sky130_fd_sc_hd__dfxtp_1)
                          0.00    4.95   clock reconvergence pessimism
                         -0.11    4.84   library setup time
                                  4.84   data required time
-----------------------------------------------------------------------------
                                  4.84   data required time
                                 -4.69   data arrival time
-----------------------------------------------------------------------------
                                  0.15   slack (MET)



==========================================================================
finish report_check_types -max_slew -max_cap -max_fanout -violators
--------------------------------------------------------------------------

==========================================================================
finish max_slew_check_slack
--------------------------------------------------------------------------
0.7607250809669495

==========================================================================
finish max_slew_check_limit
--------------------------------------------------------------------------
1.5

==========================================================================
finish max_slew_check_slack_limit
--------------------------------------------------------------------------
0.5072

==========================================================================
finish max_fanout_check_slack
--------------------------------------------------------------------------
1.0000000150474662e+30

==========================================================================
finish max_fanout_check_limit
--------------------------------------------------------------------------
1.0000000150474662e+30

==========================================================================
finish max_capacitance_check_slack
--------------------------------------------------------------------------
0.016269054263830185

==========================================================================
finish max_capacitance_check_limit
--------------------------------------------------------------------------
0.021067000925540924

==========================================================================
finish max_capacitance_check_slack_limit
--------------------------------------------------------------------------
0.7723

==========================================================================
finish max_slew_violation_count
--------------------------------------------------------------------------
max slew violation count 0

==========================================================================
finish max_fanout_violation_count
--------------------------------------------------------------------------
max fanout violation count 0

==========================================================================
finish max_cap_violation_count
--------------------------------------------------------------------------
max cap violation count 0

==========================================================================
finish setup_violation_count
--------------------------------------------------------------------------
setup violation count 0

==========================================================================
finish hold_violation_count
--------------------------------------------------------------------------
hold violation count 0

==========================================================================
finish report_checks -path_delay max reg to reg
--------------------------------------------------------------------------
Startpoint: prod_regs[4][2]$_DFF_P_
            (rising edge-triggered flip-flop clocked by clk)
Endpoint: tree_sum_reg_1[18]$_DFF_P_
          (rising edge-triggered flip-flop clocked by clk)
Path Group: clk
Path Type: max

  Delay    Time   Description
---------------------------------------------------------
   0.00    0.00   clock clk (rise edge)
   0.00    0.00   clock source latency
   0.00    0.00 ^ clk (in)
   0.24    0.24 ^ clkbuf_0_clk/X (sky130_fd_sc_hd__clkbuf_16)
   0.21    0.44 ^ clkbuf_4_0_0_clk/X (sky130_fd_sc_hd__clkbuf_16)
   0.00    0.44 ^ prod_regs[4][2]$_DFF_P_/CLK (sky130_fd_sc_hd__dfxtp_1)
   0.40    0.85 ^ prod_regs[4][2]$_DFF_P_/Q (sky130_fd_sc_hd__dfxtp_1)
   0.09    0.93 v _7182_/Y (sky130_fd_sc_hd__inv_1)
   0.54    1.48 v _8552_/SUM (sky130_fd_sc_hd__fa_1)
   0.55    2.03 ^ _8553_/SUM (sky130_fd_sc_hd__fa_1)
   0.05    2.08 v _7969_/Y (sky130_fd_sc_hd__inv_1)
   0.27    2.34 ^ _8899_/SUM (sky130_fd_sc_hd__ha_1)
   0.08    2.42 v _6938_/Y (sky130_fd_sc_hd__a21oi_1)
   0.22    2.64 ^ _7007_/Y (sky130_fd_sc_hd__nor3_2)
   0.18    2.82 v _7016_/Y (sky130_fd_sc_hd__o21ai_1)
   0.30    3.12 ^ _7286_/Y (sky130_fd_sc_hd__a211oi_2)
   0.14    3.26 v _7330_/Y (sky130_fd_sc_hd__a31oi_1)
   0.39    3.65 v _8588_/COUT (sky130_fd_sc_hd__fa_1)
   0.15    3.80 v _6576_/Y (sky130_fd_sc_hd__xnor2_1)
   0.28    4.08 ^ _6577_/Y (sky130_fd_sc_hd__xnor2_1)
   0.17    4.25 v _6579_/Y (sky130_fd_sc_hd__a21oi_1)
   0.16    4.41 v _6581_/X (sky130_fd_sc_hd__o21a_1)
   0.00    4.41 v tree_sum_reg_1[18]$_DFF_P_/D (sky130_fd_sc_hd__dfxtp_1)
           4.41   data arrival time

   4.50    4.50   clock clk (rise edge)
   0.00    4.50   clock source latency
   0.00    4.50 ^ clk (in)
   0.24    4.74 ^ clkbuf_0_clk/X (sky130_fd_sc_hd__clkbuf_16)
   0.21    4.95 ^ clkbuf_4_2_0_clk/X (sky130_fd_sc_hd__clkbuf_16)
   0.00    4.95 ^ tree_sum_reg_1[18]$_DFF_P_/CLK (sky130_fd_sc_hd__dfxtp_1)
   0.00    4.95   clock reconvergence pessimism
  -0.10    4.85   library setup time
           4.85   data required time
---------------------------------------------------------
           4.85   data required time
          -4.41   data arrival time
---------------------------------------------------------
           0.44   slack (MET)



==========================================================================
finish report_checks -path_delay min reg to reg
--------------------------------------------------------------------------
Startpoint: tree_sum_reg_0[17]$_DFF_P_
            (rising edge-triggered flip-flop clocked by clk)
Endpoint: tree_sum_reg_0[17]$_DFF_P_
          (rising edge-triggered flip-flop clocked by clk)
Path Group: clk
Path Type: min

  Delay    Time   Description
---------------------------------------------------------
   0.00    0.00   clock clk (rise edge)
   0.00    0.00   clock source latency
   0.00    0.00 ^ clk (in)
   0.24    0.24 ^ clkbuf_0_clk/X (sky130_fd_sc_hd__clkbuf_16)
   0.21    0.44 ^ clkbuf_4_3_0_clk/X (sky130_fd_sc_hd__clkbuf_16)
   0.00    0.44 ^ tree_sum_reg_0[17]$_DFF_P_/CLK (sky130_fd_sc_hd__dfxtp_1)
   0.33    0.78 ^ tree_sum_reg_0[17]$_DFF_P_/Q (sky130_fd_sc_hd__dfxtp_1)
   0.10    0.88 ^ _6688_/X (sky130_fd_sc_hd__o21a_1)
   0.00    0.88 ^ tree_sum_reg_0[17]$_DFF_P_/D (sky130_fd_sc_hd__dfxtp_1)
           0.88   data arrival time

   0.00    0.00   clock clk (rise edge)
   0.00    0.00   clock source latency
   0.00    0.00 ^ clk (in)
   0.24    0.24 ^ clkbuf_0_clk/X (sky130_fd_sc_hd__clkbuf_16)
   0.21    0.44 ^ clkbuf_4_3_0_clk/X (sky130_fd_sc_hd__clkbuf_16)
   0.00    0.44 ^ tree_sum_reg_0[17]$_DFF_P_/CLK (sky130_fd_sc_hd__dfxtp_1)
   0.00    0.44   clock reconvergence pessimism
  -0.03    0.42   library hold time
           0.42   data required time
---------------------------------------------------------
           0.42   data required time
          -0.88   data arrival time
---------------------------------------------------------
           0.46   slack (MET)



==========================================================================
finish critical path target clock latency max path
--------------------------------------------------------------------------
0.4463

==========================================================================
finish critical path target clock latency min path
--------------------------------------------------------------------------
0.4459

==========================================================================
finish critical path source clock latency min path
--------------------------------------------------------------------------
0.0000

==========================================================================
finish critical path delay
--------------------------------------------------------------------------
4.6900

==========================================================================
finish critical path slack
--------------------------------------------------------------------------
0.1498

==========================================================================
finish slack div critical path delay
--------------------------------------------------------------------------
3.194030

==========================================================================
finish report_power
--------------------------------------------------------------------------
Group                  Internal  Switching    Leakage      Total
                          Power      Power      Power      Power (Watts)
----------------------------------------------------------------
Sequential             2.13e-03   2.51e-04   1.58e-09   2.38e-03  12.2%
Combinational          7.84e-03   7.68e-03   1.60e-08   1.55e-02  79.7%
Clock                  8.53e-04   7.26e-04   2.84e-10   1.58e-03   8.1%
Macro                  0.00e+00   0.00e+00   0.00e+00   0.00e+00   0.0%
Pad                    0.00e+00   0.00e+00   0.00e+00   0.00e+00   0.0%
----------------------------------------------------------------
Total                  1.08e-02   8.66e-03   1.79e-08   1.95e-02 100.0%
                          55.5%      44.5%       0.0%
