OpenROAD 26Q2-339-g0504146ce6 
Features included (+) or not (-): +GPU +GUI +Python
This program is licensed under the BSD-3 license. See the LICENSE file for details.
Components of this program may be licensed under more restrictive licenses which must be honored.
[INFO ORD-0030] Using 4 thread(s).
read_liberty /home/harish_d1121/OpenROAD-flow-scripts/flow/platforms/sky130hd/lib/sky130_fd_sc_hd__tt_025C_1v80.lib
read_db /home/harish_d1121/Spec_to_Tapeout-main/openroad_runs/p7/results/sky130hd/exp_fixed_point/base/3_3_place_gp.odb
read_sdc /home/harish_d1121/Spec_to_Tapeout-main/openroad_runs/p7/results/sky130hd/exp_fixed_point/base/2_floorplan.sdc
source /home/harish_d1121/OpenROAD-flow-scripts/flow/platforms/sky130hd/setRC.tcl
estimate_parasitics -placement
Perform buffer insertion and gate resizing...
repair_design -verbose -match_cell_footprint
Iteration |   Area    | Resized | Buffers | Nets repaired | Remaining
---------------------------------------------------------------------
        0 |     +0.0% |       0 |       0 |             0 |       626
       10 |     +0.0% |       0 |       0 |             0 |       616
       20 |     +0.0% |       0 |       0 |             0 |       606
       30 |     +0.0% |       0 |       0 |             0 |       596
       40 |     +0.0% |       0 |       0 |             0 |       586
       50 |     +0.0% |       0 |       0 |             0 |       576
       60 |     +0.0% |       0 |       0 |             0 |       566
       70 |     +0.0% |       0 |       0 |             0 |       556
       80 |     +0.0% |       0 |       0 |             0 |       546
       90 |     +0.0% |       0 |       0 |             0 |       536
      100 |     +0.0% |       0 |       0 |             0 |       526
      110 |     +0.0% |       0 |       0 |             0 |       516
      120 |     +0.0% |       0 |       0 |             0 |       506
      130 |     +0.0% |       0 |       0 |             0 |       496
      140 |     +0.0% |       0 |       0 |             0 |       486
      150 |     +0.0% |       0 |       0 |             0 |       476
      160 |     +0.0% |       0 |       0 |             0 |       466
      170 |     +0.0% |       0 |       0 |             0 |       456
      180 |     +0.0% |       0 |       0 |             0 |       446
      190 |     +0.0% |       0 |       0 |             0 |       436
      200 |     +0.0% |       0 |       0 |             0 |       426
      210 |     +0.0% |       0 |       0 |             0 |       416
      220 |     +0.0% |       0 |       0 |             0 |       406
      230 |     +0.0% |       0 |       0 |             0 |       396
      240 |     +0.0% |       0 |       0 |             0 |       386
      250 |     +0.0% |       0 |       0 |             0 |       376
      260 |     +0.0% |       0 |       0 |             0 |       366
      270 |     +0.0% |       0 |       0 |             0 |       356
      280 |     +0.0% |       0 |       0 |             0 |       346
      290 |     +0.0% |       0 |       0 |             0 |       336
      300 |     +0.0% |       0 |       0 |             0 |       326
      310 |     +0.0% |       0 |       0 |             0 |       316
      320 |     +0.0% |       0 |       0 |             0 |       306
      330 |     +0.0% |       0 |       0 |             0 |       296
      340 |     +0.0% |       0 |       0 |             0 |       286
      350 |     +0.0% |       0 |       0 |             0 |       276
      360 |     +0.0% |       0 |       0 |             0 |       266
      370 |     +0.0% |       0 |       0 |             0 |       256
      380 |     +0.0% |       0 |       0 |             0 |       246
      390 |     +0.0% |       0 |       0 |             0 |       236
      400 |     +0.0% |       0 |       0 |             0 |       226
      410 |     +0.0% |       0 |       0 |             0 |       216
      420 |     +0.0% |       0 |       0 |             0 |       206
      430 |     +0.0% |       0 |       0 |             0 |       196
      440 |     +0.0% |       0 |       0 |             0 |       186
      450 |     +0.0% |       0 |       0 |             0 |       176
      460 |     +0.0% |       0 |       0 |             0 |       166
      470 |     +0.0% |       0 |       0 |             0 |       156
      480 |     +0.0% |       0 |       0 |             0 |       146
      490 |     +0.0% |       0 |       0 |             0 |       136
      500 |     +0.0% |       0 |       0 |             0 |       126
      510 |     +0.0% |       0 |       0 |             0 |       116
      520 |     +0.0% |       0 |       0 |             0 |       106
      530 |     +0.0% |       0 |       0 |             0 |        96
      540 |     +0.0% |       0 |       0 |             0 |        86
      550 |     +0.0% |       0 |       0 |             0 |        76
      560 |     +0.0% |       0 |       0 |             0 |        66
      570 |     +0.0% |       0 |       0 |             0 |        56
      580 |     +0.0% |       0 |       0 |             0 |        46
      590 |     +0.0% |       0 |       0 |             0 |        36
      600 |     +0.0% |       0 |       0 |             0 |        26
      610 |     +0.0% |       0 |       0 |             0 |        16
      620 |     +0.0% |       0 |       0 |             0 |         6
    final |     +0.0% |       0 |       0 |             0 |         0
---------------------------------------------------------------------
Floating nets: 
Report metrics stage 3, resizer...

==========================================================================
resizer report_design_area
--------------------------------------------------------------------------
Design area 5011 um^2 21% utilization.
Instance count before 939, after 939
Pin count before 2355, after 2355
write_db /home/harish_d1121/Spec_to_Tapeout-main/openroad_runs/p7/results/sky130hd/exp_fixed_point/base/3_4_place_resized.odb
Elapsed time: 0:00.53[h:]min:sec. CPU time: user 0.49 sys 0.09 (108%). Peak memory: 141004KB.
Log                        Elapsed/s Peak Memory/MB  sha1sum .odb [0:20)
3_4_place_resized                  0            137 4e4ab4f5109ed891ff87
