OpenROAD 26Q2-339-g0504146ce6 
Features included (+) or not (-): +GPU +GUI +Python
This program is licensed under the BSD-3 license. See the LICENSE file for details.
Components of this program may be licensed under more restrictive licenses which must be honored.
[INFO ORD-0030] Using 4 thread(s).
read_liberty /home/harish_d1121/OpenROAD-flow-scripts/flow/platforms/sky130hd/lib/sky130_fd_sc_hd__tt_025C_1v80.lib
read_db /home/harish_d1121/Spec_to_Tapeout-main/openroad_runs/p7/results/sky130hd/exp_fixed_point/base/5_1_grt.odb
read_sdc /home/harish_d1121/Spec_to_Tapeout-main/openroad_runs/p7/results/sky130hd/exp_fixed_point/base/5_1_grt.sdc
source /home/harish_d1121/OpenROAD-flow-scripts/flow/platforms/sky130hd/setRC.tcl
detailed_route -output_drc /home/harish_d1121/Spec_to_Tapeout-main/openroad_runs/p7/reports/sky130hd/exp_fixed_point/base/5_route_drc.rpt -output_maze /home/harish_d1121/Spec_to_Tapeout-main/openroad_runs/p7/results/sky130hd/exp_fixed_point/base/maze.log -droute_end_iter 64 -verbose 1 -drc_report_iter_step 5
[INFO DRT-0149] Reading tech and libs.
[WARNING DRT-0349] LEF58_ENCLOSURE with no CUTCLASS is not supported. Skipping for layer mcon
[WARNING DRT-0349] LEF58_ENCLOSURE with no CUTCLASS is not supported. Skipping for layer mcon
[WARNING DRT-0349] LEF58_ENCLOSURE with no CUTCLASS is not supported. Skipping for layer via
[WARNING DRT-0349] LEF58_ENCLOSURE with no CUTCLASS is not supported. Skipping for layer via
[WARNING DRT-0349] LEF58_ENCLOSURE with no CUTCLASS is not supported. Skipping for layer via2
[WARNING DRT-0349] LEF58_ENCLOSURE with no CUTCLASS is not supported. Skipping for layer via2
[WARNING DRT-0349] LEF58_ENCLOSURE with no CUTCLASS is not supported. Skipping for layer via3
[WARNING DRT-0349] LEF58_ENCLOSURE with no CUTCLASS is not supported. Skipping for layer via3
[WARNING DRT-0349] LEF58_ENCLOSURE with no CUTCLASS is not supported. Skipping for layer via4
[WARNING DRT-0349] LEF58_ENCLOSURE with no CUTCLASS is not supported. Skipping for layer via4

Units:                1000
Number of layers:     13
Number of macros:     441
Number of vias:       29
Number of viarulegen: 25

[INFO DRT-0150] Reading design.

Design:                   exp_fixed_point
Die area:                 ( 0 0 ) ( 165465 165465 )
Number of track patterns: 12
Number of DEF vias:       0
Number of components:     947
Number of terminals:      29
Number of snets:          2
Number of nets:           631

[INFO DRT-0167] List of default vias:
  Layer via
    default via: M1M2_PR
  Layer via2
    default via: M2M3_PR
  Layer via3
    default via: M3M4_PR
  Layer via4
    default via: M4M5_PR
[INFO DRT-0162] Library cell analysis.
[INFO DRT-0163] Instance analysis.
[INFO DRT-0164] Number of unique instances = 129.
[INFO DRT-0168] Init region query.
[INFO DRT-0024]   Complete FR_MASTERSLICE.
[INFO DRT-0024]   Complete Fr_VIA.
[INFO DRT-0024]   Complete li1.
[INFO DRT-0024]   Complete mcon.
[INFO DRT-0024]   Complete met1.
[INFO DRT-0024]   Complete via.
[INFO DRT-0024]   Complete met2.
[INFO DRT-0024]   Complete via2.
[INFO DRT-0024]   Complete met3.
[INFO DRT-0024]   Complete via3.
[INFO DRT-0024]   Complete met4.
[INFO DRT-0024]   Complete via4.
[INFO DRT-0024]   Complete met5.
[INFO DRT-0033] FR_MASTERSLICE shape region query size = 0.
[INFO DRT-0033] FR_VIA shape region query size = 0.
[INFO DRT-0033] li1 shape region query size = 16400.
[INFO DRT-0033] mcon shape region query size = 8572.
[INFO DRT-0033] met1 shape region query size = 2607.
[INFO DRT-0033] via shape region query size = 1595.
[INFO DRT-0033] met2 shape region query size = 968.
[INFO DRT-0033] via2 shape region query size = 1276.
[INFO DRT-0033] met3 shape region query size = 973.
[INFO DRT-0033] via3 shape region query size = 1276.
[INFO DRT-0033] met4 shape region query size = 391.
[INFO DRT-0033] via4 shape region query size = 61.
[INFO DRT-0033] met5 shape region query size = 83.
[INFO DRT-0165] Start pin access.
[INFO DRT-0076]   Complete 1000 pins.
[INFO DRT-0078]   Complete 1067 pins.
[INFO DRT-0079]   Complete 100 unique inst patterns.
[INFO DRT-0081]   Complete 129 unique inst patterns.
[INFO DRT-0084]   Complete 458 groups.
#scanned instances     = 947
#unique  instances     = 129
#stdCellGenAp          = 4129
#stdCellValidPlanarAp  = 0
#stdCellValidViaAp     = 3302
#stdCellPinNoAp        = 0
#stdCellPinCnt         = 2368
#instTermValidViaApCnt = 0
#macroGenAp            = 0
#macroValidPlanarAp    = 0
#macroValidViaAp       = 0
#macroNoAp             = 0
[INFO DRT-0166] Complete pin access.
[INFO DRT-0267] cpu time = 00:00:25, elapsed time = 00:00:06, memory = 209.76 (MB), peak = 209.76 (MB)

[INFO DRT-0157] Number of guides:     5918

[INFO DRT-0169] Post process guides.
[INFO DRT-0176] GCELLGRID X 0 DO 23 STEP 6900 ;
[INFO DRT-0177] GCELLGRID Y 0 DO 23 STEP 6900 ;
[INFO DRT-0028]   Complete FR_MASTERSLICE.
[INFO DRT-0028]   Complete Fr_VIA.
[INFO DRT-0028]   Complete li1.
[INFO DRT-0028]   Complete mcon.
[INFO DRT-0028]   Complete met1.
[INFO DRT-0028]   Complete via.
[INFO DRT-0028]   Complete met2.
[INFO DRT-0028]   Complete via2.
[INFO DRT-0028]   Complete met3.
[INFO DRT-0028]   Complete via3.
[INFO DRT-0028]   Complete met4.
[INFO DRT-0028]   Complete via4.
[INFO DRT-0028]   Complete met5.
[INFO DRT-0178] Init guide query.
[INFO DRT-0035]   Complete FR_MASTERSLICE (guide).
[INFO DRT-0035]   Complete Fr_VIA (guide).
[INFO DRT-0035]   Complete li1 (guide).
[INFO DRT-0035]   Complete mcon (guide).
[INFO DRT-0035]   Complete met1 (guide).
[INFO DRT-0035]   Complete via (guide).
[INFO DRT-0035]   Complete met2 (guide).
[INFO DRT-0035]   Complete via2 (guide).
[INFO DRT-0035]   Complete met3 (guide).
[INFO DRT-0035]   Complete via3 (guide).
[INFO DRT-0035]   Complete met4 (guide).
[INFO DRT-0035]   Complete via4 (guide).
[INFO DRT-0035]   Complete met5 (guide).
[INFO DRT-0036] FR_MASTERSLICE guide region query size = 0.
[INFO DRT-0036] FR_VIA guide region query size = 0.
[INFO DRT-0036] li1 guide region query size = 2013.
[INFO DRT-0036] mcon guide region query size = 0.
[INFO DRT-0036] met1 guide region query size = 1792.
[INFO DRT-0036] via guide region query size = 0.
[INFO DRT-0036] met2 guide region query size = 948.
[INFO DRT-0036] via2 guide region query size = 0.
[INFO DRT-0036] met3 guide region query size = 101.
[INFO DRT-0036] via3 guide region query size = 0.
[INFO DRT-0036] met4 guide region query size = 40.
[INFO DRT-0036] via4 guide region query size = 0.
[INFO DRT-0036] met5 guide region query size = 0.
[INFO DRT-0179] Init gr pin query.
[INFO DRT-0267] cpu time = 00:00:00, elapsed time = 00:00:00, memory = 211.39 (MB), peak = 211.39 (MB)
[INFO DRT-0245] skipped writing guide updates to database.
[INFO DRT-0181] Start track assignment.
[INFO DRT-0184] Done with 3001 vertical wires in 1 frboxes and 1893 horizontal wires in 1 frboxes.
[INFO DRT-0186] Done with 432 vertical wires in 1 frboxes and 666 horizontal wires in 1 frboxes.
[INFO DRT-0182] Complete track assignment.
[INFO DRT-0267] cpu time = 00:00:00, elapsed time = 00:00:00, memory = 222.84 (MB), peak = 222.84 (MB)
[INFO DRT-0187] Start routing data preparation.
[INFO DRT-0267] cpu time = 00:00:00, elapsed time = 00:00:00, memory = 222.84 (MB), peak = 222.84 (MB)
[INFO DRT-0194] Start detail routing.
[INFO DRT-0195] Start 0th optimization iteration.
    Completing 10% with 0 violations.
    elapsed time = 00:00:00, memory = 264.70 (MB).
    Completing 20% with 0 violations.
    elapsed time = 00:00:01, memory = 243.27 (MB).
    Completing 30% with 101 violations.
    elapsed time = 00:00:01, memory = 243.27 (MB).
    Completing 40% with 101 violations.
    elapsed time = 00:00:02, memory = 285.12 (MB).
    Completing 50% with 101 violations.
    elapsed time = 00:00:03, memory = 263.00 (MB).
    Completing 60% with 274 violations.
    elapsed time = 00:00:04, memory = 297.00 (MB).
    Completing 70% with 274 violations.
    elapsed time = 00:00:09, memory = 287.58 (MB).
    Completing 80% with 494 violations.
    elapsed time = 00:00:09, memory = 319.33 (MB).
    Completing 90% with 494 violations.
    elapsed time = 00:00:09, memory = 319.33 (MB).
    Completing 100% with 694 violations.
    elapsed time = 00:00:15, memory = 287.57 (MB).
[INFO DRT-0199]   Number of violations = 786.
Viol/Layer         li1   mcon   met1   met2   met3   met4
Cut Spacing          0      1      0      0      0      0
Metal Spacing        0      0     79     22      0      0
Min Hole             0      0      2      0      0      0
Recheck              3      0     65     22      1      1
Short                0      0    516     72      0      2
[INFO DRT-0267] cpu time = 00:00:20, elapsed time = 00:00:16, memory = 643.44 (MB), peak = 643.44 (MB)
Total wire length = 26544 um.
Total wire length on LAYER li1 = 0 um.
Total wire length on LAYER met1 = 12379 um.
Total wire length on LAYER met2 = 11731 um.
Total wire length on LAYER met3 = 1109 um.
Total wire length on LAYER met4 = 1323 um.
Total wire length on LAYER met5 = 0 um.
Total number of vias = 5418.
Up-via summary (total 5418):

-----------------------
 FR_MASTERSLICE       0
            li1    2396
           met1    2784
           met2     166
           met3      72
           met4       0
-----------------------
               5418


[INFO DRT-0195] Start 1st optimization iteration.
    Completing 10% with 786 violations.
    elapsed time = 00:00:00, memory = 650.32 (MB).
    Completing 20% with 786 violations.
    elapsed time = 00:00:06, memory = 653.82 (MB).
    Completing 30% with 674 violations.
    elapsed time = 00:00:06, memory = 655.32 (MB).
    Completing 40% with 674 violations.
    elapsed time = 00:00:06, memory = 670.07 (MB).
    Completing 50% with 674 violations.
    elapsed time = 00:00:10, memory = 682.19 (MB).
    Completing 60% with 644 violations.
    elapsed time = 00:00:10, memory = 708.32 (MB).
    Completing 70% with 644 violations.
    elapsed time = 00:00:14, memory = 720.82 (MB).
    Completing 80% with 518 violations.
    elapsed time = 00:00:14, memory = 720.82 (MB).
    Completing 90% with 518 violations.
    elapsed time = 00:00:14, memory = 720.82 (MB).
    Completing 100% with 414 violations.
    elapsed time = 00:00:21, memory = 720.82 (MB).
[INFO DRT-0199]   Number of violations = 414.
Viol/Layer        met1   met2
Metal Spacing       54     17
Short              320     23
[INFO DRT-0267] cpu time = 00:00:23, elapsed time = 00:00:21, memory = 721.07 (MB), peak = 721.07 (MB)
Total wire length = 26383 um.
Total wire length on LAYER li1 = 0 um.
Total wire length on LAYER met1 = 12305 um.
Total wire length on LAYER met2 = 11573 um.
Total wire length on LAYER met3 = 1182 um.
Total wire length on LAYER met4 = 1321 um.
Total wire length on LAYER met5 = 0 um.
Total number of vias = 5379.
Up-via summary (total 5379):

-----------------------
 FR_MASTERSLICE       0
            li1    2401
           met1    2736
           met2     170
           met3      72
           met4       0
-----------------------
               5379


[INFO DRT-0195] Start 2nd optimization iteration.
    Completing 10% with 414 violations.
    elapsed time = 00:00:00, memory = 721.07 (MB).
    Completing 20% with 414 violations.
    elapsed time = 00:00:07, memory = 721.07 (MB).
    Completing 30% with 381 violations.
    elapsed time = 00:00:07, memory = 721.07 (MB).
    Completing 40% with 381 violations.
    elapsed time = 00:00:09, memory = 721.07 (MB).
    Completing 50% with 381 violations.
    elapsed time = 00:00:11, memory = 721.07 (MB).
    Completing 60% with 416 violations.
    elapsed time = 00:00:11, memory = 721.07 (MB).
    Completing 70% with 416 violations.
    elapsed time = 00:00:14, memory = 737.32 (MB).
    Completing 80% with 410 violations.
    elapsed time = 00:00:14, memory = 737.32 (MB).
    Completing 90% with 410 violations.
    elapsed time = 00:00:14, memory = 737.32 (MB).
    Completing 100% with 413 violations.
    elapsed time = 00:00:15, memory = 737.32 (MB).
[INFO DRT-0199]   Number of violations = 413.
Viol/Layer        mcon   met1   met2   met3
Cut Spacing          1      0      0      0
Metal Spacing        0     69     11      1
Short                0    300     31      0
[INFO DRT-0267] cpu time = 00:00:21, elapsed time = 00:00:16, memory = 737.45 (MB), peak = 755.94 (MB)
Total wire length = 26306 um.
Total wire length on LAYER li1 = 0 um.
Total wire length on LAYER met1 = 12251 um.
Total wire length on LAYER met2 = 11563 um.
Total wire length on LAYER met3 = 1134 um.
Total wire length on LAYER met4 = 1357 um.
Total wire length on LAYER met5 = 0 um.
Total number of vias = 5318.
Up-via summary (total 5318):

-----------------------
 FR_MASTERSLICE       0
            li1    2403
           met1    2665
           met2     177
           met3      73
           met4       0
-----------------------
               5318


[INFO DRT-0195] Start 3rd optimization iteration.
    Completing 10% with 413 violations.
    elapsed time = 00:00:00, memory = 737.45 (MB).
    Completing 20% with 413 violations.
    elapsed time = 00:00:01, memory = 737.45 (MB).
    Completing 30% with 358 violations.
    elapsed time = 00:00:01, memory = 737.45 (MB).
    Completing 40% with 358 violations.
    elapsed time = 00:00:02, memory = 737.45 (MB).
    Completing 50% with 358 violations.
    elapsed time = 00:00:05, memory = 737.95 (MB).
    Completing 60% with 277 violations.
    elapsed time = 00:00:05, memory = 737.95 (MB).
    Completing 70% with 277 violations.
    elapsed time = 00:00:15, memory = 744.40 (MB).
    Completing 80% with 142 violations.
    elapsed time = 00:00:15, memory = 744.40 (MB).
    Completing 90% with 142 violations.
    elapsed time = 00:00:15, memory = 744.40 (MB).
    Completing 100% with 56 violations.
    elapsed time = 00:00:20, memory = 744.40 (MB).
[INFO DRT-0199]   Number of violations = 56.
Viol/Layer        met1   met2   met3
Metal Spacing       17      5      4
Short               22      8      0
[INFO DRT-0267] cpu time = 00:00:28, elapsed time = 00:00:20, memory = 744.40 (MB), peak = 776.40 (MB)
Total wire length = 26313 um.
Total wire length on LAYER li1 = 0 um.
Total wire length on LAYER met1 = 11186 um.
Total wire length on LAYER met2 = 11626 um.
Total wire length on LAYER met3 = 2098 um.
Total wire length on LAYER met4 = 1400 um.
Total wire length on LAYER met5 = 0 um.
Total number of vias = 5534.
Up-via summary (total 5534):

-----------------------
 FR_MASTERSLICE       0
            li1    2405
           met1    2687
           met2     363
           met3      79
           met4       0
-----------------------
               5534


[INFO DRT-0195] Start 4th guides tiles iteration.
    Completing 10% with 56 violations.
    elapsed time = 00:00:00, memory = 744.40 (MB).
    Completing 20% with 56 violations.
    elapsed time = 00:00:00, memory = 744.40 (MB).
    Completing 40% with 56 violations.
    elapsed time = 00:00:00, memory = 744.40 (MB).
    Completing 50% with 56 violations.
    elapsed time = 00:00:04, memory = 744.40 (MB).
    Completing 70% with 11 violations.
    elapsed time = 00:00:04, memory = 744.40 (MB).
    Completing 80% with 11 violations.
    elapsed time = 00:00:04, memory = 744.40 (MB).
    Completing 100% with 0 violations.
    elapsed time = 00:00:04, memory = 744.52 (MB).
[INFO DRT-0199]   Number of violations = 0.
[INFO DRT-0267] cpu time = 00:00:05, elapsed time = 00:00:04, memory = 744.52 (MB), peak = 776.40 (MB)
Total wire length = 26287 um.
Total wire length on LAYER li1 = 0 um.
Total wire length on LAYER met1 = 11126 um.
Total wire length on LAYER met2 = 11575 um.
Total wire length on LAYER met3 = 2171 um.
Total wire length on LAYER met4 = 1413 um.
Total wire length on LAYER met5 = 0 um.
Total number of vias = 5513.
Up-via summary (total 5513):

-----------------------
 FR_MASTERSLICE       0
            li1    2405
           met1    2673
           met2     354
           met3      81
           met4       0
-----------------------
               5513


[INFO DRT-0198] Complete detail routing.
Total wire length = 26287 um.
Total wire length on LAYER li1 = 0 um.
Total wire length on LAYER met1 = 11126 um.
Total wire length on LAYER met2 = 11575 um.
Total wire length on LAYER met3 = 2171 um.
Total wire length on LAYER met4 = 1413 um.
Total wire length on LAYER met5 = 0 um.
Total number of vias = 5513.
Up-via summary (total 5513):

-----------------------
 FR_MASTERSLICE       0
            li1    2405
           met1    2673
           met2     354
           met3      81
           met4       0
-----------------------
               5513


[INFO DRT-0267] cpu time = 00:01:39, elapsed time = 00:01:19, memory = 744.65 (MB), peak = 776.40 (MB)

[INFO DRT-0180] Post processing.
Took 86 seconds: detailed_route -output_drc /home/harish_d1121/Spec_to_Tapeout-main/openroad_runs/p7/reports/sky130hd/exp_fixed_point/base/5_route_drc.rpt -output_maze /home/harish_d1121/Spec_to_Tapeout-main/openroad_runs/p7/results/sky130hd/exp_fixed_point/base/maze.log -droute_end_iter 64 -verbose 1 -drc_report_iter_step 5
[INFO GRT-0012] Found 0 antenna violations.
[INFO ANT-0002] Found 0 net violations.
[INFO ANT-0001] Found 0 pin violations.
[INFO ANT-0002] Found 0 net violations.
[INFO ANT-0001] Found 0 pin violations.
Design area 5205 um^2 21% utilization.
write_db /home/harish_d1121/Spec_to_Tapeout-main/openroad_runs/p7/results/sky130hd/exp_fixed_point/base/5_2_route.odb
Elapsed time: 1:27.22[h:]min:sec. CPU time: user 127.88 sys 0.49 (147%). Peak memory: 795032KB.
Log                        Elapsed/s Peak Memory/MB  sha1sum .odb [0:20)
5_2_route                         87            776 a23d7e4893c748f1e14a
