#! /usr/bin/vvp
:ivl_version "11.0 (stable)";
:ivl_delay_selection "TYPICAL";
:vpi_time_precision - 12;
:vpi_module "/usr/lib/x86_64-linux-gnu/ivl/system.vpi";
:vpi_module "/usr/lib/x86_64-linux-gnu/ivl/vhdl_sys.vpi";
:vpi_module "/usr/lib/x86_64-linux-gnu/ivl/vhdl_textio.vpi";
:vpi_module "/usr/lib/x86_64-linux-gnu/ivl/v2005_math.vpi";
:vpi_module "/usr/lib/x86_64-linux-gnu/ivl/va_math.vpi";
:vpi_module "/usr/lib/x86_64-linux-gnu/ivl/v2009.vpi";
S_0x593bcd69e040 .scope package, "$unit" "$unit" 2 1;
 .timescale 0 0;
S_0x593bcd69e1d0 .scope module, "tb" "tb" 3 3;
 .timescale -9 -12;
v0x593bcd6d41a0_0 .var "clk", 0 0;
v0x593bcd6d4260_0 .var "data_in", 0 0;
v0x593bcd6d4300_0 .net "detected", 0 0, v0x593bcd6d3e80_0;  1 drivers
v0x593bcd6d43a0_0 .var/i "i", 31 0;
v0x593bcd6d4440_0 .var "reset", 0 0;
v0x593bcd6d44e0_0 .var "sample_input", 15 0;
v0x593bcd6d4580_0 .var "sample_output", 15 0;
S_0x593bcd69e360 .scope task, "check_detected" "check_detected" 3 21, 3 21 0, S_0x593bcd69e1d0;
 .timescale -9 -12;
v0x593bcd695020_0 .var/i "cycle_idx", 31 0;
v0x593bcd695920_0 .var "expected", 0 0;
TD_tb.check_detected ;
    %delay 1000, 0;
    %load/vec4 v0x593bcd6d4300_0;
    %load/vec4 v0x593bcd695920_0;
    %cmp/ne;
    %jmp/0xz  T_0.0, 6;
    %vpi_call/w 3 27 "$display", "FAIL: cycle=%0d expected detected=%0b got=%0b time=%0t", v0x593bcd695020_0, v0x593bcd695920_0, v0x593bcd6d4300_0, $time {0 0 0};
    %vpi_call/w 3 28 "$fatal", 32'sb00000000000000000000000000000001 {0 0 0};
T_0.0 ;
    %end;
S_0x593bcd6c2790 .scope module, "dut" "seq_detector_0011" 3 12, 4 5 0, S_0x593bcd69e1d0;
 .timescale 0 0;
    .port_info 0 /INPUT 1 "clk";
    .port_info 1 /INPUT 1 "reset";
    .port_info 2 /INPUT 1 "data_in";
    .port_info 3 /OUTPUT 1 "detected";
L_0x593bcd695800 .functor NOT 1, v0x593bcd6d4440_0, C4<0>, C4<0>, C4<0>;
L_0x593bcd696410 .functor AND 1, v0x593bcd6d3da0_0, L_0x593bcd695800, C4<1>, C4<1>;
L_0x593bcd691c40 .functor AND 1, L_0x593bcd6d4780, v0x593bcd6d4260_0, C4<1>, C4<1>;
L_0x593bcd6928b0 .functor NOT 1, L_0x593bcd691c40, C4<0>, C4<0>, C4<0>;
L_0x593bcd6931e0 .functor OR 1, L_0x593bcd6d49a0, L_0x593bcd6d4a90, C4<0>, C4<0>;
L_0x593bcd6938d0 .functor OR 1, L_0x593bcd6931e0, L_0x593bcd6928b0, C4<0>, C4<0>;
L_0x593bcd6d4cb0 .functor NOT 1, L_0x593bcd6938d0, C4<0>, C4<0>, C4<0>;
L_0x593bcd6d4d70 .functor NOT 1, v0x593bcd6d4440_0, C4<0>, C4<0>, C4<0>;
L_0x593bcd6d4e30 .functor AND 1, L_0x593bcd6d4cb0, L_0x593bcd6d4d70, C4<1>, C4<1>;
L_0x593bcd6d4f40 .functor NOT 1, v0x593bcd6d4440_0, C4<0>, C4<0>, C4<0>;
L_0x593bcd6d5010 .functor AND 1, v0x593bcd6d4260_0, L_0x593bcd6d4f40, C4<1>, C4<1>;
L_0x593bcd6d51e0 .functor NOT 1, v0x593bcd6d4440_0, C4<0>, C4<0>, C4<0>;
L_0x593bcd6d52c0 .functor AND 1, L_0x593bcd6d5080, L_0x593bcd6d51e0, C4<1>, C4<1>;
L_0x593bcd6d5550 .functor NOT 1, v0x593bcd6d4440_0, C4<0>, C4<0>, C4<0>;
L_0x593bcd6d5250 .functor AND 1, L_0x593bcd6d5470, L_0x593bcd6d5550, C4<1>, C4<1>;
v0x593bcd696570_0 .net "_00_", 0 0, L_0x593bcd6d4e30;  1 drivers
v0x593bcd691de0_0 .net "_01_", 0 0, L_0x593bcd696410;  1 drivers
v0x593bcd692a50_0 .net "_02_", 2 0, L_0x593bcd6d5330;  1 drivers
v0x593bcd693380_0 .net "_03_", 0 0, L_0x593bcd6928b0;  1 drivers
v0x593bcd6939f0_0 .net "_04_", 0 0, L_0x593bcd6931e0;  1 drivers
v0x593bcd6d2e00_0 .net "_05_", 0 0, L_0x593bcd6d4cb0;  1 drivers
v0x593bcd6d2ec0_0 .net *"_ivl_0", 0 0, L_0x593bcd695800;  1 drivers
v0x593bcd6d2fa0_0 .net *"_ivl_11", 0 0, L_0x593bcd6d49a0;  1 drivers
v0x593bcd6d3080_0 .net *"_ivl_13", 0 0, L_0x593bcd6d4a90;  1 drivers
v0x593bcd6d3160_0 .net *"_ivl_16", 0 0, L_0x593bcd6938d0;  1 drivers
v0x593bcd6d3240_0 .net *"_ivl_20", 0 0, L_0x593bcd6d4d70;  1 drivers
v0x593bcd6d3320_0 .net *"_ivl_26", 0 0, L_0x593bcd6d4f40;  1 drivers
v0x593bcd6d3400_0 .net *"_ivl_28", 0 0, L_0x593bcd6d5010;  1 drivers
v0x593bcd6d34e0_0 .net *"_ivl_33", 0 0, L_0x593bcd6d5080;  1 drivers
v0x593bcd6d35c0_0 .net *"_ivl_34", 0 0, L_0x593bcd6d51e0;  1 drivers
v0x593bcd6d36a0_0 .net *"_ivl_36", 0 0, L_0x593bcd6d52c0;  1 drivers
v0x593bcd6d3780_0 .net *"_ivl_42", 0 0, L_0x593bcd6d5470;  1 drivers
v0x593bcd6d3860_0 .net *"_ivl_43", 0 0, L_0x593bcd6d5550;  1 drivers
v0x593bcd6d3940_0 .net *"_ivl_45", 0 0, L_0x593bcd6d5250;  1 drivers
v0x593bcd6d3a20_0 .net *"_ivl_5", 0 0, L_0x593bcd6d4780;  1 drivers
v0x593bcd6d3b00_0 .net *"_ivl_6", 0 0, L_0x593bcd691c40;  1 drivers
v0x593bcd6d3be0_0 .net "clk", 0 0, v0x593bcd6d41a0_0;  1 drivers
v0x593bcd6d3cc0_0 .net "data_in", 0 0, v0x593bcd6d4260_0;  1 drivers
v0x593bcd6d3da0_0 .var "detect_pending", 0 0;
v0x593bcd6d3e80_0 .var "detected", 0 0;
v0x593bcd6d3f60_0 .var "history", 2 0;
v0x593bcd6d4040_0 .net "reset", 0 0, v0x593bcd6d4440_0;  1 drivers
E_0x593bcd69a4f0 .event posedge, v0x593bcd6d3be0_0;
L_0x593bcd6d4780 .part v0x593bcd6d3f60_0, 0, 1;
L_0x593bcd6d49a0 .part v0x593bcd6d3f60_0, 2, 1;
L_0x593bcd6d4a90 .part v0x593bcd6d3f60_0, 1, 1;
L_0x593bcd6d5080 .part v0x593bcd6d3f60_0, 0, 1;
L_0x593bcd6d5330 .concat8 [ 1 1 1 0], L_0x593bcd6d5010, L_0x593bcd6d52c0, L_0x593bcd6d5250;
L_0x593bcd6d5470 .part v0x593bcd6d3f60_0, 1, 1;
    .scope S_0x593bcd6c2790;
T_1 ;
    %wait E_0x593bcd69a4f0;
    %load/vec4 v0x593bcd692a50_0;
    %parti/s 1, 0, 2;
    %ix/load 4, 0, 0;
    %ix/load 5, 0, 0;
    %flag_set/imm 4, 0;
    %assign/vec4/off/d v0x593bcd6d3f60_0, 4, 5;
    %jmp T_1;
    .thread T_1;
    .scope S_0x593bcd6c2790;
T_2 ;
    %wait E_0x593bcd69a4f0;
    %load/vec4 v0x593bcd692a50_0;
    %parti/s 1, 1, 2;
    %ix/load 4, 1, 0;
    %ix/load 5, 0, 0;
    %flag_set/imm 4, 0;
    %assign/vec4/off/d v0x593bcd6d3f60_0, 4, 5;
    %jmp T_2;
    .thread T_2;
    .scope S_0x593bcd6c2790;
T_3 ;
    %wait E_0x593bcd69a4f0;
    %load/vec4 v0x593bcd692a50_0;
    %parti/s 1, 2, 3;
    %ix/load 4, 2, 0;
    %ix/load 5, 0, 0;
    %flag_set/imm 4, 0;
    %assign/vec4/off/d v0x593bcd6d3f60_0, 4, 5;
    %jmp T_3;
    .thread T_3;
    .scope S_0x593bcd6c2790;
T_4 ;
    %wait E_0x593bcd69a4f0;
    %load/vec4 v0x593bcd696570_0;
    %assign/vec4 v0x593bcd6d3da0_0, 0;
    %jmp T_4;
    .thread T_4;
    .scope S_0x593bcd6c2790;
T_5 ;
    %wait E_0x593bcd69a4f0;
    %load/vec4 v0x593bcd691de0_0;
    %assign/vec4 v0x593bcd6d3e80_0, 0;
    %jmp T_5;
    .thread T_5;
    .scope S_0x593bcd69e1d0;
T_6 ;
    %delay 5000, 0;
    %load/vec4 v0x593bcd6d41a0_0;
    %inv;
    %store/vec4 v0x593bcd6d41a0_0, 0, 1;
    %jmp T_6;
    .thread T_6;
    .scope S_0x593bcd69e1d0;
T_7 ;
    %pushi/vec4 0, 0, 1;
    %store/vec4 v0x593bcd6d41a0_0, 0, 1;
    %pushi/vec4 0, 0, 1;
    %store/vec4 v0x593bcd6d4440_0, 0, 1;
    %pushi/vec4 0, 0, 1;
    %store/vec4 v0x593bcd6d4260_0, 0, 1;
    %pushi/vec4 6578, 0, 16;
    %store/vec4 v0x593bcd6d44e0_0, 0, 16;
    %pushi/vec4 1088, 0, 16;
    %store/vec4 v0x593bcd6d4580_0, 0, 16;
    %pushi/vec4 1, 0, 1;
    %store/vec4 v0x593bcd6d4440_0, 0, 1;
    %wait E_0x593bcd69a4f0;
    %pushi/vec4 0, 0, 1;
    %store/vec4 v0x593bcd695920_0, 0, 1;
    %pushi/vec4 0, 0, 32;
    %store/vec4 v0x593bcd695020_0, 0, 32;
    %fork TD_tb.check_detected, S_0x593bcd69e360;
    %join;
    %pushi/vec4 0, 0, 1;
    %store/vec4 v0x593bcd6d4440_0, 0, 1;
    %pushi/vec4 15, 0, 32;
    %store/vec4 v0x593bcd6d43a0_0, 0, 32;
T_7.0 ;
    %load/vec4 v0x593bcd6d43a0_0;
    %cmpi/s 0, 0, 32;
    %flag_inv 5; GE is !LT
    %jmp/0xz T_7.1, 5;
    %load/vec4 v0x593bcd6d44e0_0;
    %load/vec4 v0x593bcd6d43a0_0;
    %part/s 1;
    %store/vec4 v0x593bcd6d4260_0, 0, 1;
    %wait E_0x593bcd69a4f0;
    %load/vec4 v0x593bcd6d4580_0;
    %load/vec4 v0x593bcd6d43a0_0;
    %part/s 1;
    %store/vec4 v0x593bcd695920_0, 0, 1;
    %pushi/vec4 16, 0, 32;
    %load/vec4 v0x593bcd6d43a0_0;
    %sub;
    %store/vec4 v0x593bcd695020_0, 0, 32;
    %fork TD_tb.check_detected, S_0x593bcd69e360;
    %join;
    %load/vec4 v0x593bcd6d43a0_0;
    %subi 1, 0, 32;
    %store/vec4 v0x593bcd6d43a0_0, 0, 32;
    %jmp T_7.0;
T_7.1 ;
    %pushi/vec4 1, 0, 1;
    %store/vec4 v0x593bcd6d4440_0, 0, 1;
    %wait E_0x593bcd69a4f0;
    %pushi/vec4 0, 0, 1;
    %store/vec4 v0x593bcd695920_0, 0, 1;
    %pushi/vec4 17, 0, 32;
    %store/vec4 v0x593bcd695020_0, 0, 32;
    %fork TD_tb.check_detected, S_0x593bcd69e360;
    %join;
    %vpi_call/w 3 55 "$display", "TEST PASSED" {0 0 0};
    %vpi_call/w 3 56 "$finish" {0 0 0};
    %end;
    .thread T_7;
# The file index is used to find the file name in the following table.
:file_names 5;
    "N/A";
    "<interactive>";
    "-";
    "/home/harish_d1121/Spec_to_Tapeout-main/output/p1/tb_candidate.v";
    "/home/harish_d1121/Spec_to_Tapeout-main/output/p1/Synthesis/design_syn.v";
