$ yosys sanity_check.ys

 /----------------------------------------------------------------------------\
 |                                                                            |
 |  yosys -- Yosys Open SYnthesis Suite                                       |
 |                                                                            |
 |  Copyright (C) 2012 - 2019  Clifford Wolf <clifford@clifford.at>           |
 |                                                                            |
 |  Permission to use, copy, modify, and/or distribute this software for any  |
 |  purpose with or without fee is hereby granted, provided that the above    |
 |  copyright notice and this permission notice appear in all copies.         |
 |                                                                            |
 |  THE SOFTWARE IS PROVIDED "AS IS" AND THE AUTHOR DISCLAIMS ALL WARRANTIES  |
 |  WITH REGARD TO THIS SOFTWARE INCLUDING ALL IMPLIED WARRANTIES OF          |
 |  MERCHANTABILITY AND FITNESS. IN NO EVENT SHALL THE AUTHOR BE LIABLE FOR   |
 |  ANY SPECIAL, DIRECT, INDIRECT, OR CONSEQUENTIAL DAMAGES OR ANY DAMAGES    |
 |  WHATSOEVER RESULTING FROM LOSS OF USE, DATA OR PROFITS, WHETHER IN AN     |
 |  ACTION OF CONTRACT, NEGLIGENCE OR OTHER TORTIOUS ACTION, ARISING OUT OF   |
 |  OR IN CONNECTION WITH THE USE OR PERFORMANCE OF THIS SOFTWARE.            |
 |                                                                            |
 \----------------------------------------------------------------------------/

 Yosys 0.9 (git sha1 1979e0b)


-- Executing script file `sanity_check.ys' --

1. Executing Verilog-2005 frontend: ../design_candidate.v
Parsing Verilog input from `../design_candidate.v' to AST representation.
Generating RTLIL representation for module `\seq_detector_0011'.
Successfully finished Verilog frontend.

2. Executing HIERARCHY pass (managing design hierarchy).

2.1. Analyzing design hierarchy..
Top module:  \seq_detector_0011

2.2. Analyzing design hierarchy..
Top module:  \seq_detector_0011
Removed 0 unused modules.

3. Executing PROC pass (convert processes to netlists).

3.1. Executing PROC_CLEAN pass (remove empty switches from decision trees).
Cleaned up 0 empty switches.

3.2. Executing PROC_RMDEAD pass (remove dead branches from decision trees).
Marked 1 switch rules as full_case in process $proc$../design_candidate.v:10$1 in module seq_detector_0011.
Removed a total of 0 dead cases.

3.3. Executing PROC_INIT pass (extract init attributes).

3.4. Executing PROC_ARST pass (detect async resets in processes).

3.5. Executing PROC_MUX pass (convert decision trees to multiplexers).
Creating decoders for process `\seq_detector_0011.$proc$../design_candidate.v:10$1'.
     1/3: $0\detected[0:0]
     2/3: $0\detect_pending[0:0]
     3/3: $0\history[3:0]

3.6. Executing PROC_DLATCH pass (convert process syncs to latches).

3.7. Executing PROC_DFF pass (convert process syncs to FFs).
Creating register for signal `\seq_detector_0011.\history' using process `\seq_detector_0011.$proc$../design_candidate.v:10$1'.
  created $dff cell `$procdff$12' with positive edge clock.
Creating register for signal `\seq_detector_0011.\detect_pending' using process `\seq_detector_0011.$proc$../design_candidate.v:10$1'.
  created $dff cell `$procdff$13' with positive edge clock.
Creating register for signal `\seq_detector_0011.\detected' using process `\seq_detector_0011.$proc$../design_candidate.v:10$1'.
  created $dff cell `$procdff$14' with positive edge clock.

3.8. Executing PROC_CLEAN pass (remove empty switches from decision trees).
Found and cleaned up 1 empty switch in `\seq_detector_0011.$proc$../design_candidate.v:10$1'.
Removing empty process `seq_detector_0011.$proc$../design_candidate.v:10$1'.
Cleaned up 1 empty switch.

4. Executing CHECK pass (checking for obvious problems).
checking module seq_detector_0011..
found and reported 0 problems.

End of script. Logfile hash: 76fd993483
CPU: user 0.00s system 0.00s, MEM: 15.59 MB total, 9.62 MB resident
Yosys 0.9 (git sha1 1979e0b)
Time spent: 37% 2x read_verilog (0 sec), 13% 1x proc (0 sec), ...
