$ yosys synth.ys > synth.log 2>&1

 /----------------------------------------------------------------------------\
 |                                                                            |
 |  yosys -- Yosys Open SYnthesis Suite                                       |
 |                                                                            |
 |  Copyright (C) 2012 - 2019  Clifford Wolf <clifford@clifford.at>           |
 |                                                                            |
 |  Permission to use, copy, modify, and/or distribute this software for any  |
 |  purpose with or without fee is hereby granted, provided that the above    |
 |  copyright notice and this permission notice appear in all copies.         |
 |                                                                            |
 |  THE SOFTWARE IS PROVIDED "AS IS" AND THE AUTHOR DISCLAIMS ALL WARRANTIES  |
 |  WITH REGARD TO THIS SOFTWARE INCLUDING ALL IMPLIED WARRANTIES OF          |
 |  MERCHANTABILITY AND FITNESS. IN NO EVENT SHALL THE AUTHOR BE LIABLE FOR   |
 |  ANY SPECIAL, DIRECT, INDIRECT, OR CONSEQUENTIAL DAMAGES OR ANY DAMAGES    |
 |  WHATSOEVER RESULTING FROM LOSS OF USE, DATA OR PROFITS, WHETHER IN AN     |
 |  ACTION OF CONTRACT, NEGLIGENCE OR OTHER TORTIOUS ACTION, ARISING OUT OF   |
 |  OR IN CONNECTION WITH THE USE OR PERFORMANCE OF THIS SOFTWARE.            |
 |                                                                            |
 \----------------------------------------------------------------------------/

 Yosys 0.9 (git sha1 1979e0b)


-- Executing script file `synth.ys' --

1. Executing Verilog-2005 frontend: ../design_candidate.v
Parsing Verilog input from `../design_candidate.v' to AST representation.
Generating RTLIL representation for module `\fp16_multiplier'.
Successfully finished Verilog frontend.

2. Executing SYNTH pass.

2.1. Executing HIERARCHY pass (managing design hierarchy).

2.1.1. Analyzing design hierarchy..
Top module:  \fp16_multiplier

2.1.2. Analyzing design hierarchy..
Top module:  \fp16_multiplier
Removed 0 unused modules.

2.2. Executing PROC pass (convert processes to netlists).

2.2.1. Executing PROC_CLEAN pass (remove empty switches from decision trees).
Cleaned up 0 empty switches.

2.2.2. Executing PROC_RMDEAD pass (remove dead branches from decision trees).
Marked 4 switch rules as full_case in process $proc$../design_candidate.v:25$1 in module fp16_multiplier.
Removed a total of 0 dead cases.

2.2.3. Executing PROC_INIT pass (extract init attributes).

2.2.4. Executing PROC_ARST pass (detect async resets in processes).

2.2.5. Executing PROC_MUX pass (convert decision trees to multiplexers).
Creating decoders for process `\fp16_multiplier.$proc$../design_candidate.v:25$1'.
     1/41: $3\rounded_exp[4:0]
     2/41: $3\rounded_mant[10:0]
     3/41: $2\rounded_exp[4:0]
     4/41: $2\rounded_mant[10:0]
     5/41: $2\sticky_bit[0:0]
     6/41: $2\round_bit[0:0]
     7/41: $2\guard_bit[0:0]
     8/41: $2\frac_norm[9:0]
     9/41: $2\exp_norm[4:0]
    10/41: $1\result[15:0]
    11/41: $1\rounded_exp[4:0]
    12/41: $1\rounded_mant[10:0]
    13/41: $1\sticky_bit[0:0]
    14/41: $1\round_bit[0:0]
    15/41: $1\guard_bit[0:0]
    16/41: $1\frac_norm[9:0]
    17/41: $1\exp_norm[4:0]
    18/41: $1\mant_prod[21:0]
    19/41: $1\exp_sum[5:0]
    20/41: $1\sign_r[0:0]
    21/41: $1\mant_b[10:0]
    22/41: $1\mant_a[10:0]
    23/41: $0\rounded_exp[4:0]
    24/41: $0\rounded_mant[10:0]
    25/41: $0\sticky_bit[0:0]
    26/41: $0\round_bit[0:0]
    27/41: $0\guard_bit[0:0]
    28/41: $0\frac_norm[9:0]
    29/41: $0\exp_norm[4:0]
    30/41: $0\mant_prod[21:0]
    31/41: $0\exp_sum[5:0]
    32/41: $0\sign_r[0:0]
    33/41: $0\mant_b[10:0]
    34/41: $0\mant_a[10:0]
    35/41: $0\result[15:0]
    36/41: $0\frac_b[9:0]
    37/41: $0\frac_a[9:0]
    38/41: $0\exp_b[4:0]
    39/41: $0\exp_a[4:0]
    40/41: $0\sign_b[0:0]
    41/41: $0\sign_a[0:0]

2.2.6. Executing PROC_DLATCH pass (convert process syncs to latches).
No latch inferred for signal `\fp16_multiplier.\exp_b' from process `\fp16_multiplier.$proc$../design_candidate.v:25$1'.
No latch inferred for signal `\fp16_multiplier.\frac_a' from process `\fp16_multiplier.$proc$../design_candidate.v:25$1'.
No latch inferred for signal `\fp16_multiplier.\frac_b' from process `\fp16_multiplier.$proc$../design_candidate.v:25$1'.
No latch inferred for signal `\fp16_multiplier.\sign_b' from process `\fp16_multiplier.$proc$../design_candidate.v:25$1'.
No latch inferred for signal `\fp16_multiplier.\exp_a' from process `\fp16_multiplier.$proc$../design_candidate.v:25$1'.
No latch inferred for signal `\fp16_multiplier.\result' from process `\fp16_multiplier.$proc$../design_candidate.v:25$1'.
No latch inferred for signal `\fp16_multiplier.\sign_a' from process `\fp16_multiplier.$proc$../design_candidate.v:25$1'.
No latch inferred for signal `\fp16_multiplier.\mant_a' from process `\fp16_multiplier.$proc$../design_candidate.v:25$1'.
No latch inferred for signal `\fp16_multiplier.\mant_b' from process `\fp16_multiplier.$proc$../design_candidate.v:25$1'.
No latch inferred for signal `\fp16_multiplier.\sign_r' from process `\fp16_multiplier.$proc$../design_candidate.v:25$1'.
No latch inferred for signal `\fp16_multiplier.\exp_sum' from process `\fp16_multiplier.$proc$../design_candidate.v:25$1'.
No latch inferred for signal `\fp16_multiplier.\mant_prod' from process `\fp16_multiplier.$proc$../design_candidate.v:25$1'.
No latch inferred for signal `\fp16_multiplier.\exp_norm' from process `\fp16_multiplier.$proc$../design_candidate.v:25$1'.
No latch inferred for signal `\fp16_multiplier.\frac_norm' from process `\fp16_multiplier.$proc$../design_candidate.v:25$1'.
No latch inferred for signal `\fp16_multiplier.\guard_bit' from process `\fp16_multiplier.$proc$../design_candidate.v:25$1'.
No latch inferred for signal `\fp16_multiplier.\round_bit' from process `\fp16_multiplier.$proc$../design_candidate.v:25$1'.
No latch inferred for signal `\fp16_multiplier.\sticky_bit' from process `\fp16_multiplier.$proc$../design_candidate.v:25$1'.
No latch inferred for signal `\fp16_multiplier.\rounded_mant' from process `\fp16_multiplier.$proc$../design_candidate.v:25$1'.
No latch inferred for signal `\fp16_multiplier.\rounded_exp' from process `\fp16_multiplier.$proc$../design_candidate.v:25$1'.

2.2.7. Executing PROC_DFF pass (convert process syncs to FFs).

2.2.8. Executing PROC_CLEAN pass (remove empty switches from decision trees).
Found and cleaned up 4 empty switches in `\fp16_multiplier.$proc$../design_candidate.v:25$1'.
Removing empty process `fp16_multiplier.$proc$../design_candidate.v:25$1'.
Cleaned up 4 empty switches.

2.3. Executing OPT_EXPR pass (perform const folding).
Optimizing module fp16_multiplier.
<suppressed ~4 debug messages>

2.4. Executing OPT_CLEAN pass (remove unused cells and wires).
Finding unused cells or wires in module \fp16_multiplier..
Removed 12 unused cells and 99 unused wires.
<suppressed ~25 debug messages>

2.5. Executing CHECK pass (checking for obvious problems).
checking module fp16_multiplier..
found and reported 0 problems.

2.6. Executing OPT pass (performing simple optimizations).

2.6.1. Executing OPT_EXPR pass (perform const folding).
Optimizing module fp16_multiplier.

2.6.2. Executing OPT_MERGE pass (detect identical cells).
Finding identical cells in module `\fp16_multiplier'.
Removed a total of 0 cells.

2.6.3. Executing OPT_MUXTREE pass (detect dead branches in mux trees).
Running muxtree optimizer on module \fp16_multiplier..
  Creating internal representation of mux trees.
  Evaluating internal representation of mux trees.
      Replacing known input bits on port A of cell $procmux$32: $add$../design_candidate.v:72$19_Y -> { 1'0 $add$../design_candidate.v:72$19_Y [9:0] }
  Analyzing evaluation results.
    dead port 2/2 on $mux $procmux$25.
    dead port 1/2 on $mux $procmux$28.
    dead port 2/2 on $mux $procmux$34.
    dead port 1/2 on $mux $procmux$37.
    dead port 1/2 on $mux $procmux$43.
    dead port 1/2 on $mux $procmux$49.
Removed 6 multiplexer ports.
<suppressed ~6 debug messages>

2.6.4. Executing OPT_REDUCE pass (consolidate $*mux and $reduce_* inputs).
  Optimizing cells in module \fp16_multiplier.
    New input vector for $reduce_or cell $reduce_or$../design_candidate.v:66$15: { $mul$../design_candidate.v:53$12_Y [0] $mul$../design_candidate.v:53$12_Y [1] $mul$../design_candidate.v:53$12_Y [2] $mul$../design_candidate.v:53$12_Y [3] $mul$../design_candidate.v:53$12_Y [4] $mul$../design_candidate.v:53$12_Y [5] $mul$../design_candidate.v:53$12_Y [6] $mul$../design_candidate.v:53$12_Y [7] }
    New input vector for $reduce_or cell $reduce_or$../design_candidate.v:60$14: { $mul$../design_candidate.v:53$12_Y [0] $mul$../design_candidate.v:53$12_Y [1] $mul$../design_candidate.v:53$12_Y [2] $mul$../design_candidate.v:53$12_Y [3] $mul$../design_candidate.v:53$12_Y [4] $mul$../design_candidate.v:53$12_Y [5] $mul$../design_candidate.v:53$12_Y [6] $mul$../design_candidate.v:53$12_Y [7] $mul$../design_candidate.v:53$12_Y [8] }
  Optimizing cells in module \fp16_multiplier.
Performed a total of 2 changes.

2.6.5. Executing OPT_MERGE pass (detect identical cells).
Finding identical cells in module `\fp16_multiplier'.
Removed a total of 0 cells.

2.6.6. Executing OPT_RMDFF pass (remove dff with constant values).

2.6.7. Executing OPT_CLEAN pass (remove unused cells and wires).
Finding unused cells or wires in module \fp16_multiplier..
Removed 0 unused cells and 6 unused wires.
<suppressed ~1 debug messages>

2.6.8. Executing OPT_EXPR pass (perform const folding).
Optimizing module fp16_multiplier.

2.6.9. Rerunning OPT passes. (Maybe there is more to do..)

2.6.10. Executing OPT_MUXTREE pass (detect dead branches in mux trees).
Running muxtree optimizer on module \fp16_multiplier..
  Creating internal representation of mux trees.
  Evaluating internal representation of mux trees.
  Analyzing evaluation results.
Removed 0 multiplexer ports.
<suppressed ~6 debug messages>

2.6.11. Executing OPT_REDUCE pass (consolidate $*mux and $reduce_* inputs).
  Optimizing cells in module \fp16_multiplier.
Performed a total of 0 changes.

2.6.12. Executing OPT_MERGE pass (detect identical cells).
Finding identical cells in module `\fp16_multiplier'.
Removed a total of 0 cells.

2.6.13. Executing OPT_RMDFF pass (remove dff with constant values).

2.6.14. Executing OPT_CLEAN pass (remove unused cells and wires).
Finding unused cells or wires in module \fp16_multiplier..

2.6.15. Executing OPT_EXPR pass (perform const folding).
Optimizing module fp16_multiplier.

2.6.16. Finished OPT passes. (There is nothing left to do.)

2.7. Executing WREDUCE pass (reducing word size of cells).
Removed top 1 bits (of 5) from port B of cell fp16_multiplier.$sub$../design_candidate.v:52$11 ($sub).
Removed top 1 bits (of 6) from port Y of cell fp16_multiplier.$sub$../design_candidate.v:52$11 ($sub).
Removed top 1 bits (of 6) from port A of cell fp16_multiplier.$sub$../design_candidate.v:52$11 ($sub).
Removed top 4 bits (of 5) from port B of cell fp16_multiplier.$add$../design_candidate.v:56$13 ($add).
Removed top 1 bits (of 11) from port A of cell fp16_multiplier.$add$../design_candidate.v:72$19 ($add).
Removed top 10 bits (of 11) from port B of cell fp16_multiplier.$add$../design_candidate.v:72$19 ($add).
Removed top 4 bits (of 5) from port B of cell fp16_multiplier.$add$../design_candidate.v:75$20 ($add).
Removed top 1 bits (of 11) from mux cell fp16_multiplier.$procmux$32 ($mux).
Removed top 1 bits (of 11) from mux cell fp16_multiplier.$procmux$46 ($mux).
Removed cell fp16_multiplier.$procmux$55 ($mux).
Removed cell fp16_multiplier.$procmux$61 ($mux).
Removed cell fp16_multiplier.$procmux$67 ($mux).
Removed cell fp16_multiplier.$procmux$73 ($mux).
Removed cell fp16_multiplier.$procmux$79 ($mux).
Removed top 1 bits (of 6) from port Y of cell fp16_multiplier.$add$../design_candidate.v:52$10 ($add).
Removed top 1 bits (of 11) from wire fp16_multiplier.$2\rounded_mant[10:0].
Removed top 1 bits (of 11) from wire fp16_multiplier.$3\rounded_mant[10:0].
Removed top 1 bits (of 6) from wire fp16_multiplier.$add$../design_candidate.v:52$10_Y.
Removed top 1 bits (of 6) from wire fp16_multiplier.$sub$../design_candidate.v:52$11_Y.

2.8. Executing PEEPOPT pass (run peephole optimizers).

2.9. Executing OPT_CLEAN pass (remove unused cells and wires).
Finding unused cells or wires in module \fp16_multiplier..
Removed 0 unused cells and 9 unused wires.
<suppressed ~1 debug messages>

2.10. Executing TECHMAP pass (map to technology primitives).

2.10.1. Executing Verilog-2005 frontend: /usr/bin/../share/yosys/cmp2lut.v
Parsing Verilog input from `/usr/bin/../share/yosys/cmp2lut.v' to AST representation.
Generating RTLIL representation for module `\_90_lut_cmp_'.
Successfully finished Verilog frontend.

2.10.2. Continuing TECHMAP pass.
No more expansions possible.

2.11. Executing ALUMACC pass (create $alu and $macc cells).
Extracting $alu and $macc cells in module fp16_multiplier:
  creating $macc model for $add$../design_candidate.v:52$10 ($add).
  creating $macc model for $add$../design_candidate.v:56$13 ($add).
  creating $macc model for $add$../design_candidate.v:72$19 ($add).
  creating $macc model for $add$../design_candidate.v:75$20 ($add).
  creating $macc model for $mul$../design_candidate.v:53$12 ($mul).
  creating $macc model for $sub$../design_candidate.v:52$11 ($sub).
  merging $macc model for $add$../design_candidate.v:52$10 into $sub$../design_candidate.v:52$11.
  creating $alu model for $macc $add$../design_candidate.v:75$20.
  creating $alu model for $macc $add$../design_candidate.v:72$19.
  creating $alu model for $macc $add$../design_candidate.v:56$13.
  creating $macc cell for $mul$../design_candidate.v:53$12: $auto$alumacc.cc:354:replace_macc$124
  creating $macc cell for $sub$../design_candidate.v:52$11: $auto$alumacc.cc:354:replace_macc$125
  creating $alu cell for $add$../design_candidate.v:56$13: $auto$alumacc.cc:474:replace_alu$126
  creating $alu cell for $add$../design_candidate.v:72$19: $auto$alumacc.cc:474:replace_alu$129
  creating $alu cell for $add$../design_candidate.v:75$20: $auto$alumacc.cc:474:replace_alu$132
  created 3 $alu and 2 $macc cells.

2.12. Executing SHARE pass (SAT-based resource sharing).

2.13. Executing OPT pass (performing simple optimizations).

2.13.1. Executing OPT_EXPR pass (perform const folding).
Optimizing module fp16_multiplier.

2.13.2. Executing OPT_MERGE pass (detect identical cells).
Finding identical cells in module `\fp16_multiplier'.
Removed a total of 0 cells.

2.13.3. Executing OPT_MUXTREE pass (detect dead branches in mux trees).
Running muxtree optimizer on module \fp16_multiplier..
  Creating internal representation of mux trees.
  Evaluating internal representation of mux trees.
  Analyzing evaluation results.
Removed 0 multiplexer ports.
<suppressed ~6 debug messages>

2.13.4. Executing OPT_REDUCE pass (consolidate $*mux and $reduce_* inputs).
  Optimizing cells in module \fp16_multiplier.
Performed a total of 0 changes.

2.13.5. Executing OPT_MERGE pass (detect identical cells).
Finding identical cells in module `\fp16_multiplier'.
Removed a total of 0 cells.

2.13.6. Executing OPT_RMDFF pass (remove dff with constant values).

2.13.7. Executing OPT_CLEAN pass (remove unused cells and wires).
Finding unused cells or wires in module \fp16_multiplier..
Removed 1 unused cells and 1 unused wires.
<suppressed ~2 debug messages>

2.13.8. Executing OPT_EXPR pass (perform const folding).
Optimizing module fp16_multiplier.

2.13.9. Rerunning OPT passes. (Maybe there is more to do..)

2.13.10. Executing OPT_MUXTREE pass (detect dead branches in mux trees).
Running muxtree optimizer on module \fp16_multiplier..
  Creating internal representation of mux trees.
  Evaluating internal representation of mux trees.
  Analyzing evaluation results.
Removed 0 multiplexer ports.
<suppressed ~6 debug messages>

2.13.11. Executing OPT_REDUCE pass (consolidate $*mux and $reduce_* inputs).
  Optimizing cells in module \fp16_multiplier.
Performed a total of 0 changes.

2.13.12. Executing OPT_MERGE pass (detect identical cells).
Finding identical cells in module `\fp16_multiplier'.
Removed a total of 0 cells.

2.13.13. Executing OPT_RMDFF pass (remove dff with constant values).

2.13.14. Executing OPT_CLEAN pass (remove unused cells and wires).
Finding unused cells or wires in module \fp16_multiplier..

2.13.15. Executing OPT_EXPR pass (perform const folding).
Optimizing module fp16_multiplier.

2.13.16. Finished OPT passes. (There is nothing left to do.)

2.14. Executing FSM pass (extract and optimize FSM).

2.14.1. Executing FSM_DETECT pass (finding FSMs in design).

2.14.2. Executing FSM_EXTRACT pass (extracting FSM from design).

2.14.3. Executing FSM_OPT pass (simple optimizations of FSMs).

2.14.4. Executing OPT_CLEAN pass (remove unused cells and wires).
Finding unused cells or wires in module \fp16_multiplier..

2.14.5. Executing FSM_OPT pass (simple optimizations of FSMs).

2.14.6. Executing FSM_RECODE pass (re-assigning FSM state encoding).

2.14.7. Executing FSM_INFO pass (dumping all available information on FSM cells).

2.14.8. Executing FSM_MAP pass (mapping FSMs to basic logic).

2.15. Executing OPT pass (performing simple optimizations).

2.15.1. Executing OPT_EXPR pass (perform const folding).
Optimizing module fp16_multiplier.

2.15.2. Executing OPT_MERGE pass (detect identical cells).
Finding identical cells in module `\fp16_multiplier'.
Removed a total of 0 cells.

2.15.3. Executing OPT_RMDFF pass (remove dff with constant values).

2.15.4. Executing OPT_CLEAN pass (remove unused cells and wires).
Finding unused cells or wires in module \fp16_multiplier..

2.15.5. Finished fast OPT passes.

2.16. Executing MEMORY pass.

2.16.1. Executing MEMORY_DFF pass (merging $dff cells to $memrd and $memwr).

2.16.2. Executing OPT_CLEAN pass (remove unused cells and wires).
Finding unused cells or wires in module \fp16_multiplier..

2.16.3. Executing MEMORY_SHARE pass (consolidating $memrd/$memwr cells).

2.16.4. Executing OPT_CLEAN pass (remove unused cells and wires).
Finding unused cells or wires in module \fp16_multiplier..

2.16.5. Executing MEMORY_COLLECT pass (generating $mem cells).

2.17. Executing OPT_CLEAN pass (remove unused cells and wires).
Finding unused cells or wires in module \fp16_multiplier..

2.18. Executing OPT pass (performing simple optimizations).

2.18.1. Executing OPT_EXPR pass (perform const folding).
Optimizing module fp16_multiplier.

2.18.2. Executing OPT_MERGE pass (detect identical cells).
Finding identical cells in module `\fp16_multiplier'.
Removed a total of 0 cells.

2.18.3. Executing OPT_RMDFF pass (remove dff with constant values).

2.18.4. Executing OPT_CLEAN pass (remove unused cells and wires).
Finding unused cells or wires in module \fp16_multiplier..

2.18.5. Finished fast OPT passes.

2.19. Executing MEMORY_MAP pass (converting $mem cells to logic and flip-flops).

2.20. Executing OPT pass (performing simple optimizations).

2.20.1. Executing OPT_EXPR pass (perform const folding).
Optimizing module fp16_multiplier.

2.20.2. Executing OPT_MERGE pass (detect identical cells).
Finding identical cells in module `\fp16_multiplier'.
Removed a total of 0 cells.

2.20.3. Executing OPT_MUXTREE pass (detect dead branches in mux trees).
Running muxtree optimizer on module \fp16_multiplier..
  Creating internal representation of mux trees.
  Evaluating internal representation of mux trees.
  Analyzing evaluation results.
Removed 0 multiplexer ports.
<suppressed ~6 debug messages>

2.20.4. Executing OPT_REDUCE pass (consolidate $*mux and $reduce_* inputs).
  Optimizing cells in module \fp16_multiplier.
Performed a total of 0 changes.

2.20.5. Executing OPT_MERGE pass (detect identical cells).
Finding identical cells in module `\fp16_multiplier'.
Removed a total of 0 cells.

2.20.6. Executing OPT_RMDFF pass (remove dff with constant values).

2.20.7. Executing OPT_CLEAN pass (remove unused cells and wires).
Finding unused cells or wires in module \fp16_multiplier..

2.20.8. Executing OPT_EXPR pass (perform const folding).
Optimizing module fp16_multiplier.

2.20.9. Finished OPT passes. (There is nothing left to do.)

2.21. Executing TECHMAP pass (map to technology primitives).

2.21.1. Executing Verilog-2005 frontend: <techmap.v>
Parsing Verilog input from `<techmap.v>' to AST representation.
Generating RTLIL representation for module `\_90_simplemap_bool_ops'.
Generating RTLIL representation for module `\_90_simplemap_reduce_ops'.
Generating RTLIL representation for module `\_90_simplemap_logic_ops'.
Generating RTLIL representation for module `\_90_simplemap_compare_ops'.
Generating RTLIL representation for module `\_90_simplemap_various'.
Generating RTLIL representation for module `\_90_simplemap_registers'.
Generating RTLIL representation for module `\_90_shift_ops_shr_shl_sshl_sshr'.
Generating RTLIL representation for module `\_90_shift_shiftx'.
Generating RTLIL representation for module `\_90_fa'.
Generating RTLIL representation for module `\_90_lcu'.
Generating RTLIL representation for module `\_90_alu'.
Generating RTLIL representation for module `\_90_macc'.
Generating RTLIL representation for module `\_90_alumacc'.
Generating RTLIL representation for module `\$__div_mod_u'.
Generating RTLIL representation for module `\$__div_mod'.
Generating RTLIL representation for module `\_90_div'.
Generating RTLIL representation for module `\_90_mod'.
Generating RTLIL representation for module `\_90_pow'.
Generating RTLIL representation for module `\_90_pmux'.
Generating RTLIL representation for module `\_90_lut'.
Successfully finished Verilog frontend.

2.21.2. Continuing TECHMAP pass.
Using extmapper simplemap for cells of type $logic_not.
Using extmapper simplemap for cells of type $logic_and.
Using extmapper simplemap for cells of type $logic_or.
Using extmapper simplemap for cells of type $xor.
Using template $paramod\_90_alu\A_SIGNED=0\B_SIGNED=0\A_WIDTH=1\B_WIDTH=5\Y_WIDTH=5 for cells of type $alu.
Using extmapper simplemap for cells of type $reduce_or.
Using extmapper simplemap for cells of type $mux.
Using template $paramod\_90_alu\A_SIGNED=0\B_SIGNED=0\A_WIDTH=1\B_WIDTH=10\Y_WIDTH=11 for cells of type $alu.
Using extmapper maccmap for cells of type $macc.
  add \a [14:10] (5 bits, unsigned)
  add \b [14:10] (5 bits, unsigned)
  add 5'10001 (5 bits, unsigned)
  add { 1'1 \a [9:0] } * { 1'1 \b [9:0] } (11x11 bits, unsigned)
Using extmapper simplemap for cells of type $and.
Using template $paramod\_90_lcu\WIDTH=5 for cells of type $lcu.
Using extmapper simplemap for cells of type $not.
Using extmapper simplemap for cells of type $pos.
Using template $paramod\_90_lcu\WIDTH=11 for cells of type $lcu.
Using template $paramod\_90_fa\WIDTH=5 for cells of type $fa.
Using template $paramod\_90_alu\A_SIGNED=0\B_SIGNED=0\A_WIDTH=5\B_WIDTH=5\Y_WIDTH=5 for cells of type $alu.
Using template $paramod\_90_fa\WIDTH=22 for cells of type $fa.
Using template $paramod\_90_alu\A_SIGNED=0\B_SIGNED=0\A_WIDTH=22\B_WIDTH=22\Y_WIDTH=22 for cells of type $alu.
Using extmapper simplemap for cells of type $or.
Using template $paramod\_90_lcu\WIDTH=22 for cells of type $lcu.
No more expansions possible.
<suppressed ~754 debug messages>

2.22. Executing OPT pass (performing simple optimizations).

2.22.1. Executing OPT_EXPR pass (perform const folding).
Optimizing module fp16_multiplier.
<suppressed ~863 debug messages>

2.22.2. Executing OPT_MERGE pass (detect identical cells).
Finding identical cells in module `\fp16_multiplier'.
Removed a total of 0 cells.

2.22.3. Executing OPT_RMDFF pass (remove dff with constant values).

2.22.4. Executing OPT_CLEAN pass (remove unused cells and wires).
Finding unused cells or wires in module \fp16_multiplier..
Removed 55 unused cells and 293 unused wires.
<suppressed ~56 debug messages>

2.22.5. Finished fast OPT passes.

2.23. Executing ABC pass (technology mapping using ABC).

2.23.1. Extracting gate netlist of module `\fp16_multiplier' to `<abc-temp-dir>/input.blif'..
Extracted 865 gates and 899 wires to a netlist network with 32 inputs and 16 outputs.

2.23.1.1. Executing ABC.
Running ABC command: berkeley-abc -s -f <abc-temp-dir>/abc.script 2>&1
ABC: ABC command line: "source <abc-temp-dir>/abc.script".
ABC: 
ABC: + read_blif <abc-temp-dir>/input.blif 
ABC: + read_library <abc-temp-dir>/stdcells.genlib 
ABC: Entered genlib library with 17 gates from file "<abc-temp-dir>/stdcells.genlib".
ABC: + strash 
ABC: + dretime 
ABC: + retime 
ABC: + map 
ABC: + write_blif <abc-temp-dir>/output.blif 

2.23.1.2. Re-integrating ABC results.
ABC RESULTS:               AND cells:       88
ABC RESULTS:            ANDNOT cells:      165
ABC RESULTS:              AOI3 cells:       51
ABC RESULTS:              AOI4 cells:        1
ABC RESULTS:               MUX cells:       36
ABC RESULTS:              NAND cells:       35
ABC RESULTS:               NOR cells:       31
ABC RESULTS:               NOT cells:       23
ABC RESULTS:              OAI3 cells:       20
ABC RESULTS:                OR cells:       84
ABC RESULTS:             ORNOT cells:       18
ABC RESULTS:              XNOR cells:      100
ABC RESULTS:               XOR cells:      158
ABC RESULTS:        internal signals:      851
ABC RESULTS:           input signals:       32
ABC RESULTS:          output signals:       16
Removing temp directory.

2.24. Executing OPT pass (performing simple optimizations).

2.24.1. Executing OPT_EXPR pass (perform const folding).
Optimizing module fp16_multiplier.

2.24.2. Executing OPT_MERGE pass (detect identical cells).
Finding identical cells in module `\fp16_multiplier'.
Removed a total of 0 cells.

2.24.3. Executing OPT_RMDFF pass (remove dff with constant values).

2.24.4. Executing OPT_CLEAN pass (remove unused cells and wires).
Finding unused cells or wires in module \fp16_multiplier..
Removed 0 unused cells and 218 unused wires.
<suppressed ~1 debug messages>

2.24.5. Finished fast OPT passes.

2.25. Executing HIERARCHY pass (managing design hierarchy).

2.25.1. Analyzing design hierarchy..
Top module:  \fp16_multiplier

2.25.2. Analyzing design hierarchy..
Top module:  \fp16_multiplier
Removed 0 unused modules.

2.26. Printing statistics.

=== fp16_multiplier ===

   Number of wires:                803
   Number of wire bits:            874
   Number of public wires:           9
   Number of public wire bits:      80
   Number of memories:               0
   Number of memory bits:            0
   Number of processes:              0
   Number of cells:                810
     $_ANDNOT_                     165
     $_AND_                         88
     $_AOI3_                        51
     $_AOI4_                         1
     $_MUX_                         36
     $_NAND_                        35
     $_NOR_                         31
     $_NOT_                         23
     $_OAI3_                        20
     $_ORNOT_                       18
     $_OR_                          84
     $_XNOR_                       100
     $_XOR_                        158

2.27. Executing CHECK pass (checking for obvious problems).
checking module fp16_multiplier..
found and reported 0 problems.

3. Executing Verilog backend.
Dumping module `\fp16_multiplier'.

End of script. Logfile hash: f48012d2fe
CPU: user 0.20s system 0.00s, MEM: 22.32 MB total, 15.68 MB resident
Yosys 0.9 (git sha1 1979e0b)
Time spent: 21% 18x opt_clean (0 sec), 15% 2x techmap (0 sec), ...
