OpenROAD 26Q2-339-g0504146ce6 
Features included (+) or not (-): +GPU +GUI +Python
This program is licensed under the BSD-3 license. See the LICENSE file for details.
Components of this program may be licensed under more restrictive licenses which must be honored.
[INFO ORD-0030] Using 4 thread(s).
read_liberty /home/harish_d1121/OpenROAD-flow-scripts/flow/platforms/sky130hd/lib/sky130_fd_sc_hd__tt_025C_1v80.lib
read_db /home/harish_d1121/Spec_to_Tapeout-main/openroad_runs/p3/results/sky130hd/seq_detect_101/base/3_2_place_iop.odb
read_sdc /home/harish_d1121/Spec_to_Tapeout-main/openroad_runs/p3/results/sky130hd/seq_detect_101/base/2_floorplan.sdc
source /home/harish_d1121/OpenROAD-flow-scripts/flow/platforms/sky130hd/setRC.tcl
[INFO RSZ-0026] Removed 0 buffers.
Perform port buffering...
[INFO RSZ-0027] Inserted 3 sky130_fd_sc_hd__clkdlybuf4s50_1 input buffers.
[INFO RSZ-0028] Inserted 1 sky130_fd_sc_hd__clkdlybuf4s50_1 output buffers.
[INFO GPL-0022] Initialize gpl and calculate uniform density.
Placement density is 0.14550000339746477, computed from PLACE_DENSITY_LB_ADDON  0.05 and lower bound 0.09000000357627869
global_placement -density 0.14550000339746477 -pad_left 0 -pad_right 0 -routability_driven -timing_driven -force_center_initial_place -min_phi_coef 0.95 -max_phi_coef 1.05
[INFO GPL-0001] ---- Initialize GPL Main Data Structures
[INFO GPL-0002] DBU: 1000
[INFO GPL-0003] SiteSize: (  0.460  2.720 ) um
[INFO GPL-0004] CoreBBox: (  6.440  8.160 ) ( 47.380 46.240 ) um
[INFO GPL-0036] Movable instances area:        126.371 um^2
[INFO GPL-0037] Total instances area:          146.390 um^2
[INFO GPL-0035] Pin density area adjust:         5.705 um^2
[INFO GPL-0032] ---- Initialize Region: Top-level
[INFO GPL-0006] Number of instances:                26
[INFO GPL-0007] Movable instances:                  10
[INFO GPL-0008] Fixed instances:                    16
[INFO GPL-0009] Dummy instances:                     0
[INFO GPL-0010] Number of nets:                     13
[INFO GPL-0011] Number of pins:                     32
[INFO GPL-0012] Die BBox:  (  0.000  0.000 ) ( 53.555 53.555 ) um
[INFO GPL-0013] Core BBox: (  6.440  8.160 ) ( 47.380 46.240 ) um
[INFO GPL-0016] Core area:                    1558.995 um^2
[INFO GPL-0014] Region name: top-level.
[INFO GPL-0015] Region area:                  1558.995 um^2
[INFO GPL-0017] Fixed instances area:           20.019 um^2
[INFO GPL-0018] Movable instances area:        132.077 um^2
[INFO GPL-0019] Utilization:                     8.582 %
[INFO GPL-0020] Standard cells area:           132.077 um^2
[INFO GPL-0021] Large instances area:            0.000 um^2
[INFO GPL-0005] ---- Execute Conjugate Gradient Initial Placement.
[INFO GPL-0051] Source of initial instance position counters:
	Odb location = 0	Core center = 10	Region center = 0
[InitialPlace]  Iter: 1 conjugate gradient residual: 0.00000006 HPWL: 219112
[InitialPlace]  Iter: 2 conjugate gradient residual: 0.00000000 HPWL: 208970
[InitialPlace]  Iter: 3 conjugate gradient residual: 0.00000004 HPWL: 209604
[InitialPlace]  Iter: 4 conjugate gradient residual: 0.00000004 HPWL: 210248
[InitialPlace]  Iter: 5 conjugate gradient residual: 0.00000003 HPWL: 210754
[INFO GPL-0033] ---- Initialize Nesterov Region: Top-level
[INFO GPL-0023] Placement target density:       0.1455
[INFO GPL-0024] Movable insts average area:     13.208 um^2
[INFO GPL-0025] Ideal bin area:                 90.774 um^2
[INFO GPL-0026] Ideal bin count:                    17
[INFO GPL-0027] Total bin area:               1558.995 um^2
[INFO GPL-0028] Bin count (X, Y):           4 ,      4
[INFO GPL-0029] Bin size (W * H):      10.235 *  9.520 um
[INFO GPL-0030] Number of bins:                     16
[INFO GPL-0007] ---- Execute Nesterov Global Placement.
[INFO GPL-0031] HPWL: Half-Perimeter Wirelength
Iteration | Overflow |     HPWL (um) |  HPWL(%) |   Penalty | Group
---------------------------------------------------------------
        0 |   0.3658 |  1.055410e+02 |   +0.00% |  1.94e-12 |      
[INFO GPL-0100] Timing-driven iteration 1/2, virtual: false.
[INFO GPL-0101]    Iter: 1, overflow: 0.366, keep resizer changes at: 1, HPWL: 105541
Iteration |   Area    | Resized | Buffers | Nets repaired | Remaining
---------------------------------------------------------------------
        0 |     +0.0% |       0 |       0 |             0 |        13
    final |     +0.0% |       0 |       0 |             0 |         0
---------------------------------------------------------------------
   Iter   |    Area   | Removed | Inserted |   Pins
          |           | Buffers | Buffers  | Remaining
-------------------------------------------------------
        0 |     +0.0% |       0 |        0 |        10
        1 |     +0.0% |       0 |        0 |         9
        2 |     +0.0% |       0 |        0 |         8
        3 |     +0.0% |       0 |        0 |         7
        4 |     +0.0% |       0 |        0 |         6
        5 |     +0.0% |       0 |        0 |         5
        6 |     +0.0% |       0 |        0 |         4
        7 |     +0.0% |       0 |        0 |         3
        8 |     +0.0% |       0 |        0 |         2
        9 |     +0.0% |       0 |        0 |         1
    final |     +0.0% |       0 |        0 |         0
-------------------------------------------------------
[INFO GPL-0106] Timing-driven: worst slack 1e+30
[WARNING GPL-0102] Timing-driven: no slacks found. Timing-driven mode disabled.
[INFO GPL-0107] Timing-driven: repair_design delta area: 0.000 um^2 (+0.00%)
[INFO GPL-0108] Timing-driven: repair_design, gpl delta gcells: 0 (+0.00%)
[INFO GPL-0109] Timing-driven: repair_design, gcells created: 0, deleted: 0
[INFO GPL-0110] Timing-driven: new target density: 0.1455
[INFO GPL-0038] Routability snapshot saved at iter = 1
        0 |   0.3658 |  1.055410e+02 |          |           |      
Iteration | Overflow |     HPWL (um) |  HPWL(%) |   Penalty | Group
---------------------------------------------------------------
       10 |   0.3074 |  1.130700e+02 |   +7.13% |  3.06e-12 |      
       20 |   0.3129 |  1.126790e+02 |   -0.35% |  4.51e-12 |      
       30 |   0.3104 |  1.126990e+02 |   +0.02% |  6.64e-12 |      
       40 |   0.3115 |  1.126890e+02 |   -0.01% |  9.78e-12 |      
       50 |   0.3111 |  1.126690e+02 |   -0.02% |  1.44e-11 |      
       60 |   0.3113 |  1.126890e+02 |   +0.02% |  2.12e-11 |      
       70 |   0.3112 |  1.126770e+02 |   -0.01% |  3.13e-11 |      
       80 |   0.3113 |  1.126910e+02 |   +0.01% |  4.61e-11 |      
       90 |   0.3113 |  1.126970e+02 |   +0.01% |  6.79e-11 |      
      100 |   0.3113 |  1.127150e+02 |   +0.02% |  1.00e-10 |      
      110 |   0.3113 |  1.127360e+02 |   +0.02% |  1.47e-10 |      
      120 |   0.3114 |  1.127690e+02 |   +0.03% |  2.17e-10 |      
      130 |   0.3116 |  1.126670e+02 |   -0.09% |  3.20e-10 |      
      140 |   0.3115 |  1.127210e+02 |   +0.05% |  4.71e-10 |      
      150 |   0.3121 |  1.124810e+02 |   -0.21% |  6.94e-10 |      
      160 |   0.3125 |  1.125050e+02 |   +0.02% |  1.02e-09 |      
      170 |   0.3139 |  1.124690e+02 |   -0.03% |  1.51e-09 |      
      180 |   0.3199 |  1.120120e+02 |   -0.41% |  2.22e-09 |      
      190 |   0.3271 |  1.117030e+02 |   -0.28% |  3.27e-09 |      
      200 |   0.3357 |  1.112560e+02 |   -0.40% |  4.81e-09 |      
      210 |   0.3465 |  1.106810e+02 |   -0.52% |  7.09e-09 |      
      220 |   0.3572 |  1.100020e+02 |   -0.61% |  1.04e-08 |      
      230 |   0.3605 |  1.092950e+02 |   -0.64% |  1.54e-08 |      
      240 |   0.3540 |  1.088420e+02 |   -0.41% |  2.27e-08 |      
      250 |   0.3515 |  1.089420e+02 |   +0.09% |  3.34e-08 |      
      260 |   0.3461 |  1.123040e+02 |   +3.09% |  4.92e-08 |      
      270 |   0.3373 |  1.092240e+02 |   -2.74% |  7.25e-08 |      
      280 |   0.3267 |  1.101570e+02 |   +0.85% |  1.07e-07 |      
      290 |   0.3159 |  1.136050e+02 |   +3.13% |  1.57e-07 |      
[INFO GPL-0040] Routability iteration: 1
[INFO GPL-0041] Total routing overflow: 0.0000
[INFO GPL-0042] Number of overflowed tiles: 0 (0.00%)
[INFO GPL-0043] Average top 0.5% routing congestion: 0.5655
[INFO GPL-0044] Average top 1.0% routing congestion: 0.5655
[INFO GPL-0045] Average top 2.0% routing congestion: 0.5655
[INFO GPL-0046] Average top 5.0% routing congestion: 0.5379
[INFO GPL-0047] Routability iteration weighted routing congestion: 0.5655
[INFO GPL-0050] Weighted routing congestion is lower than target routing congestion(1.0100), end routability optimization.
[INFO GPL-0090] Routability finished. Target routing congestion achieved succesfully.
Iteration | Overflow |     HPWL (um) |  HPWL(%) |   Penalty | Group
---------------------------------------------------------------
      300 |   0.2961 |  1.300930e+02 |  +14.51% |  2.32e-07 |      
      310 |   0.2394 |  1.462560e+02 |  +12.42% |  3.41e-07 |      
      320 |   0.1961 |  1.583120e+02 |   +8.24% |  5.03e-07 |      
      330 |   0.1515 |  1.660430e+02 |   +4.88% |  7.41e-07 |      
      340 |   0.0954 |  1.731730e+02 |   +4.29% |  1.09e-06 |      
      340 |   0.0954 |  1.731730e+02 |          |  1.13e-06 |      
---------------------------------------------------------------
[INFO GPL-1001] Global placement finished at iteration 340
[INFO GPL-1003] Routability mode iteration count: 298
[INFO GPL-1005] Routability final weighted congestion: 0.5681
[INFO GPL-1002] Placed Cell Area              132.0767
[INFO GPL-1003] Available Free Area          1538.9760
[INFO GPL-1004] Minimum Feasible Density        0.0900 (cell_area / free_area)
[INFO GPL-1006]   Suggested Target Densities:
[INFO GPL-1007]     - For 90% usage of free space: 0.0954
[INFO GPL-1008]     - For 80% usage of free space: 0.1073
[INFO GPL-1009]     - For 50% usage of free space: 0.1716
[INFO GPL-1011] Original area (um^2): 132.08
[INFO GPL-1012] Total routability artificial inflation: 0.00 (+0.00%)
[INFO GPL-1014] Final placement area: 132.08 (+0.00%)
estimate_parasitics -placement
Report metrics stage 3, global place...

==========================================================================
global place report_design_area
--------------------------------------------------------------------------
Design area 146 um^2 9% utilization.
write_db /home/harish_d1121/Spec_to_Tapeout-main/openroad_runs/p3/results/sky130hd/seq_detect_101/base/3_3_place_gp.odb
Elapsed time: 0:00.44[h:]min:sec. CPU time: user 0.52 sys 0.08 (137%). Peak memory: 212124KB.
Log                        Elapsed/s Peak Memory/MB  sha1sum .odb [0:20)
3_3_place_gp                       0            207 aaaa415460f19db216fa
