OpenROAD 26Q2-339-g0504146ce6 
Features included (+) or not (-): +GPU +GUI +Python
This program is licensed under the BSD-3 license. See the LICENSE file for details.
Components of this program may be licensed under more restrictive licenses which must be honored.
[INFO ORD-0030] Using 4 thread(s).
read_liberty /home/harish_d1121/OpenROAD-flow-scripts/flow/platforms/sky130hd/lib/sky130_fd_sc_hd__tt_025C_1v80.lib
read_db /home/harish_d1121/Spec_to_Tapeout-main/openroad_runs/p7/results/sky130hd/exp_fixed_point/base/3_2_place_iop.odb
read_sdc /home/harish_d1121/Spec_to_Tapeout-main/openroad_runs/p7/results/sky130hd/exp_fixed_point/base/2_floorplan.sdc
source /home/harish_d1121/OpenROAD-flow-scripts/flow/platforms/sky130hd/setRC.tcl
[INFO RSZ-0026] Removed 0 buffers.
Perform port buffering...
[INFO RSZ-0027] Inserted 10 sky130_fd_sc_hd__clkdlybuf4s50_1 input buffers.
[INFO RSZ-0028] Inserted 16 sky130_fd_sc_hd__clkdlybuf4s50_1 output buffers.
[INFO GPL-0022] Initialize gpl and calculate uniform density.
Placement density is 0.28319999396801, computed from PLACE_DENSITY_LB_ADDON  0.08 and lower bound 0.20999999344348907
global_placement -density 0.28319999396801 -pad_left 0 -pad_right 0 -routability_driven -timing_driven -force_center_initial_place -min_phi_coef 0.95 -max_phi_coef 1.05
[INFO GPL-0001] ---- Initialize GPL Main Data Structures
[INFO GPL-0002] DBU: 1000
[INFO GPL-0003] SiteSize: (  0.460  2.720 ) um
[INFO GPL-0004] CoreBBox: (  4.140  5.440 ) ( 161.460 160.480 ) um
[INFO GPL-0036] Movable instances area:       4381.702 um^2
[INFO GPL-0037] Total instances area:         4787.091 um^2
[INFO GPL-0035] Pin density area adjust:       644.658 um^2
[INFO GPL-0032] ---- Initialize Region: Top-level
[INFO GPL-0006] Number of instances:               912
[INFO GPL-0007] Movable instances:                 588
[INFO GPL-0008] Fixed instances:                   324
[INFO GPL-0009] Dummy instances:                     0
[INFO GPL-0010] Number of nets:                    599
[INFO GPL-0011] Number of pins:                   2328
[INFO GPL-0012] Die BBox:  (  0.000  0.000 ) ( 165.465 165.465 ) um
[INFO GPL-0013] Core BBox: (  4.140  5.440 ) ( 161.460 160.480 ) um
[INFO GPL-0016] Core area:                   24390.893 um^2
[INFO GPL-0014] Region name: top-level.
[INFO GPL-0015] Region area:                 24390.893 um^2
[INFO GPL-0017] Fixed instances area:          405.389 um^2
[INFO GPL-0018] Movable instances area:       5026.360 um^2
[INFO GPL-0019] Utilization:                    20.956 %
[INFO GPL-0020] Standard cells area:          5026.360 um^2
[INFO GPL-0021] Large instances area:            0.000 um^2
[INFO GPL-0005] ---- Execute Conjugate Gradient Initial Placement.
[INFO GPL-0051] Source of initial instance position counters:
	Odb location = 0	Core center = 588	Region center = 0
[InitialPlace]  Iter: 1 conjugate gradient residual: 0.00000011 HPWL: 19827409
[InitialPlace]  Iter: 2 conjugate gradient residual: 0.00000012 HPWL: 6326513
[InitialPlace]  Iter: 3 conjugate gradient residual: 0.00000011 HPWL: 6099131
[InitialPlace]  Iter: 4 conjugate gradient residual: 0.00000009 HPWL: 6041322
[InitialPlace]  Iter: 5 conjugate gradient residual: 0.00000011 HPWL: 5944681
[INFO GPL-0033] ---- Initialize Nesterov Region: Top-level
[INFO GPL-0023] Placement target density:       0.2832
[INFO GPL-0024] Movable insts average area:      8.548 um^2
[INFO GPL-0025] Ideal bin area:                 30.184 um^2
[INFO GPL-0026] Ideal bin count:                   808
[INFO GPL-0027] Total bin area:              24390.893 um^2
[INFO GPL-0028] Bin count (X, Y):          16 ,     16
[INFO GPL-0029] Bin size (W * H):       9.832 *  9.690 um
[INFO GPL-0030] Number of bins:                    256
[INFO GPL-0007] ---- Execute Nesterov Global Placement.
[INFO GPL-0031] HPWL: Half-Perimeter Wirelength
Iteration | Overflow |     HPWL (um) |  HPWL(%) |   Penalty | Group
---------------------------------------------------------------
        0 |   0.8741 |  2.653870e+03 |   +0.00% |  1.57e-14 |      
       10 |   0.8445 |  2.991276e+03 |  +12.71% |  2.56e-14 |      
       20 |   0.8486 |  2.909565e+03 |   -2.73% |  4.16e-14 |      
       30 |   0.8481 |  2.912341e+03 |   +0.10% |  6.78e-14 |      
       40 |   0.8485 |  2.912196e+03 |   -0.00% |  1.11e-13 |      
       50 |   0.8485 |  2.909785e+03 |   -0.08% |  1.80e-13 |      
       60 |   0.8480 |  2.910040e+03 |   +0.01% |  2.93e-13 |      
       70 |   0.8477 |  2.910139e+03 |   +0.00% |  4.78e-13 |      
       80 |   0.8474 |  2.910368e+03 |   +0.01% |  7.78e-13 |      
       90 |   0.8471 |  2.913606e+03 |   +0.11% |  1.27e-12 |      
      100 |   0.8470 |  2.923309e+03 |   +0.33% |  2.06e-12 |      
      110 |   0.8467 |  2.944123e+03 |   +0.71% |  3.36e-12 |      
      120 |   0.8455 |  2.985532e+03 |   +1.41% |  5.48e-12 |      
      130 |   0.8423 |  3.054450e+03 |   +2.31% |  8.92e-12 |      
      140 |   0.8327 |  3.154240e+03 |   +3.27% |  1.45e-11 |      
      150 |   0.8238 |  3.255435e+03 |   +3.21% |  2.37e-11 |      
      160 |   0.8218 |  3.357684e+03 |   +3.14% |  3.86e-11 |      
      170 |   0.8128 |  3.479842e+03 |   +3.64% |  6.28e-11 |      
      180 |   0.7883 |  3.725188e+03 |   +7.05% |  1.02e-10 |      
      190 |   0.7741 |  4.105844e+03 |  +10.22% |  1.67e-10 |      
      200 |   0.7464 |  4.633657e+03 |  +12.86% |  2.71e-10 |      
      210 |   0.7245 |  5.744732e+03 |  +23.98% |  4.42e-10 |      
      220 |   0.6960 |  6.412573e+03 |  +11.63% |  7.20e-10 |      
      230 |   0.6663 |  7.151778e+03 |  +11.53% |  1.17e-09 |      
[INFO GPL-0100] Timing-driven iteration 1/2, virtual: false.
[INFO GPL-0101]    Iter: 240, overflow: 0.633, keep resizer changes at: 1, HPWL: 7937846
Iteration |   Area    | Resized | Buffers | Nets repaired | Remaining
---------------------------------------------------------------------
        0 |     +0.0% |       0 |       0 |             0 |       599
    final |     +2.4% |       7 |       5 |             7 |         0
---------------------------------------------------------------------
[INFO RSZ-0034] Found 7 slew violations.
[INFO RSZ-0039] Resized 7 instances.
[INFO RSZ-0038] Inserted 5 buffers in 7 nets.
   Iter   |    Area   | Removed | Inserted |   Pins
          |           | Buffers | Buffers  | Remaining
-------------------------------------------------------
        0 |     +0.0% |       0 |        0 |       588
       58 |     +0.0% |       0 |        0 |       530
      116 |     +0.0% |       0 |        0 |       472
      174 |     +0.0% |       0 |        0 |       414
      232 |     +0.0% |       0 |        0 |       356
      290 |     +0.0% |       0 |        0 |       298
      348 |     +0.0% |       0 |        0 |       240
      406 |     +0.0% |       0 |        0 |       182
      464 |     +0.0% |       0 |        0 |       124
      522 |     +0.3% |       0 |        2 |        66
      580 |     -0.1% |       5 |       14 |         8
    final |     +0.1% |       5 |       15 |         0
-------------------------------------------------------
[INFO GPL-0106] Timing-driven: worst slack 1.6250845e-09
[INFO GPL-0107] Timing-driven: repair_design delta area: 135.030 um^2 (+2.69%)
[INFO GPL-0108] Timing-driven: repair_design, gpl delta gcells: 15 (+2.55%)
[INFO GPL-0109] Timing-driven: repair_design, gcells created: 20, deleted: 5
[INFO GPL-0110] Timing-driven: new target density: 0.28882962
Iteration | Overflow |     HPWL (um) |  HPWL(%) |   Penalty | Group
---------------------------------------------------------------
      240 |   0.6283 |  8.789189e+03 |  +22.90% |  1.91e-09 |      
      250 |   0.6102 |  9.667236e+03 |   +9.99% |  3.11e-09 |      
[INFO GPL-0038] Routability snapshot saved at iter = 254
      253 |   0.5971 |  9.978634e+03 |          |           |      
      260 |   0.5772 |  1.027236e+04 |   +6.26% |  5.07e-09 |      
      270 |   0.5461 |  1.141067e+04 |  +11.08% |  8.25e-09 |      
      280 |   0.5009 |  1.227072e+04 |   +7.54% |  1.34e-08 |      
      290 |   0.4532 |  1.337624e+04 |   +9.01% |  2.19e-08 |      
      300 |   0.4075 |  1.439966e+04 |   +7.65% |  3.56e-08 |      
      310 |   0.3507 |  1.533378e+04 |   +6.49% |  5.81e-08 |      
[INFO GPL-0040] Routability iteration: 1
[INFO GPL-0041] Total routing overflow: 1.2092
[INFO GPL-0042] Number of overflowed tiles: 14 (2.65%)
[INFO GPL-0043] Average top 0.5% routing congestion: 1.1821
[INFO GPL-0044] Average top 1.0% routing congestion: 1.1439
[INFO GPL-0045] Average top 2.0% routing congestion: 1.1058
[INFO GPL-0046] Average top 5.0% routing congestion: 1.0314
[INFO GPL-0047] Routability iteration weighted routing congestion: 1.1630
[INFO GPL-0048] Routing congestion (1.1630) lower than previous minimum (1e+30). Updating minimum.
[INFO GPL-0051] Inflated area:                  86.859 um^2 (+1.68%)
[INFO GPL-0052] Placement target density:       0.2888
[INFO GPL-0076] Removing fillers, count: Before: 212, After: 202 (-4.72%)
[INFO GPL-0077] Filler area (um^2)     : Before: 1766.334, After: 1679.859 (-4.90%)
[INFO GPL-0078] Removed fillers count: 10, area removed: 83.161 um^2. Remaining area to be compensated by modifying density: 3.697 um^2
[INFO GPL-0058] White space area:            23985.504 um^2 (+0.00%)
[INFO GPL-0059] Movable instances area:       6927.724 um^2 (+0.00%)
[INFO GPL-0060] Total filler area:            1679.859 um^2 (-4.90%)
[INFO GPL-0061] Total non-inflated area:      6928.107 um^2 (+0.01%)
[INFO GPL-0062] Total inflated area:          7014.966 um^2 (+0.01%)
[INFO GPL-0063] New Target Density:             0.2888
[INFO GPL-0087] Routability end iteration: increase inflation and revert back to snapshot.
Iteration | Overflow |     HPWL (um) |  HPWL(%) |   Penalty | Group
---------------------------------------------------------------
      320 |   0.6029 |  9.963349e+03 |  -35.02% |  3.78e-09 |      
      330 |   0.5755 |  1.068042e+04 |   +7.20% |  5.57e-09 |      
      340 |   0.5464 |  1.158741e+04 |   +8.49% |  8.20e-09 |      
      350 |   0.5121 |  1.226760e+04 |   +5.87% |  1.21e-08 |      
      360 |   0.4753 |  1.323375e+04 |   +7.88% |  1.78e-08 |      
      370 |   0.4379 |  1.396317e+04 |   +5.51% |  2.62e-08 |      
      380 |   0.3979 |  1.477694e+04 |   +5.83% |  3.86e-08 |      
      390 |   0.3525 |  1.556764e+04 |   +5.35% |  5.69e-08 |      
[INFO GPL-0040] Routability iteration: 2
[INFO GPL-0041] Total routing overflow: 1.1154
[INFO GPL-0042] Number of overflowed tiles: 17 (3.21%)
[INFO GPL-0043] Average top 0.5% routing congestion: 1.1623
[INFO GPL-0044] Average top 1.0% routing congestion: 1.1307
[INFO GPL-0045] Average top 2.0% routing congestion: 1.0932
[INFO GPL-0046] Average top 5.0% routing congestion: 1.0290
[INFO GPL-0047] Routability iteration weighted routing congestion: 1.1465
[INFO GPL-0048] Routing congestion (1.1465) lower than previous minimum (1.163). Updating minimum.
[INFO GPL-0051] Inflated area:                 100.701 um^2 (+1.92%)
[INFO GPL-0052] Placement target density:       0.2888
[INFO GPL-0076] Removing fillers, count: Before: 202, After: 190 (-5.94%)
[INFO GPL-0077] Filler area (um^2)     : Before: 1679.859, After: 1580.065 (-5.94%)
[INFO GPL-0078] Removed fillers count: 12, area removed: 99.794 um^2. Remaining area to be compensated by modifying density: 0.908 um^2
[INFO GPL-0058] White space area:            23985.504 um^2 (+0.00%)
[INFO GPL-0059] Movable instances area:       6927.724 um^2 (+0.00%)
[INFO GPL-0060] Total filler area:            1580.065 um^2 (-5.94%)
[INFO GPL-0061] Total non-inflated area:      6929.015 um^2 (+0.01%)
[INFO GPL-0062] Total inflated area:          7029.716 um^2 (+0.01%)
[INFO GPL-0063] New Target Density:             0.2888
[INFO GPL-0087] Routability end iteration: increase inflation and revert back to snapshot.
Iteration | Overflow |     HPWL (um) |  HPWL(%) |   Penalty | Group
---------------------------------------------------------------
      400 |   0.6104 |  9.962967e+03 |  -36.00% |  3.78e-09 |      
      410 |   0.5770 |  1.103658e+04 |  +10.78% |  5.57e-09 |      
      420 |   0.5478 |  1.185544e+04 |   +7.42% |  8.20e-09 |      
      430 |   0.5133 |  1.260306e+04 |   +6.31% |  1.21e-08 |      
      440 |   0.4788 |  1.350881e+04 |   +7.19% |  1.78e-08 |      
      450 |   0.4380 |  1.433017e+04 |   +6.08% |  2.62e-08 |      
      460 |   0.3984 |  1.511015e+04 |   +5.44% |  3.86e-08 |      
      470 |   0.3525 |  1.588789e+04 |   +5.15% |  5.69e-08 |      
[INFO GPL-0040] Routability iteration: 3
[INFO GPL-0041] Total routing overflow: 1.0410
[INFO GPL-0042] Number of overflowed tiles: 15 (2.84%)
[INFO GPL-0043] Average top 0.5% routing congestion: 1.1399
[INFO GPL-0044] Average top 1.0% routing congestion: 1.1138
[INFO GPL-0045] Average top 2.0% routing congestion: 1.0866
[INFO GPL-0046] Average top 5.0% routing congestion: 1.0234
[INFO GPL-0047] Routability iteration weighted routing congestion: 1.1269
[INFO GPL-0048] Routing congestion (1.1269) lower than previous minimum (1.147). Updating minimum.
[INFO GPL-0051] Inflated area:                  67.775 um^2 (+1.27%)
[INFO GPL-0052] Placement target density:       0.2888
[INFO GPL-0076] Removing fillers, count: Before: 190, After: 182 (-4.21%)
[INFO GPL-0077] Filler area (um^2)     : Before: 1580.065, After: 1513.536 (-4.21%)
[INFO GPL-0078] Removed fillers count: 8, area removed: 66.529 um^2. Remaining area to be compensated by modifying density: 1.246 um^2
[INFO GPL-0058] White space area:            23985.504 um^2 (+0.00%)
[INFO GPL-0059] Movable instances area:       6927.724 um^2 (+0.00%)
[INFO GPL-0060] Total filler area:            1513.536 um^2 (-4.21%)
[INFO GPL-0061] Total non-inflated area:      6930.260 um^2 (+0.02%)
[INFO GPL-0062] Total inflated area:          6998.035 um^2 (+0.02%)
[INFO GPL-0063] New Target Density:             0.2888
[INFO GPL-0087] Routability end iteration: increase inflation and revert back to snapshot.
Iteration | Overflow |     HPWL (um) |  HPWL(%) |   Penalty | Group
---------------------------------------------------------------
      480 |   0.6152 |  9.963042e+03 |  -37.29% |  3.78e-09 |      
      490 |   0.5770 |  1.126919e+04 |  +13.11% |  5.57e-09 |      
      500 |   0.5491 |  1.201550e+04 |   +6.62% |  8.20e-09 |      
      510 |   0.5147 |  1.278886e+04 |   +6.44% |  1.21e-08 |      
      520 |   0.4816 |  1.374189e+04 |   +7.45% |  1.78e-08 |      
      530 |   0.4398 |  1.454978e+04 |   +5.88% |  2.62e-08 |      
      540 |   0.3973 |  1.534532e+04 |   +5.47% |  3.86e-08 |      
      550 |   0.3525 |  1.611137e+04 |   +4.99% |  5.69e-08 |      
[INFO GPL-0040] Routability iteration: 4
[INFO GPL-0041] Total routing overflow: 0.9776
[INFO GPL-0042] Number of overflowed tiles: 18 (3.40%)
[INFO GPL-0043] Average top 0.5% routing congestion: 1.1403
[INFO GPL-0044] Average top 1.0% routing congestion: 1.1155
[INFO GPL-0045] Average top 2.0% routing congestion: 1.0828
[INFO GPL-0046] Average top 5.0% routing congestion: 1.0187
[INFO GPL-0047] Routability iteration weighted routing congestion: 1.1279
[INFO GPL-0049] Routing congestion (1.1279) higher than minimum (1.1269). Consecutive non-improvement count: 1.
[INFO GPL-0051] Inflated area:                  71.889 um^2 (+1.33%)
[INFO GPL-0052] Placement target density:       0.2888
[INFO GPL-0076] Removing fillers, count: Before: 182, After: 174 (-4.40%)
[INFO GPL-0077] Filler area (um^2)     : Before: 1513.536, After: 1447.007 (-4.40%)
[INFO GPL-0078] Removed fillers count: 8, area removed: 66.529 um^2. Remaining area to be compensated by modifying density: 5.359 um^2
[INFO GPL-0058] White space area:            23985.504 um^2 (+0.00%)
[INFO GPL-0059] Movable instances area:       6927.724 um^2 (+0.00%)
[INFO GPL-0060] Total filler area:            1447.007 um^2 (-4.40%)
[INFO GPL-0061] Total non-inflated area:      6935.620 um^2 (+0.08%)
[INFO GPL-0062] Total inflated area:          7007.508 um^2 (+0.08%)
[INFO GPL-0063] New Target Density:             0.2888
[INFO GPL-0087] Routability end iteration: increase inflation and revert back to snapshot.
Iteration | Overflow |     HPWL (um) |  HPWL(%) |   Penalty | Group
---------------------------------------------------------------
      560 |   0.6203 |  9.962984e+03 |  -38.16% |  3.78e-09 |      
      570 |   0.5773 |  1.152582e+04 |  +15.69% |  5.57e-09 |      
      580 |   0.5513 |  1.219763e+04 |   +5.83% |  8.20e-09 |      
      590 |   0.5176 |  1.298305e+04 |   +6.44% |  1.21e-08 |      
      600 |   0.4847 |  1.400199e+04 |   +7.85% |  1.78e-08 |      
      610 |   0.4419 |  1.478266e+04 |   +5.58% |  2.62e-08 |      
      620 |   0.3963 |  1.556286e+04 |   +5.28% |  3.86e-08 |      
      630 |   0.3501 |  1.636825e+04 |   +5.18% |  5.69e-08 |      
[INFO GPL-0040] Routability iteration: 5
[INFO GPL-0041] Total routing overflow: 0.6960
[INFO GPL-0042] Number of overflowed tiles: 13 (2.46%)
[INFO GPL-0043] Average top 0.5% routing congestion: 1.1146
[INFO GPL-0044] Average top 1.0% routing congestion: 1.0879
[INFO GPL-0045] Average top 2.0% routing congestion: 1.0616
[INFO GPL-0046] Average top 5.0% routing congestion: 1.0075
[INFO GPL-0047] Routability iteration weighted routing congestion: 1.1013
[INFO GPL-0048] Routing congestion (1.1013) lower than previous minimum (1.127). Updating minimum.
[INFO GPL-0051] Inflated area:                  36.392 um^2 (+0.66%)
[INFO GPL-0052] Placement target density:       0.2888
[INFO GPL-0076] Removing fillers, count: Before: 174, After: 170 (-2.30%)
[INFO GPL-0077] Filler area (um^2)     : Before: 1447.007, After: 1413.742 (-2.30%)
[INFO GPL-0078] Removed fillers count: 4, area removed: 33.265 um^2. Remaining area to be compensated by modifying density: 3.127 um^2
[INFO GPL-0058] White space area:            23985.504 um^2 (+0.00%)
[INFO GPL-0059] Movable instances area:       6927.724 um^2 (+0.00%)
[INFO GPL-0060] Total filler area:            1413.742 um^2 (-2.30%)
[INFO GPL-0061] Total non-inflated area:      6938.747 um^2 (+0.05%)
[INFO GPL-0062] Total inflated area:          6975.139 um^2 (+0.04%)
[INFO GPL-0063] New Target Density:             0.2888
[INFO GPL-0087] Routability end iteration: increase inflation and revert back to snapshot.
Iteration | Overflow |     HPWL (um) |  HPWL(%) |   Penalty | Group
---------------------------------------------------------------
      640 |   0.6228 |  9.962885e+03 |  -39.13% |  3.78e-09 |      
      650 |   0.5770 |  1.164797e+04 |  +16.91% |  5.57e-09 |      
      660 |   0.5512 |  1.231202e+04 |   +5.70% |  8.20e-09 |      
      670 |   0.5175 |  1.310485e+04 |   +6.44% |  1.21e-08 |      
      680 |   0.4835 |  1.410404e+04 |   +7.62% |  1.78e-08 |      
      690 |   0.4419 |  1.486264e+04 |   +5.38% |  2.62e-08 |      
      700 |   0.3986 |  1.566522e+04 |   +5.40% |  3.86e-08 |      
      710 |   0.3535 |  1.646092e+04 |   +5.08% |  5.69e-08 |      
      720 |   0.2946 |  1.734719e+04 |   +5.38% |  8.38e-08 |      
[INFO GPL-0040] Routability iteration: 6
[INFO GPL-0041] Total routing overflow: 0.6107
[INFO GPL-0042] Number of overflowed tiles: 13 (2.46%)
[INFO GPL-0043] Average top 0.5% routing congestion: 1.0874
[INFO GPL-0044] Average top 1.0% routing congestion: 1.0732
[INFO GPL-0045] Average top 2.0% routing congestion: 1.0550
[INFO GPL-0046] Average top 5.0% routing congestion: 1.0000
[INFO GPL-0047] Routability iteration weighted routing congestion: 1.0803
[INFO GPL-0048] Routing congestion (1.0803) lower than previous minimum (1.101). Updating minimum.
[INFO GPL-0051] Inflated area:                  33.489 um^2 (+0.61%)
[INFO GPL-0052] Placement target density:       0.2888
[INFO GPL-0076] Removing fillers, count: Before: 170, After: 166 (-2.35%)
[INFO GPL-0077] Filler area (um^2)     : Before: 1413.742, After: 1380.478 (-2.35%)
[INFO GPL-0078] Removed fillers count: 4, area removed: 33.265 um^2. Remaining area to be compensated by modifying density: 0.224 um^2
[INFO GPL-0058] White space area:            23985.504 um^2 (+0.00%)
[INFO GPL-0059] Movable instances area:       6927.724 um^2 (+0.00%)
[INFO GPL-0060] Total filler area:            1380.478 um^2 (-2.35%)
[INFO GPL-0061] Total non-inflated area:      6938.971 um^2 (+0.00%)
[INFO GPL-0062] Total inflated area:          6972.460 um^2 (+0.00%)
[INFO GPL-0063] New Target Density:             0.2888
[INFO GPL-0087] Routability end iteration: increase inflation and revert back to snapshot.
Iteration | Overflow |     HPWL (um) |  HPWL(%) |   Penalty | Group
---------------------------------------------------------------
      730 |   0.5761 |  1.180809e+04 |  -31.93% |  5.36e-09 |      
      740 |   0.5549 |  1.228516e+04 |   +4.04% |  7.89e-09 |      
      750 |   0.5186 |  1.319123e+04 |   +7.38% |  1.16e-08 |      
      760 |   0.4865 |  1.413152e+04 |   +7.13% |  1.71e-08 |      
      770 |   0.4456 |  1.490414e+04 |   +5.47% |  2.52e-08 |      
      780 |   0.4026 |  1.567208e+04 |   +5.15% |  3.72e-08 |      
      790 |   0.3574 |  1.648275e+04 |   +5.17% |  5.47e-08 |      
      800 |   0.3038 |  1.736191e+04 |   +5.33% |  8.06e-08 |      
[INFO GPL-0040] Routability iteration: 7
[INFO GPL-0041] Total routing overflow: 0.5141
[INFO GPL-0042] Number of overflowed tiles: 14 (2.65%)
[INFO GPL-0043] Average top 0.5% routing congestion: 1.0794
[INFO GPL-0044] Average top 1.0% routing congestion: 1.0619
[INFO GPL-0045] Average top 2.0% routing congestion: 1.0452
[INFO GPL-0046] Average top 5.0% routing congestion: 0.9959
[INFO GPL-0047] Routability iteration weighted routing congestion: 1.0707
[INFO GPL-0048] Routing congestion (1.0707) lower than previous minimum (1.08). Updating minimum.
[INFO GPL-0051] Inflated area:                  24.178 um^2 (+0.43%)
[INFO GPL-0052] Placement target density:       0.2888
[INFO GPL-0076] Removing fillers, count: Before: 166, After: 164 (-1.20%)
[INFO GPL-0077] Filler area (um^2)     : Before: 1380.478, After: 1363.846 (-1.20%)
[INFO GPL-0078] Removed fillers count: 2, area removed: 16.632 um^2. Remaining area to be compensated by modifying density: 7.546 um^2
[INFO GPL-0058] White space area:            23985.504 um^2 (+0.00%)
[INFO GPL-0059] Movable instances area:       6927.724 um^2 (+0.00%)
[INFO GPL-0060] Total filler area:            1363.846 um^2 (-1.20%)
[INFO GPL-0061] Total non-inflated area:      6946.517 um^2 (+0.11%)
[INFO GPL-0062] Total inflated area:          6970.695 um^2 (+0.11%)
[INFO GPL-0063] New Target Density:             0.2888
[INFO GPL-0087] Routability end iteration: increase inflation and revert back to snapshot.
Iteration | Overflow |     HPWL (um) |  HPWL(%) |   Penalty | Group
---------------------------------------------------------------
      810 |   0.5785 |  1.182591e+04 |  -31.89% |  5.15e-09 |      
      820 |   0.5618 |  1.215831e+04 |   +2.81% |  7.59e-09 |      
      830 |   0.5238 |  1.313659e+04 |   +8.05% |  1.12e-08 |      
      840 |   0.4908 |  1.407852e+04 |   +7.17% |  1.65e-08 |      
      850 |   0.4513 |  1.489293e+04 |   +5.78% |  2.43e-08 |      
      860 |   0.4080 |  1.565183e+04 |   +5.10% |  3.57e-08 |      
      870 |   0.3623 |  1.650591e+04 |   +5.46% |  5.26e-08 |      
      880 |   0.3104 |  1.737172e+04 |   +5.25% |  7.76e-08 |      
[INFO GPL-0040] Routability iteration: 8
[INFO GPL-0041] Total routing overflow: 0.4794
[INFO GPL-0042] Number of overflowed tiles: 12 (2.27%)
[INFO GPL-0043] Average top 0.5% routing congestion: 1.0806
[INFO GPL-0044] Average top 1.0% routing congestion: 1.0633
[INFO GPL-0045] Average top 2.0% routing congestion: 1.0431
[INFO GPL-0046] Average top 5.0% routing congestion: 0.9966
[INFO GPL-0047] Routability iteration weighted routing congestion: 1.0719
[INFO GPL-0049] Routing congestion (1.0719) higher than minimum (1.0707). Consecutive non-improvement count: 1.
[INFO GPL-0051] Inflated area:                  17.893 um^2 (+0.32%)
[INFO GPL-0052] Placement target density:       0.2888
[INFO GPL-0076] Removing fillers, count: Before: 164, After: 162 (-1.22%)
[INFO GPL-0077] Filler area (um^2)     : Before: 1363.846, After: 1347.213 (-1.22%)
[INFO GPL-0078] Removed fillers count: 2, area removed: 16.632 um^2. Remaining area to be compensated by modifying density: 1.260 um^2
[INFO GPL-0058] White space area:            23985.504 um^2 (+0.00%)
[INFO GPL-0059] Movable instances area:       6927.724 um^2 (+0.00%)
[INFO GPL-0060] Total filler area:            1347.213 um^2 (-1.22%)
[INFO GPL-0061] Total non-inflated area:      6947.778 um^2 (+0.02%)
[INFO GPL-0062] Total inflated area:          6965.670 um^2 (+0.02%)
[INFO GPL-0063] New Target Density:             0.2888
[INFO GPL-0087] Routability end iteration: increase inflation and revert back to snapshot.
Iteration | Overflow |     HPWL (um) |  HPWL(%) |   Penalty | Group
---------------------------------------------------------------
      890 |   0.5784 |  1.187131e+04 |  -31.66% |  4.96e-09 |      
      900 |   0.5662 |  1.212600e+04 |   +2.15% |  7.30e-09 |      
      910 |   0.5254 |  1.315199e+04 |   +8.46% |  1.08e-08 |      
      920 |   0.4939 |  1.407969e+04 |   +7.05% |  1.58e-08 |      
      930 |   0.4549 |  1.490066e+04 |   +5.83% |  2.33e-08 |      
      940 |   0.4131 |  1.562636e+04 |   +4.87% |  3.44e-08 |      
      950 |   0.3677 |  1.648916e+04 |   +5.52% |  5.06e-08 |      
      960 |   0.3153 |  1.733194e+04 |   +5.11% |  7.46e-08 |      
[INFO GPL-0040] Routability iteration: 9
[INFO GPL-0041] Total routing overflow: 0.4906
[INFO GPL-0042] Number of overflowed tiles: 11 (2.08%)
[INFO GPL-0043] Average top 0.5% routing congestion: 1.0912
[INFO GPL-0044] Average top 1.0% routing congestion: 1.0658
[INFO GPL-0045] Average top 2.0% routing congestion: 1.0446
[INFO GPL-0046] Average top 5.0% routing congestion: 0.9967
[INFO GPL-0047] Routability iteration weighted routing congestion: 1.0785
[INFO GPL-0049] Routing congestion (1.0785) higher than minimum (1.0707). Consecutive non-improvement count: 2.
[INFO GPL-0051] Inflated area:                  12.109 um^2 (+0.22%)
[INFO GPL-0052] Placement target density:       0.2888
[INFO GPL-0076] Removing fillers, count: Before: 162, After: 161 (-0.62%)
[INFO GPL-0077] Filler area (um^2)     : Before: 1347.213, After: 1338.897 (-0.62%)
[INFO GPL-0078] Removed fillers count: 1, area removed: 8.316 um^2. Remaining area to be compensated by modifying density: 3.793 um^2
[INFO GPL-0058] White space area:            23985.504 um^2 (+0.00%)
[INFO GPL-0059] Movable instances area:       6927.724 um^2 (+0.00%)
[INFO GPL-0060] Total filler area:            1338.897 um^2 (-0.62%)
[INFO GPL-0061] Total non-inflated area:      6951.570 um^2 (+0.05%)
[INFO GPL-0062] Total inflated area:          6963.679 um^2 (+0.05%)
[INFO GPL-0063] New Target Density:             0.2888
[INFO GPL-0087] Routability end iteration: increase inflation and revert back to snapshot.
Iteration | Overflow |     HPWL (um) |  HPWL(%) |   Penalty | Group
---------------------------------------------------------------
      970 |   0.5819 |  1.171256e+04 |  -32.42% |  4.77e-09 |      
      980 |   0.5716 |  1.199705e+04 |   +2.43% |  7.03e-09 |      
      990 |   0.5300 |  1.306499e+04 |   +8.90% |  1.03e-08 |      
     1000 |   0.4982 |  1.398826e+04 |   +7.07% |  1.52e-08 |      
     1010 |   0.4602 |  1.484431e+04 |   +6.12% |  2.25e-08 |      
     1020 |   0.4180 |  1.557490e+04 |   +4.92% |  3.31e-08 |      
     1030 |   0.3734 |  1.645541e+04 |   +5.65% |  4.87e-08 |      
     1040 |   0.3212 |  1.730165e+04 |   +5.14% |  7.18e-08 |      
[INFO GPL-0040] Routability iteration: 10
[INFO GPL-0041] Total routing overflow: 0.4548
[INFO GPL-0042] Number of overflowed tiles: 10 (1.89%)
[INFO GPL-0043] Average top 0.5% routing congestion: 1.0810
[INFO GPL-0044] Average top 1.0% routing congestion: 1.0614
[INFO GPL-0045] Average top 2.0% routing congestion: 1.0412
[INFO GPL-0046] Average top 5.0% routing congestion: 0.9952
[INFO GPL-0047] Routability iteration weighted routing congestion: 1.0712
[INFO GPL-0049] Routing congestion (1.0712) higher than minimum (1.0707). Consecutive non-improvement count: 3.
[INFO GPL-0051] Inflated area:                  13.607 um^2 (+0.24%)
[INFO GPL-0052] Placement target density:       0.2888
[INFO GPL-0076] Removing fillers, count: Before: 161, After: 160 (-0.62%)
[INFO GPL-0077] Filler area (um^2)     : Before: 1338.897, After: 1330.581 (-0.62%)
[INFO GPL-0078] Removed fillers count: 1, area removed: 8.316 um^2. Remaining area to be compensated by modifying density: 5.291 um^2
[INFO GPL-0054] No improvement in routing congestion for 3 consecutive iterations (limit is 3).
[INFO GPL-0055] Reverting inflation values and target density from the iteration with minimum observed routing congestion.
[INFO GPL-0056] Minimum observed routing congestion: 1.0707
[INFO GPL-0057] Target density at minimum routing congestion: 0.2888
[INFO GPL-0080] Restoring 6 previously removed fillers.
[INFO GPL-0081] Number of fillers before restoration 160 and after 166 . Relative change: +3.75%%
[INFO GPL-0082] Total filler area before restoration 1330.58 and after 1380.48 (um^2). Relative change: +3.75%%
[INFO GPL-0089] Routability finished. Reverting to minimal observed routing congestion, could not reach target.
Iteration | Overflow |     HPWL (um) |  HPWL(%) |   Penalty | Group
---------------------------------------------------------------
     1050 |   0.5807 |  1.126591e+04 |  -34.89% |  4.59e-09 |      
     1060 |   0.5659 |  1.180258e+04 |   +4.76% |  6.76e-09 |      
     1070 |   0.5278 |  1.284743e+04 |   +8.85% |  9.96e-09 |      
     1080 |   0.4966 |  1.369025e+04 |   +6.56% |  1.47e-08 |      
     1090 |   0.4600 |  1.456773e+04 |   +6.41% |  2.16e-08 |      
     1100 |   0.4181 |  1.529675e+04 |   +5.00% |  3.18e-08 |      
     1110 |   0.3713 |  1.613667e+04 |   +5.49% |  4.69e-08 |      
     1120 |   0.3225 |  1.701178e+04 |   +5.42% |  6.90e-08 |      
     1130 |   0.2682 |  1.787220e+04 |   +5.06% |  1.02e-07 |      
     1140 |   0.2213 |  1.861039e+04 |   +4.13% |  1.50e-07 |      
[INFO GPL-0100] Timing-driven iteration 2/2, virtual: false.
[INFO GPL-0101]    Iter: 1147, overflow: 0.193, keep resizer changes at: 1, HPWL: 18950180
Iteration |   Area    | Resized | Buffers | Nets repaired | Remaining
---------------------------------------------------------------------
        0 |     +0.0% |       0 |       0 |             0 |       614
    final |     +0.0% |       0 |       0 |             0 |         0
---------------------------------------------------------------------
   Iter   |    Area   | Removed | Inserted |   Pins
          |           | Buffers | Buffers  | Remaining
-------------------------------------------------------
        0 |     +0.0% |       0 |        0 |       588
       58 |     +0.0% |       0 |        0 |       530
      116 |     +0.0% |       0 |        0 |       472
      174 |     +0.2% |       0 |        1 |       414
      232 |     +0.2% |       0 |        1 |       356
      290 |     +0.3% |       0 |        2 |       298
      348 |     +0.5% |       0 |        3 |       240
      406 |     +0.5% |       0 |        3 |       182
      464 |     +0.9% |       0 |        6 |       124
      522 |     +1.4% |       2 |       11 |        66
      580 |     +2.1% |      14 |       26 |         8
    final |     +2.1% |      15 |       27 |         0
-------------------------------------------------------
[INFO GPL-0106] Timing-driven: worst slack 1.5703325e-09
[INFO GPL-0107] Timing-driven: repair_design delta area: 101.445 um^2 (+1.81%)
[INFO GPL-0108] Timing-driven: repair_design, gpl delta gcells: 12 (+1.99%)
[INFO GPL-0109] Timing-driven: repair_design, gcells created: 27, deleted: 15
[INFO GPL-0110] Timing-driven: new target density: 0.2957868
Iteration | Overflow |     HPWL (um) |  HPWL(%) |   Penalty | Group
---------------------------------------------------------------
     1150 |   0.1929 |  2.032432e+04 |   +9.21% |  2.21e-07 |      
     1160 |   0.1415 |  2.132099e+04 |   +4.90% |  3.25e-07 |      
     1170 |   0.1240 |  2.143971e+04 |   +0.56% |  4.79e-07 |      
     1180 |   0.1048 |  2.151816e+04 |   +0.37% |  7.05e-07 |      
     1183 |   0.0967 |  2.152122e+04 |          |  8.24e-07 |      
---------------------------------------------------------------
[INFO GPL-1001] Global placement finished at iteration 1183
[INFO GPL-1003] Routability mode iteration count: 861
[INFO GPL-1005] Routability final weighted congestion: 1.0688
[INFO GPL-1002] Placed Cell Area             5659.9382
[INFO GPL-1003] Available Free Area         23985.5040
[INFO GPL-1004] Minimum Feasible Density        0.2100 (cell_area / free_area)
[INFO GPL-1006]   Suggested Target Densities:
[INFO GPL-1007]     - For 90% usage of free space: 0.2622
[INFO GPL-1008]     - For 80% usage of free space: 0.2950
[INFO GPL-1009]     - For 50% usage of free space: 0.4719
[INFO GPL-1011] Original area (um^2): 5026.36
[INFO GPL-1012] Total routability artificial inflation: 397.10 (+7.90%)
[INFO GPL-1013] Total timing-driven delta area: 236.47 (+4.70%)
[INFO GPL-1014] Final placement area: 5659.94 (+12.61%)
estimate_parasitics -placement
Report metrics stage 3, global place...

==========================================================================
global place report_design_area
--------------------------------------------------------------------------
Design area 5011 um^2 21% utilization.
write_db /home/harish_d1121/Spec_to_Tapeout-main/openroad_runs/p7/results/sky130hd/exp_fixed_point/base/3_3_place_gp.odb
Elapsed time: 0:01.15[h:]min:sec. CPU time: user 2.10 sys 0.21 (201%). Peak memory: 232420KB.
Log                        Elapsed/s Peak Memory/MB  sha1sum .odb [0:20)
3_3_place_gp                       1            226 4e4ab4f5109ed891ff87
