OpenROAD 26Q2-339-g0504146ce6 
Features included (+) or not (-): +GPU +GUI +Python
This program is licensed under the BSD-3 license. See the LICENSE file for details.
Components of this program may be licensed under more restrictive licenses which must be honored.
[INFO ORD-0030] Using 4 thread(s).
read_liberty /home/harish_d1121/OpenROAD-flow-scripts/flow/platforms/sky130hd/lib/sky130_fd_sc_hd__tt_025C_1v80.lib
read_db /home/harish_d1121/Spec_to_Tapeout-main/openroad_runs/p7/results/sky130hd/exp_fixed_point/base/4_cts.odb
read_sdc /home/harish_d1121/Spec_to_Tapeout-main/openroad_runs/p7/results/sky130hd/exp_fixed_point/base/4_cts.sdc
source /home/harish_d1121/OpenROAD-flow-scripts/flow/platforms/sky130hd/setRC.tcl
pin_access
[INFO DRT-0149] Reading tech and libs.
[WARNING DRT-0349] LEF58_ENCLOSURE with no CUTCLASS is not supported. Skipping for layer mcon
[WARNING DRT-0349] LEF58_ENCLOSURE with no CUTCLASS is not supported. Skipping for layer mcon
[WARNING DRT-0349] LEF58_ENCLOSURE with no CUTCLASS is not supported. Skipping for layer via
[WARNING DRT-0349] LEF58_ENCLOSURE with no CUTCLASS is not supported. Skipping for layer via
[WARNING DRT-0349] LEF58_ENCLOSURE with no CUTCLASS is not supported. Skipping for layer via2
[WARNING DRT-0349] LEF58_ENCLOSURE with no CUTCLASS is not supported. Skipping for layer via2
[WARNING DRT-0349] LEF58_ENCLOSURE with no CUTCLASS is not supported. Skipping for layer via3
[WARNING DRT-0349] LEF58_ENCLOSURE with no CUTCLASS is not supported. Skipping for layer via3
[WARNING DRT-0349] LEF58_ENCLOSURE with no CUTCLASS is not supported. Skipping for layer via4
[WARNING DRT-0349] LEF58_ENCLOSURE with no CUTCLASS is not supported. Skipping for layer via4

Units:                1000
Number of layers:     13
Number of macros:     441
Number of vias:       29
Number of viarulegen: 25

[INFO DRT-0150] Reading design.

Design:                   exp_fixed_point
Die area:                 ( 0 0 ) ( 165465 165465 )
Number of track patterns: 12
Number of DEF vias:       0
Number of components:     947
Number of terminals:      29
Number of snets:          2
Number of nets:           631

[INFO DRT-0167] List of default vias:
  Layer via
    default via: M1M2_PR
  Layer via2
    default via: M2M3_PR
  Layer via3
    default via: M3M4_PR
  Layer via4
    default via: M4M5_PR
[INFO DRT-0162] Library cell analysis.
[INFO DRT-0163] Instance analysis.
[INFO DRT-0164] Number of unique instances = 129.
[INFO DRT-0168] Init region query.
[INFO DRT-0024]   Complete FR_MASTERSLICE.
[INFO DRT-0024]   Complete Fr_VIA.
[INFO DRT-0024]   Complete li1.
[INFO DRT-0024]   Complete mcon.
[INFO DRT-0024]   Complete met1.
[INFO DRT-0024]   Complete via.
[INFO DRT-0024]   Complete met2.
[INFO DRT-0024]   Complete via2.
[INFO DRT-0024]   Complete met3.
[INFO DRT-0024]   Complete via3.
[INFO DRT-0024]   Complete met4.
[INFO DRT-0024]   Complete via4.
[INFO DRT-0024]   Complete met5.
[INFO DRT-0033] FR_MASTERSLICE shape region query size = 0.
[INFO DRT-0033] FR_VIA shape region query size = 0.
[INFO DRT-0033] li1 shape region query size = 16400.
[INFO DRT-0033] mcon shape region query size = 8572.
[INFO DRT-0033] met1 shape region query size = 2607.
[INFO DRT-0033] via shape region query size = 1595.
[INFO DRT-0033] met2 shape region query size = 968.
[INFO DRT-0033] via2 shape region query size = 1276.
[INFO DRT-0033] met3 shape region query size = 973.
[INFO DRT-0033] via3 shape region query size = 1276.
[INFO DRT-0033] met4 shape region query size = 391.
[INFO DRT-0033] via4 shape region query size = 61.
[INFO DRT-0033] met5 shape region query size = 83.
[INFO DRT-0165] Start pin access.
[INFO DRT-0076]   Complete 1000 pins.
[INFO DRT-0078]   Complete 1067 pins.
[INFO DRT-0079]   Complete 100 unique inst patterns.
[INFO DRT-0081]   Complete 129 unique inst patterns.
[INFO DRT-0084]   Complete 458 groups.
#scanned instances     = 947
#unique  instances     = 129
#stdCellGenAp          = 4129
#stdCellValidPlanarAp  = 0
#stdCellValidViaAp     = 3302
#stdCellPinNoAp        = 0
#stdCellPinCnt         = 2368
#instTermValidViaApCnt = 0
#macroGenAp            = 0
#macroValidPlanarAp    = 0
#macroValidViaAp       = 0
#macroNoAp             = 0
[INFO DRT-0166] Complete pin access.
[INFO DRT-0267] cpu time = 00:00:24, elapsed time = 00:00:06, memory = 128.77 (MB), peak = 128.77 (MB)
Took 6 seconds: pin_access
global_route -congestion_report_file /home/harish_d1121/Spec_to_Tapeout-main/openroad_runs/p7/reports/sky130hd/exp_fixed_point/base/congestion.rpt -congestion_iterations 30 -congestion_report_iter_step 5 -verbose
[INFO GRT-0020] Min routing layer: met1
[INFO GRT-0021] Max routing layer: met5
[INFO GRT-0022] Global adjustment: 0%
[INFO GRT-0023] Grid origin: (0, 0)
[INFO GRT-0088] Layer li1     Track-Pitch = 0.4600  line-2-Via Pitch: 0.3400
[INFO GRT-0088] Layer met1    Track-Pitch = 0.3400  line-2-Via Pitch: 0.3400
[INFO GRT-0088] Layer met2    Track-Pitch = 0.4600  line-2-Via Pitch: 0.3500
[INFO GRT-0088] Layer met3    Track-Pitch = 0.6800  line-2-Via Pitch: 0.6150
[INFO GRT-0088] Layer met4    Track-Pitch = 0.9200  line-2-Via Pitch: 1.0400
[INFO GRT-0088] Layer met5    Track-Pitch = 3.4000  line-2-Via Pitch: 3.1100
[INFO GRT-0003] Macros: 0
[INFO GRT-0004] Blockages: 588
[INFO GRT-0019] Found 6 clock nets.
[INFO GRT-0001] Minimum degree: 2
[INFO GRT-0002] Maximum degree: 73

[INFO GRT-0053] Routing resources analysis:
          Routing      Original      Derated      Resource
Layer     Direction    Resources     Resources    Reduction (%)
---------------------------------------------------------------
li1        Vertical            0             0          0.00%
met1       Horizontal       7967          6199          22.19%
met2       Vertical         6972          5388          22.72%
met3       Horizontal       5051          3959          21.62%
met4       Vertical         3486          2667          23.49%
met5       Horizontal        814           528          35.14%
---------------------------------------------------------------

[INFO GRT-0101] Running extra iterations to remove overflow.
[INFO GRT-0102] Start extra iteration 1/30
[INFO GRT-0102] Start extra iteration 2/30
[INFO GRT-0197] Via related to pin nodes: 4112
[INFO GRT-0198] Via related Steiner nodes: 163
[INFO GRT-0199] Via filling finished.
[INFO GRT-0111] Final number of vias: 5299
[INFO GRT-0112] Final usage 3D: 19490

[INFO GRT-0096] Final congestion report:
Layer         Resource        Demand        Usage (%)    Max H / Max V / Total Overflow
---------------------------------------------------------------------------------------
li1                  0             0            0.00%             0 /  0 /  0
met1              6199          1680           27.10%             0 /  0 /  0
met2              5388          1568           29.10%             0 /  0 /  0
met3              3959           135            3.41%             0 /  0 /  0
met4              2667           210            7.87%             0 /  0 /  0
met5               528             0            0.00%             0 /  0 /  0
---------------------------------------------------------------------------------------
Total            18741          3593           19.17%             0 /  0 /  0

[INFO GRT-0018] Total wirelength: 38260 um
[INFO GRT-0014] Routed nets: 631
[INFO GRT-0303] Global routing runtime = 00:00:00
estimate_parasitics -global_routing
Perform buffer insertion and gate resizing...
repair_design -verbose
Iteration |   Area    | Resized | Buffers | Nets repaired | Remaining
---------------------------------------------------------------------
        0 |     +0.0% |       0 |       0 |             0 |       634
       10 |     +0.0% |       0 |       0 |             0 |       624
       20 |     +0.0% |       0 |       0 |             0 |       614
       30 |     +0.0% |       0 |       0 |             0 |       604
       40 |     +0.0% |       0 |       0 |             0 |       594
       50 |     +0.0% |       0 |       0 |             0 |       584
       60 |     +0.0% |       0 |       0 |             0 |       574
       70 |     +0.0% |       0 |       0 |             0 |       564
       80 |     +0.0% |       0 |       0 |             0 |       554
       90 |     +0.0% |       0 |       0 |             0 |       544
      100 |     +0.0% |       0 |       0 |             0 |       534
      110 |     +0.0% |       0 |       0 |             0 |       524
      120 |     +0.0% |       0 |       0 |             0 |       514
      130 |     +0.0% |       0 |       0 |             0 |       504
      140 |     +0.0% |       0 |       0 |             0 |       494
      150 |     +0.0% |       0 |       0 |             0 |       484
      160 |     +0.0% |       0 |       0 |             0 |       474
      170 |     +0.0% |       0 |       0 |             0 |       464
      180 |     +0.0% |       0 |       0 |             0 |       454
      190 |     +0.0% |       0 |       0 |             0 |       444
      200 |     +0.0% |       0 |       0 |             0 |       434
      210 |     +0.0% |       0 |       0 |             0 |       424
      220 |     +0.0% |       0 |       0 |             0 |       414
      230 |     +0.0% |       0 |       0 |             0 |       404
      240 |     +0.0% |       0 |       0 |             0 |       394
      250 |     +0.0% |       0 |       0 |             0 |       384
      260 |     +0.0% |       0 |       0 |             0 |       374
      270 |     +0.0% |       0 |       0 |             0 |       364
      280 |     +0.0% |       0 |       0 |             0 |       354
      290 |     +0.0% |       0 |       0 |             0 |       344
      300 |     +0.0% |       0 |       0 |             0 |       334
      310 |     +0.0% |       0 |       0 |             0 |       324
      320 |     +0.0% |       0 |       0 |             0 |       314
      330 |     +0.0% |       0 |       0 |             0 |       304
      340 |     +0.0% |       0 |       0 |             0 |       294
      350 |     +0.0% |       0 |       0 |             0 |       284
      360 |     +0.0% |       0 |       0 |             0 |       274
      370 |     +0.0% |       0 |       0 |             0 |       264
      380 |     +0.0% |       0 |       0 |             0 |       254
      390 |     +0.0% |       0 |       0 |             0 |       244
      400 |     +0.0% |       0 |       0 |             0 |       234
      410 |     +0.0% |       0 |       0 |             0 |       224
      420 |     +0.0% |       0 |       0 |             0 |       214
      430 |     +0.0% |       0 |       0 |             0 |       204
      440 |     +0.0% |       0 |       0 |             0 |       194
      450 |     +0.0% |       0 |       0 |             0 |       184
      460 |     +0.0% |       0 |       0 |             0 |       174
      470 |     +0.0% |       0 |       0 |             0 |       164
      480 |     +0.0% |       0 |       0 |             0 |       154
      490 |     +0.0% |       0 |       0 |             0 |       144
      500 |     +0.0% |       0 |       0 |             0 |       134
      510 |     +0.0% |       0 |       0 |             0 |       124
      520 |     +0.0% |       0 |       0 |             0 |       114
      530 |     +0.0% |       0 |       0 |             0 |       104
      540 |     +0.0% |       0 |       0 |             0 |        94
      550 |     +0.0% |       0 |       0 |             0 |        84
      560 |     +0.0% |       0 |       0 |             0 |        74
      570 |     +0.0% |       0 |       0 |             0 |        64
      580 |     +0.0% |       0 |       0 |             0 |        54
      590 |     +0.0% |       0 |       0 |             0 |        44
      600 |     +0.0% |       0 |       0 |             0 |        34
      610 |     +0.0% |       0 |       0 |             0 |        24
      620 |     +0.0% |       0 |       0 |             0 |        14
      630 |     +0.0% |       0 |       0 |             0 |         4
    final |     +0.0% |       0 |       0 |             0 |         0
---------------------------------------------------------------------
global_route -start_incremental
detailed_placement
[INFO DPL-0006] Core area: 24390.89 um^2, Instances area: 5204.99 um^2, Utilization: 21.3%
[INFO DPL-0005] Diamond search max displacement: +/- 500 sites horizontally, +/- 100 rows vertically.
[INFO DPL-1101] Legalizing using diamond search.
Movements Summary
---------------------------------------
Total cells:                     623
Diamond Move Success:            623 (100.00%)
Diamond Move Failure:              0
Rip-up and replace Success:        0 (  0.00% of diamond failures)
Rip-up and replace Failure:        0
Total Placement Failures:          0
---------------------------------------
Placement Analysis
---------------------------------
total displacement          0.0 u
average displacement        0.0 u
max displacement            0.0 u
original HPWL           19350.8 u
legalized HPWL          19350.8 u
delta HPWL                    0 %

global_route -end_incremental -congestion_report_file /home/harish_d1121/Spec_to_Tapeout-main/openroad_runs/p7/reports/sky130hd/exp_fixed_point/base/congestion_post_repair_design.rpt
Repair setup and hold violations...
estimate_parasitics -global_routing
repair_timing -setup_margin 0.1 -hold_margin 0.05 -repair_tns 100 -verbose
[INFO RSZ-0100] Repair move sequence: UnbufferMove SizeUpMove SwapPinsMove BufferMove CloneMove SplitLoadMove 
[INFO RSZ-0098] No setup violations found
[INFO RSZ-0033] No hold violations found.
global_route -start_incremental
detailed_placement
[INFO DPL-0006] Core area: 24390.89 um^2, Instances area: 5204.99 um^2, Utilization: 21.3%
[INFO DPL-0005] Diamond search max displacement: +/- 500 sites horizontally, +/- 100 rows vertically.
[INFO DPL-1101] Legalizing using diamond search.
Movements Summary
---------------------------------------
Total cells:                     623
Diamond Move Success:            623 (100.00%)
Diamond Move Failure:              0
Rip-up and replace Success:        0 (  0.00% of diamond failures)
Rip-up and replace Failure:        0
Total Placement Failures:          0
---------------------------------------
Placement Analysis
---------------------------------
total displacement          0.0 u
average displacement        0.0 u
max displacement            0.0 u
original HPWL           19350.8 u
legalized HPWL          19350.8 u
delta HPWL                    0 %

global_route -end_incremental -congestion_report_file /home/harish_d1121/Spec_to_Tapeout-main/openroad_runs/p7/reports/sky130hd/exp_fixed_point/base/congestion_post_repair_timing.rpt
global_route -start_incremental
global_route -end_incremental -congestion_report_file /home/harish_d1121/Spec_to_Tapeout-main/openroad_runs/p7/reports/sky130hd/exp_fixed_point/base/congestion_post_recover_power.rpt
Repair antennas...
[INFO GRT-0012] Found 0 antenna violations.
[INFO ANT-0002] Found 0 net violations.
[INFO ANT-0001] Found 0 pin violations.
Estimate parasitics...
estimate_parasitics -global_routing
Report metrics stage 5, global route...

==========================================================================
global route report_design_area
--------------------------------------------------------------------------
Design area 5205 um^2 21% utilization.
[INFO FLW-0007] clock clk period 4.500000
[INFO FLW-0008] Clock clk period 3.243
[INFO FLW-0009] Clock clk slack 1.087
[INFO FLW-0011] Path endpoint path count 61
write_db /home/harish_d1121/Spec_to_Tapeout-main/openroad_runs/p7/results/sky130hd/exp_fixed_point/base/5_1_grt.odb
write_sdc -no_timestamp /home/harish_d1121/Spec_to_Tapeout-main/openroad_runs/p7/results/sky130hd/exp_fixed_point/base/5_1_grt.sdc
Elapsed time: 0:07.51[h:]min:sec. CPU time: user 26.80 sys 0.23 (359%). Peak memory: 250576KB.
Log                        Elapsed/s Peak Memory/MB  sha1sum .odb [0:20)
5_1_grt                            7            244 75516fbdd67d22d3dc36
