OpenROAD 26Q2-339-g0504146ce6 
Features included (+) or not (-): +GPU +GUI +Python
This program is licensed under the BSD-3 license. See the LICENSE file for details.
Components of this program may be licensed under more restrictive licenses which must be honored.
[INFO ORD-0030] Using 4 thread(s).
read_liberty /home/harish_d1121/OpenROAD-flow-scripts/flow/platforms/sky130hd/lib/sky130_fd_sc_hd__tt_025C_1v80.lib
read_db /home/harish_d1121/Spec_to_Tapeout-main/openroad_runs/p1/results/sky130hd/seq_detector_0011/base/3_4_place_resized.odb
read_sdc /home/harish_d1121/Spec_to_Tapeout-main/openroad_runs/p1/results/sky130hd/seq_detector_0011/base/2_floorplan.sdc
source /home/harish_d1121/OpenROAD-flow-scripts/flow/platforms/sky130hd/setRC.tcl
detailed_placement
[INFO DPL-0006] Core area: 1333.78 um^2, Instances area: 193.94 um^2, Utilization: 14.5%
[INFO DPL-0005] Diamond search max displacement: +/- 500 sites horizontally, +/- 100 rows vertically.
[INFO DPL-1101] Legalizing using diamond search.
Movements Summary
---------------------------------------
Total cells:                      14
Diamond Move Success:             14 (100.00%)
Diamond Move Failure:              0
Rip-up and replace Success:        0 (  0.00% of diamond failures)
Rip-up and replace Failure:        0
Total Placement Failures:          0
---------------------------------------
Placement Analysis
---------------------------------
total displacement         23.5 u
average displacement        0.8 u
max displacement            5.5 u
original HPWL             175.9 u
legalized HPWL            187.1 u
delta HPWL                    6 %

improve_placement -max_displacement "5 1"
Detailed placement improvement.
[INFO DPL-0401] Setting random seed to 1.
[INFO DPL-0402] Setting maximum displacement 5 1 to 13600 2720 units.
[INFO DPL-0320] Collected 19 fixed cells.
[INFO DPL-0318] Collected 14 single height cells.
[INFO DPL-0321] Collected 0 wide cells.
[INFO DPL-0322] Image (4140, 5440) - (41860, 40800)
[INFO DPL-0310] Assigned 14 cells into segments.  Movement in X-direction is 0.000000, movement in Y-direction is 0.000000.
[INFO DPL-0313] Found 0 cells in wrong regions.
[INFO DPL-0315] Found 0 row alignment problems.
[INFO DPL-0314] Found 0 site alignment problems.
[INFO DPL-0311] Found 0 overlaps between adjacent cells.
[INFO DPL-0312] Found 0 edge spacing violations and 0 padding violations.
[INFO DPL-0303] Running algorithm for independent set matching.
[INFO DPL-0300] Set matching objective is wirelength.
[INFO DPL-0301] Pass   1 of matching; objective is 1.869600e+05.
[INFO DPL-0302] End of matching; objective is 1.869600e+05, improvement is 0.00 percent.
[INFO DPL-0303] Running algorithm for global swaps.
[INFO DPL-0306] Pass   1 of global swaps; hpwl is 1.714980e+05.
[INFO DPL-0306] Pass   2 of global swaps; hpwl is 1.697030e+05.
[INFO DPL-0306] Pass   3 of global swaps; hpwl is 1.697030e+05.
[INFO DPL-0307] End of global swaps; objective is 1.697030e+05, improvement is 9.23 percent.
[INFO DPL-0303] Running algorithm for vertical swaps.
[INFO DPL-0308] Pass   1 of vertical swaps; hpwl is 1.697030e+05.
[INFO DPL-0309] End of vertical swaps; objective is 1.697030e+05, improvement is 0.00 percent.
[INFO DPL-0303] Running algorithm for reordering.
[INFO DPL-0304] Pass   1 of reordering; objective is 1.697030e+05.
[INFO DPL-0305] End of reordering; objective is 1.697030e+05, improvement is 0.00 percent.
[INFO DPL-0303] Running algorithm for random improvement.
[INFO DPL-0324] Random improver is using random generator.
[INFO DPL-0325] Random improver is using hpwl objective.
[INFO DPL-0326] Random improver cost string is (a).
[INFO DPL-0332] End of pass, Generator random called 280 times.
[INFO DPL-0335] Generator random, Cumulative attempts 280, swaps 23, moves   138 since last reset.
[INFO DPL-0333] End of pass, Objective hpwl, Initial cost 1.697030e+05, Scratch cost 1.648490e+05, Incremental cost 1.648490e+05, Mismatch? N
[INFO DPL-0338] End of pass, Total cost is 1.648490e+05.
[INFO DPL-0327] Pass   1 of random improver; improvement in cost is 2.86 percent.
[INFO DPL-0332] End of pass, Generator random called 280 times.
[INFO DPL-0335] Generator random, Cumulative attempts 560, swaps 45, moves   265 since last reset.
[INFO DPL-0333] End of pass, Objective hpwl, Initial cost 1.648490e+05, Scratch cost 1.610330e+05, Incremental cost 1.610330e+05, Mismatch? N
[INFO DPL-0338] End of pass, Total cost is 1.610330e+05.
[INFO DPL-0327] Pass   2 of random improver; improvement in cost is 2.31 percent.
[INFO DPL-0332] End of pass, Generator random called 280 times.
[INFO DPL-0335] Generator random, Cumulative attempts 840, swaps 63, moves   379 since last reset.
[INFO DPL-0333] End of pass, Objective hpwl, Initial cost 1.610330e+05, Scratch cost 1.610330e+05, Incremental cost 1.610330e+05, Mismatch? N
[INFO DPL-0338] End of pass, Total cost is 1.610330e+05.
[INFO DPL-0327] Pass   3 of random improver; improvement in cost is 0.00 percent.
[INFO DPL-0328] End of random improver; improvement is 5.108926 percent.
[INFO DPL-0380] Cell flipping.
[INFO DPL-0382] Changed 0 cell orientations for row compatibility.
[INFO DPL-0383] Performed 5 cell flips.
[INFO DPL-0384] End of flipping; objective is 1.520430e+05, improvement is 5.58 percent.
[INFO DPL-0313] Found 0 cells in wrong regions.
[INFO DPL-0315] Found 0 row alignment problems.
[INFO DPL-0314] Found 0 site alignment problems.
[INFO DPL-0311] Found 0 overlaps between adjacent cells.
[INFO DPL-0312] Found 0 edge spacing violations and 0 padding violations.
Detailed Improvement Results
------------------------------------------
Original HPWL              187.1 u (     104.7,       82.4)
Final HPWL                 151.4 u (      79.7,       71.7)
Delta HPWL                 -19.1 % (     -23.9,      -12.9)

optimize_mirroring
[INFO FLW-0012] Placement violations .
estimate_parasitics -placement
Report metrics stage 3, detailed place...

==========================================================================
detailed place report_design_area
--------------------------------------------------------------------------
Design area 194 um^2 15% utilization.
write_db /home/harish_d1121/Spec_to_Tapeout-main/openroad_runs/p1/results/sky130hd/seq_detector_0011/base/3_5_place_dp.odb
Elapsed time: 0:00.34[h:]min:sec. CPU time: user 0.28 sys 0.06 (99%). Peak memory: 121336KB.
Log                        Elapsed/s Peak Memory/MB  sha1sum .odb [0:20)
3_5_place_dp                       0            118 c6cf0f4eb9499e1cac39
