#! /usr/bin/vvp
:ivl_version "11.0 (stable)";
:ivl_delay_selection "TYPICAL";
:vpi_time_precision - 12;
:vpi_module "/usr/lib/x86_64-linux-gnu/ivl/system.vpi";
:vpi_module "/usr/lib/x86_64-linux-gnu/ivl/vhdl_sys.vpi";
:vpi_module "/usr/lib/x86_64-linux-gnu/ivl/vhdl_textio.vpi";
:vpi_module "/usr/lib/x86_64-linux-gnu/ivl/v2005_math.vpi";
:vpi_module "/usr/lib/x86_64-linux-gnu/ivl/va_math.vpi";
:vpi_module "/usr/lib/x86_64-linux-gnu/ivl/v2009.vpi";
S_0x62fc2a8e3430 .scope package, "$unit" "$unit" 2 1;
 .timescale 0 0;
S_0x62fc2a8e35c0 .scope module, "tb" "tb" 3 3;
 .timescale -9 -12;
v0x62fc2a9006b0_0 .var "bit_in", 0 0;
v0x62fc2a900770_0 .var "clk", 0 0;
v0x62fc2a900840_0 .net "match", 0 0, v0x62fc2a9003a0_0;  1 drivers
v0x62fc2a900940_0 .var "rst", 0 0;
S_0x62fc2a8d5fe0 .scope task, "drive_and_check" "drive_and_check" 3 18, 3 18 0, S_0x62fc2a8e35c0;
 .timescale -9 -12;
v0x62fc2a8d1050_0 .var "expected", 0 0;
v0x62fc2a8d0590_0 .var "label", 127 0;
v0x62fc2a8ffe30_0 .var "stimulus", 0 0;
E_0x62fc2a8e0790 .event posedge, v0x62fc2a9002e0_0;
TD_tb.drive_and_check ;
    %load/vec4 v0x62fc2a8ffe30_0;
    %store/vec4 v0x62fc2a9006b0_0, 0, 1;
    %wait E_0x62fc2a8e0790;
    %delay 1000, 0;
    %load/vec4 v0x62fc2a900840_0;
    %load/vec4 v0x62fc2a8d1050_0;
    %cmp/ne;
    %jmp/0xz  T_0.0, 6;
    %vpi_call/w 3 27 "$display", "FAIL: %0s expected match=%0b got match=%0b time=%0t", v0x62fc2a8d0590_0, v0x62fc2a8d1050_0, v0x62fc2a900840_0, $time {0 0 0};
    %vpi_call/w 3 28 "$fatal", 32'sb00000000000000000000000000000001 {0 0 0};
T_0.0 ;
    %end;
S_0x62fc2a8ffed0 .scope module, "dut" "seq_detect_101" 3 9, 4 1 0, S_0x62fc2a8e35c0;
 .timescale 0 0;
    .port_info 0 /INPUT 1 "clk";
    .port_info 1 /INPUT 1 "rst";
    .port_info 2 /INPUT 1 "bit_in";
    .port_info 3 /OUTPUT 1 "match";
P_0x62fc2a8a8620 .param/l "S0" 1 4 9, C4<00>;
P_0x62fc2a8a8660 .param/l "S1" 1 4 10, C4<01>;
P_0x62fc2a8a86a0 .param/l "S2" 1 4 11, C4<10>;
v0x62fc2a900220_0 .net "bit_in", 0 0, v0x62fc2a9006b0_0;  1 drivers
v0x62fc2a9002e0_0 .net "clk", 0 0, v0x62fc2a900770_0;  1 drivers
v0x62fc2a9003a0_0 .var "match", 0 0;
v0x62fc2a900440_0 .net "rst", 0 0, v0x62fc2a900940_0;  1 drivers
v0x62fc2a900500_0 .var "state", 1 0;
    .scope S_0x62fc2a8ffed0;
T_1 ;
    %wait E_0x62fc2a8e0790;
    %load/vec4 v0x62fc2a900440_0;
    %flag_set/vec4 8;
    %jmp/0xz  T_1.0, 8;
    %pushi/vec4 0, 0, 2;
    %assign/vec4 v0x62fc2a900500_0, 0;
    %pushi/vec4 0, 0, 1;
    %assign/vec4 v0x62fc2a9003a0_0, 0;
    %jmp T_1.1;
T_1.0 ;
    %pushi/vec4 0, 0, 1;
    %assign/vec4 v0x62fc2a9003a0_0, 0;
    %load/vec4 v0x62fc2a900500_0;
    %dup/vec4;
    %pushi/vec4 0, 0, 2;
    %cmp/u;
    %jmp/1 T_1.2, 6;
    %dup/vec4;
    %pushi/vec4 1, 0, 2;
    %cmp/u;
    %jmp/1 T_1.3, 6;
    %dup/vec4;
    %pushi/vec4 2, 0, 2;
    %cmp/u;
    %jmp/1 T_1.4, 6;
    %jmp T_1.5;
T_1.2 ;
    %load/vec4 v0x62fc2a900220_0;
    %flag_set/vec4 8;
    %jmp/0 T_1.6, 8;
    %pushi/vec4 1, 0, 2;
    %jmp/1 T_1.7, 8;
T_1.6 ; End of true expr.
    %pushi/vec4 0, 0, 2;
    %jmp/0 T_1.7, 8;
 ; End of false expr.
    %blend;
T_1.7;
    %assign/vec4 v0x62fc2a900500_0, 0;
    %jmp T_1.5;
T_1.3 ;
    %load/vec4 v0x62fc2a900220_0;
    %flag_set/vec4 8;
    %jmp/0 T_1.8, 8;
    %pushi/vec4 1, 0, 2;
    %jmp/1 T_1.9, 8;
T_1.8 ; End of true expr.
    %pushi/vec4 2, 0, 2;
    %jmp/0 T_1.9, 8;
 ; End of false expr.
    %blend;
T_1.9;
    %assign/vec4 v0x62fc2a900500_0, 0;
    %jmp T_1.5;
T_1.4 ;
    %load/vec4 v0x62fc2a900220_0;
    %flag_set/vec4 8;
    %jmp/0xz  T_1.10, 8;
    %pushi/vec4 1, 0, 2;
    %assign/vec4 v0x62fc2a900500_0, 0;
    %pushi/vec4 1, 0, 1;
    %assign/vec4 v0x62fc2a9003a0_0, 0;
    %jmp T_1.11;
T_1.10 ;
    %pushi/vec4 0, 0, 2;
    %assign/vec4 v0x62fc2a900500_0, 0;
T_1.11 ;
    %jmp T_1.5;
T_1.5 ;
    %pop/vec4 1;
T_1.1 ;
    %jmp T_1;
    .thread T_1;
    .scope S_0x62fc2a8e35c0;
T_2 ;
    %delay 5000, 0;
    %load/vec4 v0x62fc2a900770_0;
    %inv;
    %store/vec4 v0x62fc2a900770_0, 0, 1;
    %jmp T_2;
    .thread T_2;
    .scope S_0x62fc2a8e35c0;
T_3 ;
    %pushi/vec4 0, 0, 1;
    %store/vec4 v0x62fc2a900770_0, 0, 1;
    %pushi/vec4 0, 0, 1;
    %store/vec4 v0x62fc2a900940_0, 0, 1;
    %pushi/vec4 0, 0, 1;
    %store/vec4 v0x62fc2a9006b0_0, 0, 1;
    %pushi/vec4 1, 0, 1;
    %store/vec4 v0x62fc2a900940_0, 0, 1;
    %wait E_0x62fc2a8e0790;
    %delay 1000, 0;
    %load/vec4 v0x62fc2a900840_0;
    %cmpi/ne 0, 0, 1;
    %jmp/0xz  T_3.0, 6;
    %vpi_call/w 3 42 "$display", "FAIL: reset clears FSM state" {0 0 0};
    %vpi_call/w 3 43 "$fatal", 32'sb00000000000000000000000000000001 {0 0 0};
T_3.0 ;
    %pushi/vec4 0, 0, 1;
    %store/vec4 v0x62fc2a900940_0, 0, 1;
    %pushi/vec4 1, 0, 1;
    %store/vec4 v0x62fc2a8ffe30_0, 0, 1;
    %pushi/vec4 0, 0, 1;
    %store/vec4 v0x62fc2a8d1050_0, 0, 1;
    %pushi/vec4 1937006962, 0, 32; draw_string_vec4
    %pushi/vec4 1948283753, 0, 32; draw_string_vec4
    %concat/vec4; draw_string_vec4
    %pushi/vec4 1852271717, 0, 32; draw_string_vec4
    %concat/vec4; draw_string_vec4
    %pushi/vec4 540094513, 0, 32; draw_string_vec4
    %concat/vec4; draw_string_vec4
    %store/vec4 v0x62fc2a8d0590_0, 0, 128;
    %fork TD_tb.drive_and_check, S_0x62fc2a8d5fe0;
    %join;
    %pushi/vec4 0, 0, 1;
    %store/vec4 v0x62fc2a8ffe30_0, 0, 1;
    %pushi/vec4 0, 0, 1;
    %store/vec4 v0x62fc2a8d1050_0, 0, 1;
    %pushi/vec4 3536373976, 0, 33;
    %concati/vec4 3393251026, 0, 32;
    %concati/vec4 3704543434, 0, 32;
    %concati/vec4 540094513, 0, 31;
    %store/vec4 v0x62fc2a8d0590_0, 0, 128;
    %fork TD_tb.drive_and_check, S_0x62fc2a8d5fe0;
    %join;
    %pushi/vec4 1, 0, 1;
    %store/vec4 v0x62fc2a8ffe30_0, 0, 1;
    %pushi/vec4 1, 0, 1;
    %store/vec4 v0x62fc2a8d1050_0, 0, 1;
    %pushi/vec4 3537686232, 0, 33;
    %concati/vec4 3393217120, 0, 32;
    %concati/vec4 3296838101, 0, 33;
    %concati/vec4 745760115, 0, 30;
    %store/vec4 v0x62fc2a8d0590_0, 0, 128;
    %fork TD_tb.drive_and_check, S_0x62fc2a8d5fe0;
    %join;
    %pushi/vec4 0, 0, 1;
    %store/vec4 v0x62fc2a8ffe30_0, 0, 1;
    %pushi/vec4 0, 0, 1;
    %store/vec4 v0x62fc2a8d1050_0, 0, 1;
    %pushi/vec4 3269476576, 0, 33;
    %concati/vec4 3270043850, 0, 32;
    %concati/vec4 3839639748, 0, 32;
    %concati/vec4 1769218100, 0, 31;
    %store/vec4 v0x62fc2a8d0590_0, 0, 128;
    %fork TD_tb.drive_and_check, S_0x62fc2a8d5fe0;
    %join;
    %pushi/vec4 1, 0, 1;
    %store/vec4 v0x62fc2a8ffe30_0, 0, 1;
    %pushi/vec4 1, 0, 1;
    %store/vec4 v0x62fc2a8d1050_0, 0, 1;
    %pushi/vec4 3269476576, 0, 33;
    %concati/vec4 3270043850, 0, 32;
    %concati/vec4 3839639748, 0, 32;
    %concati/vec4 1769218101, 0, 31;
    %store/vec4 v0x62fc2a8d0590_0, 0, 128;
    %fork TD_tb.drive_and_check, S_0x62fc2a8d5fe0;
    %join;
    %pushi/vec4 1, 0, 1;
    %store/vec4 v0x62fc2a8ffe30_0, 0, 1;
    %pushi/vec4 0, 0, 1;
    %store/vec4 v0x62fc2a8d1050_0, 0, 1;
    %pushi/vec4 3636652234, 0, 33;
    %concati/vec4 3359690962, 0, 32;
    %concati/vec4 3469754578, 0, 32;
    %concati/vec4 1852863860, 0, 31;
    %store/vec4 v0x62fc2a8d0590_0, 0, 128;
    %fork TD_tb.drive_and_check, S_0x62fc2a8d5fe0;
    %join;
    %pushi/vec4 1, 0, 1;
    %store/vec4 v0x62fc2a8ffe30_0, 0, 1;
    %pushi/vec4 0, 0, 1;
    %store/vec4 v0x62fc2a8d1050_0, 0, 1;
    %pushi/vec4 3739762892, 0, 33;
    %concati/vec4 3268994762, 0, 32;
    %concati/vec4 2178009509, 0, 33;
    %concati/vec4 661087602, 0, 30;
    %store/vec4 v0x62fc2a8d0590_0, 0, 128;
    %fork TD_tb.drive_and_check, S_0x62fc2a8d5fe0;
    %join;
    %pushi/vec4 0, 0, 1;
    %store/vec4 v0x62fc2a8ffe30_0, 0, 1;
    %pushi/vec4 0, 0, 1;
    %store/vec4 v0x62fc2a8d1050_0, 0, 1;
    %pushi/vec4 3537686080, 0, 33;
    %concati/vec4 3638488640, 0, 32;
    %concati/vec4 3705553120, 0, 32;
    %concati/vec4 1970041701, 0, 31;
    %store/vec4 v0x62fc2a8d0590_0, 0, 128;
    %fork TD_tb.drive_and_check, S_0x62fc2a8d5fe0;
    %join;
    %vpi_call/w 3 58 "$display", "TEST PASSED" {0 0 0};
    %vpi_call/w 3 59 "$finish" {0 0 0};
    %end;
    .thread T_3;
# The file index is used to find the file name in the following table.
:file_names 5;
    "N/A";
    "<interactive>";
    "-";
    "/home/harish_d1121/Spec_to_Tapeout-main/output/p3/tb_candidate.v";
    "/home/harish_d1121/Spec_to_Tapeout-main/output/p3/design_candidate.v";
