
==========================================================================
floorplan final report_tns
--------------------------------------------------------------------------
tns max 0.00

==========================================================================
floorplan final report_wns
--------------------------------------------------------------------------
wns max 0.00

==========================================================================
floorplan final report_worst_slack
--------------------------------------------------------------------------
worst slack max INF

==========================================================================
floorplan final report_clock_min_period
--------------------------------------------------------------------------

==========================================================================
floorplan final report_checks -path_delay min
--------------------------------------------------------------------------
No paths found.

==========================================================================
floorplan final report_checks -path_delay max
--------------------------------------------------------------------------
No paths found.

==========================================================================
floorplan final report_checks -unconstrained
--------------------------------------------------------------------------
Startpoint: b[7] (input port)
Endpoint: result[11] (output port)
Path Group: unconstrained
Path Type: max

Fanout     Cap    Slew   Delay    Time   Description
-----------------------------------------------------------------------------
                          0.00    0.00 ^ input external delay
     3    0.01    0.00    0.00    0.00 ^ b[7] (in)
                                         b[7] (net)
                  0.00    0.00    0.00 ^ _1286_/A (sky130_fd_sc_hd__clkbuf_1)
    10    0.02    0.28    0.23    0.23 ^ _1286_/X (sky130_fd_sc_hd__clkbuf_1)
                                         _1042_ (net)
                  0.28    0.00    0.23 ^ _1519_/A (sky130_fd_sc_hd__nand2_1)
     1    0.01    0.10    0.12    0.35 v _1519_/Y (sky130_fd_sc_hd__nand2_1)
                                         _0836_ (net)
                  0.10    0.00    0.35 v _1553_/A (sky130_fd_sc_hd__fa_1)
     1    0.01    0.09    0.51    0.85 v _1553_/SUM (sky130_fd_sc_hd__fa_1)
                                         _0374_ (net)
                  0.09    0.00    0.85 v _1554_/B (sky130_fd_sc_hd__fa_1)
     1    0.00    0.05    0.51    1.36 ^ _1554_/SUM (sky130_fd_sc_hd__fa_1)
                                         _0838_ (net)
                  0.05    0.00    1.36 ^ _1297_/A (sky130_fd_sc_hd__inv_1)
     1    0.01    0.03    0.05    1.41 v _1297_/Y (sky130_fd_sc_hd__inv_1)
                                         _0383_ (net)
                  0.03    0.00    1.41 v _1558_/B (sky130_fd_sc_hd__fa_1)
     1    0.01    0.10    0.47    1.88 v _1558_/SUM (sky130_fd_sc_hd__fa_1)
                                         _0412_ (net)
                  0.10    0.00    1.88 v _1564_/A (sky130_fd_sc_hd__fa_1)
     1    0.01    0.10    0.51    2.39 v _1564_/SUM (sky130_fd_sc_hd__fa_1)
                                         _0462_ (net)
                  0.10    0.00    2.39 v _1570_/A (sky130_fd_sc_hd__fa_1)
     1    0.00    0.08    0.48    2.88 v _1570_/SUM (sky130_fd_sc_hd__fa_1)
                                         _0502_ (net)
                  0.08    0.00    2.88 v _1626_/A (sky130_fd_sc_hd__ha_1)
     4    0.01    0.09    0.34    3.22 v _1626_/SUM (sky130_fd_sc_hd__ha_1)
                                         _0914_ (net)
                  0.09    0.00    3.22 v _1181_/A2 (sky130_fd_sc_hd__a21o_1)
     2    0.00    0.04    0.20    3.41 v _1181_/X (sky130_fd_sc_hd__a21o_1)
                                         _0973_ (net)
                  0.04    0.00    3.41 v _1182_/A2 (sky130_fd_sc_hd__a21o_1)
     1    0.00    0.03    0.17    3.58 v _1182_/X (sky130_fd_sc_hd__a21o_1)
                                         _0974_ (net)
                  0.03    0.00    3.58 v _1183_/A2 (sky130_fd_sc_hd__a21o_1)
     2    0.00    0.04    0.17    3.75 v _1183_/X (sky130_fd_sc_hd__a21o_1)
                                         _0975_ (net)
                  0.04    0.00    3.75 v _1184_/B2 (sky130_fd_sc_hd__a221o_1)
     2    0.00    0.06    0.32    4.08 v _1184_/X (sky130_fd_sc_hd__a221o_1)
                                         _0976_ (net)
                  0.06    0.00    4.08 v _1277_/B1 (sky130_fd_sc_hd__a221oi_1)
     1    0.00    0.20    0.21    4.29 ^ _1277_/Y (sky130_fd_sc_hd__a221oi_1)
                                         _1038_ (net)
                  0.20    0.00    4.29 ^ _1278_/B1_N (sky130_fd_sc_hd__a21boi_1)
     1    0.00    0.14    0.21    4.50 ^ _1278_/Y (sky130_fd_sc_hd__a21boi_1)
                                         _0859_ (net)
                  0.14    0.00    4.50 ^ _1579_/CIN (sky130_fd_sc_hd__fa_1)
     2    0.01    0.11    0.23    4.73 ^ _1579_/COUT (sky130_fd_sc_hd__fa_1)
                                         _0558_ (net)
                  0.11    0.00    4.73 ^ _1191_/B (sky130_fd_sc_hd__xor2_1)
     5    0.01    0.32    0.30    5.03 ^ _1191_/X (sky130_fd_sc_hd__xor2_1)
                                         _0979_ (net)
                  0.32    0.00    5.03 ^ _1192_/A (sky130_fd_sc_hd__buf_2)
    10    0.02    0.12    0.24    5.26 ^ _1192_/X (sky130_fd_sc_hd__buf_2)
                                         _0980_ (net)
                  0.12    0.00    5.26 ^ _1193_/A (sky130_fd_sc_hd__buf_2)
    10    0.02    0.12    0.19    5.45 ^ _1193_/X (sky130_fd_sc_hd__buf_2)
                                         _0981_ (net)
                  0.12    0.00    5.45 ^ _1237_/B (sky130_fd_sc_hd__nand2_1)
     1    0.00    0.03    0.06    5.51 v _1237_/Y (sky130_fd_sc_hd__nand2_1)
                                         _1022_ (net)
                  0.03    0.00    5.51 v _1238_/B1 (sky130_fd_sc_hd__o21ai_0)
     2    0.01    0.21    0.09    5.60 ^ _1238_/Y (sky130_fd_sc_hd__o21ai_0)
                                         _0923_ (net)
                  0.21    0.00    5.60 ^ _1635_/B (sky130_fd_sc_hd__ha_1)
     2    0.01    0.07    0.20    5.80 ^ _1635_/COUT (sky130_fd_sc_hd__ha_1)
                                         _0641_ (net)
                  0.07    0.00    5.80 ^ _1215_/C1 (sky130_fd_sc_hd__o211ai_1)
     3    0.01    0.11    0.11    5.91 v _1215_/Y (sky130_fd_sc_hd__o211ai_1)
                                         _1000_ (net)
                  0.11    0.00    5.91 v _1221_/A_N (sky130_fd_sc_hd__nand4b_4)
     6    0.03    0.17    0.26    6.17 v _1221_/Y (sky130_fd_sc_hd__nand4b_4)
                                         _1006_ (net)
                  0.17    0.00    6.17 v _1338_/A (sky130_fd_sc_hd__or2_1)
     4    0.01    0.07    0.30    6.46 v _1338_/X (sky130_fd_sc_hd__or2_1)
                                         _1063_ (net)
                  0.07    0.00    6.46 v _1342_/A2 (sky130_fd_sc_hd__o21ai_0)
     1    0.00    0.13    0.14    6.61 ^ _1342_/Y (sky130_fd_sc_hd__o21ai_0)
                                         _1066_ (net)
                  0.13    0.00    6.61 ^ _1343_/A2 (sky130_fd_sc_hd__a21oi_1)
     1    0.00    0.06    0.06    6.67 v _1343_/Y (sky130_fd_sc_hd__a21oi_1)
                                         result[11] (net)
                  0.06    0.00    6.67 v result[11] (out)
                                  6.67   data arrival time
-----------------------------------------------------------------------------
(Path is unconstrained)



==========================================================================
floorplan final report_power
--------------------------------------------------------------------------
Group                  Internal  Switching    Leakage      Total
                          Power      Power      Power      Power (Watts)
----------------------------------------------------------------
Sequential             0.00e+00   0.00e+00   0.00e+00   0.00e+00   0.0%
Combinational          6.72e-03   6.79e-03   2.28e-09   1.35e-02 100.0%
Clock                  0.00e+00   0.00e+00   0.00e+00   0.00e+00   0.0%
Macro                  0.00e+00   0.00e+00   0.00e+00   0.00e+00   0.0%
Pad                    0.00e+00   0.00e+00   0.00e+00   0.00e+00   0.0%
----------------------------------------------------------------
Total                  6.72e-03   6.79e-03   2.28e-09   1.35e-02 100.0%
                          49.7%      50.3%       0.0%
