
==========================================================================
detailed place report_tns
--------------------------------------------------------------------------
tns max 0.00

==========================================================================
detailed place report_wns
--------------------------------------------------------------------------
wns max 0.00

==========================================================================
detailed place report_worst_slack
--------------------------------------------------------------------------
worst slack max INF

==========================================================================
detailed place report_clock_min_period
--------------------------------------------------------------------------

==========================================================================
detailed place report_checks -path_delay min
--------------------------------------------------------------------------
No paths found.

==========================================================================
detailed place report_checks -path_delay max
--------------------------------------------------------------------------
No paths found.

==========================================================================
detailed place report_checks -unconstrained
--------------------------------------------------------------------------
Startpoint: a[6] (input port)
Endpoint: result[1] (output port)
Path Group: unconstrained
Path Type: max

Fanout     Cap    Slew   Delay    Time   Description
-----------------------------------------------------------------------------
                          0.00    0.00 ^ input external delay
     1    0.00    0.00    0.00    0.00 ^ a[6] (in)
                                         a[6] (net)
                  0.00    0.00    0.00 ^ input13/A (sky130_fd_sc_hd__clkdlybuf4s50_1)
    12    0.06    0.56    0.83    0.83 ^ input13/X (sky130_fd_sc_hd__clkdlybuf4s50_1)
                                         net13 (net)
                  0.56    0.00    0.83 ^ _1519_/B (sky130_fd_sc_hd__nand2_1)
     1    0.01    0.14    0.16    0.99 v _1519_/Y (sky130_fd_sc_hd__nand2_1)
                                         _0836_ (net)
                  0.14    0.00    0.99 v _1553_/A (sky130_fd_sc_hd__fa_1)
     1    0.01    0.10    0.53    1.52 v _1553_/SUM (sky130_fd_sc_hd__fa_1)
                                         _0374_ (net)
                  0.10    0.00    1.52 v _1554_/B (sky130_fd_sc_hd__fa_1)
     1    0.00    0.05    0.51    2.03 ^ _1554_/SUM (sky130_fd_sc_hd__fa_1)
                                         _0838_ (net)
                  0.05    0.00    2.03 ^ _1297_/A (sky130_fd_sc_hd__inv_1)
     1    0.01    0.04    0.05    2.08 v _1297_/Y (sky130_fd_sc_hd__inv_1)
                                         _0383_ (net)
                  0.04    0.00    2.08 v _1558_/B (sky130_fd_sc_hd__fa_1)
     1    0.01    0.12    0.50    2.59 v _1558_/SUM (sky130_fd_sc_hd__fa_1)
                                         _0412_ (net)
                  0.12    0.00    2.59 v _1564_/A (sky130_fd_sc_hd__fa_1)
     1    0.01    0.10    0.53    3.11 v _1564_/SUM (sky130_fd_sc_hd__fa_1)
                                         _0462_ (net)
                  0.10    0.00    3.11 v _1570_/A (sky130_fd_sc_hd__fa_1)
     1    0.00    0.08    0.49    3.61 v _1570_/SUM (sky130_fd_sc_hd__fa_1)
                                         _0502_ (net)
                  0.08    0.00    3.61 v _1626_/A (sky130_fd_sc_hd__ha_1)
     4    0.01    0.10    0.36    3.96 v _1626_/SUM (sky130_fd_sc_hd__ha_1)
                                         _0914_ (net)
                  0.10    0.00    3.96 v _1181_/A2 (sky130_fd_sc_hd__a21o_1)
     2    0.01    0.05    0.21    4.17 v _1181_/X (sky130_fd_sc_hd__a21o_1)
                                         _0973_ (net)
                  0.05    0.00    4.17 v _1182_/A2 (sky130_fd_sc_hd__a21o_1)
     1    0.00    0.04    0.18    4.35 v _1182_/X (sky130_fd_sc_hd__a21o_1)
                                         _0974_ (net)
                  0.04    0.00    4.35 v _1183_/A2 (sky130_fd_sc_hd__a21o_1)
     2    0.01    0.05    0.18    4.54 v _1183_/X (sky130_fd_sc_hd__a21o_1)
                                         _0975_ (net)
                  0.05    0.00    4.54 v _1184_/B2 (sky130_fd_sc_hd__a221o_1)
     2    0.01    0.09    0.36    4.90 v _1184_/X (sky130_fd_sc_hd__a221o_1)
                                         _0976_ (net)
                  0.09    0.00    4.90 v _1277_/B1 (sky130_fd_sc_hd__a221oi_1)
     1    0.00    0.22    0.25    5.14 ^ _1277_/Y (sky130_fd_sc_hd__a221oi_1)
                                         _1038_ (net)
                  0.22    0.00    5.14 ^ _1278_/B1_N (sky130_fd_sc_hd__a21boi_1)
     1    0.01    0.19    0.25    5.39 ^ _1278_/Y (sky130_fd_sc_hd__a21boi_1)
                                         _0859_ (net)
                  0.19    0.00    5.39 ^ _1579_/CIN (sky130_fd_sc_hd__fa_1)
     2    0.01    0.12    0.25    5.65 ^ _1579_/COUT (sky130_fd_sc_hd__fa_1)
                                         _0558_ (net)
                  0.12    0.00    5.65 ^ _1191_/B (sky130_fd_sc_hd__xor2_1)
     1    0.00    0.12    0.16    5.80 ^ _1191_/X (sky130_fd_sc_hd__xor2_1)
                                         _0979_ (net)
                  0.12    0.00    5.80 ^ place50/A (sky130_fd_sc_hd__buf_4)
    23    0.08    0.21    0.26    6.06 ^ place50/X (sky130_fd_sc_hd__buf_4)
                                         net50 (net)
                  0.21    0.00    6.07 ^ _1253_/B (sky130_fd_sc_hd__nor2_1)
     1    0.00    0.05    0.06    6.13 v _1253_/Y (sky130_fd_sc_hd__nor2_1)
                                         _1030_ (net)
                  0.05    0.00    6.13 v _1254_/B1 (sky130_fd_sc_hd__a21oi_1)
     3    0.01    0.30    0.26    6.39 ^ _1254_/Y (sky130_fd_sc_hd__a21oi_1)
                                         _0564_ (net)
                  0.30    0.00    6.39 ^ _1635_/A (sky130_fd_sc_hd__ha_1)
     2    0.01    0.09    0.24    6.62 ^ _1635_/COUT (sky130_fd_sc_hd__ha_1)
                                         _0641_ (net)
                  0.09    0.00    6.62 ^ _1215_/C1 (sky130_fd_sc_hd__o211ai_1)
     3    0.01    0.15    0.15    6.77 v _1215_/Y (sky130_fd_sc_hd__o211ai_1)
                                         _1000_ (net)
                  0.15    0.00    6.77 v _1221_/A_N (sky130_fd_sc_hd__nand4b_4)
     6    0.04    0.21    0.30    7.08 v _1221_/Y (sky130_fd_sc_hd__nand4b_4)
                                         _1006_ (net)
                  0.21    0.00    7.08 v _1227_/A (sky130_fd_sc_hd__nor2_2)
     8    0.03    0.35    0.37    7.45 ^ _1227_/Y (sky130_fd_sc_hd__nor2_2)
                                         _1012_ (net)
                  0.35    0.00    7.45 ^ _1241_/A1_N (sky130_fd_sc_hd__a2bb2oi_1)
     1    0.01    0.17    0.25    7.70 ^ _1241_/Y (sky130_fd_sc_hd__a2bb2oi_1)
                                         _1025_ (net)
                  0.17    0.00    7.70 ^ _1242_/B (sky130_fd_sc_hd__nor2_1)
     1    0.00    0.10    0.06    7.76 v _1242_/Y (sky130_fd_sc_hd__nor2_1)
                                         net40 (net)
                  0.10    0.00    7.76 v output40/A (sky130_fd_sc_hd__clkdlybuf4s50_1)
     1    0.00    0.04    0.42    8.18 v output40/X (sky130_fd_sc_hd__clkdlybuf4s50_1)
                                         result[1] (net)
                  0.04    0.00    8.18 v result[1] (out)
                                  8.18   data arrival time
-----------------------------------------------------------------------------
(Path is unconstrained)



==========================================================================
detailed place report_check_types -max_slew -max_cap -max_fanout -violators
--------------------------------------------------------------------------

==========================================================================
detailed place max_slew_check_slack
--------------------------------------------------------------------------
0.8283421993255615

==========================================================================
detailed place max_slew_check_limit
--------------------------------------------------------------------------
1.5

==========================================================================
detailed place max_slew_check_slack_limit
--------------------------------------------------------------------------
0.5522

==========================================================================
detailed place max_fanout_check_slack
--------------------------------------------------------------------------
1.0000000150474662e+30

==========================================================================
detailed place max_fanout_check_limit
--------------------------------------------------------------------------
1.0000000150474662e+30

==========================================================================
detailed place max_capacitance_check_slack
--------------------------------------------------------------------------
0.021927010267972946

==========================================================================
detailed place max_capacitance_check_limit
--------------------------------------------------------------------------
0.03388400003314018

==========================================================================
detailed place max_capacitance_check_slack_limit
--------------------------------------------------------------------------
0.6471

==========================================================================
detailed place max_slew_violation_count
--------------------------------------------------------------------------
max slew violation count 0

==========================================================================
detailed place max_fanout_violation_count
--------------------------------------------------------------------------
max fanout violation count 0

==========================================================================
detailed place max_cap_violation_count
--------------------------------------------------------------------------
max cap violation count 0

==========================================================================
detailed place setup_violation_count
--------------------------------------------------------------------------
setup violation count 0

==========================================================================
detailed place hold_violation_count
--------------------------------------------------------------------------
hold violation count 0

==========================================================================
detailed place critical path delay
--------------------------------------------------------------------------
-1

==========================================================================
detailed place critical path slack
--------------------------------------------------------------------------
0

==========================================================================
detailed place slack div critical path delay
--------------------------------------------------------------------------
0.000000

==========================================================================
detailed place report_power
--------------------------------------------------------------------------
Group                  Internal  Switching    Leakage      Total
                          Power      Power      Power      Power (Watts)
----------------------------------------------------------------
Sequential             0.00e+00   0.00e+00   0.00e+00   0.00e+00   0.0%
Combinational          9.23e-03   9.36e-03   2.43e-09   1.86e-02 100.0%
Clock                  0.00e+00   0.00e+00   0.00e+00   0.00e+00   0.0%
Macro                  0.00e+00   0.00e+00   0.00e+00   0.00e+00   0.0%
Pad                    0.00e+00   0.00e+00   0.00e+00   0.00e+00   0.0%
----------------------------------------------------------------
Total                  9.23e-03   9.36e-03   2.43e-09   1.86e-02 100.0%
                          49.7%      50.3%       0.0%
