#! /usr/bin/vvp
:ivl_version "11.0 (stable)";
:ivl_delay_selection "TYPICAL";
:vpi_time_precision - 12;
:vpi_module "/usr/lib/x86_64-linux-gnu/ivl/system.vpi";
:vpi_module "/usr/lib/x86_64-linux-gnu/ivl/vhdl_sys.vpi";
:vpi_module "/usr/lib/x86_64-linux-gnu/ivl/vhdl_textio.vpi";
:vpi_module "/usr/lib/x86_64-linux-gnu/ivl/v2005_math.vpi";
:vpi_module "/usr/lib/x86_64-linux-gnu/ivl/va_math.vpi";
:vpi_module "/usr/lib/x86_64-linux-gnu/ivl/v2009.vpi";
S_0x56667b91de30 .scope package, "$unit" "$unit" 2 1;
 .timescale 0 0;
S_0x56667b91dfc0 .scope module, "tb" "tb" 3 3;
 .timescale -9 -12;
v0x56667b93a6f0_0 .net "clean_btn", 0 0, v0x56667b93a1a0_0;  1 drivers
v0x56667b93a7b0_0 .var "clk", 0 0;
v0x56667b93a880_0 .var "noisy_btn", 0 0;
v0x56667b93a980_0 .var "rst", 0 0;
S_0x56667b910540 .scope task, "drive_and_check" "drive_and_check" 3 18, 3 18 0, S_0x56667b91dfc0;
 .timescale -9 -12;
v0x56667b90beb0_0 .var "expected", 0 0;
v0x56667b8e3ba0_0 .var "label", 127 0;
v0x56667b939f00_0 .var "stimulus", 0 0;
E_0x56667b8e21f0 .event posedge, v0x56667b93a260_0;
TD_tb.drive_and_check ;
    %load/vec4 v0x56667b939f00_0;
    %store/vec4 v0x56667b93a880_0, 0, 1;
    %wait E_0x56667b8e21f0;
    %delay 1000, 0;
    %load/vec4 v0x56667b93a6f0_0;
    %load/vec4 v0x56667b90beb0_0;
    %cmp/ne;
    %jmp/0xz  T_0.0, 6;
    %vpi_call/w 3 27 "$display", "FAIL: %0s expected clean_btn=%0b got clean_btn=%0b time=%0t", v0x56667b8e3ba0_0, v0x56667b90beb0_0, v0x56667b93a6f0_0, $time {0 0 0};
    %vpi_call/w 3 28 "$fatal", 32'sb00000000000000000000000000000001 {0 0 0};
T_0.0 ;
    %end;
S_0x56667b939fa0 .scope module, "dut" "button_debouncer" 3 9, 4 1 0, S_0x56667b91dfc0;
 .timescale 0 0;
    .port_info 0 /INPUT 1 "clk";
    .port_info 1 /INPUT 1 "rst";
    .port_info 2 /INPUT 1 "noisy_btn";
    .port_info 3 /OUTPUT 1 "clean_btn";
v0x56667b93a1a0_0 .var "clean_btn", 0 0;
v0x56667b93a260_0 .net "clk", 0 0, v0x56667b93a7b0_0;  1 drivers
v0x56667b93a320_0 .var "last_sample", 0 0;
v0x56667b93a3c0_0 .net "noisy_btn", 0 0, v0x56667b93a880_0;  1 drivers
v0x56667b93a480_0 .net "rst", 0 0, v0x56667b93a980_0;  1 drivers
v0x56667b93a590_0 .var "stable_count", 1 0;
    .scope S_0x56667b939fa0;
T_1 ;
    %wait E_0x56667b8e21f0;
    %load/vec4 v0x56667b93a480_0;
    %flag_set/vec4 8;
    %jmp/0xz  T_1.0, 8;
    %pushi/vec4 0, 0, 1;
    %assign/vec4 v0x56667b93a1a0_0, 0;
    %pushi/vec4 0, 0, 1;
    %assign/vec4 v0x56667b93a320_0, 0;
    %pushi/vec4 0, 0, 2;
    %assign/vec4 v0x56667b93a590_0, 0;
    %jmp T_1.1;
T_1.0 ;
    %load/vec4 v0x56667b93a3c0_0;
    %load/vec4 v0x56667b93a320_0;
    %cmp/ne;
    %jmp/0xz  T_1.2, 4;
    %load/vec4 v0x56667b93a3c0_0;
    %assign/vec4 v0x56667b93a320_0, 0;
    %pushi/vec4 1, 0, 2;
    %assign/vec4 v0x56667b93a590_0, 0;
    %jmp T_1.3;
T_1.2 ;
    %load/vec4 v0x56667b93a590_0;
    %cmpi/u 3, 0, 2;
    %jmp/0xz  T_1.4, 5;
    %load/vec4 v0x56667b93a590_0;
    %addi 1, 0, 2;
    %assign/vec4 v0x56667b93a590_0, 0;
T_1.4 ;
T_1.3 ;
    %load/vec4 v0x56667b93a590_0;
    %cmpi/e 2, 0, 2;
    %jmp/0xz  T_1.6, 4;
    %load/vec4 v0x56667b93a320_0;
    %assign/vec4 v0x56667b93a1a0_0, 0;
T_1.6 ;
T_1.1 ;
    %jmp T_1;
    .thread T_1;
    .scope S_0x56667b91dfc0;
T_2 ;
    %delay 5000, 0;
    %load/vec4 v0x56667b93a7b0_0;
    %inv;
    %store/vec4 v0x56667b93a7b0_0, 0, 1;
    %jmp T_2;
    .thread T_2;
    .scope S_0x56667b91dfc0;
T_3 ;
    %pushi/vec4 0, 0, 1;
    %store/vec4 v0x56667b93a7b0_0, 0, 1;
    %pushi/vec4 0, 0, 1;
    %store/vec4 v0x56667b93a980_0, 0, 1;
    %pushi/vec4 0, 0, 1;
    %store/vec4 v0x56667b93a880_0, 0, 1;
    %pushi/vec4 1, 0, 1;
    %store/vec4 v0x56667b93a980_0, 0, 1;
    %wait E_0x56667b8e21f0;
    %delay 1000, 0;
    %load/vec4 v0x56667b93a6f0_0;
    %cmpi/ne 0, 0, 1;
    %jmp/0xz  T_3.0, 6;
    %vpi_call/w 3 42 "$display", "FAIL: reset forces clean_btn low" {0 0 0};
    %vpi_call/w 3 43 "$fatal", 32'sb00000000000000000000000000000001 {0 0 0};
T_3.0 ;
    %pushi/vec4 0, 0, 1;
    %store/vec4 v0x56667b93a980_0, 0, 1;
    %pushi/vec4 1, 0, 1;
    %store/vec4 v0x56667b939f00_0, 0, 1;
    %pushi/vec4 0, 0, 1;
    %store/vec4 v0x56667b90beb0_0, 0, 1;
    %pushi/vec4 26476, 0, 32; draw_string_vec4
    %pushi/vec4 1769235304, 0, 32; draw_string_vec4
    %concat/vec4; draw_string_vec4
    %pushi/vec4 543390051, 0, 32; draw_string_vec4
    %concat/vec4; draw_string_vec4
    %pushi/vec4 1818566705, 0, 32; draw_string_vec4
    %concat/vec4; draw_string_vec4
    %store/vec4 v0x56667b8e3ba0_0, 0, 128;
    %fork TD_tb.drive_and_check, S_0x56667b910540;
    %join;
    %pushi/vec4 0, 0, 1;
    %store/vec4 v0x56667b939f00_0, 0, 1;
    %pushi/vec4 0, 0, 1;
    %store/vec4 v0x56667b90beb0_0, 0, 1;
    %pushi/vec4 26476, 0, 32; draw_string_vec4
    %pushi/vec4 1769235304, 0, 32; draw_string_vec4
    %concat/vec4; draw_string_vec4
    %pushi/vec4 543390051, 0, 32; draw_string_vec4
    %concat/vec4; draw_string_vec4
    %pushi/vec4 1818566706, 0, 32; draw_string_vec4
    %concat/vec4; draw_string_vec4
    %store/vec4 v0x56667b8e3ba0_0, 0, 128;
    %fork TD_tb.drive_and_check, S_0x56667b910540;
    %join;
    %pushi/vec4 1, 0, 1;
    %store/vec4 v0x56667b939f00_0, 0, 1;
    %pushi/vec4 0, 0, 1;
    %store/vec4 v0x56667b90beb0_0, 0, 1;
    %pushi/vec4 3302541888, 0, 33;
    %concati/vec4 3503476432, 0, 32;
    %concati/vec4 2173560205, 0, 33;
    %concati/vec4 744824881, 0, 30;
    %store/vec4 v0x56667b8e3ba0_0, 0, 128;
    %fork TD_tb.drive_and_check, S_0x56667b910540;
    %join;
    %pushi/vec4 1, 0, 1;
    %store/vec4 v0x56667b939f00_0, 0, 1;
    %pushi/vec4 0, 0, 1;
    %store/vec4 v0x56667b90beb0_0, 0, 1;
    %pushi/vec4 3302541888, 0, 33;
    %concati/vec4 3503476432, 0, 32;
    %concati/vec4 2173560205, 0, 33;
    %concati/vec4 744824882, 0, 30;
    %store/vec4 v0x56667b8e3ba0_0, 0, 128;
    %fork TD_tb.drive_and_check, S_0x56667b910540;
    %join;
    %pushi/vec4 1, 0, 1;
    %store/vec4 v0x56667b939f00_0, 0, 1;
    %pushi/vec4 1, 0, 1;
    %store/vec4 v0x56667b90beb0_0, 0, 1;
    %pushi/vec4 3431060929, 0, 34;
    %concati/vec4 2441466261, 0, 32;
    %concati/vec4 3431054805, 0, 32;
    %concati/vec4 879785332, 0, 30;
    %store/vec4 v0x56667b8e3ba0_0, 0, 128;
    %fork TD_tb.drive_and_check, S_0x56667b910540;
    %join;
    %pushi/vec4 0, 0, 1;
    %store/vec4 v0x56667b939f00_0, 0, 1;
    %pushi/vec4 1, 0, 1;
    %store/vec4 v0x56667b90beb0_0, 0, 1;
    %pushi/vec4 3863011556, 0, 33;
    %concati/vec4 3404518110, 0, 32;
    %concati/vec4 3940958444, 0, 32;
    %concati/vec4 1634497893, 0, 31;
    %store/vec4 v0x56667b8e3ba0_0, 0, 128;
    %fork TD_tb.drive_and_check, S_0x56667b910540;
    %join;
    %pushi/vec4 0, 0, 1;
    %store/vec4 v0x56667b939f00_0, 0, 1;
    %pushi/vec4 1, 0, 1;
    %store/vec4 v0x56667b90beb0_0, 0, 1;
    %pushi/vec4 3863011556, 0, 33;
    %concati/vec4 3404518110, 0, 32;
    %concati/vec4 3940958444, 0, 32;
    %concati/vec4 1634497893, 0, 31;
    %store/vec4 v0x56667b8e3ba0_0, 0, 128;
    %fork TD_tb.drive_and_check, S_0x56667b910540;
    %join;
    %pushi/vec4 0, 0, 1;
    %store/vec4 v0x56667b939f00_0, 0, 1;
    %pushi/vec4 0, 0, 1;
    %store/vec4 v0x56667b90beb0_0, 0, 1;
    %pushi/vec4 3431060929, 0, 34;
    %concati/vec4 2441466261, 0, 32;
    %concati/vec4 3431054805, 0, 32;
    %concati/vec4 879785332, 0, 30;
    %store/vec4 v0x56667b8e3ba0_0, 0, 128;
    %fork TD_tb.drive_and_check, S_0x56667b910540;
    %join;
    %vpi_call/w 3 56 "$display", "TEST PASSED" {0 0 0};
    %vpi_call/w 3 57 "$finish" {0 0 0};
    %end;
    .thread T_3;
# The file index is used to find the file name in the following table.
:file_names 5;
    "N/A";
    "<interactive>";
    "-";
    "/home/harish_d1121/Spec_to_Tapeout-main/output/p4/tb_candidate.v";
    "/home/harish_d1121/Spec_to_Tapeout-main/output/p4/design_candidate.v";
