$ yosys synth.ys > synth.log 2>&1

 /----------------------------------------------------------------------------\
 |                                                                            |
 |  yosys -- Yosys Open SYnthesis Suite                                       |
 |                                                                            |
 |  Copyright (C) 2012 - 2019  Clifford Wolf <clifford@clifford.at>           |
 |                                                                            |
 |  Permission to use, copy, modify, and/or distribute this software for any  |
 |  purpose with or without fee is hereby granted, provided that the above    |
 |  copyright notice and this permission notice appear in all copies.         |
 |                                                                            |
 |  THE SOFTWARE IS PROVIDED "AS IS" AND THE AUTHOR DISCLAIMS ALL WARRANTIES  |
 |  WITH REGARD TO THIS SOFTWARE INCLUDING ALL IMPLIED WARRANTIES OF          |
 |  MERCHANTABILITY AND FITNESS. IN NO EVENT SHALL THE AUTHOR BE LIABLE FOR   |
 |  ANY SPECIAL, DIRECT, INDIRECT, OR CONSEQUENTIAL DAMAGES OR ANY DAMAGES    |
 |  WHATSOEVER RESULTING FROM LOSS OF USE, DATA OR PROFITS, WHETHER IN AN     |
 |  ACTION OF CONTRACT, NEGLIGENCE OR OTHER TORTIOUS ACTION, ARISING OUT OF   |
 |  OR IN CONNECTION WITH THE USE OR PERFORMANCE OF THIS SOFTWARE.            |
 |                                                                            |
 \----------------------------------------------------------------------------/

 Yosys 0.9 (git sha1 1979e0b)


-- Executing script file `synth.ys' --

1. Executing Verilog-2005 frontend: ../design_candidate.v
Parsing Verilog input from `../design_candidate.v' to AST representation.
Generating RTLIL representation for module `\dot_product'.
Warning: Replacing memory \prod_regs with list of registers. See ../design_candidate.v:46
Successfully finished Verilog frontend.

2. Executing SYNTH pass.

2.1. Executing HIERARCHY pass (managing design hierarchy).

2.1.1. Analyzing design hierarchy..
Top module:  \dot_product

2.1.2. Analyzing design hierarchy..
Top module:  \dot_product
Removed 0 unused modules.

2.2. Executing PROC pass (convert processes to netlists).

2.2.1. Executing PROC_CLEAN pass (remove empty switches from decision trees).
Cleaned up 0 empty switches.

2.2.2. Executing PROC_RMDEAD pass (remove dead branches from decision trees).
Marked 3 switch rules as full_case in process $proc$../design_candidate.v:43$39 in module dot_product.
Removed a total of 0 dead cases.

2.2.3. Executing PROC_INIT pass (extract init attributes).

2.2.4. Executing PROC_ARST pass (detect async resets in processes).

2.2.5. Executing PROC_MUX pass (convert decision trees to multiplexers).
Creating decoders for process `\dot_product.$proc$../design_candidate.v:43$39'.
     1/162: $2\i[31:0]
     2/162: $2$func$\vec_elem$../design_candidate.v:71$32$\vec_elem[7:0]$184
     3/162: $2$func$\vec_elem$../design_candidate.v:71$32$\idx[31:0]$186
     4/162: $2$func$\vec_elem$../design_candidate.v:71$32$\vec[63:0]$185
     5/162: $2$func$\vec_elem$../design_candidate.v:71$31$\vec_elem[7:0]$181
     6/162: $2$func$\vec_elem$../design_candidate.v:71$31$\idx[31:0]$183
     7/162: $2$func$\vec_elem$../design_candidate.v:71$31$\vec[63:0]$182
     8/162: $2$func$\vec_elem$../design_candidate.v:71$30$\vec_elem[7:0]$178
     9/162: $2$func$\vec_elem$../design_candidate.v:71$30$\idx[31:0]$180
    10/162: $2$func$\vec_elem$../design_candidate.v:71$30$\vec[63:0]$179
    11/162: $2$func$\vec_elem$../design_candidate.v:71$29$\vec_elem[7:0]$175
    12/162: $2$func$\vec_elem$../design_candidate.v:71$29$\idx[31:0]$177
    13/162: $2$func$\vec_elem$../design_candidate.v:71$29$\vec[63:0]$176
    14/162: $2$func$\vec_elem$../design_candidate.v:71$28$\vec_elem[7:0]$172
    15/162: $2$func$\vec_elem$../design_candidate.v:71$28$\idx[31:0]$174
    16/162: $2$func$\vec_elem$../design_candidate.v:71$28$\vec[63:0]$173
    17/162: $2$func$\vec_elem$../design_candidate.v:71$27$\vec_elem[7:0]$169
    18/162: $2$func$\vec_elem$../design_candidate.v:71$27$\idx[31:0]$171
    19/162: $2$func$\vec_elem$../design_candidate.v:71$27$\vec[63:0]$170
    20/162: $2$func$\vec_elem$../design_candidate.v:71$26$\vec_elem[7:0]$166
    21/162: $2$func$\vec_elem$../design_candidate.v:71$26$\idx[31:0]$168
    22/162: $2$func$\vec_elem$../design_candidate.v:71$26$\vec[63:0]$167
    23/162: $2$func$\vec_elem$../design_candidate.v:71$25$\vec_elem[7:0]$163
    24/162: $2$func$\vec_elem$../design_candidate.v:71$25$\idx[31:0]$165
    25/162: $2$func$\vec_elem$../design_candidate.v:71$25$\vec[63:0]$164
    26/162: $2$func$\vec_elem$../design_candidate.v:71$24$\vec_elem[7:0]$160
    27/162: $2$func$\vec_elem$../design_candidate.v:71$24$\idx[31:0]$162
    28/162: $2$func$\vec_elem$../design_candidate.v:71$24$\vec[63:0]$161
    29/162: $2$func$\vec_elem$../design_candidate.v:71$23$\vec_elem[7:0]$157
    30/162: $2$func$\vec_elem$../design_candidate.v:71$23$\idx[31:0]$159
    31/162: $2$func$\vec_elem$../design_candidate.v:71$23$\vec[63:0]$158
    32/162: $2$func$\vec_elem$../design_candidate.v:71$22$\vec_elem[7:0]$154
    33/162: $2$func$\vec_elem$../design_candidate.v:71$22$\idx[31:0]$156
    34/162: $2$func$\vec_elem$../design_candidate.v:71$22$\vec[63:0]$155
    35/162: $2$func$\vec_elem$../design_candidate.v:71$21$\vec_elem[7:0]$151
    36/162: $2$func$\vec_elem$../design_candidate.v:71$21$\idx[31:0]$153
    37/162: $2$func$\vec_elem$../design_candidate.v:71$21$\vec[63:0]$152
    38/162: $2$func$\vec_elem$../design_candidate.v:71$20$\vec_elem[7:0]$148
    39/162: $2$func$\vec_elem$../design_candidate.v:71$20$\idx[31:0]$150
    40/162: $2$func$\vec_elem$../design_candidate.v:71$20$\vec[63:0]$149
    41/162: $2$func$\vec_elem$../design_candidate.v:71$19$\vec_elem[7:0]$145
    42/162: $2$func$\vec_elem$../design_candidate.v:71$19$\idx[31:0]$147
    43/162: $2$func$\vec_elem$../design_candidate.v:71$19$\vec[63:0]$146
    44/162: $2$func$\vec_elem$../design_candidate.v:71$18$\vec_elem[7:0]$142
    45/162: $2$func$\vec_elem$../design_candidate.v:71$18$\idx[31:0]$144
    46/162: $2$func$\vec_elem$../design_candidate.v:71$18$\vec[63:0]$143
    47/162: $2$func$\vec_elem$../design_candidate.v:71$17$\vec_elem[7:0]$139
    48/162: $2$func$\vec_elem$../design_candidate.v:71$17$\idx[31:0]$141
    49/162: $2$func$\vec_elem$../design_candidate.v:71$17$\vec[63:0]$140
    50/162: $1\i[31:0]
    51/162: $1$func$\vec_elem$../design_candidate.v:71$32$\idx[31:0]$135
    52/162: $1$func$\vec_elem$../design_candidate.v:71$32$\vec[63:0]$134
    53/162: $1$func$\vec_elem$../design_candidate.v:71$32$\vec_elem[7:0]$133
    54/162: $1$func$\vec_elem$../design_candidate.v:71$31$\idx[31:0]$132
    55/162: $1$func$\vec_elem$../design_candidate.v:71$31$\vec[63:0]$131
    56/162: $1$func$\vec_elem$../design_candidate.v:71$31$\vec_elem[7:0]$130
    57/162: $1$func$\vec_elem$../design_candidate.v:71$30$\idx[31:0]$129
    58/162: $1$func$\vec_elem$../design_candidate.v:71$30$\vec[63:0]$128
    59/162: $1$func$\vec_elem$../design_candidate.v:71$30$\vec_elem[7:0]$127
    60/162: $1$func$\vec_elem$../design_candidate.v:71$29$\idx[31:0]$126
    61/162: $1$func$\vec_elem$../design_candidate.v:71$29$\vec[63:0]$125
    62/162: $1$func$\vec_elem$../design_candidate.v:71$29$\vec_elem[7:0]$124
    63/162: $1$func$\vec_elem$../design_candidate.v:71$28$\idx[31:0]$123
    64/162: $1$func$\vec_elem$../design_candidate.v:71$28$\vec[63:0]$122
    65/162: $1$func$\vec_elem$../design_candidate.v:71$28$\vec_elem[7:0]$121
    66/162: $1$func$\vec_elem$../design_candidate.v:71$27$\idx[31:0]$120
    67/162: $1$func$\vec_elem$../design_candidate.v:71$27$\vec[63:0]$119
    68/162: $1$func$\vec_elem$../design_candidate.v:71$27$\vec_elem[7:0]$118
    69/162: $1$func$\vec_elem$../design_candidate.v:71$26$\idx[31:0]$117
    70/162: $1$func$\vec_elem$../design_candidate.v:71$26$\vec[63:0]$116
    71/162: $1$func$\vec_elem$../design_candidate.v:71$26$\vec_elem[7:0]$115
    72/162: $1$func$\vec_elem$../design_candidate.v:71$25$\idx[31:0]$114
    73/162: $1$func$\vec_elem$../design_candidate.v:71$25$\vec[63:0]$113
    74/162: $1$func$\vec_elem$../design_candidate.v:71$25$\vec_elem[7:0]$112
    75/162: $1$func$\vec_elem$../design_candidate.v:71$24$\idx[31:0]$111
    76/162: $1$func$\vec_elem$../design_candidate.v:71$24$\vec[63:0]$110
    77/162: $1$func$\vec_elem$../design_candidate.v:71$24$\vec_elem[7:0]$109
    78/162: $1$func$\vec_elem$../design_candidate.v:71$23$\idx[31:0]$108
    79/162: $1$func$\vec_elem$../design_candidate.v:71$23$\vec[63:0]$107
    80/162: $1$func$\vec_elem$../design_candidate.v:71$23$\vec_elem[7:0]$106
    81/162: $1$func$\vec_elem$../design_candidate.v:71$22$\idx[31:0]$105
    82/162: $1$func$\vec_elem$../design_candidate.v:71$22$\vec[63:0]$104
    83/162: $1$func$\vec_elem$../design_candidate.v:71$22$\vec_elem[7:0]$103
    84/162: $1$func$\vec_elem$../design_candidate.v:71$21$\idx[31:0]$102
    85/162: $1$func$\vec_elem$../design_candidate.v:71$21$\vec[63:0]$101
    86/162: $1$func$\vec_elem$../design_candidate.v:71$21$\vec_elem[7:0]$100
    87/162: $1$func$\vec_elem$../design_candidate.v:71$20$\idx[31:0]$99
    88/162: $1$func$\vec_elem$../design_candidate.v:71$20$\vec[63:0]$98
    89/162: $1$func$\vec_elem$../design_candidate.v:71$20$\vec_elem[7:0]$97
    90/162: $1$func$\vec_elem$../design_candidate.v:71$19$\idx[31:0]$96
    91/162: $1$func$\vec_elem$../design_candidate.v:71$19$\vec[63:0]$95
    92/162: $1$func$\vec_elem$../design_candidate.v:71$19$\vec_elem[7:0]$94
    93/162: $1$func$\vec_elem$../design_candidate.v:71$18$\idx[31:0]$93
    94/162: $1$func$\vec_elem$../design_candidate.v:71$18$\vec[63:0]$92
    95/162: $1$func$\vec_elem$../design_candidate.v:71$18$\vec_elem[7:0]$91
    96/162: $1$func$\vec_elem$../design_candidate.v:71$17$\idx[31:0]$90
    97/162: $1$func$\vec_elem$../design_candidate.v:71$17$\vec[63:0]$89
    98/162: $1$func$\vec_elem$../design_candidate.v:71$17$\vec_elem[7:0]$88
    99/162: $0$func$\vec_elem$../design_candidate.v:71$32$\idx[31:0]$87
   100/162: $0$func$\vec_elem$../design_candidate.v:71$32$\vec[63:0]$86
   101/162: $0$func$\vec_elem$../design_candidate.v:71$32$\vec_elem[7:0]$85
   102/162: $0$func$\vec_elem$../design_candidate.v:71$31$\idx[31:0]$84
   103/162: $0$func$\vec_elem$../design_candidate.v:71$31$\vec[63:0]$83
   104/162: $0$func$\vec_elem$../design_candidate.v:71$31$\vec_elem[7:0]$82
   105/162: $0$func$\vec_elem$../design_candidate.v:71$30$\idx[31:0]$81
   106/162: $0$func$\vec_elem$../design_candidate.v:71$30$\vec[63:0]$80
   107/162: $0$func$\vec_elem$../design_candidate.v:71$30$\vec_elem[7:0]$79
   108/162: $0$func$\vec_elem$../design_candidate.v:71$29$\idx[31:0]$78
   109/162: $0$func$\vec_elem$../design_candidate.v:71$29$\vec[63:0]$77
   110/162: $0$func$\vec_elem$../design_candidate.v:71$29$\vec_elem[7:0]$76
   111/162: $0$func$\vec_elem$../design_candidate.v:71$28$\idx[31:0]$75
   112/162: $0$func$\vec_elem$../design_candidate.v:71$28$\vec[63:0]$74
   113/162: $0$func$\vec_elem$../design_candidate.v:71$28$\vec_elem[7:0]$73
   114/162: $0$func$\vec_elem$../design_candidate.v:71$27$\idx[31:0]$72
   115/162: $0$func$\vec_elem$../design_candidate.v:71$27$\vec[63:0]$71
   116/162: $0$func$\vec_elem$../design_candidate.v:71$27$\vec_elem[7:0]$70
   117/162: $0$func$\vec_elem$../design_candidate.v:71$26$\idx[31:0]$69
   118/162: $0$func$\vec_elem$../design_candidate.v:71$26$\vec[63:0]$68
   119/162: $0$func$\vec_elem$../design_candidate.v:71$26$\vec_elem[7:0]$67
   120/162: $0$func$\vec_elem$../design_candidate.v:71$25$\idx[31:0]$66
   121/162: $0$func$\vec_elem$../design_candidate.v:71$25$\vec[63:0]$65
   122/162: $0$func$\vec_elem$../design_candidate.v:71$25$\vec_elem[7:0]$64
   123/162: $0$func$\vec_elem$../design_candidate.v:71$24$\idx[31:0]$63
   124/162: $0$func$\vec_elem$../design_candidate.v:71$24$\vec[63:0]$62
   125/162: $0$func$\vec_elem$../design_candidate.v:71$24$\vec_elem[7:0]$61
   126/162: $0$func$\vec_elem$../design_candidate.v:71$23$\idx[31:0]$60
   127/162: $0$func$\vec_elem$../design_candidate.v:71$23$\vec[63:0]$59
   128/162: $0$func$\vec_elem$../design_candidate.v:71$23$\vec_elem[7:0]$58
   129/162: $0$func$\vec_elem$../design_candidate.v:71$22$\idx[31:0]$57
   130/162: $0$func$\vec_elem$../design_candidate.v:71$22$\vec[63:0]$56
   131/162: $0$func$\vec_elem$../design_candidate.v:71$22$\vec_elem[7:0]$55
   132/162: $0$func$\vec_elem$../design_candidate.v:71$21$\idx[31:0]$54
   133/162: $0$func$\vec_elem$../design_candidate.v:71$21$\vec[63:0]$53
   134/162: $0$func$\vec_elem$../design_candidate.v:71$21$\vec_elem[7:0]$52
   135/162: $0$func$\vec_elem$../design_candidate.v:71$20$\idx[31:0]$51
   136/162: $0$func$\vec_elem$../design_candidate.v:71$20$\vec[63:0]$50
   137/162: $0$func$\vec_elem$../design_candidate.v:71$20$\vec_elem[7:0]$49
   138/162: $0$func$\vec_elem$../design_candidate.v:71$19$\idx[31:0]$48
   139/162: $0$func$\vec_elem$../design_candidate.v:71$19$\vec[63:0]$47
   140/162: $0$func$\vec_elem$../design_candidate.v:71$19$\vec_elem[7:0]$46
   141/162: $0$func$\vec_elem$../design_candidate.v:71$18$\idx[31:0]$45
   142/162: $0$func$\vec_elem$../design_candidate.v:71$18$\vec[63:0]$44
   143/162: $0$func$\vec_elem$../design_candidate.v:71$18$\vec_elem[7:0]$43
   144/162: $0$func$\vec_elem$../design_candidate.v:71$17$\idx[31:0]$42
   145/162: $0$func$\vec_elem$../design_candidate.v:71$17$\vec[63:0]$41
   146/162: $0$func$\vec_elem$../design_candidate.v:71$17$\vec_elem[7:0]$40
   147/162: $0\i[31:0]
   148/162: $0\prod_regs[7][15:0]
   149/162: $0\prod_regs[6][15:0]
   150/162: $0\prod_regs[5][15:0]
   151/162: $0\prod_regs[4][15:0]
   152/162: $0\prod_regs[3][15:0]
   153/162: $0\prod_regs[2][15:0]
   154/162: $0\prod_regs[1][15:0]
   155/162: $0\prod_regs[0][15:0]
   156/162: $0\tree_sum_reg_1[19:0]
   157/162: $0\tree_sum_reg_0[19:0]
   158/162: $0\dot_out[19:0]
   159/162: $0\computed_once[0:0]
   160/162: $0\stage2_valid[0:0]
   161/162: $0\stage1_valid[0:0]
   162/162: $0\valid[0:0]
Creating decoders for process `\dot_product.$proc$../design_candidate.v:35$33'.
     1/5: $0\final_sum_comb[19:0]
     2/5: $0\pair_sum_3[19:0]
     3/5: $0\pair_sum_2[19:0]
     4/5: $0\pair_sum_1[19:0]
     5/5: $0\pair_sum_0[19:0]

2.2.6. Executing PROC_DLATCH pass (convert process syncs to latches).
No latch inferred for signal `\dot_product.\pair_sum_0' from process `\dot_product.$proc$../design_candidate.v:35$33'.
No latch inferred for signal `\dot_product.\pair_sum_1' from process `\dot_product.$proc$../design_candidate.v:35$33'.
No latch inferred for signal `\dot_product.\pair_sum_2' from process `\dot_product.$proc$../design_candidate.v:35$33'.
No latch inferred for signal `\dot_product.\pair_sum_3' from process `\dot_product.$proc$../design_candidate.v:35$33'.
No latch inferred for signal `\dot_product.\final_sum_comb' from process `\dot_product.$proc$../design_candidate.v:35$33'.

2.2.7. Executing PROC_DFF pass (convert process syncs to FFs).
Creating register for signal `\dot_product.\valid' using process `\dot_product.$proc$../design_candidate.v:43$39'.
  created $dff cell `$procdff$770' with positive edge clock.
Creating register for signal `\dot_product.\stage1_valid' using process `\dot_product.$proc$../design_candidate.v:43$39'.
  created $dff cell `$procdff$771' with positive edge clock.
Creating register for signal `\dot_product.\stage2_valid' using process `\dot_product.$proc$../design_candidate.v:43$39'.
  created $dff cell `$procdff$772' with positive edge clock.
Creating register for signal `\dot_product.\computed_once' using process `\dot_product.$proc$../design_candidate.v:43$39'.
  created $dff cell `$procdff$773' with positive edge clock.
Creating register for signal `\dot_product.\i' using process `\dot_product.$proc$../design_candidate.v:43$39'.
  created $dff cell `$procdff$774' with positive edge clock.
Creating register for signal `\dot_product.\dot_out' using process `\dot_product.$proc$../design_candidate.v:43$39'.
  created $dff cell `$procdff$775' with positive edge clock.
Creating register for signal `\dot_product.\tree_sum_reg_0' using process `\dot_product.$proc$../design_candidate.v:43$39'.
  created $dff cell `$procdff$776' with positive edge clock.
Creating register for signal `\dot_product.\tree_sum_reg_1' using process `\dot_product.$proc$../design_candidate.v:43$39'.
  created $dff cell `$procdff$777' with positive edge clock.
Creating register for signal `\dot_product.$func$\vec_elem$../design_candidate.v:71$17$\vec_elem' using process `\dot_product.$proc$../design_candidate.v:43$39'.
  created $dff cell `$procdff$778' with positive edge clock.
Creating register for signal `\dot_product.$func$\vec_elem$../design_candidate.v:71$17$\vec' using process `\dot_product.$proc$../design_candidate.v:43$39'.
  created $dff cell `$procdff$779' with positive edge clock.
Creating register for signal `\dot_product.$func$\vec_elem$../design_candidate.v:71$17$\idx' using process `\dot_product.$proc$../design_candidate.v:43$39'.
  created $dff cell `$procdff$780' with positive edge clock.
Creating register for signal `\dot_product.$func$\vec_elem$../design_candidate.v:71$18$\vec_elem' using process `\dot_product.$proc$../design_candidate.v:43$39'.
  created $dff cell `$procdff$781' with positive edge clock.
Creating register for signal `\dot_product.$func$\vec_elem$../design_candidate.v:71$18$\vec' using process `\dot_product.$proc$../design_candidate.v:43$39'.
  created $dff cell `$procdff$782' with positive edge clock.
Creating register for signal `\dot_product.$func$\vec_elem$../design_candidate.v:71$18$\idx' using process `\dot_product.$proc$../design_candidate.v:43$39'.
  created $dff cell `$procdff$783' with positive edge clock.
Creating register for signal `\dot_product.$func$\vec_elem$../design_candidate.v:71$19$\vec_elem' using process `\dot_product.$proc$../design_candidate.v:43$39'.
  created $dff cell `$procdff$784' with positive edge clock.
Creating register for signal `\dot_product.$func$\vec_elem$../design_candidate.v:71$19$\vec' using process `\dot_product.$proc$../design_candidate.v:43$39'.
  created $dff cell `$procdff$785' with positive edge clock.
Creating register for signal `\dot_product.$func$\vec_elem$../design_candidate.v:71$19$\idx' using process `\dot_product.$proc$../design_candidate.v:43$39'.
  created $dff cell `$procdff$786' with positive edge clock.
Creating register for signal `\dot_product.$func$\vec_elem$../design_candidate.v:71$20$\vec_elem' using process `\dot_product.$proc$../design_candidate.v:43$39'.
  created $dff cell `$procdff$787' with positive edge clock.
Creating register for signal `\dot_product.$func$\vec_elem$../design_candidate.v:71$20$\vec' using process `\dot_product.$proc$../design_candidate.v:43$39'.
  created $dff cell `$procdff$788' with positive edge clock.
Creating register for signal `\dot_product.$func$\vec_elem$../design_candidate.v:71$20$\idx' using process `\dot_product.$proc$../design_candidate.v:43$39'.
  created $dff cell `$procdff$789' with positive edge clock.
Creating register for signal `\dot_product.$func$\vec_elem$../design_candidate.v:71$21$\vec_elem' using process `\dot_product.$proc$../design_candidate.v:43$39'.
  created $dff cell `$procdff$790' with positive edge clock.
Creating register for signal `\dot_product.$func$\vec_elem$../design_candidate.v:71$21$\vec' using process `\dot_product.$proc$../design_candidate.v:43$39'.
  created $dff cell `$procdff$791' with positive edge clock.
Creating register for signal `\dot_product.$func$\vec_elem$../design_candidate.v:71$21$\idx' using process `\dot_product.$proc$../design_candidate.v:43$39'.
  created $dff cell `$procdff$792' with positive edge clock.
Creating register for signal `\dot_product.$func$\vec_elem$../design_candidate.v:71$22$\vec_elem' using process `\dot_product.$proc$../design_candidate.v:43$39'.
  created $dff cell `$procdff$793' with positive edge clock.
Creating register for signal `\dot_product.$func$\vec_elem$../design_candidate.v:71$22$\vec' using process `\dot_product.$proc$../design_candidate.v:43$39'.
  created $dff cell `$procdff$794' with positive edge clock.
Creating register for signal `\dot_product.$func$\vec_elem$../design_candidate.v:71$22$\idx' using process `\dot_product.$proc$../design_candidate.v:43$39'.
  created $dff cell `$procdff$795' with positive edge clock.
Creating register for signal `\dot_product.$func$\vec_elem$../design_candidate.v:71$23$\vec_elem' using process `\dot_product.$proc$../design_candidate.v:43$39'.
  created $dff cell `$procdff$796' with positive edge clock.
Creating register for signal `\dot_product.$func$\vec_elem$../design_candidate.v:71$23$\vec' using process `\dot_product.$proc$../design_candidate.v:43$39'.
  created $dff cell `$procdff$797' with positive edge clock.
Creating register for signal `\dot_product.$func$\vec_elem$../design_candidate.v:71$23$\idx' using process `\dot_product.$proc$../design_candidate.v:43$39'.
  created $dff cell `$procdff$798' with positive edge clock.
Creating register for signal `\dot_product.$func$\vec_elem$../design_candidate.v:71$24$\vec_elem' using process `\dot_product.$proc$../design_candidate.v:43$39'.
  created $dff cell `$procdff$799' with positive edge clock.
Creating register for signal `\dot_product.$func$\vec_elem$../design_candidate.v:71$24$\vec' using process `\dot_product.$proc$../design_candidate.v:43$39'.
  created $dff cell `$procdff$800' with positive edge clock.
Creating register for signal `\dot_product.$func$\vec_elem$../design_candidate.v:71$24$\idx' using process `\dot_product.$proc$../design_candidate.v:43$39'.
  created $dff cell `$procdff$801' with positive edge clock.
Creating register for signal `\dot_product.$func$\vec_elem$../design_candidate.v:71$25$\vec_elem' using process `\dot_product.$proc$../design_candidate.v:43$39'.
  created $dff cell `$procdff$802' with positive edge clock.
Creating register for signal `\dot_product.$func$\vec_elem$../design_candidate.v:71$25$\vec' using process `\dot_product.$proc$../design_candidate.v:43$39'.
  created $dff cell `$procdff$803' with positive edge clock.
Creating register for signal `\dot_product.$func$\vec_elem$../design_candidate.v:71$25$\idx' using process `\dot_product.$proc$../design_candidate.v:43$39'.
  created $dff cell `$procdff$804' with positive edge clock.
Creating register for signal `\dot_product.$func$\vec_elem$../design_candidate.v:71$26$\vec_elem' using process `\dot_product.$proc$../design_candidate.v:43$39'.
  created $dff cell `$procdff$805' with positive edge clock.
Creating register for signal `\dot_product.$func$\vec_elem$../design_candidate.v:71$26$\vec' using process `\dot_product.$proc$../design_candidate.v:43$39'.
  created $dff cell `$procdff$806' with positive edge clock.
Creating register for signal `\dot_product.$func$\vec_elem$../design_candidate.v:71$26$\idx' using process `\dot_product.$proc$../design_candidate.v:43$39'.
  created $dff cell `$procdff$807' with positive edge clock.
Creating register for signal `\dot_product.$func$\vec_elem$../design_candidate.v:71$27$\vec_elem' using process `\dot_product.$proc$../design_candidate.v:43$39'.
  created $dff cell `$procdff$808' with positive edge clock.
Creating register for signal `\dot_product.$func$\vec_elem$../design_candidate.v:71$27$\vec' using process `\dot_product.$proc$../design_candidate.v:43$39'.
  created $dff cell `$procdff$809' with positive edge clock.
Creating register for signal `\dot_product.$func$\vec_elem$../design_candidate.v:71$27$\idx' using process `\dot_product.$proc$../design_candidate.v:43$39'.
  created $dff cell `$procdff$810' with positive edge clock.
Creating register for signal `\dot_product.$func$\vec_elem$../design_candidate.v:71$28$\vec_elem' using process `\dot_product.$proc$../design_candidate.v:43$39'.
  created $dff cell `$procdff$811' with positive edge clock.
Creating register for signal `\dot_product.$func$\vec_elem$../design_candidate.v:71$28$\vec' using process `\dot_product.$proc$../design_candidate.v:43$39'.
  created $dff cell `$procdff$812' with positive edge clock.
Creating register for signal `\dot_product.$func$\vec_elem$../design_candidate.v:71$28$\idx' using process `\dot_product.$proc$../design_candidate.v:43$39'.
  created $dff cell `$procdff$813' with positive edge clock.
Creating register for signal `\dot_product.$func$\vec_elem$../design_candidate.v:71$29$\vec_elem' using process `\dot_product.$proc$../design_candidate.v:43$39'.
  created $dff cell `$procdff$814' with positive edge clock.
Creating register for signal `\dot_product.$func$\vec_elem$../design_candidate.v:71$29$\vec' using process `\dot_product.$proc$../design_candidate.v:43$39'.
  created $dff cell `$procdff$815' with positive edge clock.
Creating register for signal `\dot_product.$func$\vec_elem$../design_candidate.v:71$29$\idx' using process `\dot_product.$proc$../design_candidate.v:43$39'.
  created $dff cell `$procdff$816' with positive edge clock.
Creating register for signal `\dot_product.$func$\vec_elem$../design_candidate.v:71$30$\vec_elem' using process `\dot_product.$proc$../design_candidate.v:43$39'.
  created $dff cell `$procdff$817' with positive edge clock.
Creating register for signal `\dot_product.$func$\vec_elem$../design_candidate.v:71$30$\vec' using process `\dot_product.$proc$../design_candidate.v:43$39'.
  created $dff cell `$procdff$818' with positive edge clock.
Creating register for signal `\dot_product.$func$\vec_elem$../design_candidate.v:71$30$\idx' using process `\dot_product.$proc$../design_candidate.v:43$39'.
  created $dff cell `$procdff$819' with positive edge clock.
Creating register for signal `\dot_product.$func$\vec_elem$../design_candidate.v:71$31$\vec_elem' using process `\dot_product.$proc$../design_candidate.v:43$39'.
  created $dff cell `$procdff$820' with positive edge clock.
Creating register for signal `\dot_product.$func$\vec_elem$../design_candidate.v:71$31$\vec' using process `\dot_product.$proc$../design_candidate.v:43$39'.
  created $dff cell `$procdff$821' with positive edge clock.
Creating register for signal `\dot_product.$func$\vec_elem$../design_candidate.v:71$31$\idx' using process `\dot_product.$proc$../design_candidate.v:43$39'.
  created $dff cell `$procdff$822' with positive edge clock.
Creating register for signal `\dot_product.$func$\vec_elem$../design_candidate.v:71$32$\vec_elem' using process `\dot_product.$proc$../design_candidate.v:43$39'.
  created $dff cell `$procdff$823' with positive edge clock.
Creating register for signal `\dot_product.$func$\vec_elem$../design_candidate.v:71$32$\vec' using process `\dot_product.$proc$../design_candidate.v:43$39'.
  created $dff cell `$procdff$824' with positive edge clock.
Creating register for signal `\dot_product.$func$\vec_elem$../design_candidate.v:71$32$\idx' using process `\dot_product.$proc$../design_candidate.v:43$39'.
  created $dff cell `$procdff$825' with positive edge clock.
Creating register for signal `\dot_product.\prod_regs[0]' using process `\dot_product.$proc$../design_candidate.v:43$39'.
  created $dff cell `$procdff$826' with positive edge clock.
Creating register for signal `\dot_product.\prod_regs[1]' using process `\dot_product.$proc$../design_candidate.v:43$39'.
  created $dff cell `$procdff$827' with positive edge clock.
Creating register for signal `\dot_product.\prod_regs[2]' using process `\dot_product.$proc$../design_candidate.v:43$39'.
  created $dff cell `$procdff$828' with positive edge clock.
Creating register for signal `\dot_product.\prod_regs[3]' using process `\dot_product.$proc$../design_candidate.v:43$39'.
  created $dff cell `$procdff$829' with positive edge clock.
Creating register for signal `\dot_product.\prod_regs[4]' using process `\dot_product.$proc$../design_candidate.v:43$39'.
  created $dff cell `$procdff$830' with positive edge clock.
Creating register for signal `\dot_product.\prod_regs[5]' using process `\dot_product.$proc$../design_candidate.v:43$39'.
  created $dff cell `$procdff$831' with positive edge clock.
Creating register for signal `\dot_product.\prod_regs[6]' using process `\dot_product.$proc$../design_candidate.v:43$39'.
  created $dff cell `$procdff$832' with positive edge clock.
Creating register for signal `\dot_product.\prod_regs[7]' using process `\dot_product.$proc$../design_candidate.v:43$39'.
  created $dff cell `$procdff$833' with positive edge clock.

2.2.8. Executing PROC_CLEAN pass (remove empty switches from decision trees).
Found and cleaned up 4 empty switches in `\dot_product.$proc$../design_candidate.v:43$39'.
Removing empty process `dot_product.$proc$../design_candidate.v:43$39'.
Removing empty process `dot_product.$proc$../design_candidate.v:35$33'.
Cleaned up 4 empty switches.

2.3. Executing OPT_EXPR pass (perform const folding).
Optimizing module dot_product.
<suppressed ~125 debug messages>

2.4. Executing OPT_CLEAN pass (remove unused cells and wires).
Finding unused cells or wires in module \dot_product..
Removed 197 unused cells and 593 unused wires.
<suppressed ~199 debug messages>

2.5. Executing CHECK pass (checking for obvious problems).
checking module dot_product..
found and reported 0 problems.

2.6. Executing OPT pass (performing simple optimizations).

2.6.1. Executing OPT_EXPR pass (perform const folding).
Optimizing module dot_product.

2.6.2. Executing OPT_MERGE pass (detect identical cells).
Finding identical cells in module `\dot_product'.
Removed a total of 0 cells.

2.6.3. Executing OPT_MUXTREE pass (detect dead branches in mux trees).
Running muxtree optimizer on module \dot_product..
  Creating internal representation of mux trees.
  Evaluating internal representation of mux trees.
      Replacing known input bits on port B of cell $procmux$750: \computed_once -> 1'1
  Analyzing evaluation results.
Removed 0 multiplexer ports.
<suppressed ~15 debug messages>

2.6.4. Executing OPT_REDUCE pass (consolidate $*mux and $reduce_* inputs).
  Optimizing cells in module \dot_product.
    New ctrl vector for $mux cell $procmux$750: { }
  Optimizing cells in module \dot_product.
Performed a total of 1 changes.

2.6.5. Executing OPT_MERGE pass (detect identical cells).
Finding identical cells in module `\dot_product'.
Removed a total of 0 cells.

2.6.6. Executing OPT_RMDFF pass (remove dff with constant values).

2.6.7. Executing OPT_CLEAN pass (remove unused cells and wires).
Finding unused cells or wires in module \dot_product..
Removed 0 unused cells and 1 unused wires.
<suppressed ~1 debug messages>

2.6.8. Executing OPT_EXPR pass (perform const folding).
Optimizing module dot_product.

2.6.9. Rerunning OPT passes. (Maybe there is more to do..)

2.6.10. Executing OPT_MUXTREE pass (detect dead branches in mux trees).
Running muxtree optimizer on module \dot_product..
  Creating internal representation of mux trees.
  Evaluating internal representation of mux trees.
  Analyzing evaluation results.
Removed 0 multiplexer ports.
<suppressed ~15 debug messages>

2.6.11. Executing OPT_REDUCE pass (consolidate $*mux and $reduce_* inputs).
  Optimizing cells in module \dot_product.
Performed a total of 0 changes.

2.6.12. Executing OPT_MERGE pass (detect identical cells).
Finding identical cells in module `\dot_product'.
Removed a total of 0 cells.

2.6.13. Executing OPT_RMDFF pass (remove dff with constant values).

2.6.14. Executing OPT_CLEAN pass (remove unused cells and wires).
Finding unused cells or wires in module \dot_product..

2.6.15. Executing OPT_EXPR pass (perform const folding).
Optimizing module dot_product.

2.6.16. Finished OPT passes. (There is nothing left to do.)

2.7. Executing WREDUCE pass (reducing word size of cells).
Removed top 4 bits (of 20) from port A of cell dot_product.$add$../design_candidate.v:37$35 ($add).
Removed top 4 bits (of 20) from port B of cell dot_product.$add$../design_candidate.v:37$35 ($add).
Removed top 3 bits (of 20) from port Y of cell dot_product.$add$../design_candidate.v:37$35 ($add).
Removed top 4 bits (of 20) from port A of cell dot_product.$add$../design_candidate.v:36$34 ($add).
Removed top 4 bits (of 20) from port B of cell dot_product.$add$../design_candidate.v:36$34 ($add).
Removed top 3 bits (of 20) from port Y of cell dot_product.$add$../design_candidate.v:36$34 ($add).
Removed top 4 bits (of 20) from port A of cell dot_product.$add$../design_candidate.v:38$36 ($add).
Removed top 4 bits (of 20) from port B of cell dot_product.$add$../design_candidate.v:38$36 ($add).
Removed top 3 bits (of 20) from port Y of cell dot_product.$add$../design_candidate.v:38$36 ($add).
Removed top 4 bits (of 20) from port A of cell dot_product.$add$../design_candidate.v:39$37 ($add).
Removed top 4 bits (of 20) from port B of cell dot_product.$add$../design_candidate.v:39$37 ($add).
Removed top 3 bits (of 20) from port Y of cell dot_product.$add$../design_candidate.v:39$37 ($add).
Removed top 3 bits (of 20) from port A of cell dot_product.$add$../design_candidate.v:62$136 ($add).
Removed top 3 bits (of 20) from port B of cell dot_product.$add$../design_candidate.v:62$136 ($add).
Removed top 2 bits (of 20) from port Y of cell dot_product.$add$../design_candidate.v:62$136 ($add).
Removed top 3 bits (of 20) from port A of cell dot_product.$add$../design_candidate.v:63$137 ($add).
Removed top 3 bits (of 20) from port B of cell dot_product.$add$../design_candidate.v:63$137 ($add).
Removed top 2 bits (of 20) from port Y of cell dot_product.$add$../design_candidate.v:63$137 ($add).
Removed top 8 bits (of 16) from port A of cell dot_product.$mul$../design_candidate.v:71$193 ($mul).
Removed top 8 bits (of 16) from port B of cell dot_product.$mul$../design_candidate.v:71$193 ($mul).
Removed top 8 bits (of 16) from port A of cell dot_product.$mul$../design_candidate.v:71$200 ($mul).
Removed top 8 bits (of 16) from port B of cell dot_product.$mul$../design_candidate.v:71$200 ($mul).
Removed top 8 bits (of 16) from port A of cell dot_product.$mul$../design_candidate.v:71$207 ($mul).
Removed top 8 bits (of 16) from port B of cell dot_product.$mul$../design_candidate.v:71$207 ($mul).
Removed top 8 bits (of 16) from port A of cell dot_product.$mul$../design_candidate.v:71$214 ($mul).
Removed top 8 bits (of 16) from port B of cell dot_product.$mul$../design_candidate.v:71$214 ($mul).
Removed top 8 bits (of 16) from port A of cell dot_product.$mul$../design_candidate.v:71$221 ($mul).
Removed top 8 bits (of 16) from port B of cell dot_product.$mul$../design_candidate.v:71$221 ($mul).
Removed top 8 bits (of 16) from port A of cell dot_product.$mul$../design_candidate.v:71$228 ($mul).
Removed top 8 bits (of 16) from port B of cell dot_product.$mul$../design_candidate.v:71$228 ($mul).
Removed top 8 bits (of 16) from port A of cell dot_product.$mul$../design_candidate.v:71$235 ($mul).
Removed top 8 bits (of 16) from port B of cell dot_product.$mul$../design_candidate.v:71$235 ($mul).
Removed top 8 bits (of 16) from port A of cell dot_product.$mul$../design_candidate.v:71$242 ($mul).
Removed top 8 bits (of 16) from port B of cell dot_product.$mul$../design_candidate.v:71$242 ($mul).

2.8. Executing PEEPOPT pass (run peephole optimizers).

2.9. Executing OPT_CLEAN pass (remove unused cells and wires).
Finding unused cells or wires in module \dot_product..

2.10. Executing TECHMAP pass (map to technology primitives).

2.10.1. Executing Verilog-2005 frontend: /usr/bin/../share/yosys/cmp2lut.v
Parsing Verilog input from `/usr/bin/../share/yosys/cmp2lut.v' to AST representation.
Generating RTLIL representation for module `\_90_lut_cmp_'.
Successfully finished Verilog frontend.

2.10.2. Continuing TECHMAP pass.
No more expansions possible.

2.11. Executing ALUMACC pass (create $alu and $macc cells).
Extracting $alu and $macc cells in module dot_product:
  creating $macc model for $add$../design_candidate.v:36$34 ($add).
  creating $macc model for $add$../design_candidate.v:37$35 ($add).
  creating $macc model for $add$../design_candidate.v:38$36 ($add).
  creating $macc model for $add$../design_candidate.v:39$37 ($add).
  creating $macc model for $add$../design_candidate.v:40$38 ($add).
  creating $macc model for $add$../design_candidate.v:62$136 ($add).
  creating $macc model for $add$../design_candidate.v:63$137 ($add).
  creating $macc model for $mul$../design_candidate.v:71$193 ($mul).
  creating $macc model for $mul$../design_candidate.v:71$200 ($mul).
  creating $macc model for $mul$../design_candidate.v:71$207 ($mul).
  creating $macc model for $mul$../design_candidate.v:71$214 ($mul).
  creating $macc model for $mul$../design_candidate.v:71$221 ($mul).
  creating $macc model for $mul$../design_candidate.v:71$228 ($mul).
  creating $macc model for $mul$../design_candidate.v:71$235 ($mul).
  creating $macc model for $mul$../design_candidate.v:71$242 ($mul).
  merging $macc model for $add$../design_candidate.v:38$36 into $add$../design_candidate.v:63$137.
  merging $macc model for $add$../design_candidate.v:39$37 into $add$../design_candidate.v:63$137.
  merging $macc model for $add$../design_candidate.v:36$34 into $add$../design_candidate.v:62$136.
  merging $macc model for $add$../design_candidate.v:37$35 into $add$../design_candidate.v:62$136.
  creating $alu model for $macc $add$../design_candidate.v:40$38.
  creating $macc cell for $mul$../design_candidate.v:71$207: $auto$alumacc.cc:354:replace_macc$834
  creating $macc cell for $mul$../design_candidate.v:71$200: $auto$alumacc.cc:354:replace_macc$835
  creating $macc cell for $mul$../design_candidate.v:71$193: $auto$alumacc.cc:354:replace_macc$836
  creating $macc cell for $add$../design_candidate.v:63$137: $auto$alumacc.cc:354:replace_macc$837
  creating $macc cell for $add$../design_candidate.v:62$136: $auto$alumacc.cc:354:replace_macc$838
  creating $macc cell for $mul$../design_candidate.v:71$214: $auto$alumacc.cc:354:replace_macc$839
  creating $macc cell for $mul$../design_candidate.v:71$228: $auto$alumacc.cc:354:replace_macc$840
  creating $macc cell for $mul$../design_candidate.v:71$221: $auto$alumacc.cc:354:replace_macc$841
  creating $macc cell for $mul$../design_candidate.v:71$242: $auto$alumacc.cc:354:replace_macc$842
  creating $macc cell for $mul$../design_candidate.v:71$235: $auto$alumacc.cc:354:replace_macc$843
  creating $alu cell for $add$../design_candidate.v:40$38: $auto$alumacc.cc:474:replace_alu$844
  created 1 $alu and 10 $macc cells.

2.12. Executing SHARE pass (SAT-based resource sharing).

2.13. Executing OPT pass (performing simple optimizations).

2.13.1. Executing OPT_EXPR pass (perform const folding).
Optimizing module dot_product.

2.13.2. Executing OPT_MERGE pass (detect identical cells).
Finding identical cells in module `\dot_product'.
Removed a total of 0 cells.

2.13.3. Executing OPT_MUXTREE pass (detect dead branches in mux trees).
Running muxtree optimizer on module \dot_product..
  Creating internal representation of mux trees.
  Evaluating internal representation of mux trees.
  Analyzing evaluation results.
Removed 0 multiplexer ports.
<suppressed ~15 debug messages>

2.13.4. Executing OPT_REDUCE pass (consolidate $*mux and $reduce_* inputs).
  Optimizing cells in module \dot_product.
Performed a total of 0 changes.

2.13.5. Executing OPT_MERGE pass (detect identical cells).
Finding identical cells in module `\dot_product'.
Removed a total of 0 cells.

2.13.6. Executing OPT_RMDFF pass (remove dff with constant values).

2.13.7. Executing OPT_CLEAN pass (remove unused cells and wires).
Finding unused cells or wires in module \dot_product..
Removed 4 unused cells and 0 unused wires.
<suppressed ~4 debug messages>

2.13.8. Executing OPT_EXPR pass (perform const folding).
Optimizing module dot_product.

2.13.9. Rerunning OPT passes. (Maybe there is more to do..)

2.13.10. Executing OPT_MUXTREE pass (detect dead branches in mux trees).
Running muxtree optimizer on module \dot_product..
  Creating internal representation of mux trees.
  Evaluating internal representation of mux trees.
  Analyzing evaluation results.
Removed 0 multiplexer ports.
<suppressed ~15 debug messages>

2.13.11. Executing OPT_REDUCE pass (consolidate $*mux and $reduce_* inputs).
  Optimizing cells in module \dot_product.
Performed a total of 0 changes.

2.13.12. Executing OPT_MERGE pass (detect identical cells).
Finding identical cells in module `\dot_product'.
Removed a total of 0 cells.

2.13.13. Executing OPT_RMDFF pass (remove dff with constant values).

2.13.14. Executing OPT_CLEAN pass (remove unused cells and wires).
Finding unused cells or wires in module \dot_product..

2.13.15. Executing OPT_EXPR pass (perform const folding).
Optimizing module dot_product.

2.13.16. Finished OPT passes. (There is nothing left to do.)

2.14. Executing FSM pass (extract and optimize FSM).

2.14.1. Executing FSM_DETECT pass (finding FSMs in design).

2.14.2. Executing FSM_EXTRACT pass (extracting FSM from design).

2.14.3. Executing FSM_OPT pass (simple optimizations of FSMs).

2.14.4. Executing OPT_CLEAN pass (remove unused cells and wires).
Finding unused cells or wires in module \dot_product..

2.14.5. Executing FSM_OPT pass (simple optimizations of FSMs).

2.14.6. Executing FSM_RECODE pass (re-assigning FSM state encoding).

2.14.7. Executing FSM_INFO pass (dumping all available information on FSM cells).

2.14.8. Executing FSM_MAP pass (mapping FSMs to basic logic).

2.15. Executing OPT pass (performing simple optimizations).

2.15.1. Executing OPT_EXPR pass (perform const folding).
Optimizing module dot_product.

2.15.2. Executing OPT_MERGE pass (detect identical cells).
Finding identical cells in module `\dot_product'.
Removed a total of 0 cells.

2.15.3. Executing OPT_RMDFF pass (remove dff with constant values).

2.15.4. Executing OPT_CLEAN pass (remove unused cells and wires).
Finding unused cells or wires in module \dot_product..

2.15.5. Finished fast OPT passes.

2.16. Executing MEMORY pass.

2.16.1. Executing MEMORY_DFF pass (merging $dff cells to $memrd and $memwr).

2.16.2. Executing OPT_CLEAN pass (remove unused cells and wires).
Finding unused cells or wires in module \dot_product..

2.16.3. Executing MEMORY_SHARE pass (consolidating $memrd/$memwr cells).

2.16.4. Executing OPT_CLEAN pass (remove unused cells and wires).
Finding unused cells or wires in module \dot_product..

2.16.5. Executing MEMORY_COLLECT pass (generating $mem cells).

2.17. Executing OPT_CLEAN pass (remove unused cells and wires).
Finding unused cells or wires in module \dot_product..

2.18. Executing OPT pass (performing simple optimizations).

2.18.1. Executing OPT_EXPR pass (perform const folding).
Optimizing module dot_product.
<suppressed ~39 debug messages>

2.18.2. Executing OPT_MERGE pass (detect identical cells).
Finding identical cells in module `\dot_product'.
Removed a total of 0 cells.

2.18.3. Executing OPT_RMDFF pass (remove dff with constant values).

2.18.4. Executing OPT_CLEAN pass (remove unused cells and wires).
Finding unused cells or wires in module \dot_product..
Removed 0 unused cells and 1 unused wires.
<suppressed ~1 debug messages>

2.18.5. Finished fast OPT passes.

2.19. Executing MEMORY_MAP pass (converting $mem cells to logic and flip-flops).

2.20. Executing OPT pass (performing simple optimizations).

2.20.1. Executing OPT_EXPR pass (perform const folding).
Optimizing module dot_product.

2.20.2. Executing OPT_MERGE pass (detect identical cells).
Finding identical cells in module `\dot_product'.
Removed a total of 0 cells.

2.20.3. Executing OPT_MUXTREE pass (detect dead branches in mux trees).
Running muxtree optimizer on module \dot_product..
  Creating internal representation of mux trees.
  Evaluating internal representation of mux trees.
  Analyzing evaluation results.
Removed 0 multiplexer ports.
<suppressed ~14 debug messages>

2.20.4. Executing OPT_REDUCE pass (consolidate $*mux and $reduce_* inputs).
  Optimizing cells in module \dot_product.
Performed a total of 0 changes.

2.20.5. Executing OPT_MERGE pass (detect identical cells).
Finding identical cells in module `\dot_product'.
Removed a total of 0 cells.

2.20.6. Executing OPT_RMDFF pass (remove dff with constant values).

2.20.7. Executing OPT_CLEAN pass (remove unused cells and wires).
Finding unused cells or wires in module \dot_product..

2.20.8. Executing OPT_EXPR pass (perform const folding).
Optimizing module dot_product.

2.20.9. Finished OPT passes. (There is nothing left to do.)

2.21. Executing TECHMAP pass (map to technology primitives).

2.21.1. Executing Verilog-2005 frontend: <techmap.v>
Parsing Verilog input from `<techmap.v>' to AST representation.
Generating RTLIL representation for module `\_90_simplemap_bool_ops'.
Generating RTLIL representation for module `\_90_simplemap_reduce_ops'.
Generating RTLIL representation for module `\_90_simplemap_logic_ops'.
Generating RTLIL representation for module `\_90_simplemap_compare_ops'.
Generating RTLIL representation for module `\_90_simplemap_various'.
Generating RTLIL representation for module `\_90_simplemap_registers'.
Generating RTLIL representation for module `\_90_shift_ops_shr_shl_sshl_sshr'.
Generating RTLIL representation for module `\_90_shift_shiftx'.
Generating RTLIL representation for module `\_90_fa'.
Generating RTLIL representation for module `\_90_lcu'.
Generating RTLIL representation for module `\_90_alu'.
Generating RTLIL representation for module `\_90_macc'.
Generating RTLIL representation for module `\_90_alumacc'.
Generating RTLIL representation for module `\$__div_mod_u'.
Generating RTLIL representation for module `\$__div_mod'.
Generating RTLIL representation for module `\_90_div'.
Generating RTLIL representation for module `\_90_mod'.
Generating RTLIL representation for module `\_90_pow'.
Generating RTLIL representation for module `\_90_pmux'.
Generating RTLIL representation for module `\_90_lut'.
Successfully finished Verilog frontend.

2.21.2. Continuing TECHMAP pass.
Using extmapper maccmap for cells of type $macc.
  add \A [15:8] * \B [15:8] (8x8 bits, signed)
  add \A [47:40] * \B [47:40] (8x8 bits, signed)
Using extmapper simplemap for cells of type $mux.
  add \A [23:16] * \B [23:16] (8x8 bits, signed)
Using extmapper simplemap for cells of type $not.
Using template $paramod\_90_alu\A_SIGNED=1\B_SIGNED=1\A_WIDTH=20\B_WIDTH=20\Y_WIDTH=20 for cells of type $alu.
  add \prod_regs[0] (16 bits, signed)
  add \prod_regs[2] (16 bits, signed)
  add \prod_regs[1] (16 bits, signed)
  add \prod_regs[3] (16 bits, signed)
  add \A [39:32] * \B [39:32] (8x8 bits, signed)
  add \A [31:24] * \B [31:24] (8x8 bits, signed)
  add \A [7:0] * \B [7:0] (8x8 bits, signed)
  add \prod_regs[4] (16 bits, signed)
  add \prod_regs[6] (16 bits, signed)
  add \prod_regs[5] (16 bits, signed)
  add \prod_regs[7] (16 bits, signed)
Using extmapper simplemap for cells of type $dff.
  add \A [55:48] * \B [55:48] (8x8 bits, signed)
  add \A [63:56] * \B [63:56] (8x8 bits, signed)
Using template $paramod\_90_fa\WIDTH=16 for cells of type $fa.
Using template $paramod\_90_alu\A_SIGNED=0\B_SIGNED=0\A_WIDTH=16\B_WIDTH=16\Y_WIDTH=16 for cells of type $alu.
Using extmapper simplemap for cells of type $and.
Using template $paramod\_90_fa\WIDTH=18 for cells of type $fa.
Using template $paramod\_90_alu\A_SIGNED=0\B_SIGNED=0\A_WIDTH=18\B_WIDTH=18\Y_WIDTH=18 for cells of type $alu.
Using extmapper simplemap for cells of type $pos.
Using template $paramod\_90_lcu\WIDTH=20 for cells of type $lcu.
Using extmapper simplemap for cells of type $xor.
Using extmapper simplemap for cells of type $or.
Using template $paramod\_90_lcu\WIDTH=16 for cells of type $lcu.
Using template $paramod\_90_lcu\WIDTH=18 for cells of type $lcu.
No more expansions possible.
<suppressed ~1811 debug messages>

2.22. Executing OPT pass (performing simple optimizations).

2.22.1. Executing OPT_EXPR pass (perform const folding).
Optimizing module dot_product.
<suppressed ~2155 debug messages>

2.22.2. Executing OPT_MERGE pass (detect identical cells).
Finding identical cells in module `\dot_product'.
<suppressed ~2232 debug messages>
Removed a total of 744 cells.

2.22.3. Executing OPT_RMDFF pass (remove dff with constant values).

2.22.4. Executing OPT_CLEAN pass (remove unused cells and wires).
Finding unused cells or wires in module \dot_product..
Removed 352 unused cells and 1053 unused wires.
<suppressed ~353 debug messages>

2.22.5. Finished fast OPT passes.

2.23. Executing ABC pass (technology mapping using ABC).

2.23.1. Extracting gate netlist of module `\dot_product' to `<abc-temp-dir>/input.blif'..
Extracted 4743 gates and 5064 wires to a netlist network with 320 inputs and 192 outputs.

2.23.1.1. Executing ABC.
Running ABC command: berkeley-abc -s -f <abc-temp-dir>/abc.script 2>&1
ABC: ABC command line: "source <abc-temp-dir>/abc.script".
ABC: 
ABC: + read_blif <abc-temp-dir>/input.blif 
ABC: + read_library <abc-temp-dir>/stdcells.genlib 
ABC: Entered genlib library with 17 gates from file "<abc-temp-dir>/stdcells.genlib".
ABC: + strash 
ABC: + dretime 
ABC: + retime 
ABC: + map 
ABC: + write_blif <abc-temp-dir>/output.blif 

2.23.1.2. Re-integrating ABC results.
ABC RESULTS:               AND cells:      499
ABC RESULTS:            ANDNOT cells:      928
ABC RESULTS:              AOI3 cells:      387
ABC RESULTS:               MUX cells:      190
ABC RESULTS:              NAND cells:      172
ABC RESULTS:               NOR cells:      134
ABC RESULTS:               NOT cells:      347
ABC RESULTS:              OAI3 cells:      124
ABC RESULTS:              OAI4 cells:        2
ABC RESULTS:                OR cells:      165
ABC RESULTS:             ORNOT cells:      103
ABC RESULTS:              XNOR cells:      446
ABC RESULTS:               XOR cells:     1043
ABC RESULTS:        internal signals:     4552
ABC RESULTS:           input signals:      320
ABC RESULTS:          output signals:      192
Removing temp directory.

2.24. Executing OPT pass (performing simple optimizations).

2.24.1. Executing OPT_EXPR pass (perform const folding).
Optimizing module dot_product.
<suppressed ~54 debug messages>

2.24.2. Executing OPT_MERGE pass (detect identical cells).
Finding identical cells in module `\dot_product'.
Removed a total of 0 cells.

2.24.3. Executing OPT_RMDFF pass (remove dff with constant values).

2.24.4. Executing OPT_CLEAN pass (remove unused cells and wires).
Finding unused cells or wires in module \dot_product..
Removed 1 unused cells and 1324 unused wires.
<suppressed ~3 debug messages>

2.24.5. Finished fast OPT passes.

2.25. Executing HIERARCHY pass (managing design hierarchy).

2.25.1. Analyzing design hierarchy..
Top module:  \dot_product

2.25.2. Analyzing design hierarchy..
Top module:  \dot_product
Removed 0 unused modules.

2.26. Printing statistics.

=== dot_product ===

   Number of wires:               4385
   Number of wire bits:           4941
   Number of public wires:          23
   Number of public wire bits:     402
   Number of memories:               0
   Number of memory bits:            0
   Number of processes:              0
   Number of cells:               4731
     $_ANDNOT_                     928
     $_AND_                        499
     $_AOI3_                       387
     $_DFF_P_                      192
     $_MUX_                        190
     $_NAND_                       172
     $_NOR_                        134
     $_NOT_                        346
     $_OAI3_                       124
     $_OAI4_                         2
     $_ORNOT_                      103
     $_OR_                         165
     $_XNOR_                       446
     $_XOR_                       1043

2.27. Executing CHECK pass (checking for obvious problems).
checking module dot_product..
found and reported 0 problems.

3. Executing Verilog backend.
Dumping module `\dot_product'.

Warnings: 1 unique messages, 1 total
End of script. Logfile hash: b8b9f47fa8
CPU: user 1.25s system 0.02s, MEM: 37.57 MB total, 31.05 MB resident
Yosys 0.9 (git sha1 1979e0b)
Time spent: 32% 15x opt_merge (0 sec), 14% 18x opt_clean (0 sec), ...
