OpenROAD 26Q2-339-g0504146ce6 
Features included (+) or not (-): +GPU +GUI +Python
This program is licensed under the BSD-3 license. See the LICENSE file for details.
Components of this program may be licensed under more restrictive licenses which must be honored.
[INFO ORD-0030] Using 4 thread(s).
read_liberty /home/harish_d1121/OpenROAD-flow-scripts/flow/platforms/sky130hd/lib/sky130_fd_sc_hd__tt_025C_1v80.lib
read_db /home/harish_d1121/Spec_to_Tapeout-main/openroad_runs/p7/results/sky130hd/exp_fixed_point/base/3_4_place_resized.odb
read_sdc /home/harish_d1121/Spec_to_Tapeout-main/openroad_runs/p7/results/sky130hd/exp_fixed_point/base/2_floorplan.sdc
source /home/harish_d1121/OpenROAD-flow-scripts/flow/platforms/sky130hd/setRC.tcl
detailed_placement
[INFO DPL-0006] Core area: 24390.89 um^2, Instances area: 5011.06 um^2, Utilization: 20.5%
[INFO DPL-0005] Diamond search max displacement: +/- 500 sites horizontally, +/- 100 rows vertically.
[INFO DPL-1101] Legalizing using diamond search.
Movements Summary
---------------------------------------
Total cells:                     615
Diamond Move Success:            615 (100.00%)
Diamond Move Failure:              0
Rip-up and replace Success:        0 (  0.00% of diamond failures)
Rip-up and replace Failure:        0
Total Placement Failures:          0
---------------------------------------
Placement Analysis
---------------------------------
total displacement        845.4 u
average displacement        0.9 u
max displacement            6.0 u
original HPWL           21541.6 u
legalized HPWL          21971.3 u
delta HPWL                    2 %

improve_placement -max_displacement "5 1"
Detailed placement improvement.
[INFO DPL-0401] Setting random seed to 1.
[INFO DPL-0402] Setting maximum displacement 5 1 to 13600 2720 units.
[INFO DPL-0320] Collected 351 fixed cells.
[INFO DPL-0318] Collected 615 single height cells.
[INFO DPL-0321] Collected 0 wide cells.
[INFO DPL-0322] Image (4140, 5440) - (161460, 160480)
[INFO DPL-0310] Assigned 615 cells into segments.  Movement in X-direction is 0.000000, movement in Y-direction is 0.000000.
[INFO DPL-0313] Found 0 cells in wrong regions.
[INFO DPL-0315] Found 0 row alignment problems.
[INFO DPL-0314] Found 0 site alignment problems.
[INFO DPL-0311] Found 0 overlaps between adjacent cells.
[INFO DPL-0312] Found 0 edge spacing violations and 0 padding violations.
[INFO DPL-0303] Running algorithm for independent set matching.
[INFO DPL-0300] Set matching objective is wirelength.
[INFO DPL-0301] Pass   1 of matching; objective is 2.196728e+07.
[INFO DPL-0302] End of matching; objective is 2.195698e+07, improvement is 0.05 percent.
[INFO DPL-0303] Running algorithm for global swaps.
[INFO DPL-0306] Pass   1 of global swaps; hpwl is 2.112007e+07.
[INFO DPL-0306] Pass   2 of global swaps; hpwl is 2.073606e+07.
[INFO DPL-0306] Pass   3 of global swaps; hpwl is 2.055086e+07.
[INFO DPL-0307] End of global swaps; objective is 2.055086e+07, improvement is 6.40 percent.
[INFO DPL-0303] Running algorithm for vertical swaps.
[INFO DPL-0308] Pass   1 of vertical swaps; hpwl is 2.038727e+07.
[INFO DPL-0309] End of vertical swaps; objective is 2.038727e+07, improvement is 0.80 percent.
[INFO DPL-0303] Running algorithm for reordering.
[INFO DPL-0304] Pass   1 of reordering; objective is 2.037024e+07.
[INFO DPL-0305] End of reordering; objective is 2.037024e+07, improvement is 0.08 percent.
[INFO DPL-0303] Running algorithm for random improvement.
[INFO DPL-0324] Random improver is using random generator.
[INFO DPL-0325] Random improver is using hpwl objective.
[INFO DPL-0326] Random improver cost string is (a).
[INFO DPL-0332] End of pass, Generator random called 12300 times.
[INFO DPL-0335] Generator random, Cumulative attempts 12300, swaps 662, moves  5084 since last reset.
[INFO DPL-0333] End of pass, Objective hpwl, Initial cost 2.037024e+07, Scratch cost 1.964973e+07, Incremental cost 1.964973e+07, Mismatch? N
[INFO DPL-0338] End of pass, Total cost is 1.964973e+07.
[INFO DPL-0327] Pass   1 of random improver; improvement in cost is 3.54 percent.
[INFO DPL-0332] End of pass, Generator random called 12300 times.
[INFO DPL-0335] Generator random, Cumulative attempts 24600, swaps 1262, moves  9945 since last reset.
[INFO DPL-0333] End of pass, Objective hpwl, Initial cost 1.964973e+07, Scratch cost 1.931508e+07, Incremental cost 1.931508e+07, Mismatch? N
[INFO DPL-0338] End of pass, Total cost is 1.931508e+07.
[INFO DPL-0327] Pass   2 of random improver; improvement in cost is 1.70 percent.
[INFO DPL-0332] End of pass, Generator random called 12300 times.
[INFO DPL-0335] Generator random, Cumulative attempts 36900, swaps 1872, moves 14646 since last reset.
[INFO DPL-0333] End of pass, Objective hpwl, Initial cost 1.931508e+07, Scratch cost 1.910616e+07, Incremental cost 1.910616e+07, Mismatch? N
[INFO DPL-0338] End of pass, Total cost is 1.910616e+07.
[INFO DPL-0327] Pass   3 of random improver; improvement in cost is 1.08 percent.
[INFO DPL-0332] End of pass, Generator random called 12300 times.
[INFO DPL-0335] Generator random, Cumulative attempts 49200, swaps 2418, moves 19243 since last reset.
[INFO DPL-0333] End of pass, Objective hpwl, Initial cost 1.910616e+07, Scratch cost 1.897146e+07, Incremental cost 1.897146e+07, Mismatch? N
[INFO DPL-0338] End of pass, Total cost is 1.897146e+07.
[INFO DPL-0327] Pass   4 of random improver; improvement in cost is 0.71 percent.
[INFO DPL-0328] End of random improver; improvement is 6.866792 percent.
[INFO DPL-0380] Cell flipping.
[INFO DPL-0382] Changed 0 cell orientations for row compatibility.
[INFO DPL-0383] Performed 179 cell flips.
[INFO DPL-0384] End of flipping; objective is 1.870271e+07, improvement is 1.42 percent.
[INFO DPL-0313] Found 0 cells in wrong regions.
[INFO DPL-0315] Found 0 row alignment problems.
[INFO DPL-0314] Found 0 site alignment problems.
[INFO DPL-0311] Found 0 overlaps between adjacent cells.
[INFO DPL-0312] Found 0 edge spacing violations and 0 padding violations.
Detailed Improvement Results
------------------------------------------
Original HPWL            21971.3 u (   10991.7,    10979.6)
Final HPWL               18705.6 u (    8613.5,    10092.1)
Delta HPWL                 -14.9 % (     -21.6,       -8.1)

optimize_mirroring
[INFO DPL-0020] Mirrored 47 instances
[INFO DPL-0021] HPWL before           18705.6 u
[INFO DPL-0022] HPWL after            18701.4 u
[INFO DPL-0023] HPWL delta               -0.0 %
[INFO FLW-0012] Placement violations .
estimate_parasitics -placement
Report metrics stage 3, detailed place...

==========================================================================
detailed place report_design_area
--------------------------------------------------------------------------
Design area 5011 um^2 21% utilization.
write_db /home/harish_d1121/Spec_to_Tapeout-main/openroad_runs/p7/results/sky130hd/exp_fixed_point/base/3_5_place_dp.odb
Elapsed time: 0:00.89[h:]min:sec. CPU time: user 0.83 sys 0.12 (106%). Peak memory: 227332KB.
Log                        Elapsed/s Peak Memory/MB  sha1sum .odb [0:20)
3_5_place_dp                       0            222 a800e9faf66905085c51
