
==========================================================================
floorplan final report_tns
--------------------------------------------------------------------------
tns max 0.00

==========================================================================
floorplan final report_wns
--------------------------------------------------------------------------
wns max 0.00

==========================================================================
floorplan final report_worst_slack
--------------------------------------------------------------------------
worst slack max INF

==========================================================================
floorplan final report_clock_min_period
--------------------------------------------------------------------------

==========================================================================
floorplan final report_checks -path_delay min
--------------------------------------------------------------------------
No paths found.

==========================================================================
floorplan final report_checks -path_delay max
--------------------------------------------------------------------------
No paths found.

==========================================================================
floorplan final report_checks -unconstrained
--------------------------------------------------------------------------
Startpoint: prev_sig$_DFF_P_ (rising edge-triggered flip-flop)
Endpoint: pulse$_DFF_P_ (rising edge-triggered flip-flop)
Path Group: unconstrained
Path Type: max

Fanout     Cap    Slew   Delay    Time   Description
-----------------------------------------------------------------------------
                  0.00    0.00    0.00 ^ prev_sig$_DFF_P_/CLK (sky130_fd_sc_hd__dfxtp_1)
     1    0.00    0.03    0.28    0.28 v prev_sig$_DFF_P_/Q (sky130_fd_sc_hd__dfxtp_1)
                                         prev_sig (net)
                  0.03    0.00    0.28 v _3_/A (sky130_fd_sc_hd__nor3b_2)
     1    0.00    0.10    0.14    0.42 ^ _3_/Y (sky130_fd_sc_hd__nor3b_2)
                                         _1_ (net)
                  0.10    0.00    0.42 ^ pulse$_DFF_P_/D (sky130_fd_sc_hd__dfxtp_1)
                                  0.42   data arrival time
-----------------------------------------------------------------------------
(Path is unconstrained)



==========================================================================
floorplan final report_power
--------------------------------------------------------------------------
Group                  Internal  Switching    Leakage      Total
                          Power      Power      Power      Power (Watts)
----------------------------------------------------------------
Sequential             5.80e-06   2.80e-07   1.66e-11   6.08e-06  64.9%
Combinational          2.78e-06   5.02e-07   5.84e-12   3.28e-06  35.1%
Clock                  0.00e+00   0.00e+00   0.00e+00   0.00e+00   0.0%
Macro                  0.00e+00   0.00e+00   0.00e+00   0.00e+00   0.0%
Pad                    0.00e+00   0.00e+00   0.00e+00   0.00e+00   0.0%
----------------------------------------------------------------
Total                  8.58e-06   7.82e-07   2.25e-11   9.36e-06 100.0%
                          91.6%       8.4%       0.0%
