
==========================================================================
global route report_tns
--------------------------------------------------------------------------
tns max 0.00

==========================================================================
global route report_wns
--------------------------------------------------------------------------
wns max 0.00

==========================================================================
global route report_worst_slack
--------------------------------------------------------------------------
worst slack max INF

==========================================================================
global route report_clock_min_period
--------------------------------------------------------------------------

==========================================================================
global route report_clock_skew
--------------------------------------------------------------------------

==========================================================================
global route report_checks -path_delay min
--------------------------------------------------------------------------
No paths found.

==========================================================================
global route report_checks -path_delay max
--------------------------------------------------------------------------
No paths found.

==========================================================================
global route report_checks -unconstrained
--------------------------------------------------------------------------
Startpoint: pulse$_DFF_P_ (rising edge-triggered flip-flop)
Endpoint: pulse (output port)
Path Group: unconstrained
Path Type: max

Fanout     Cap    Slew   Delay    Time   Description
-----------------------------------------------------------------------------
                  0.09    0.00    0.00 ^ pulse$_DFF_P_/CLK (sky130_fd_sc_hd__dfxtp_1)
     1    0.00    0.06    0.33    0.33 ^ pulse$_DFF_P_/Q (sky130_fd_sc_hd__dfxtp_1)
                                         net4 (net)
                  0.06    0.00    0.33 ^ output4/A (sky130_fd_sc_hd__clkdlybuf4s50_1)
     1    0.00    0.04    0.46    0.79 ^ output4/X (sky130_fd_sc_hd__clkdlybuf4s50_1)
                                         pulse (net)
                  0.04    0.00    0.79 ^ pulse (out)
                                  0.79   data arrival time
-----------------------------------------------------------------------------
(Path is unconstrained)



==========================================================================
global route report_check_types -max_slew -max_cap -max_fanout -violators
--------------------------------------------------------------------------

==========================================================================
global route max_slew_check_slack
--------------------------------------------------------------------------
1.368869662284851

==========================================================================
global route max_slew_check_limit
--------------------------------------------------------------------------
1.4934560060501099

==========================================================================
global route max_slew_check_slack_limit
--------------------------------------------------------------------------
0.9166

==========================================================================
global route max_fanout_check_slack
--------------------------------------------------------------------------
1.0000000150474662e+30

==========================================================================
global route max_fanout_check_limit
--------------------------------------------------------------------------
1.0000000150474662e+30

==========================================================================
global route max_capacitance_check_slack
--------------------------------------------------------------------------
0.07969691604375839

==========================================================================
global route max_capacitance_check_limit
--------------------------------------------------------------------------
0.08240699768066406

==========================================================================
global route max_capacitance_check_slack_limit
--------------------------------------------------------------------------
0.9671

==========================================================================
global route max_slew_violation_count
--------------------------------------------------------------------------
max slew violation count 0

==========================================================================
global route max_fanout_violation_count
--------------------------------------------------------------------------
max fanout violation count 0

==========================================================================
global route max_cap_violation_count
--------------------------------------------------------------------------
max cap violation count 0

==========================================================================
global route setup_violation_count
--------------------------------------------------------------------------
setup violation count 0

==========================================================================
global route hold_violation_count
--------------------------------------------------------------------------
hold violation count 0

==========================================================================
global route report_checks -path_delay max reg to reg
--------------------------------------------------------------------------
No paths found.

==========================================================================
global route report_checks -path_delay min reg to reg
--------------------------------------------------------------------------
No paths found.

==========================================================================
global route critical path target clock latency max path
--------------------------------------------------------------------------
0

==========================================================================
global route critical path target clock latency min path
--------------------------------------------------------------------------
0

==========================================================================
global route critical path source clock latency min path
--------------------------------------------------------------------------
0

==========================================================================
global route critical path delay
--------------------------------------------------------------------------
-1

==========================================================================
global route critical path slack
--------------------------------------------------------------------------
0

==========================================================================
global route slack div critical path delay
--------------------------------------------------------------------------
0.000000

==========================================================================
global route report_power
--------------------------------------------------------------------------
Group                  Internal  Switching    Leakage      Total
                          Power      Power      Power      Power (Watts)
----------------------------------------------------------------
Sequential             5.73e-06   5.80e-07   1.66e-11   6.31e-06  24.8%
Combinational          1.40e-05   5.12e-06   2.12e-11   1.91e-05  75.2%
Clock                  0.00e+00   0.00e+00   0.00e+00   0.00e+00   0.0%
Macro                  0.00e+00   0.00e+00   0.00e+00   0.00e+00   0.0%
Pad                    0.00e+00   0.00e+00   0.00e+00   0.00e+00   0.0%
----------------------------------------------------------------
Total                  1.97e-05   5.70e-06   3.78e-11   2.54e-05 100.0%
                          77.6%      22.4%       0.0%
