#! /usr/bin/vvp
:ivl_version "11.0 (stable)";
:ivl_delay_selection "TYPICAL";
:vpi_time_precision - 12;
:vpi_module "/usr/lib/x86_64-linux-gnu/ivl/system.vpi";
:vpi_module "/usr/lib/x86_64-linux-gnu/ivl/vhdl_sys.vpi";
:vpi_module "/usr/lib/x86_64-linux-gnu/ivl/vhdl_textio.vpi";
:vpi_module "/usr/lib/x86_64-linux-gnu/ivl/v2005_math.vpi";
:vpi_module "/usr/lib/x86_64-linux-gnu/ivl/va_math.vpi";
:vpi_module "/usr/lib/x86_64-linux-gnu/ivl/v2009.vpi";
S_0x57d626723f50 .scope package, "$unit" "$unit" 2 1;
 .timescale 0 0;
S_0x57d6267240e0 .scope module, "tb" "tb" 3 3;
 .timescale -9 -12;
v0x57d62675f930_0 .var "clk", 0 0;
v0x57d62675f9f0_0 .var "data_in", 3 0;
v0x57d62675fa90_0 .net "data_out", 3 0, v0x57d62675f3d0_0;  1 drivers
v0x57d62675fb30_0 .var "load", 0 0;
v0x57d62675fbd0_0 .var "rst", 0 0;
v0x57d62675fc70_0 .var "serial_in", 0 0;
v0x57d62675fd40_0 .var "shift_en", 0 0;
S_0x57d626724270 .scope task, "check_data_out" "check_data_out" 3 24, 3 24 0, S_0x57d6267240e0;
 .timescale -9 -12;
v0x57d62672b990_0 .var "expected", 3 0;
v0x57d62672c720_0 .var "label", 127 0;
TD_tb.check_data_out ;
    %delay 1000, 0;
    %load/vec4 v0x57d62675fa90_0;
    %load/vec4 v0x57d62672b990_0;
    %cmp/ne;
    %jmp/0xz  T_0.0, 6;
    %vpi_call/w 3 30 "$display", "FAIL: %0s expected=%b got=%b time=%0t", v0x57d62672c720_0, v0x57d62672b990_0, v0x57d62675fa90_0, $time {0 0 0};
    %vpi_call/w 3 31 "$fatal", 32'sb00000000000000000000000000000001 {0 0 0};
T_0.0 ;
    %end;
S_0x57d62674d750 .scope module, "dut" "shift_register_4bit" 3 12, 4 5 0, S_0x57d6267240e0;
 .timescale 0 0;
    .port_info 0 /INPUT 1 "clk";
    .port_info 1 /INPUT 1 "rst";
    .port_info 2 /INPUT 1 "load";
    .port_info 3 /INPUT 1 "shift_en";
    .port_info 4 /INPUT 1 "serial_in";
    .port_info 5 /INPUT 4 "data_in";
    .port_info 6 /OUTPUT 4 "data_out";
L_0x57d62672b830 .functor NOT 1, v0x57d62675fbd0_0, C4<0>, C4<0>, C4<0>;
L_0x57d62672c5c0 .functor AND 1, L_0x57d6267601b0, L_0x57d62672b830, C4<1>, C4<1>;
L_0x57d62672d5c0 .functor NOT 1, v0x57d62675fbd0_0, C4<0>, C4<0>, C4<0>;
L_0x57d62672de30 .functor AND 1, L_0x57d6267607c0, L_0x57d62672d5c0, C4<1>, C4<1>;
L_0x57d626760c10 .functor NOT 1, v0x57d62675fbd0_0, C4<0>, C4<0>, C4<0>;
L_0x57d626718ee0 .functor AND 1, L_0x57d626760db0, L_0x57d626760c10, C4<1>, C4<1>;
L_0x57d626719ab0 .functor NOT 1, v0x57d62675fbd0_0, C4<0>, C4<0>, C4<0>;
L_0x57d62671a340 .functor AND 1, L_0x57d6267614d0, L_0x57d626719ab0, C4<1>, C4<1>;
v0x57d62672d720_0 .net "_00_", 3 0, L_0x57d626761610;  1 drivers
v0x57d62672df30_0 .net "_01_", 0 0, L_0x57d62675ff30;  1 drivers
v0x57d626714380_0 .net "_02_", 0 0, L_0x57d6267601b0;  1 drivers
v0x57d626712260_0 .net "_03_", 0 0, L_0x57d6267605e0;  1 drivers
v0x57d62671a4e0_0 .net "_04_", 0 0, L_0x57d6267607c0;  1 drivers
v0x57d62675de50_0 .net "_05_", 0 0, L_0x57d626760b70;  1 drivers
v0x57d62675df10_0 .net "_06_", 0 0, L_0x57d626760db0;  1 drivers
v0x57d62675dfd0_0 .net "_07_", 0 0, L_0x57d626761250;  1 drivers
v0x57d62675e090_0 .net "_08_", 0 0, L_0x57d6267614d0;  1 drivers
v0x57d62675e150_0 .net *"_ivl_1", 0 0, L_0x57d62675fe10;  1 drivers
v0x57d62675e230_0 .net *"_ivl_10", 0 0, L_0x57d62672b830;  1 drivers
v0x57d62675e310_0 .net *"_ivl_12", 0 0, L_0x57d62672c5c0;  1 drivers
v0x57d62675e3f0_0 .net *"_ivl_15", 0 0, L_0x57d626760460;  1 drivers
v0x57d62675e4d0_0 .net *"_ivl_17", 0 0, L_0x57d626760500;  1 drivers
v0x57d62675e5b0_0 .net *"_ivl_21", 0 0, L_0x57d6267606d0;  1 drivers
v0x57d62675e690_0 .net *"_ivl_26", 0 0, L_0x57d62672d5c0;  1 drivers
v0x57d62675e770_0 .net *"_ivl_28", 0 0, L_0x57d62672de30;  1 drivers
v0x57d62675e850_0 .net *"_ivl_31", 0 0, L_0x57d6267609d0;  1 drivers
v0x57d62675e930_0 .net *"_ivl_33", 0 0, L_0x57d626760ad0;  1 drivers
v0x57d62675ea10_0 .net *"_ivl_37", 0 0, L_0x57d626760c80;  1 drivers
v0x57d62675eaf0_0 .net *"_ivl_42", 0 0, L_0x57d626760c10;  1 drivers
v0x57d62675ebd0_0 .net *"_ivl_44", 0 0, L_0x57d626718ee0;  1 drivers
v0x57d62675ecb0_0 .net *"_ivl_47", 0 0, L_0x57d626761080;  1 drivers
v0x57d62675ed90_0 .net *"_ivl_49", 0 0, L_0x57d626761120;  1 drivers
v0x57d62675ee70_0 .net *"_ivl_5", 0 0, L_0x57d6267600c0;  1 drivers
v0x57d62675ef50_0 .net *"_ivl_53", 0 0, L_0x57d626761390;  1 drivers
v0x57d62675f030_0 .net *"_ivl_59", 0 0, L_0x57d626719ab0;  1 drivers
v0x57d62675f110_0 .net *"_ivl_61", 0 0, L_0x57d62671a340;  1 drivers
v0x57d62675f1f0_0 .net "clk", 0 0, v0x57d62675f930_0;  1 drivers
v0x57d62675f2d0_0 .net "data_in", 3 0, v0x57d62675f9f0_0;  1 drivers
v0x57d62675f3d0_0 .var "data_out", 3 0;
v0x57d62675f4d0_0 .net "load", 0 0, v0x57d62675fb30_0;  1 drivers
v0x57d62675f5b0_0 .net "rst", 0 0, v0x57d62675fbd0_0;  1 drivers
v0x57d62675f690_0 .net "serial_in", 0 0, v0x57d62675fc70_0;  1 drivers
v0x57d62675f770_0 .net "shift_en", 0 0, v0x57d62675fd40_0;  1 drivers
E_0x57d6266e4800 .event posedge, v0x57d62675f1f0_0;
L_0x57d62675fe10 .part v0x57d62675f3d0_0, 0, 1;
L_0x57d62675ff30 .functor MUXZ 1, L_0x57d62675fe10, v0x57d62675fc70_0, v0x57d62675fd40_0, C4<>;
L_0x57d6267600c0 .part v0x57d62675f9f0_0, 0, 1;
L_0x57d6267601b0 .functor MUXZ 1, L_0x57d62675ff30, L_0x57d6267600c0, v0x57d62675fb30_0, C4<>;
L_0x57d626760460 .part v0x57d62675f3d0_0, 0, 1;
L_0x57d626760500 .part v0x57d62675f3d0_0, 1, 1;
L_0x57d6267605e0 .functor MUXZ 1, L_0x57d626760500, L_0x57d626760460, v0x57d62675fd40_0, C4<>;
L_0x57d6267606d0 .part v0x57d62675f9f0_0, 1, 1;
L_0x57d6267607c0 .functor MUXZ 1, L_0x57d6267605e0, L_0x57d6267606d0, v0x57d62675fb30_0, C4<>;
L_0x57d6267609d0 .part v0x57d62675f3d0_0, 1, 1;
L_0x57d626760ad0 .part v0x57d62675f3d0_0, 2, 1;
L_0x57d626760b70 .functor MUXZ 1, L_0x57d626760ad0, L_0x57d6267609d0, v0x57d62675fd40_0, C4<>;
L_0x57d626760c80 .part v0x57d62675f9f0_0, 2, 1;
L_0x57d626760db0 .functor MUXZ 1, L_0x57d626760b70, L_0x57d626760c80, v0x57d62675fb30_0, C4<>;
L_0x57d626761080 .part v0x57d62675f3d0_0, 2, 1;
L_0x57d626761120 .part v0x57d62675f3d0_0, 3, 1;
L_0x57d626761250 .functor MUXZ 1, L_0x57d626761120, L_0x57d626761080, v0x57d62675fd40_0, C4<>;
L_0x57d626761390 .part v0x57d62675f9f0_0, 3, 1;
L_0x57d6267614d0 .functor MUXZ 1, L_0x57d626761250, L_0x57d626761390, v0x57d62675fb30_0, C4<>;
L_0x57d626761610 .concat8 [ 1 1 1 1], L_0x57d62672c5c0, L_0x57d62672de30, L_0x57d626718ee0, L_0x57d62671a340;
    .scope S_0x57d62674d750;
T_1 ;
    %wait E_0x57d6266e4800;
    %load/vec4 v0x57d62672d720_0;
    %parti/s 1, 0, 2;
    %ix/load 4, 0, 0;
    %ix/load 5, 0, 0;
    %flag_set/imm 4, 0;
    %assign/vec4/off/d v0x57d62675f3d0_0, 4, 5;
    %jmp T_1;
    .thread T_1;
    .scope S_0x57d62674d750;
T_2 ;
    %wait E_0x57d6266e4800;
    %load/vec4 v0x57d62672d720_0;
    %parti/s 1, 1, 2;
    %ix/load 4, 1, 0;
    %ix/load 5, 0, 0;
    %flag_set/imm 4, 0;
    %assign/vec4/off/d v0x57d62675f3d0_0, 4, 5;
    %jmp T_2;
    .thread T_2;
    .scope S_0x57d62674d750;
T_3 ;
    %wait E_0x57d6266e4800;
    %load/vec4 v0x57d62672d720_0;
    %parti/s 1, 2, 3;
    %ix/load 4, 2, 0;
    %ix/load 5, 0, 0;
    %flag_set/imm 4, 0;
    %assign/vec4/off/d v0x57d62675f3d0_0, 4, 5;
    %jmp T_3;
    .thread T_3;
    .scope S_0x57d62674d750;
T_4 ;
    %wait E_0x57d6266e4800;
    %load/vec4 v0x57d62672d720_0;
    %parti/s 1, 3, 3;
    %ix/load 4, 3, 0;
    %ix/load 5, 0, 0;
    %flag_set/imm 4, 0;
    %assign/vec4/off/d v0x57d62675f3d0_0, 4, 5;
    %jmp T_4;
    .thread T_4;
    .scope S_0x57d6267240e0;
T_5 ;
    %delay 5000, 0;
    %load/vec4 v0x57d62675f930_0;
    %inv;
    %store/vec4 v0x57d62675f930_0, 0, 1;
    %jmp T_5;
    .thread T_5;
    .scope S_0x57d6267240e0;
T_6 ;
    %pushi/vec4 0, 0, 1;
    %store/vec4 v0x57d62675f930_0, 0, 1;
    %pushi/vec4 0, 0, 1;
    %store/vec4 v0x57d62675fbd0_0, 0, 1;
    %pushi/vec4 0, 0, 1;
    %store/vec4 v0x57d62675fb30_0, 0, 1;
    %pushi/vec4 0, 0, 1;
    %store/vec4 v0x57d62675fd40_0, 0, 1;
    %pushi/vec4 0, 0, 1;
    %store/vec4 v0x57d62675fc70_0, 0, 1;
    %pushi/vec4 0, 0, 4;
    %store/vec4 v0x57d62675f9f0_0, 0, 4;
    %pushi/vec4 1, 0, 1;
    %store/vec4 v0x57d62675fbd0_0, 0, 1;
    %wait E_0x57d6266e4800;
    %pushi/vec4 0, 0, 4;
    %store/vec4 v0x57d62672b990_0, 0, 4;
    %pushi/vec4 2173546901, 0, 34;
    %concati/vec4 2244594817, 0, 32;
    %concati/vec4 3382025637, 0, 32;
    %concati/vec4 863266162, 0, 30;
    %store/vec4 v0x57d62672c720_0, 0, 128;
    %fork TD_tb.check_data_out, S_0x57d626724270;
    %join;
    %pushi/vec4 0, 0, 1;
    %store/vec4 v0x57d62675fbd0_0, 0, 1;
    %pushi/vec4 1, 0, 1;
    %store/vec4 v0x57d62675fb30_0, 0, 1;
    %pushi/vec4 10, 0, 4;
    %store/vec4 v0x57d62675f9f0_0, 0, 4;
    %wait E_0x57d6266e4800;
    %pushi/vec4 10, 0, 4;
    %store/vec4 v0x57d62672b990_0, 0, 4;
    %pushi/vec4 3359698660, 0, 33;
    %concati/vec4 3538471654, 0, 32;
    %concati/vec4 2173797841, 0, 33;
    %concati/vec4 559901038, 0, 30;
    %store/vec4 v0x57d62672c720_0, 0, 128;
    %fork TD_tb.check_data_out, S_0x57d626724270;
    %join;
    %pushi/vec4 1, 0, 1;
    %store/vec4 v0x57d62675fd40_0, 0, 1;
    %pushi/vec4 1, 0, 1;
    %store/vec4 v0x57d62675fc70_0, 0, 1;
    %wait E_0x57d6266e4800;
    %pushi/vec4 10, 0, 4;
    %store/vec4 v0x57d62672b990_0, 0, 4;
    %pushi/vec4 3739538152, 0, 33;
    %concati/vec4 4064337644, 0, 32;
    %concati/vec4 3403956454, 0, 32;
    %concati/vec4 1751737972, 0, 31;
    %store/vec4 v0x57d62672c720_0, 0, 128;
    %fork TD_tb.check_data_out, S_0x57d626724270;
    %join;
    %pushi/vec4 0, 0, 1;
    %store/vec4 v0x57d62675fb30_0, 0, 1;
    %pushi/vec4 0, 0, 1;
    %store/vec4 v0x57d62675fc70_0, 0, 1;
    %wait E_0x57d6266e4800;
    %pushi/vec4 4, 0, 4;
    %store/vec4 v0x57d62672b990_0, 0, 4;
    %pushi/vec4 3863004370, 0, 33;
    %concati/vec4 3907403974, 0, 32;
    %concati/vec4 3739542730, 0, 32;
    %concati/vec4 1668574329, 0, 31;
    %store/vec4 v0x57d62672c720_0, 0, 128;
    %fork TD_tb.check_data_out, S_0x57d626724270;
    %join;
    %pushi/vec4 0, 0, 1;
    %store/vec4 v0x57d62675fd40_0, 0, 1;
    %wait E_0x57d6266e4800;
    %pushi/vec4 4, 0, 4;
    %store/vec4 v0x57d62672b990_0, 0, 4;
    %pushi/vec4 104, 0, 32; draw_string_vec4
    %pushi/vec4 1869374496, 0, 32; draw_string_vec4
    %concat/vec4; draw_string_vec4
    %pushi/vec4 1650813025, 0, 32; draw_string_vec4
    %concat/vec4; draw_string_vec4
    %pushi/vec4 1986621298, 0, 32; draw_string_vec4
    %concat/vec4; draw_string_vec4
    %store/vec4 v0x57d62672c720_0, 0, 128;
    %fork TD_tb.check_data_out, S_0x57d626724270;
    %join;
    %vpi_call/w 3 68 "$display", "TEST PASSED" {0 0 0};
    %vpi_call/w 3 69 "$finish" {0 0 0};
    %end;
    .thread T_6;
# The file index is used to find the file name in the following table.
:file_names 5;
    "N/A";
    "<interactive>";
    "-";
    "/home/harish_d1121/Spec_to_Tapeout-main/output/p2/tb_candidate.v";
    "/home/harish_d1121/Spec_to_Tapeout-main/output/p2/Synthesis/design_syn.v";
