OpenROAD 26Q2-339-g0504146ce6 
Features included (+) or not (-): +GPU +GUI +Python
This program is licensed under the BSD-3 license. See the LICENSE file for details.
Components of this program may be licensed under more restrictive licenses which must be honored.
[INFO ORD-0030] Using 4 thread(s).
read_liberty /home/harish_d1121/OpenROAD-flow-scripts/flow/platforms/sky130hd/lib/sky130_fd_sc_hd__tt_025C_1v80.lib
read_db ./results/sky130hd/seq_detector_0011/base/3_2_place_iop.odb
read_sdc ./results/sky130hd/seq_detector_0011/base/2_floorplan.sdc
source /home/harish_d1121/OpenROAD-flow-scripts/flow/platforms/sky130hd/setRC.tcl
[INFO RSZ-0026] Removed 0 buffers.
Perform port buffering...
[INFO RSZ-0027] Inserted 2 sky130_fd_sc_hd__clkdlybuf4s50_1 input buffers.
[INFO RSZ-0028] Inserted 1 sky130_fd_sc_hd__clkdlybuf4s50_1 output buffers.
global_placement -density 0.6 -pad_left 0 -pad_right 0 -routability_driven -timing_driven -force_center_initial_place -min_phi_coef 0.95 -max_phi_coef 1.05
[INFO GPL-0001] ---- Initialize GPL Main Data Structures
[INFO GPL-0002] DBU: 1000
[INFO GPL-0003] SiteSize: (  0.460  2.720 ) um
[INFO GPL-0004] CoreBBox: ( 10.120 10.880 ) ( 189.980 187.680 ) um
[INFO GPL-0036] Movable instances area:        175.168 um^2
[INFO GPL-0037] Total instances area:          719.440 um^2
[INFO GPL-0035] Pin density area adjust:        10.060 um^2
[INFO GPL-0032] ---- Initialize Region: Top-level
[INFO GPL-0006] Number of instances:               449
[INFO GPL-0007] Movable instances:                  14
[INFO GPL-0008] Fixed instances:                   435
[INFO GPL-0009] Dummy instances:                     0
[INFO GPL-0010] Number of nets:                     17
[INFO GPL-0011] Number of pins:                     44
[INFO GPL-0012] Die BBox:  (  0.000  0.000 ) ( 200.000 200.000 ) um
[INFO GPL-0013] Core BBox: ( 10.120 10.880 ) ( 189.980 187.680 ) um
[INFO GPL-0016] Core area:                   31799.248 um^2
[INFO GPL-0014] Region name: top-level.
[INFO GPL-0015] Region area:                 31799.248 um^2
[INFO GPL-0017] Fixed instances area:          544.272 um^2
[INFO GPL-0018] Movable instances area:        185.228 um^2
[INFO GPL-0019] Utilization:                     0.593 %
[INFO GPL-0020] Standard cells area:           185.228 um^2
[INFO GPL-0021] Large instances area:            0.000 um^2
[INFO GPL-0005] ---- Execute Conjugate Gradient Initial Placement.
[INFO GPL-0051] Source of initial instance position counters:
	Odb location = 0	Core center = 14	Region center = 0
[InitialPlace]  Iter: 1 conjugate gradient residual: 0.00000006 HPWL: 582795
[InitialPlace]  Iter: 2 conjugate gradient residual: 0.00000008 HPWL: 444496
[InitialPlace]  Iter: 3 conjugate gradient residual: 0.00000003 HPWL: 391962
[InitialPlace]  Iter: 4 conjugate gradient residual: 0.00000011 HPWL: 371393
[InitialPlace]  Iter: 5 conjugate gradient residual: 0.00000003 HPWL: 366846
[INFO GPL-0033] ---- Initialize Nesterov Region: Top-level
[INFO GPL-0023] Placement target density:       0.6000
[INFO GPL-0024] Movable insts average area:     13.231 um^2
[INFO GPL-0025] Ideal bin area:                 22.051 um^2
[INFO GPL-0026] Ideal bin count:                  1442
[INFO GPL-0027] Total bin area:              31799.248 um^2
[INFO GPL-0028] Bin count (X, Y):          32 ,     32
[INFO GPL-0029] Bin size (W * H):       5.621 *  5.525 um
[INFO GPL-0030] Number of bins:                   1024
[INFO GPL-0007] ---- Execute Nesterov Global Placement.
[INFO GPL-0031] HPWL: Half-Perimeter Wirelength
Iteration | Overflow |     HPWL (um) |  HPWL(%) |   Penalty | Group
---------------------------------------------------------------
        0 |   0.4810 |  2.525420e+02 |   +0.00% |  2.03e-14 |      
[INFO GPL-0100] Timing-driven iteration 1/2, virtual: false.
[INFO GPL-0101]    Iter: 1, overflow: 0.481, keep resizer changes at: 1, HPWL: 252542
Iteration |   Area    | Resized | Buffers | Nets repaired | Remaining
---------------------------------------------------------------------
        0 |     +0.0% |       0 |       0 |             0 |        17
    final |     +0.0% |       0 |       0 |             0 |         0
---------------------------------------------------------------------
   Iter   |    Area   | Removed | Inserted |   Pins
          |           | Buffers | Buffers  | Remaining
-------------------------------------------------------
        0 |     +0.0% |       0 |        0 |        14
        1 |     +0.0% |       0 |        0 |        13
        2 |     +0.0% |       0 |        0 |        12
        3 |     +0.0% |       0 |        0 |        11
        4 |     +0.0% |       0 |        0 |        10
        5 |     +0.0% |       0 |        0 |         9
        6 |     +0.0% |       0 |        0 |         8
        7 |     +0.0% |       0 |        0 |         7
        8 |     +0.0% |       0 |        0 |         6
        9 |     +0.0% |       0 |        0 |         5
       10 |     +0.0% |       0 |        0 |         4
       11 |     +0.0% |       0 |        0 |         3
       12 |     +0.0% |       0 |        0 |         2
       13 |     +0.0% |       0 |        0 |         1
    final |     +0.0% |       0 |        0 |         0
-------------------------------------------------------
[INFO GPL-0106] Timing-driven: worst slack 1.5840046e-10
[INFO GPL-0107] Timing-driven: repair_design delta area: 0.000 um^2 (+0.00%)
[INFO GPL-0108] Timing-driven: repair_design, gpl delta gcells: 0 (+0.00%)
[INFO GPL-0109] Timing-driven: repair_design, gcells created: 0, deleted: 0
[INFO GPL-0110] Timing-driven: new target density: 0.6
[INFO GPL-0038] Routability snapshot saved at iter = 1
        0 |   0.4810 |  2.525420e+02 |          |           |      
Iteration | Overflow |     HPWL (um) |  HPWL(%) |   Penalty | Group
---------------------------------------------------------------
       10 |   0.3843 |  2.502110e+02 |   -0.92% |  3.30e-14 |      
       20 |   0.3705 |  2.507270e+02 |   +0.21% |  5.38e-14 |      
       30 |   0.3660 |  2.508900e+02 |   +0.07% |  8.76e-14 |      
       40 |   0.3690 |  2.508070e+02 |   -0.03% |  1.43e-13 |      
       50 |   0.3726 |  2.507400e+02 |   -0.03% |  2.32e-13 |      
       60 |   0.3714 |  2.507730e+02 |   +0.01% |  3.78e-13 |      
       70 |   0.3696 |  2.508090e+02 |   +0.01% |  6.17e-13 |      
       80 |   0.3697 |  2.508040e+02 |   -0.00% |  1.00e-12 |      
       90 |   0.3708 |  2.507800e+02 |   -0.01% |  1.64e-12 |      
      100 |   0.3711 |  2.507730e+02 |   -0.00% |  2.66e-12 |      
      110 |   0.3704 |  2.507840e+02 |   +0.00% |  4.34e-12 |      
      120 |   0.3700 |  2.507770e+02 |   -0.00% |  7.07e-12 |      
      130 |   0.3704 |  2.507540e+02 |   -0.01% |  1.15e-11 |      
      140 |   0.3707 |  2.507220e+02 |   -0.01% |  1.88e-11 |      
      150 |   0.3705 |  2.506790e+02 |   -0.02% |  3.06e-11 |      
      160 |   0.3701 |  2.506890e+02 |   +0.00% |  4.98e-11 |      
      170 |   0.3701 |  2.507020e+02 |   +0.01% |  8.11e-11 |      
      180 |   0.3702 |  2.513780e+02 |   +0.27% |  1.32e-10 |      
      190 |   0.3700 |  2.532080e+02 |   +0.73% |  2.15e-10 |      
      200 |   0.3695 |  2.557370e+02 |   +1.00% |  3.50e-10 |      
      210 |   0.3692 |  2.579960e+02 |   +0.88% |  5.71e-10 |      
      220 |   0.3688 |  2.580970e+02 |   +0.04% |  9.30e-10 |      
      230 |   0.3681 |  2.536400e+02 |   -1.73% |  1.51e-09 |      
      240 |   0.3672 |  2.547450e+02 |   +0.44% |  2.47e-09 |      
      250 |   0.3643 |  2.574000e+02 |   +1.04% |  4.02e-09 |      
      260 |   0.3716 |  2.549690e+02 |   -0.94% |  6.54e-09 |      
      270 |   0.3483 |  2.537550e+02 |   -0.48% |  1.07e-08 |      
      280 |   0.3379 |  2.536450e+02 |   -0.04% |  1.59e-08 |      
      290 |   0.3418 |  2.533480e+02 |   -0.12% |  2.34e-08 |      
      300 |   0.3300 |  2.545100e+02 |   +0.46% |  3.44e-08 |      
      310 |   0.3207 |  2.555680e+02 |   +0.42% |  5.07e-08 |      
      320 |   0.3089 |  2.555900e+02 |   +0.01% |  7.47e-08 |      
[INFO GPL-0040] Routability iteration: 1
[INFO GPL-0041] Total routing overflow: 0.0000
[INFO GPL-0042] Number of overflowed tiles: 0 (0.00%)
[INFO GPL-0043] Average top 0.5% routing congestion: 0.5601
[INFO GPL-0044] Average top 1.0% routing congestion: 0.5179
[INFO GPL-0045] Average top 2.0% routing congestion: 0.4870
[INFO GPL-0046] Average top 5.0% routing congestion: 0.4675
[INFO GPL-0047] Routability iteration weighted routing congestion: 0.5390
[INFO GPL-0050] Weighted routing congestion is lower than target routing congestion(1.0100), end routability optimization.
[INFO GPL-0090] Routability finished. Target routing congestion achieved succesfully.
Iteration | Overflow |     HPWL (um) |  HPWL(%) |   Penalty | Group
---------------------------------------------------------------
      330 |   0.2976 |  2.593160e+02 |   +1.46% |  1.10e-07 |      
      340 |   0.2686 |  2.643320e+02 |   +1.93% |  1.62e-07 |      
      350 |   0.2390 |  2.646880e+02 |   +0.13% |  2.39e-07 |      
      360 |   0.2165 |  2.709330e+02 |   +2.36% |  3.52e-07 |      
[INFO GPL-0100] Timing-driven iteration 2/2, virtual: false.
[INFO GPL-0101]    Iter: 366, overflow: 0.194, keep resizer changes at: 1, HPWL: 278712
Iteration |   Area    | Resized | Buffers | Nets repaired | Remaining
---------------------------------------------------------------------
        0 |     +0.0% |       0 |       0 |             0 |        17
    final |     +0.0% |       0 |       0 |             0 |         0
---------------------------------------------------------------------
   Iter   |    Area   | Removed | Inserted |   Pins
          |           | Buffers | Buffers  | Remaining
-------------------------------------------------------
        0 |     +0.0% |       0 |        0 |        14
        1 |     +0.0% |       0 |        0 |        13
        2 |     +0.0% |       0 |        0 |        12
        3 |     +0.0% |       0 |        0 |        11
        4 |     +0.0% |       0 |        0 |        10
        5 |     +0.0% |       0 |        0 |         9
        6 |     +0.0% |       0 |        0 |         8
        7 |     +0.0% |       0 |        0 |         7
        8 |     +0.0% |       0 |        0 |         6
        9 |     +0.0% |       0 |        0 |         5
       10 |     +0.0% |       0 |        0 |         4
       11 |     +0.0% |       0 |        0 |         3
       12 |     +0.0% |       0 |        0 |         2
       13 |     +0.0% |       0 |        0 |         1
    final |     +0.0% |       0 |        0 |         0
-------------------------------------------------------
[INFO GPL-0106] Timing-driven: worst slack 1.7267265e-10
[INFO GPL-0107] Timing-driven: repair_design delta area: 0.000 um^2 (+0.00%)
[INFO GPL-0108] Timing-driven: repair_design, gpl delta gcells: 0 (+0.00%)
[INFO GPL-0109] Timing-driven: repair_design, gcells created: 0, deleted: 0
[INFO GPL-0110] Timing-driven: new target density: 0.6
Iteration | Overflow |     HPWL (um) |  HPWL(%) |   Penalty | Group
---------------------------------------------------------------
      370 |   0.1908 |  2.712930e+02 |   +0.13% |  5.18e-07 |      
      380 |   0.1608 |  2.735530e+02 |   +0.83% |  7.64e-07 |      
      390 |   0.1268 |  2.753040e+02 |   +0.64% |  1.12e-06 |      
      400 |   0.1053 |  2.745880e+02 |   -0.26% |  1.66e-06 |      
      401 |   0.0965 |  2.743890e+02 |          |  1.79e-06 |      
---------------------------------------------------------------
[INFO GPL-1001] Global placement finished at iteration 401
[INFO GPL-1003] Routability mode iteration count: 327
[INFO GPL-1005] Routability final weighted congestion: 0.5382
[INFO GPL-1002] Placed Cell Area              185.2276
[INFO GPL-1003] Available Free Area         31254.9760
[INFO GPL-1004] Minimum Feasible Density        0.0100 (cell_area / free_area)
[INFO GPL-1006]   Suggested Target Densities:
[INFO GPL-1007]     - For 90% usage of free space: 0.0066
[INFO GPL-1008]     - For 80% usage of free space: 0.0074
[INFO GPL-1009]     - For 50% usage of free space: 0.0119
[INFO GPL-1011] Original area (um^2): 185.23
[INFO GPL-1012] Total routability artificial inflation: 0.00 (+0.00%)
[INFO GPL-1013] Total timing-driven delta area: 0.00 (+0.00%)
[INFO GPL-1014] Final placement area: 185.23 (+0.00%)
estimate_parasitics -placement
Report metrics stage 3, global place...

==========================================================================
global place report_design_area
--------------------------------------------------------------------------
Design area 719 um^2 2% utilization.
write_db ./results/sky130hd/seq_detector_0011/base/3_3_place_gp.odb
Elapsed time: 0:00.60[h:]min:sec. CPU time: user 0.95 sys 0.10 (174%). Peak memory: 226448KB.
Log                        Elapsed/s Peak Memory/MB  sha1sum .odb [0:20)
3_3_place_gp                       0            221 f3ee9c30dc6c9902c702
