OpenROAD 26Q2-339-g0504146ce6 
Features included (+) or not (-): +GPU +GUI +Python
This program is licensed under the BSD-3 license. See the LICENSE file for details.
Components of this program may be licensed under more restrictive licenses which must be honored.
[INFO ORD-0030] Using 4 thread(s).
read_liberty /home/harish_d1121/OpenROAD-flow-scripts/flow/platforms/sky130hd/lib/sky130_fd_sc_hd__tt_025C_1v80.lib
read_db ./results/sky130hd/seq_detector_0011/base/3_4_place_resized.odb
read_sdc ./results/sky130hd/seq_detector_0011/base/2_floorplan.sdc
source /home/harish_d1121/OpenROAD-flow-scripts/flow/platforms/sky130hd/setRC.tcl
detailed_placement
[INFO DPL-0006] Core area: 31799.25 um^2, Instances area: 719.44 um^2, Utilization: 2.3%
[INFO DPL-0005] Diamond search max displacement: +/- 500 sites horizontally, +/- 100 rows vertically.
[INFO DPL-1101] Legalizing using diamond search.
Movements Summary
---------------------------------------
Total cells:                      14
Diamond Move Success:             14 (100.00%)
Diamond Move Failure:              0
Rip-up and replace Success:        0 (  0.00% of diamond failures)
Rip-up and replace Failure:        0
Total Placement Failures:          0
---------------------------------------
Placement Analysis
---------------------------------
total displacement         30.2 u
average displacement        0.1 u
max displacement            6.2 u
original HPWL             275.2 u
legalized HPWL            306.1 u
delta HPWL                   11 %

improve_placement -max_displacement "5 1"
Detailed placement improvement.
[INFO DPL-0401] Setting random seed to 1.
[INFO DPL-0402] Setting maximum displacement 5 1 to 13600 2720 units.
[INFO DPL-0320] Collected 439 fixed cells.
[INFO DPL-0318] Collected 14 single height cells.
[INFO DPL-0321] Collected 0 wide cells.
[INFO DPL-0322] Image (10120, 10880) - (189980, 187680)
[INFO DPL-0310] Assigned 14 cells into segments.  Movement in X-direction is 0.000000, movement in Y-direction is 0.000000.
[INFO DPL-0313] Found 0 cells in wrong regions.
[INFO DPL-0315] Found 0 row alignment problems.
[INFO DPL-0314] Found 0 site alignment problems.
[INFO DPL-0311] Found 0 overlaps between adjacent cells.
[INFO DPL-0312] Found 0 edge spacing violations and 0 padding violations.
[INFO DPL-0303] Running algorithm for independent set matching.
[INFO DPL-0300] Set matching objective is wirelength.
[INFO DPL-0301] Pass   1 of matching; objective is 3.074590e+05.
[INFO DPL-0302] End of matching; objective is 3.074590e+05, improvement is 0.00 percent.
[INFO DPL-0303] Running algorithm for global swaps.
[INFO DPL-0306] Pass   1 of global swaps; hpwl is 3.074590e+05.
[INFO DPL-0307] End of global swaps; objective is 3.074590e+05, improvement is 0.00 percent.
[INFO DPL-0303] Running algorithm for vertical swaps.
[INFO DPL-0308] Pass   1 of vertical swaps; hpwl is 3.063110e+05.
[INFO DPL-0309] End of vertical swaps; objective is 3.063110e+05, improvement is 0.37 percent.
[INFO DPL-0303] Running algorithm for reordering.
[INFO DPL-0304] Pass   1 of reordering; objective is 3.063110e+05.
[INFO DPL-0305] End of reordering; objective is 3.063110e+05, improvement is 0.00 percent.
[INFO DPL-0303] Running algorithm for random improvement.
[INFO DPL-0324] Random improver is using random generator.
[INFO DPL-0325] Random improver is using hpwl objective.
[INFO DPL-0326] Random improver cost string is (a).
[INFO DPL-0332] End of pass, Generator random called 280 times.
[INFO DPL-0335] Generator random, Cumulative attempts 280, swaps 33, moves    94 since last reset.
[INFO DPL-0333] End of pass, Objective hpwl, Initial cost 3.063110e+05, Scratch cost 3.042790e+05, Incremental cost 3.042790e+05, Mismatch? N
[INFO DPL-0338] End of pass, Total cost is 3.042790e+05.
[INFO DPL-0327] Pass   1 of random improver; improvement in cost is 0.66 percent.
[INFO DPL-0328] End of random improver; improvement is 0.663378 percent.
[INFO DPL-0380] Cell flipping.
[INFO DPL-0382] Changed 0 cell orientations for row compatibility.
[INFO DPL-0383] Performed 1 cell flips.
[INFO DPL-0384] End of flipping; objective is 3.017750e+05, improvement is 0.82 percent.
[INFO DPL-0313] Found 0 cells in wrong regions.
[INFO DPL-0315] Found 0 row alignment problems.
[INFO DPL-0314] Found 0 site alignment problems.
[INFO DPL-0311] Found 0 overlaps between adjacent cells.
[INFO DPL-0312] Found 0 edge spacing violations and 0 padding violations.
Detailed Improvement Results
------------------------------------------
Original HPWL              306.1 u (     261.1,       45.0)
Final HPWL                 300.3 u (     260.4,       39.9)
Delta HPWL                  -1.9 % (      -0.3,      -11.3)

optimize_mirroring
[INFO FLW-0012] Placement violations .
estimate_parasitics -placement
Report metrics stage 3, detailed place...

==========================================================================
detailed place report_design_area
--------------------------------------------------------------------------
Design area 719 um^2 2% utilization.
write_db ./results/sky130hd/seq_detector_0011/base/3_5_place_dp.odb
Elapsed time: 0:00.41[h:]min:sec. CPU time: user 0.33 sys 0.06 (97%). Peak memory: 122408KB.
Log                        Elapsed/s Peak Memory/MB  sha1sum .odb [0:20)
3_5_place_dp                       0            119 0bd993653b90a95dcd3c
