OpenROAD 26Q2-339-g0504146ce6 
Features included (+) or not (-): +GPU +GUI +Python
This program is licensed under the BSD-3 license. See the LICENSE file for details.
Components of this program may be licensed under more restrictive licenses which must be honored.
[INFO ORD-0030] Using 4 thread(s).
read_liberty /home/harish_d1121/OpenROAD-flow-scripts/flow/platforms/sky130hd/lib/sky130_fd_sc_hd__tt_025C_1v80.lib
read_db ./results/sky130hd/seq_detector_0011/base/6_1_fill.odb
read_sdc ./results/sky130hd/seq_detector_0011/base/6_1_fill.sdc
source /home/harish_d1121/OpenROAD-flow-scripts/flow/platforms/sky130hd/setRC.tcl
write_db ./results/sky130hd/seq_detector_0011/base/6_final.odb
Deleted 0 routing obstructions
Warning: master sky130_ef_sc_hd__decap_12 has signal pins but no liberty cell
[INFO RCX-0431] Defined process_corner X with ext_model_index 0
[INFO RCX-0029] Defined extraction corner X
[INFO RCX-0435] Reading extraction model file /home/harish_d1121/OpenROAD-flow-scripts/flow/platforms/sky130hd/rcx_patterns.rules ...
[INFO RCX-0436] RC segment generation seq_detector_0011 (max_merge_res 50.0) ...
[INFO RCX-0040] Final 46 rc segments
[INFO RCX-0439] Coupling Cap extraction seq_detector_0011 ...
[INFO RCX-0440] Coupling threshhold is 0.1000 fF, coupling capacitance less than 0.1000 fF will be grounded.
[INFO RCX-0442] 95% of 1026 wires extracted
[INFO RCX-0442] 100% of 1026 wires extracted
[INFO RCX-0045] Extract 20 nets, 66 rsegs, 66 caps, 56 ccs
[INFO RCX-0443] 20 nets finished
[INFO PSM-0040] All shapes on net VDD are connected.
########## IR report #################
Net              : VDD
Corner           : default
Total power      : 7.97e-04 W
Supply voltage   : 1.80e+00 V
Worstcase voltage: 1.80e+00 V
Average voltage  : 1.80e+00 V
Average IR drop  : 9.62e-06 V
Worstcase IR drop: 1.52e-03 V
Percentage drop  : 0.08 %
######################################
[INFO PSM-0040] All shapes on net VSS are connected.
########## IR report #################
Net              : VSS
Corner           : default
Total power      : 7.97e-04 W
Supply voltage   : 0.00e+00 V
Worstcase voltage: 6.85e-04 V
Average voltage  : 3.83e-06 V
Average IR drop  : 3.83e-06 V
Worstcase IR drop: 6.85e-04 V
Percentage drop  : 0.04 %
######################################
Cell type report:                       Count       Area
  Fill cell                              3798   31002.23
  Tap cell                                435     544.27
  Clock buffer                              4      78.83
  Timing Repair Buffer                      3      28.78
  Sequential cell                           5     100.10
  Multi-Input combinational cell            6      45.04
  Total                                  4251   31799.25
Report metrics stage 6, finish...

==========================================================================
finish report_design_area
--------------------------------------------------------------------------
Design area 797 um^2 3% utilization.
[WARNING GUI-0066] Heat map "IR Drop" has not been populated with data.
[WARNING GUI-0066] Heat map "Routing Congestion" has not been populated with data.
Elapsed time: 0:03.60[h:]min:sec. CPU time: user 1.38 sys 0.35 (48%). Peak memory: 295160KB.
Log                        Elapsed/s Peak Memory/MB  sha1sum .odb [0:20)
6_report                           3            288                  N/A
