
==========================================================================
finish report_tns
--------------------------------------------------------------------------
tns max 0.00

==========================================================================
finish report_wns
--------------------------------------------------------------------------
wns max 0.00

==========================================================================
finish report_worst_slack
--------------------------------------------------------------------------
worst slack max INF

==========================================================================
finish report_clock_min_period
--------------------------------------------------------------------------

==========================================================================
finish report_clock_skew
--------------------------------------------------------------------------

==========================================================================
finish report_checks -path_delay min
--------------------------------------------------------------------------
No paths found.

==========================================================================
finish report_checks -path_delay max
--------------------------------------------------------------------------
No paths found.

==========================================================================
finish report_checks -unconstrained
--------------------------------------------------------------------------
Startpoint: last_sample$_DFF_P_ (rising edge-triggered flip-flop)
Endpoint: stable_count[1]$_DFF_P_ (rising edge-triggered flip-flop)
Path Group: unconstrained
Path Type: max

Fanout     Cap    Slew   Delay    Time   Description
-----------------------------------------------------------------------------
                  0.15    0.00    0.00 ^ last_sample$_DFF_P_/CLK (sky130_fd_sc_hd__dfxtp_1)
     3    0.01    0.11    0.39    0.39 ^ last_sample$_DFF_P_/Q (sky130_fd_sc_hd__dfxtp_1)
                                         last_sample (net)
                  0.11    0.00    0.39 ^ _16_/A (sky130_fd_sc_hd__inv_1)
     1    0.00    0.04    0.06    0.45 v _16_/Y (sky130_fd_sc_hd__inv_1)
                                         _06_ (net)
                  0.04    0.00    0.45 v _27_/A (sky130_fd_sc_hd__ha_1)
     2    0.01    0.07    0.29    0.74 ^ _27_/SUM (sky130_fd_sc_hd__ha_1)
                                         _05_ (net)
                  0.07    0.00    0.74 ^ _20_/C_N (sky130_fd_sc_hd__nor3b_1)
     1    0.00    0.15    0.17    0.91 ^ _20_/Y (sky130_fd_sc_hd__nor3b_1)
                                         _02_[1] (net)
                  0.15    0.00    0.91 ^ stable_count[1]$_DFF_P_/D (sky130_fd_sc_hd__dfxtp_1)
                                  0.91   data arrival time
-----------------------------------------------------------------------------
(Path is unconstrained)



==========================================================================
finish report_check_types -max_slew -max_cap -max_fanout -violators
--------------------------------------------------------------------------

==========================================================================
finish max_slew_check_slack
--------------------------------------------------------------------------
1.339438557624817

==========================================================================
finish max_slew_check_limit
--------------------------------------------------------------------------
1.4953149557113647

==========================================================================
finish max_slew_check_slack_limit
--------------------------------------------------------------------------
0.8958

==========================================================================
finish max_fanout_check_slack
--------------------------------------------------------------------------
1.0000000150474662e+30

==========================================================================
finish max_fanout_check_limit
--------------------------------------------------------------------------
1.0000000150474662e+30

==========================================================================
finish max_capacitance_check_slack
--------------------------------------------------------------------------
0.046847354620695114

==========================================================================
finish max_capacitance_check_limit
--------------------------------------------------------------------------
0.04944799840450287

==========================================================================
finish max_capacitance_check_slack_limit
--------------------------------------------------------------------------
0.9474

==========================================================================
finish max_slew_violation_count
--------------------------------------------------------------------------
max slew violation count 0

==========================================================================
finish max_fanout_violation_count
--------------------------------------------------------------------------
max fanout violation count 0

==========================================================================
finish max_cap_violation_count
--------------------------------------------------------------------------
max cap violation count 0

==========================================================================
finish setup_violation_count
--------------------------------------------------------------------------
setup violation count 0

==========================================================================
finish hold_violation_count
--------------------------------------------------------------------------
hold violation count 0

==========================================================================
finish report_checks -path_delay max reg to reg
--------------------------------------------------------------------------
No paths found.

==========================================================================
finish report_checks -path_delay min reg to reg
--------------------------------------------------------------------------
No paths found.

==========================================================================
finish critical path target clock latency max path
--------------------------------------------------------------------------
0

==========================================================================
finish critical path target clock latency min path
--------------------------------------------------------------------------
0

==========================================================================
finish critical path source clock latency min path
--------------------------------------------------------------------------
0

==========================================================================
finish critical path delay
--------------------------------------------------------------------------
-1

==========================================================================
finish critical path slack
--------------------------------------------------------------------------
0

==========================================================================
finish slack div critical path delay
--------------------------------------------------------------------------
0.000000

==========================================================================
finish report_power
--------------------------------------------------------------------------
Group                  Internal  Switching    Leakage      Total
                          Power      Power      Power      Power (Watts)
----------------------------------------------------------------
Sequential             1.09e-05   2.14e-06   3.30e-11   1.31e-05  31.8%
Combinational          1.77e-05   1.04e-05   5.05e-11   2.81e-05  68.2%
Clock                  0.00e+00   0.00e+00   0.00e+00   0.00e+00   0.0%
Macro                  0.00e+00   0.00e+00   0.00e+00   0.00e+00   0.0%
Pad                    0.00e+00   0.00e+00   0.00e+00   0.00e+00   0.0%
----------------------------------------------------------------
Total                  2.86e-05   1.26e-05   8.36e-11   4.12e-05 100.0%
                          69.5%      30.5%       0.0%
