#! /usr/bin/vvp
:ivl_version "11.0 (stable)";
:ivl_delay_selection "TYPICAL";
:vpi_time_precision - 12;
:vpi_module "/usr/lib/x86_64-linux-gnu/ivl/system.vpi";
:vpi_module "/usr/lib/x86_64-linux-gnu/ivl/vhdl_sys.vpi";
:vpi_module "/usr/lib/x86_64-linux-gnu/ivl/vhdl_textio.vpi";
:vpi_module "/usr/lib/x86_64-linux-gnu/ivl/v2005_math.vpi";
:vpi_module "/usr/lib/x86_64-linux-gnu/ivl/va_math.vpi";
:vpi_module "/usr/lib/x86_64-linux-gnu/ivl/v2009.vpi";
S_0x605d9654c7e0 .scope package, "$unit" "$unit" 2 1;
 .timescale 0 0;
S_0x605d96540120 .scope module, "tb" "tb" 3 3;
 .timescale -9 -12;
v0x605d96568130_0 .var "clk", 0 0;
v0x605d965681f0_0 .net "pulse", 0 0, v0x605d9653d8a0_0;  1 drivers
v0x605d96568290_0 .var "rst", 0 0;
v0x605d96568330_0 .var "sig_in", 0 0;
S_0x605d965402b0 .scope task, "check_pulse" "check_pulse" 3 18, 3 18 0, S_0x605d96540120;
 .timescale -9 -12;
v0x605d965137b0_0 .var "expected", 0 0;
v0x605d96513ba0_0 .var "label", 127 0;
TD_tb.check_pulse ;
    %delay 1000, 0;
    %load/vec4 v0x605d965681f0_0;
    %load/vec4 v0x605d965137b0_0;
    %cmp/ne;
    %jmp/0xz  T_0.0, 6;
    %vpi_call/w 3 24 "$display", "FAIL: %0s expected pulse=%0b got pulse=%0b time=%0t", v0x605d96513ba0_0, v0x605d965137b0_0, v0x605d965681f0_0, $time {0 0 0};
    %vpi_call/w 3 25 "$fatal", 32'sb00000000000000000000000000000001 {0 0 0};
T_0.0 ;
    %end;
S_0x605d96567da0 .scope module, "dut" "rising_edge_detector" 3 9, 4 1 0, S_0x605d96540120;
 .timescale 0 0;
    .port_info 0 /INPUT 1 "clk";
    .port_info 1 /INPUT 1 "rst";
    .port_info 2 /INPUT 1 "sig_in";
    .port_info 3 /OUTPUT 1 "pulse";
v0x605d9653c3f0_0 .net "clk", 0 0, v0x605d96568130_0;  1 drivers
v0x605d9653d0f0_0 .var "prev_sig", 0 0;
v0x605d9653d8a0_0 .var "pulse", 0 0;
v0x605d9653e730_0 .net "rst", 0 0, v0x605d96568290_0;  1 drivers
v0x605d9653f5c0_0 .net "sig_in", 0 0, v0x605d96568330_0;  1 drivers
E_0x605d96512690 .event posedge, v0x605d9653c3f0_0;
    .scope S_0x605d96567da0;
T_1 ;
    %wait E_0x605d96512690;
    %load/vec4 v0x605d9653e730_0;
    %flag_set/vec4 8;
    %jmp/0xz  T_1.0, 8;
    %pushi/vec4 0, 0, 1;
    %assign/vec4 v0x605d9653d0f0_0, 0;
    %pushi/vec4 0, 0, 1;
    %assign/vec4 v0x605d9653d8a0_0, 0;
    %jmp T_1.1;
T_1.0 ;
    %load/vec4 v0x605d9653f5c0_0;
    %load/vec4 v0x605d9653d0f0_0;
    %inv;
    %and;
    %assign/vec4 v0x605d9653d8a0_0, 0;
    %load/vec4 v0x605d9653f5c0_0;
    %assign/vec4 v0x605d9653d0f0_0, 0;
T_1.1 ;
    %jmp T_1;
    .thread T_1;
    .scope S_0x605d96540120;
T_2 ;
    %delay 5000, 0;
    %load/vec4 v0x605d96568130_0;
    %inv;
    %store/vec4 v0x605d96568130_0, 0, 1;
    %jmp T_2;
    .thread T_2;
    .scope S_0x605d96540120;
T_3 ;
    %pushi/vec4 0, 0, 1;
    %store/vec4 v0x605d96568130_0, 0, 1;
    %pushi/vec4 0, 0, 1;
    %store/vec4 v0x605d96568290_0, 0, 1;
    %pushi/vec4 0, 0, 1;
    %store/vec4 v0x605d96568330_0, 0, 1;
    %pushi/vec4 1, 0, 1;
    %store/vec4 v0x605d96568290_0, 0, 1;
    %wait E_0x605d96512690;
    %pushi/vec4 0, 0, 1;
    %store/vec4 v0x605d965137b0_0, 0, 1;
    %pushi/vec4 3872057408, 0, 33;
    %concati/vec4 3336096450, 0, 32;
    %concati/vec4 3840295142, 0, 32;
    %concati/vec4 1952543845, 0, 31;
    %store/vec4 v0x605d96513ba0_0, 0, 128;
    %fork TD_tb.check_pulse, S_0x605d965402b0;
    %join;
    %pushi/vec4 0, 0, 1;
    %store/vec4 v0x605d96568290_0, 0, 1;
    %wait E_0x605d96512690;
    %pushi/vec4 0, 0, 1;
    %store/vec4 v0x605d965137b0_0, 0, 1;
    %pushi/vec4 26980, 0, 32; draw_string_vec4
    %pushi/vec4 1818566764, 0, 32; draw_string_vec4
    %concat/vec4; draw_string_vec4
    %pushi/vec4 1870078057, 0, 32; draw_string_vec4
    %concat/vec4; draw_string_vec4
    %pushi/vec4 1852863860, 0, 32; draw_string_vec4
    %concat/vec4; draw_string_vec4
    %store/vec4 v0x605d96513ba0_0, 0, 128;
    %fork TD_tb.check_pulse, S_0x605d965402b0;
    %join;
    %pushi/vec4 1, 0, 1;
    %store/vec4 v0x605d96568330_0, 0, 1;
    %wait E_0x605d96512690;
    %pushi/vec4 1, 0, 1;
    %store/vec4 v0x605d965137b0_0, 0, 1;
    %pushi/vec4 3872578766, 0, 33;
    %concati/vec4 2174063005, 0, 33;
    %concati/vec4 2491531733, 0, 32;
    %concati/vec4 745760115, 0, 30;
    %store/vec4 v0x605d96513ba0_0, 0, 128;
    %fork TD_tb.check_pulse, S_0x605d965402b0;
    %join;
    %wait E_0x605d96512690;
    %pushi/vec4 0, 0, 1;
    %store/vec4 v0x605d965137b0_0, 0, 1;
    %pushi/vec4 2175636885, 0, 34;
    %concati/vec4 3229729237, 0, 32;
    %concati/vec4 2983040129, 0, 32;
    %concati/vec4 677996392, 0, 30;
    %store/vec4 v0x605d96513ba0_0, 0, 128;
    %fork TD_tb.check_pulse, S_0x605d965402b0;
    %join;
    %pushi/vec4 0, 0, 1;
    %store/vec4 v0x605d96568330_0, 0, 1;
    %wait E_0x605d96512690;
    %pushi/vec4 0, 0, 1;
    %store/vec4 v0x605d965137b0_0, 0, 1;
    %pushi/vec4 3393243358, 0, 33;
    %concati/vec4 3404087516, 0, 32;
    %concati/vec4 3739762912, 0, 32;
    %concati/vec4 1970041701, 0, 31;
    %store/vec4 v0x605d96513ba0_0, 0, 128;
    %fork TD_tb.check_pulse, S_0x605d965402b0;
    %join;
    %pushi/vec4 1, 0, 1;
    %store/vec4 v0x605d96568330_0, 0, 1;
    %wait E_0x605d96512690;
    %pushi/vec4 1, 0, 1;
    %store/vec4 v0x605d965137b0_0, 0, 1;
    %pushi/vec4 3368995392, 0, 33;
    %concati/vec4 3773487334, 0, 32;
    %concati/vec4 3404087490, 0, 32;
    %concati/vec4 1734437230, 0, 31;
    %store/vec4 v0x605d96513ba0_0, 0, 128;
    %fork TD_tb.check_pulse, S_0x605d965402b0;
    %join;
    %wait E_0x605d96512690;
    %pushi/vec4 0, 0, 1;
    %store/vec4 v0x605d965137b0_0, 0, 1;
    %pushi/vec4 3437808356, 0, 33;
    %concati/vec4 2177734029, 0, 33;
    %concati/vec4 3183054977, 0, 32;
    %concati/vec4 627337061, 0, 30;
    %store/vec4 v0x605d96513ba0_0, 0, 128;
    %fork TD_tb.check_pulse, S_0x605d965402b0;
    %join;
    %vpi_call/w 3 61 "$display", "TEST PASSED" {0 0 0};
    %vpi_call/w 3 62 "$finish" {0 0 0};
    %end;
    .thread T_3;
# The file index is used to find the file name in the following table.
:file_names 5;
    "N/A";
    "<interactive>";
    "-";
    "/home/harish_d1121/Spec_to_Tapeout-main/output/p10/tb_candidate.v";
    "/home/harish_d1121/Spec_to_Tapeout-main/output/p10/design_candidate.v";
