OpenROAD 26Q2-339-g0504146ce6 
Features included (+) or not (-): +GPU +GUI +Python
This program is licensed under the BSD-3 license. See the LICENSE file for details.
Components of this program may be licensed under more restrictive licenses which must be honored.
[INFO ORD-0030] Using 4 thread(s).
read_liberty /home/harish_d1121/OpenROAD-flow-scripts/flow/platforms/sky130hd/lib/sky130_fd_sc_hd__tt_025C_1v80.lib
read_db /home/harish_d1121/Spec_to_Tapeout-main/openroad_runs/p8/results/sky130hd/fp16_multiplier/base/3_2_place_iop.odb
read_sdc /home/harish_d1121/Spec_to_Tapeout-main/openroad_runs/p8/results/sky130hd/fp16_multiplier/base/2_floorplan.sdc
source /home/harish_d1121/OpenROAD-flow-scripts/flow/platforms/sky130hd/setRC.tcl
[INFO RSZ-0026] Removed 26 buffers.
Perform port buffering...
[INFO RSZ-0027] Inserted 32 sky130_fd_sc_hd__clkdlybuf4s50_1 input buffers.
[INFO RSZ-0028] Inserted 16 sky130_fd_sc_hd__clkdlybuf4s50_1 output buffers.
[INFO GPL-0022] Initialize gpl and calculate uniform density.
Placement density is 0.5084999969601631, computed from PLACE_DENSITY_LB_ADDON  0.15 and lower bound 0.4099999964237213
global_placement -density 0.5084999969601631 -pad_left 0 -pad_right 0 -routability_driven -timing_driven -force_center_initial_place -min_phi_coef 0.95 -max_phi_coef 1.05
[INFO GPL-0001] ---- Initialize GPL Main Data Structures
[INFO GPL-0002] DBU: 1000
[INFO GPL-0003] SiteSize: (  0.460  2.720 ) um
[INFO GPL-0004] CoreBBox: (  2.300  2.720 ) ( 114.080 114.240 ) um
[INFO GPL-0036] Movable instances area:       4790.845 um^2
[INFO GPL-0037] Total instances area:         5006.051 um^2
[INFO GPL-0035] Pin density area adjust:       164.834 um^2
[INFO GPL-0032] ---- Initialize Region: Top-level
[INFO GPL-0006] Number of instances:               696
[INFO GPL-0007] Movable instances:                 524
[INFO GPL-0008] Fixed instances:                   172
[INFO GPL-0009] Dummy instances:                     0
[INFO GPL-0010] Number of nets:                    704
[INFO GPL-0011] Number of pins:                   1844
[INFO GPL-0012] Die BBox:  (  0.000  0.000 ) ( 116.415 116.415 ) um
[INFO GPL-0013] Core BBox: (  2.300  2.720 ) ( 114.080 114.240 ) um
[INFO GPL-0016] Core area:                   12465.706 um^2
[INFO GPL-0014] Region name: top-level.
[INFO GPL-0015] Region area:                 12465.706 um^2
[INFO GPL-0017] Fixed instances area:          215.206 um^2
[INFO GPL-0018] Movable instances area:       4955.679 um^2
[INFO GPL-0019] Utilization:                    40.453 %
[INFO GPL-0020] Standard cells area:          4955.679 um^2
[INFO GPL-0021] Large instances area:            0.000 um^2
[INFO GPL-0005] ---- Execute Conjugate Gradient Initial Placement.
[INFO GPL-0051] Source of initial instance position counters:
	Odb location = 0	Core center = 524	Region center = 0
[InitialPlace]  Iter: 1 conjugate gradient residual: 0.00000010 HPWL: 13868185
[InitialPlace]  Iter: 2 conjugate gradient residual: 0.00000011 HPWL: 9210432
[InitialPlace]  Iter: 3 conjugate gradient residual: 0.00000009 HPWL: 9294301
[InitialPlace]  Iter: 4 conjugate gradient residual: 0.00000007 HPWL: 9285225
[InitialPlace]  Iter: 5 conjugate gradient residual: 0.00000011 HPWL: 9286135
[INFO GPL-0033] ---- Initialize Nesterov Region: Top-level
[INFO GPL-0023] Placement target density:       0.5085
[INFO GPL-0024] Movable insts average area:      9.457 um^2
[INFO GPL-0025] Ideal bin area:                 18.599 um^2
[INFO GPL-0026] Ideal bin count:                   670
[INFO GPL-0027] Total bin area:              12465.706 um^2
[INFO GPL-0028] Bin count (X, Y):          16 ,     16
[INFO GPL-0029] Bin size (W * H):       6.986 *  6.970 um
[INFO GPL-0030] Number of bins:                    256
[INFO GPL-0007] ---- Execute Nesterov Global Placement.
[INFO GPL-0031] HPWL: Half-Perimeter Wirelength
Iteration | Overflow |     HPWL (um) |  HPWL(%) |   Penalty | Group
---------------------------------------------------------------
        0 |   0.8420 |  4.260370e+03 |   +0.00% |  2.59e-14 |      
       10 |   0.8075 |  4.621902e+03 |   +8.49% |  4.22e-14 |      
       20 |   0.8016 |  4.647187e+03 |   +0.55% |  6.88e-14 |      
       30 |   0.8000 |  4.667012e+03 |   +0.43% |  1.12e-13 |      
       40 |   0.8014 |  4.641935e+03 |   -0.54% |  1.83e-13 |      
       50 |   0.8010 |  4.621293e+03 |   -0.44% |  2.97e-13 |      
       60 |   0.8014 |  4.630269e+03 |   +0.19% |  4.84e-13 |      
       70 |   0.8015 |  4.634832e+03 |   +0.10% |  7.89e-13 |      
       80 |   0.8014 |  4.630262e+03 |   -0.10% |  1.29e-12 |      
       90 |   0.8011 |  4.632541e+03 |   +0.05% |  2.09e-12 |      
      100 |   0.8008 |  4.640706e+03 |   +0.18% |  3.41e-12 |      
      110 |   0.8008 |  4.648298e+03 |   +0.16% |  5.55e-12 |      
      120 |   0.7998 |  4.661909e+03 |   +0.29% |  9.05e-12 |      
      130 |   0.7955 |  4.687056e+03 |   +0.54% |  1.47e-11 |      
      140 |   0.7867 |  4.722683e+03 |   +0.76% |  2.40e-11 |      
      150 |   0.7803 |  4.765782e+03 |   +0.91% |  3.91e-11 |      
      160 |   0.7728 |  4.819334e+03 |   +1.12% |  6.37e-11 |      
      170 |   0.7556 |  4.904721e+03 |   +1.77% |  1.04e-10 |      
      180 |   0.7324 |  5.010970e+03 |   +2.17% |  1.69e-10 |      
      190 |   0.7106 |  5.142635e+03 |   +2.63% |  2.75e-10 |      
      200 |   0.6827 |  5.311432e+03 |   +3.28% |  4.48e-10 |      
      210 |   0.6509 |  5.496856e+03 |   +3.49% |  7.30e-10 |      
[INFO GPL-0100] Timing-driven iteration 1/2, virtual: false.
[INFO GPL-0101]    Iter: 217, overflow: 0.631, keep resizer changes at: 1, HPWL: 5619610
Iteration |   Area    | Resized | Buffers | Nets repaired | Remaining
---------------------------------------------------------------------
        0 |     +0.0% |       0 |       0 |             0 |       704
    final |     +0.0% |       0 |       0 |             0 |         0
---------------------------------------------------------------------
   Iter   |    Area   | Removed | Inserted |   Pins
          |           | Buffers | Buffers  | Remaining
-------------------------------------------------------
        0 |     +0.0% |       0 |        0 |       672
       67 |     +0.0% |       0 |        0 |       605
      134 |     +0.3% |       0 |        2 |       538
      201 |     +0.3% |       0 |        2 |       471
      268 |     +0.3% |       0 |        2 |       404
      335 |     +0.3% |       0 |        2 |       337
      402 |     +0.3% |       0 |        2 |       270
      469 |     +0.3% |       0 |        2 |       203
      536 |     +0.3% |       0 |        2 |       136
      603 |     +0.3% |       0 |        2 |        69
      670 |     +0.3% |       0 |        2 |         2
    final |     +0.3% |       0 |        2 |         0
-------------------------------------------------------
[INFO GPL-0106] Timing-driven: worst slack 1e+30
[WARNING GPL-0102] Timing-driven: no slacks found. Timing-driven mode disabled.
[INFO GPL-0107] Timing-driven: repair_design delta area: 15.014 um^2 (+0.30%)
[INFO GPL-0108] Timing-driven: repair_design, gpl delta gcells: 2 (+0.38%)
[INFO GPL-0109] Timing-driven: repair_design, gcells created: 2, deleted: 0
[INFO GPL-0110] Timing-driven: new target density: 0.5097256
Iteration | Overflow |     HPWL (um) |  HPWL(%) |   Penalty | Group
---------------------------------------------------------------
      220 |   0.6203 |  5.726153e+03 |   +4.17% |  1.19e-09 |      
[INFO GPL-0038] Routability snapshot saved at iter = 227
      226 |   0.5977 |  5.894232e+03 |          |           |      
      230 |   0.5801 |  6.006225e+03 |   +4.89% |  1.94e-09 |      
      240 |   0.5356 |  6.202584e+03 |   +3.27% |  3.16e-09 |      
      250 |   0.4957 |  6.487737e+03 |   +4.60% |  5.14e-09 |      
      260 |   0.4530 |  6.708067e+03 |   +3.40% |  8.37e-09 |      
      270 |   0.3977 |  6.848879e+03 |   +2.10% |  1.36e-08 |      
      280 |   0.3505 |  6.991111e+03 |   +2.08% |  2.22e-08 |      
      290 |   0.3136 |  7.120695e+03 |   +1.85% |  3.34e-08 |      
[INFO GPL-0040] Routability iteration: 1
[INFO GPL-0041] Total routing overflow: 0.0000
[INFO GPL-0042] Number of overflowed tiles: 0 (0.00%)
[INFO GPL-0043] Average top 0.5% routing congestion: 0.9115
[INFO GPL-0044] Average top 1.0% routing congestion: 0.9025
[INFO GPL-0045] Average top 2.0% routing congestion: 0.8860
[INFO GPL-0046] Average top 5.0% routing congestion: 0.8609
[INFO GPL-0047] Routability iteration weighted routing congestion: 0.9070
[INFO GPL-0050] Weighted routing congestion is lower than target routing congestion(1.0100), end routability optimization.
[INFO GPL-0090] Routability finished. Target routing congestion achieved succesfully.
Iteration | Overflow |     HPWL (um) |  HPWL(%) |   Penalty | Group
---------------------------------------------------------------
      300 |   0.2780 |  7.255587e+03 |   +1.89% |  4.92e-08 |      
      310 |   0.2438 |  7.403238e+03 |   +2.03% |  7.25e-08 |      
      320 |   0.2105 |  7.537416e+03 |   +1.81% |  1.07e-07 |      
      330 |   0.1803 |  7.658041e+03 |   +1.60% |  1.57e-07 |      
      340 |   0.1528 |  7.739700e+03 |   +1.07% |  2.32e-07 |      
      350 |   0.1337 |  7.824524e+03 |   +1.10% |  3.41e-07 |      
      360 |   0.1152 |  7.888382e+03 |   +0.82% |  5.03e-07 |      
      370 |   0.0998 |  7.941634e+03 |   +0.68% |  7.41e-07 |      
      370 |   0.0998 |  7.941634e+03 |          |  7.70e-07 |      
---------------------------------------------------------------
[INFO GPL-1001] Global placement finished at iteration 370
[INFO GPL-1003] Routability mode iteration count: 67
[INFO GPL-1005] Routability final weighted congestion: 0.8427
[INFO GPL-1002] Placed Cell Area             4970.6933
[INFO GPL-1003] Available Free Area         12250.4992
[INFO GPL-1004] Minimum Feasible Density        0.4100 (cell_area / free_area)
[INFO GPL-1006]   Suggested Target Densities:
[INFO GPL-1007]     - For 90% usage of free space: 0.4508
[INFO GPL-1008]     - For 80% usage of free space: 0.5072
[INFO GPL-1009]     - For 50% usage of free space: 0.8115
[INFO GPL-1011] Original area (um^2): 4955.68
[INFO GPL-1012] Total routability artificial inflation: 0.00 (+0.00%)
[INFO GPL-1014] Final placement area: 4970.69 (+0.30%)
estimate_parasitics -placement
Report metrics stage 3, global place...

==========================================================================
global place report_design_area
--------------------------------------------------------------------------
Design area 5021 um^2 40% utilization.
write_db /home/harish_d1121/Spec_to_Tapeout-main/openroad_runs/p8/results/sky130hd/fp16_multiplier/base/3_3_place_gp.odb
Elapsed time: 0:00.64[h:]min:sec. CPU time: user 0.99 sys 0.11 (171%). Peak memory: 220240KB.
Log                        Elapsed/s Peak Memory/MB  sha1sum .odb [0:20)
3_3_place_gp                       0            215 61c2c4a497fb3faa98af
