OpenROAD 26Q2-339-g0504146ce6 
Features included (+) or not (-): +GPU +GUI +Python
This program is licensed under the BSD-3 license. See the LICENSE file for details.
Components of this program may be licensed under more restrictive licenses which must be honored.
[INFO ORD-0030] Using 4 thread(s).
read_liberty /home/harish_d1121/OpenROAD-flow-scripts/flow/platforms/sky130hd/lib/sky130_fd_sc_hd__tt_025C_1v80.lib
read_db /home/harish_d1121/Spec_to_Tapeout-main/openroad_runs/p8/results/sky130hd/fp16_multiplier/base/5_1_grt.odb
read_sdc /home/harish_d1121/Spec_to_Tapeout-main/openroad_runs/p8/results/sky130hd/fp16_multiplier/base/5_1_grt.sdc
source /home/harish_d1121/OpenROAD-flow-scripts/flow/platforms/sky130hd/setRC.tcl
detailed_route -output_drc /home/harish_d1121/Spec_to_Tapeout-main/openroad_runs/p8/reports/sky130hd/fp16_multiplier/base/5_route_drc.rpt -output_maze /home/harish_d1121/Spec_to_Tapeout-main/openroad_runs/p8/results/sky130hd/fp16_multiplier/base/maze.log -droute_end_iter 64 -verbose 1 -drc_report_iter_step 5
[INFO DRT-0149] Reading tech and libs.
[WARNING DRT-0349] LEF58_ENCLOSURE with no CUTCLASS is not supported. Skipping for layer mcon
[WARNING DRT-0349] LEF58_ENCLOSURE with no CUTCLASS is not supported. Skipping for layer mcon
[WARNING DRT-0349] LEF58_ENCLOSURE with no CUTCLASS is not supported. Skipping for layer via
[WARNING DRT-0349] LEF58_ENCLOSURE with no CUTCLASS is not supported. Skipping for layer via
[WARNING DRT-0349] LEF58_ENCLOSURE with no CUTCLASS is not supported. Skipping for layer via2
[WARNING DRT-0349] LEF58_ENCLOSURE with no CUTCLASS is not supported. Skipping for layer via2
[WARNING DRT-0349] LEF58_ENCLOSURE with no CUTCLASS is not supported. Skipping for layer via3
[WARNING DRT-0349] LEF58_ENCLOSURE with no CUTCLASS is not supported. Skipping for layer via3
[WARNING DRT-0349] LEF58_ENCLOSURE with no CUTCLASS is not supported. Skipping for layer via4
[WARNING DRT-0349] LEF58_ENCLOSURE with no CUTCLASS is not supported. Skipping for layer via4

Units:                1000
Number of layers:     13
Number of macros:     441
Number of vias:       29
Number of viarulegen: 25

[INFO DRT-0150] Reading design.

Design:                   fp16_multiplier
Die area:                 ( 0 0 ) ( 116415 116415 )
Number of track patterns: 12
Number of DEF vias:       0
Number of components:     698
Number of terminals:      50
Number of snets:          2
Number of nets:           706

[INFO DRT-0167] List of default vias:
  Layer via
    default via: M1M2_PR
  Layer via2
    default via: M2M3_PR
  Layer via3
    default via: M3M4_PR
  Layer via4
    default via: M4M5_PR
[INFO DRT-0162] Library cell analysis.
[INFO DRT-0163] Instance analysis.
[INFO DRT-0164] Number of unique instances = 62.
[INFO DRT-0168] Init region query.
[INFO DRT-0024]   Complete FR_MASTERSLICE.
[INFO DRT-0024]   Complete Fr_VIA.
[INFO DRT-0024]   Complete li1.
[INFO DRT-0024]   Complete mcon.
[INFO DRT-0024]   Complete met1.
[INFO DRT-0024]   Complete via.
[INFO DRT-0024]   Complete met2.
[INFO DRT-0024]   Complete via2.
[INFO DRT-0024]   Complete met3.
[INFO DRT-0024]   Complete via3.
[INFO DRT-0024]   Complete met4.
[INFO DRT-0024]   Complete via4.
[INFO DRT-0024]   Complete met5.
[INFO DRT-0033] FR_MASTERSLICE shape region query size = 0.
[INFO DRT-0033] FR_VIA shape region query size = 0.
[INFO DRT-0033] li1 shape region query size = 14753.
[INFO DRT-0033] mcon shape region query size = 8854.
[INFO DRT-0033] met1 shape region query size = 3354.
[INFO DRT-0033] via shape region query size = 840.
[INFO DRT-0033] met2 shape region query size = 535.
[INFO DRT-0033] via2 shape region query size = 672.
[INFO DRT-0033] met3 shape region query size = 521.
[INFO DRT-0033] via3 shape region query size = 672.
[INFO DRT-0033] met4 shape region query size = 208.
[INFO DRT-0033] via4 shape region query size = 32.
[INFO DRT-0033] met5 shape region query size = 48.
[INFO DRT-0165] Start pin access.
[INFO DRT-0078]   Complete 486 pins.
[INFO DRT-0081]   Complete 62 unique inst patterns.
[INFO DRT-0084]   Complete 341 groups.
#scanned instances     = 698
#unique  instances     = 62
#stdCellGenAp          = 2320
#stdCellValidPlanarAp  = 26
#stdCellValidViaAp     = 1461
#stdCellPinNoAp        = 6
#stdCellPinCnt         = 1800
#instTermValidViaApCnt = 0
#macroGenAp            = 0
#macroValidPlanarAp    = 0
#macroValidViaAp       = 0
#macroNoAp             = 0
[INFO DRT-0166] Complete pin access.
[INFO DRT-0267] cpu time = 00:00:24, elapsed time = 00:00:08, memory = 207.77 (MB), peak = 207.77 (MB)

[INFO DRT-0157] Number of guides:     3997

[INFO DRT-0169] Post process guides.
[INFO DRT-0176] GCELLGRID X 0 DO 16 STEP 6900 ;
[INFO DRT-0177] GCELLGRID Y 0 DO 16 STEP 6900 ;
[INFO DRT-0028]   Complete FR_MASTERSLICE.
[INFO DRT-0028]   Complete Fr_VIA.
[INFO DRT-0028]   Complete li1.
[INFO DRT-0028]   Complete mcon.
[INFO DRT-0028]   Complete met1.
[INFO DRT-0028]   Complete via.
[INFO DRT-0028]   Complete met2.
[INFO DRT-0028]   Complete via2.
[INFO DRT-0028]   Complete met3.
[INFO DRT-0028]   Complete via3.
[INFO DRT-0028]   Complete met4.
[INFO DRT-0028]   Complete via4.
[INFO DRT-0028]   Complete met5.
[INFO DRT-0178] Init guide query.
[INFO DRT-0035]   Complete FR_MASTERSLICE (guide).
[INFO DRT-0035]   Complete Fr_VIA (guide).
[INFO DRT-0035]   Complete li1 (guide).
[INFO DRT-0035]   Complete mcon (guide).
[INFO DRT-0035]   Complete met1 (guide).
[INFO DRT-0035]   Complete via (guide).
[INFO DRT-0035]   Complete met2 (guide).
[INFO DRT-0035]   Complete via2 (guide).
[INFO DRT-0035]   Complete met3 (guide).
[INFO DRT-0035]   Complete via3 (guide).
[INFO DRT-0035]   Complete met4 (guide).
[INFO DRT-0035]   Complete via4 (guide).
[INFO DRT-0035]   Complete met5 (guide).
[INFO DRT-0036] FR_MASTERSLICE guide region query size = 0.
[INFO DRT-0036] FR_VIA guide region query size = 0.
[INFO DRT-0036] li1 guide region query size = 1360.
[INFO DRT-0036] mcon guide region query size = 0.
[INFO DRT-0036] met1 guide region query size = 1166.
[INFO DRT-0036] via guide region query size = 0.
[INFO DRT-0036] met2 guide region query size = 563.
[INFO DRT-0036] via2 guide region query size = 0.
[INFO DRT-0036] met3 guide region query size = 38.
[INFO DRT-0036] via3 guide region query size = 0.
[INFO DRT-0036] met4 guide region query size = 1.
[INFO DRT-0036] via4 guide region query size = 0.
[INFO DRT-0036] met5 guide region query size = 0.
[INFO DRT-0179] Init gr pin query.
[INFO DRT-0267] cpu time = 00:00:00, elapsed time = 00:00:00, memory = 208.89 (MB), peak = 208.89 (MB)
[INFO DRT-0245] skipped writing guide updates to database.
[INFO DRT-0181] Start track assignment.
[INFO DRT-0184] Done with 1924 vertical wires in 1 frboxes and 1204 horizontal wires in 1 frboxes.
[INFO DRT-0186] Done with 161 vertical wires in 1 frboxes and 282 horizontal wires in 1 frboxes.
[INFO DRT-0182] Complete track assignment.
[INFO DRT-0267] cpu time = 00:00:00, elapsed time = 00:00:00, memory = 213.14 (MB), peak = 213.14 (MB)
[INFO DRT-0187] Start routing data preparation.
[INFO DRT-0267] cpu time = 00:00:00, elapsed time = 00:00:00, memory = 213.14 (MB), peak = 213.14 (MB)
[INFO DRT-0194] Start detail routing.
[INFO DRT-0195] Start 0th optimization iteration.
    Completing 10% with 0 violations.
    elapsed time = 00:00:00, memory = 213.27 (MB).
    Completing 20% with 0 violations.
    elapsed time = 00:00:00, memory = 213.27 (MB).
    Completing 30% with 0 violations.
    elapsed time = 00:00:00, memory = 249.13 (MB).
    Completing 40% with 0 violations.
    elapsed time = 00:00:01, memory = 236.63 (MB).
    Completing 50% with 23 violations.
    elapsed time = 00:00:01, memory = 270.25 (MB).
    Completing 60% with 23 violations.
    elapsed time = 00:00:02, memory = 286.00 (MB).
    Completing 70% with 44 violations.
    elapsed time = 00:00:02, memory = 286.00 (MB).
    Completing 80% with 44 violations.
    elapsed time = 00:00:03, memory = 286.00 (MB).
    Completing 100% with 85 violations.
    elapsed time = 00:00:04, memory = 319.50 (MB).
[INFO DRT-0199]   Number of violations = 99.
Viol/Layer        met1   met2
Metal Spacing       16      4
Recheck             12      2
Short               58      7
[INFO DRT-0267] cpu time = 00:00:05, elapsed time = 00:00:04, memory = 665.63 (MB), peak = 665.63 (MB)
Total wire length = 9964 um.
Total wire length on LAYER li1 = 0 um.
Total wire length on LAYER met1 = 4678 um.
Total wire length on LAYER met2 = 4997 um.
Total wire length on LAYER met3 = 265 um.
Total wire length on LAYER met4 = 23 um.
Total wire length on LAYER met5 = 0 um.
Total number of vias = 3349.
Up-via summary (total 3349):

-----------------------
 FR_MASTERSLICE       0
            li1    1625
           met1    1678
           met2      44
           met3       2
           met4       0
-----------------------
               3349


[INFO DRT-0195] Start 1st optimization iteration.
    Completing 10% with 99 violations.
    elapsed time = 00:00:00, memory = 667.50 (MB).
    Completing 20% with 99 violations.
    elapsed time = 00:00:00, memory = 667.50 (MB).
    Completing 30% with 99 violations.
    elapsed time = 00:00:00, memory = 667.50 (MB).
    Completing 40% with 99 violations.
    elapsed time = 00:00:00, memory = 667.50 (MB).
    Completing 50% with 86 violations.
    elapsed time = 00:00:00, memory = 684.63 (MB).
    Completing 60% with 86 violations.
    elapsed time = 00:00:00, memory = 684.63 (MB).
    Completing 70% with 73 violations.
    elapsed time = 00:00:01, memory = 684.63 (MB).
    Completing 80% with 73 violations.
    elapsed time = 00:00:01, memory = 684.63 (MB).
    Completing 100% with 25 violations.
    elapsed time = 00:00:02, memory = 684.68 (MB).
[INFO DRT-0199]   Number of violations = 25.
Viol/Layer        met1   met2
Metal Spacing        4      2
Short               19      0
[INFO DRT-0267] cpu time = 00:00:03, elapsed time = 00:00:02, memory = 684.81 (MB), peak = 707.75 (MB)
Total wire length = 9916 um.
Total wire length on LAYER li1 = 0 um.
Total wire length on LAYER met1 = 4636 um.
Total wire length on LAYER met2 = 4998 um.
Total wire length on LAYER met3 = 258 um.
Total wire length on LAYER met4 = 23 um.
Total wire length on LAYER met5 = 0 um.
Total number of vias = 3346.
Up-via summary (total 3346):

-----------------------
 FR_MASTERSLICE       0
            li1    1626
           met1    1672
           met2      46
           met3       2
           met4       0
-----------------------
               3346


[INFO DRT-0195] Start 2nd optimization iteration.
    Completing 10% with 25 violations.
    elapsed time = 00:00:00, memory = 684.81 (MB).
    Completing 20% with 25 violations.
    elapsed time = 00:00:00, memory = 684.81 (MB).
    Completing 30% with 25 violations.
    elapsed time = 00:00:00, memory = 684.81 (MB).
    Completing 40% with 25 violations.
    elapsed time = 00:00:00, memory = 684.81 (MB).
    Completing 50% with 25 violations.
    elapsed time = 00:00:00, memory = 684.81 (MB).
    Completing 60% with 25 violations.
    elapsed time = 00:00:00, memory = 684.81 (MB).
    Completing 70% with 25 violations.
    elapsed time = 00:00:00, memory = 684.81 (MB).
    Completing 80% with 25 violations.
    elapsed time = 00:00:00, memory = 684.81 (MB).
    Completing 100% with 18 violations.
    elapsed time = 00:00:01, memory = 684.84 (MB).
[INFO DRT-0199]   Number of violations = 18.
Viol/Layer        met1
Metal Spacing        4
Short               14
[INFO DRT-0267] cpu time = 00:00:02, elapsed time = 00:00:01, memory = 684.84 (MB), peak = 709.43 (MB)
Total wire length = 9900 um.
Total wire length on LAYER li1 = 0 um.
Total wire length on LAYER met1 = 4616 um.
Total wire length on LAYER met2 = 5002 um.
Total wire length on LAYER met3 = 258 um.
Total wire length on LAYER met4 = 22 um.
Total wire length on LAYER met5 = 0 um.
Total number of vias = 3327.
Up-via summary (total 3327):

-----------------------
 FR_MASTERSLICE       0
            li1    1624
           met1    1656
           met2      45
           met3       2
           met4       0
-----------------------
               3327


[INFO DRT-0195] Start 3rd guides tiles iteration.
    Completing 20% with 18 violations.
    elapsed time = 00:00:00, memory = 684.84 (MB).
    Completing 40% with 18 violations.
    elapsed time = 00:00:00, memory = 684.84 (MB).
    Completing 60% with 18 violations.
    elapsed time = 00:00:00, memory = 684.84 (MB).
    Completing 80% with 0 violations.
    elapsed time = 00:00:00, memory = 684.84 (MB).
    Completing 100% with 0 violations.
    elapsed time = 00:00:00, memory = 684.84 (MB).
[INFO DRT-0199]   Number of violations = 0.
[INFO DRT-0267] cpu time = 00:00:00, elapsed time = 00:00:00, memory = 684.84 (MB), peak = 709.43 (MB)
Total wire length = 9893 um.
Total wire length on LAYER li1 = 0 um.
Total wire length on LAYER met1 = 4564 um.
Total wire length on LAYER met2 = 5003 um.
Total wire length on LAYER met3 = 302 um.
Total wire length on LAYER met4 = 22 um.
Total wire length on LAYER met5 = 0 um.
Total number of vias = 3341.
Up-via summary (total 3341):

-----------------------
 FR_MASTERSLICE       0
            li1    1624
           met1    1661
           met2      54
           met3       2
           met4       0
-----------------------
               3341


[INFO DRT-0198] Complete detail routing.
Total wire length = 9893 um.
Total wire length on LAYER li1 = 0 um.
Total wire length on LAYER met1 = 4564 um.
Total wire length on LAYER met2 = 5003 um.
Total wire length on LAYER met3 = 302 um.
Total wire length on LAYER met4 = 22 um.
Total wire length on LAYER met5 = 0 um.
Total number of vias = 3341.
Up-via summary (total 3341):

-----------------------
 FR_MASTERSLICE       0
            li1    1624
           met1    1661
           met2      54
           met3       2
           met4       0
-----------------------
               3341


[INFO DRT-0267] cpu time = 00:00:11, elapsed time = 00:00:08, memory = 684.84 (MB), peak = 709.43 (MB)

[INFO DRT-0180] Post processing.
Took 18 seconds: detailed_route -output_drc /home/harish_d1121/Spec_to_Tapeout-main/openroad_runs/p8/reports/sky130hd/fp16_multiplier/base/5_route_drc.rpt -output_maze /home/harish_d1121/Spec_to_Tapeout-main/openroad_runs/p8/results/sky130hd/fp16_multiplier/base/maze.log -droute_end_iter 64 -verbose 1 -drc_report_iter_step 5
[INFO GRT-0012] Found 0 antenna violations.
[INFO ANT-0002] Found 0 net violations.
[INFO ANT-0001] Found 0 pin violations.
[INFO ANT-0002] Found 0 net violations.
[INFO ANT-0001] Found 0 pin violations.
Design area 5021 um^2 40% utilization.
write_db /home/harish_d1121/Spec_to_Tapeout-main/openroad_runs/p8/results/sky130hd/fp16_multiplier/base/5_2_route.odb
Elapsed time: 0:18.44[h:]min:sec. CPU time: user 36.32 sys 0.34 (198%). Peak memory: 726460KB.
Log                        Elapsed/s Peak Memory/MB  sha1sum .odb [0:20)
5_2_route                         18            709 4b7ae44d96520f6bb414
