OpenROAD 26Q2-339-g0504146ce6 
Features included (+) or not (-): +GPU +GUI +Python
This program is licensed under the BSD-3 license. See the LICENSE file for details.
Components of this program may be licensed under more restrictive licenses which must be honored.
[INFO ORD-0030] Using 4 thread(s).
read_liberty /home/harish_d1121/OpenROAD-flow-scripts/flow/platforms/sky130hd/lib/sky130_fd_sc_hd__tt_025C_1v80.lib
read_db /home/harish_d1121/Spec_to_Tapeout-main/openroad_runs/p5/results/sky130hd/dot_product/base/3_4_place_resized.odb
read_sdc /home/harish_d1121/Spec_to_Tapeout-main/openroad_runs/p5/results/sky130hd/dot_product/base/2_floorplan.sdc
source /home/harish_d1121/OpenROAD-flow-scripts/flow/platforms/sky130hd/setRC.tcl
detailed_placement
[INFO DPL-0006] Core area: 143829.19 um^2, Instances area: 36125.90 um^2, Utilization: 25.1%
[INFO DPL-0005] Diamond search max displacement: +/- 500 sites horizontally, +/- 100 rows vertically.
[INFO DPL-1101] Legalizing using diamond search.
Movements Summary
---------------------------------------
Total cells:                    3561
Diamond Move Success:           3561 (100.00%)
Diamond Move Failure:              0
Rip-up and replace Success:        0 (  0.00% of diamond failures)
Rip-up and replace Failure:        0
Total Placement Failures:          0
---------------------------------------
Placement Analysis
---------------------------------
total displacement       5360.9 u
average displacement        1.0 u
max displacement            6.1 u
original HPWL           70703.8 u
legalized HPWL          74073.7 u
delta HPWL                    5 %

improve_placement -max_displacement "5 1"
Detailed placement improvement.
[INFO DPL-0401] Setting random seed to 1.
[INFO DPL-0402] Setting maximum displacement 5 1 to 13600 2720 units.
[INFO DPL-0320] Collected 2054 fixed cells.
[INFO DPL-0318] Collected 3561 single height cells.
[INFO DPL-0321] Collected 0 wide cells.
[INFO DPL-0322] Image (4140, 5440) - (384560, 383520)
[INFO DPL-0310] Assigned 3561 cells into segments.  Movement in X-direction is 0.000000, movement in Y-direction is 0.000000.
[INFO DPL-0313] Found 0 cells in wrong regions.
[INFO DPL-0315] Found 0 row alignment problems.
[INFO DPL-0314] Found 0 site alignment problems.
[INFO DPL-0311] Found 0 overlaps between adjacent cells.
[INFO DPL-0312] Found 0 edge spacing violations and 0 padding violations.
[INFO DPL-0303] Running algorithm for independent set matching.
[INFO DPL-0300] Set matching objective is wirelength.
[INFO DPL-0301] Pass   1 of matching; objective is 7.409670e+07.
[INFO DPL-0302] End of matching; objective is 7.406676e+07, improvement is 0.04 percent.
[INFO DPL-0303] Running algorithm for global swaps.
[INFO DPL-0306] Pass   1 of global swaps; hpwl is 7.284205e+07.
[INFO DPL-0306] Pass   2 of global swaps; hpwl is 7.263701e+07.
[INFO DPL-0307] End of global swaps; objective is 7.263701e+07, improvement is 1.93 percent.
[INFO DPL-0303] Running algorithm for vertical swaps.
[INFO DPL-0308] Pass   1 of vertical swaps; hpwl is 7.227003e+07.
[INFO DPL-0309] End of vertical swaps; objective is 7.227003e+07, improvement is 0.51 percent.
[INFO DPL-0303] Running algorithm for reordering.
[INFO DPL-0304] Pass   1 of reordering; objective is 7.223975e+07.
[INFO DPL-0305] End of reordering; objective is 7.223975e+07, improvement is 0.04 percent.
[INFO DPL-0303] Running algorithm for random improvement.
[INFO DPL-0324] Random improver is using random generator.
[INFO DPL-0325] Random improver is using hpwl objective.
[INFO DPL-0326] Random improver cost string is (a).
[INFO DPL-0332] End of pass, Generator random called 71220 times.
[INFO DPL-0335] Generator random, Cumulative attempts 71220, swaps 5432, moves 29250 since last reset.
[INFO DPL-0333] End of pass, Objective hpwl, Initial cost 7.141191e+07, Scratch cost 7.059061e+07, Incremental cost 7.059061e+07, Mismatch? N
[INFO DPL-0338] End of pass, Total cost is 7.059061e+07.
[INFO DPL-0327] Pass   1 of random improver; improvement in cost is 1.15 percent.
[INFO DPL-0332] End of pass, Generator random called 71220 times.
[INFO DPL-0335] Generator random, Cumulative attempts 142440, swaps 10741, moves 57874 since last reset.
[INFO DPL-0333] End of pass, Objective hpwl, Initial cost 7.059061e+07, Scratch cost 7.020178e+07, Incremental cost 7.020178e+07, Mismatch? N
[INFO DPL-0338] End of pass, Total cost is 7.020178e+07.
[INFO DPL-0327] Pass   2 of random improver; improvement in cost is 0.55 percent.
[INFO DPL-0328] End of random improver; improvement is 1.694579 percent.
[INFO DPL-0380] Cell flipping.
[INFO DPL-0382] Changed 0 cell orientations for row compatibility.
[INFO DPL-0383] Performed 1199 cell flips.
[INFO DPL-0384] End of flipping; objective is 6.936541e+07, improvement is 2.33 percent.
[INFO DPL-0313] Found 0 cells in wrong regions.
[INFO DPL-0315] Found 0 row alignment problems.
[INFO DPL-0314] Found 0 site alignment problems.
[INFO DPL-0311] Found 0 overlaps between adjacent cells.
[INFO DPL-0312] Found 0 edge spacing violations and 0 padding violations.
Detailed Improvement Results
------------------------------------------
Original HPWL            74073.7 u (   34266.8,    39806.9)
Final HPWL               69288.1 u (   31408.2,    37879.9)
Delta HPWL                  -6.5 % (      -8.3,       -4.8)

optimize_mirroring
[INFO DPL-0020] Mirrored 171 instances
[INFO DPL-0021] HPWL before           69288.1 u
[INFO DPL-0022] HPWL after            69247.5 u
[INFO DPL-0023] HPWL delta               -0.1 %
[INFO FLW-0012] Placement violations .
estimate_parasitics -placement
Report metrics stage 3, detailed place...

==========================================================================
detailed place report_design_area
--------------------------------------------------------------------------
Design area 36126 um^2 25% utilization.
write_db /home/harish_d1121/Spec_to_Tapeout-main/openroad_runs/p5/results/sky130hd/dot_product/base/3_5_place_dp.odb
Elapsed time: 0:01.40[h:]min:sec. CPU time: user 1.49 sys 0.18 (118%). Peak memory: 149704KB.
Log                        Elapsed/s Peak Memory/MB  sha1sum .odb [0:20)
3_5_place_dp                       1            146 d73282b085a5578fdc7c
