OpenROAD 26Q2-339-g0504146ce6 
Features included (+) or not (-): +GPU +GUI +Python
This program is licensed under the BSD-3 license. See the LICENSE file for details.
Components of this program may be licensed under more restrictive licenses which must be honored.
[INFO ORD-0030] Using 4 thread(s).
read_liberty /home/harish_d1121/OpenROAD-flow-scripts/flow/platforms/sky130hd/lib/sky130_fd_sc_hd__tt_025C_1v80.lib
read_db /home/harish_d1121/Spec_to_Tapeout-main/openroad_runs/p5/results/sky130hd/dot_product/base/4_cts.odb
read_sdc /home/harish_d1121/Spec_to_Tapeout-main/openroad_runs/p5/results/sky130hd/dot_product/base/4_cts.sdc
source /home/harish_d1121/OpenROAD-flow-scripts/flow/platforms/sky130hd/setRC.tcl
pin_access
[INFO DRT-0149] Reading tech and libs.
[WARNING DRT-0349] LEF58_ENCLOSURE with no CUTCLASS is not supported. Skipping for layer mcon
[WARNING DRT-0349] LEF58_ENCLOSURE with no CUTCLASS is not supported. Skipping for layer mcon
[WARNING DRT-0349] LEF58_ENCLOSURE with no CUTCLASS is not supported. Skipping for layer via
[WARNING DRT-0349] LEF58_ENCLOSURE with no CUTCLASS is not supported. Skipping for layer via
[WARNING DRT-0349] LEF58_ENCLOSURE with no CUTCLASS is not supported. Skipping for layer via2
[WARNING DRT-0349] LEF58_ENCLOSURE with no CUTCLASS is not supported. Skipping for layer via2
[WARNING DRT-0349] LEF58_ENCLOSURE with no CUTCLASS is not supported. Skipping for layer via3
[WARNING DRT-0349] LEF58_ENCLOSURE with no CUTCLASS is not supported. Skipping for layer via3
[WARNING DRT-0349] LEF58_ENCLOSURE with no CUTCLASS is not supported. Skipping for layer via4
[WARNING DRT-0349] LEF58_ENCLOSURE with no CUTCLASS is not supported. Skipping for layer via4

Units:                1000
Number of layers:     13
Number of macros:     441
Number of vias:       29
Number of viarulegen: 25

[INFO DRT-0150] Reading design.
[WARNING DRT-0120] Large net net949 has 111 pins which may impact routing performance. Consider optimization.

Design:                   dot_product
Die area:                 ( 0 0 ) ( 388980 388980 )
Number of track patterns: 12
Number of DEF vias:       0
Number of components:     5515
Number of terminals:      153
Number of snets:          2
Number of nets:           4564

[INFO DRT-0167] List of default vias:
  Layer via
    default via: M1M2_PR
  Layer via2
    default via: M2M3_PR
  Layer via3
    default via: M3M4_PR
  Layer via4
    default via: M4M5_PR
[INFO DRT-0162] Library cell analysis.
[INFO DRT-0163] Instance analysis.
[INFO DRT-0164] Number of unique instances = 142.
[INFO DRT-0168] Init region query.
[INFO DRT-0024]   Complete FR_MASTERSLICE.
[INFO DRT-0024]   Complete Fr_VIA.
[INFO DRT-0024]   Complete li1.
[INFO DRT-0024]   Complete mcon.
[INFO DRT-0024]   Complete met1.
[INFO DRT-0024]   Complete via.
[INFO DRT-0024]   Complete met2.
[INFO DRT-0024]   Complete via2.
[INFO DRT-0024]   Complete met3.
[INFO DRT-0024]   Complete via3.
[INFO DRT-0024]   Complete met4.
[INFO DRT-0024]   Complete via4.
[INFO DRT-0024]   Complete met5.
[INFO DRT-0033] FR_MASTERSLICE shape region query size = 0.
[INFO DRT-0033] FR_VIA shape region query size = 0.
[INFO DRT-0033] li1 shape region query size = 112857.
[INFO DRT-0033] mcon shape region query size = 65732.
[INFO DRT-0033] met1 shape region query size = 24949.
[INFO DRT-0033] via shape region query size = 9800.
[INFO DRT-0033] met2 shape region query size = 5962.
[INFO DRT-0033] via2 shape region query size = 7840.
[INFO DRT-0033] met3 shape region query size = 5949.
[INFO DRT-0033] via3 shape region query size = 7840.
[INFO DRT-0033] met4 shape region query size = 2366.
[INFO DRT-0033] via4 shape region query size = 378.
[INFO DRT-0033] met5 shape region query size = 432.
[INFO DRT-0165] Start pin access.
[INFO DRT-0076]   Complete 1000 pins.
[INFO DRT-0078]   Complete 1070 pins.
[INFO DRT-0079]   Complete 100 unique inst patterns.
[INFO DRT-0081]   Complete 142 unique inst patterns.
[INFO DRT-0084]   Complete 2747 groups.
#scanned instances     = 5515
#unique  instances     = 142
#stdCellGenAp          = 4873
#stdCellValidPlanarAp  = 66
#stdCellValidViaAp     = 2938
#stdCellPinNoAp        = 10
#stdCellPinCnt         = 11516
#instTermValidViaApCnt = 0
#macroGenAp            = 0
#macroValidPlanarAp    = 0
#macroValidViaAp       = 0
#macroNoAp             = 0
[INFO DRT-0166] Complete pin access.
[INFO DRT-0267] cpu time = 00:01:11, elapsed time = 00:00:17, memory = 151.82 (MB), peak = 151.82 (MB)
Took 18 seconds: pin_access
global_route -congestion_report_file /home/harish_d1121/Spec_to_Tapeout-main/openroad_runs/p5/reports/sky130hd/dot_product/base/congestion.rpt -congestion_iterations 30 -congestion_report_iter_step 5 -verbose
[INFO GRT-0020] Min routing layer: met1
[INFO GRT-0021] Max routing layer: met5
[INFO GRT-0022] Global adjustment: 0%
[INFO GRT-0023] Grid origin: (0, 0)
[INFO GRT-0088] Layer li1     Track-Pitch = 0.4600  line-2-Via Pitch: 0.3400
[INFO GRT-0088] Layer met1    Track-Pitch = 0.3400  line-2-Via Pitch: 0.3400
[INFO GRT-0088] Layer met2    Track-Pitch = 0.4600  line-2-Via Pitch: 0.3500
[INFO GRT-0088] Layer met3    Track-Pitch = 0.6800  line-2-Via Pitch: 0.6150
[INFO GRT-0088] Layer met4    Track-Pitch = 0.9200  line-2-Via Pitch: 1.0400
[INFO GRT-0088] Layer met5    Track-Pitch = 3.4000  line-2-Via Pitch: 3.1100
[INFO GRT-0003] Macros: 0
[INFO GRT-0004] Blockages: 5510
[INFO GRT-0019] Found 18 clock nets.
[INFO GRT-0001] Minimum degree: 2
[INFO GRT-0002] Maximum degree: 111

[INFO GRT-0053] Routing resources analysis:
          Routing      Original      Derated      Resource
Layer     Direction    Resources     Resources    Reduction (%)
---------------------------------------------------------------
li1        Vertical            0             0          0.00%
met1       Horizontal      42767         33139          22.51%
met2       Vertical        40151         30856          23.15%
met3       Horizontal      29489         23050          21.84%
met4       Vertical        19885         14651          26.32%
met5       Horizontal       4565          3135          31.33%
---------------------------------------------------------------

[INFO GRT-0197] Via related to pin nodes: 18615
[INFO GRT-0198] Via related Steiner nodes: 205
[INFO GRT-0199] Via filling finished.
[INFO GRT-0111] Final number of vias: 23070
[INFO GRT-0112] Final usage 3D: 80898

[INFO GRT-0096] Final congestion report:
Layer         Resource        Demand        Usage (%)    Max H / Max V / Total Overflow
---------------------------------------------------------------------------------------
li1                  0             0            0.00%             0 /  0 /  0
met1             33139          5352           16.15%             0 /  0 /  0
met2             30856          5881           19.06%             0 /  0 /  0
met3             23050           367            1.59%             0 /  0 /  0
met4             14651            88            0.60%             0 /  0 /  0
met5              3135             0            0.00%             0 /  0 /  0
---------------------------------------------------------------------------------------
Total           104831         11688           11.15%             0 /  0 /  0

[INFO GRT-0018] Total wirelength: 129471 um
[INFO GRT-0014] Routed nets: 4553
[INFO GRT-0303] Global routing runtime = 00:00:00
estimate_parasitics -global_routing
Perform buffer insertion and gate resizing...
repair_design -verbose
Iteration |   Area    | Resized | Buffers | Nets repaired | Remaining
---------------------------------------------------------------------
        0 |     +0.0% |       0 |       0 |             0 |      4578
       10 |     +0.0% |       0 |       0 |             0 |      4568
       20 |     +0.0% |       0 |       0 |             0 |      4558
       30 |     +0.0% |       0 |       0 |             0 |      4548
       40 |     +0.0% |       0 |       0 |             0 |      4538
       50 |     +0.0% |       0 |       0 |             0 |      4528
       60 |     +0.0% |       0 |       0 |             0 |      4518
       70 |     +0.0% |       0 |       0 |             0 |      4508
       80 |     +0.0% |       0 |       0 |             0 |      4498
       90 |     +0.0% |       0 |       0 |             0 |      4488
      100 |     +0.0% |       0 |       0 |             0 |      4478
      110 |     +0.0% |       0 |       0 |             0 |      4468
      120 |     +0.0% |       0 |       0 |             0 |      4458
      130 |     +0.0% |       0 |       0 |             0 |      4448
      140 |     +0.0% |       0 |       0 |             0 |      4438
      150 |     +0.0% |       0 |       0 |             0 |      4428
      160 |     +0.0% |       0 |       0 |             0 |      4418
      170 |     +0.0% |       0 |       0 |             0 |      4408
      180 |     +0.0% |       0 |       0 |             0 |      4398
      190 |     +0.0% |       0 |       0 |             0 |      4388
      200 |     +0.0% |       0 |       0 |             0 |      4378
      210 |     +0.0% |       0 |       0 |             0 |      4368
      220 |     +0.0% |       0 |       0 |             0 |      4358
      230 |     +0.0% |       0 |       0 |             0 |      4348
      240 |     +0.0% |       0 |       0 |             0 |      4338
      250 |     +0.0% |       0 |       0 |             0 |      4328
      260 |     +0.0% |       0 |       0 |             0 |      4318
      270 |     +0.0% |       0 |       0 |             0 |      4308
      280 |     +0.0% |       0 |       0 |             0 |      4298
      290 |     +0.0% |       0 |       0 |             0 |      4288
      300 |     +0.0% |       0 |       0 |             0 |      4278
      310 |     +0.0% |       0 |       0 |             0 |      4268
      320 |     +0.0% |       0 |       0 |             0 |      4258
      330 |     +0.0% |       0 |       0 |             0 |      4248
      340 |     +0.0% |       0 |       0 |             0 |      4238
      350 |     +0.0% |       0 |       0 |             0 |      4228
      360 |     +0.0% |       0 |       0 |             0 |      4218
      370 |     +0.0% |       0 |       0 |             0 |      4208
      380 |     +0.0% |       0 |       0 |             0 |      4198
      390 |     +0.0% |       0 |       0 |             0 |      4188
      400 |     +0.0% |       0 |       0 |             0 |      4178
      410 |     +0.0% |       0 |       0 |             0 |      4168
      420 |     +0.0% |       0 |       0 |             0 |      4158
      430 |     +0.0% |       0 |       0 |             0 |      4148
      440 |     +0.0% |       0 |       0 |             0 |      4138
      450 |     +0.0% |       0 |       0 |             0 |      4128
      460 |     +0.0% |       0 |       0 |             0 |      4118
      470 |     +0.0% |       0 |       0 |             0 |      4108
      480 |     +0.0% |       0 |       0 |             0 |      4098
      490 |     +0.0% |       0 |       0 |             0 |      4088
      500 |     +0.0% |       0 |       0 |             0 |      4078
      510 |     +0.0% |       0 |       0 |             0 |      4068
      520 |     +0.0% |       0 |       0 |             0 |      4058
      530 |     +0.0% |       0 |       0 |             0 |      4048
      540 |     +0.0% |       0 |       0 |             0 |      4038
      550 |     +0.0% |       0 |       0 |             0 |      4028
      560 |     +0.0% |       0 |       0 |             0 |      4018
      570 |     +0.0% |       0 |       0 |             0 |      4008
      580 |     +0.0% |       0 |       0 |             0 |      3998
      590 |     +0.0% |       0 |       0 |             0 |      3988
      600 |     +0.0% |       0 |       0 |             0 |      3978
      610 |     +0.0% |       0 |       0 |             0 |      3968
      620 |     +0.0% |       0 |       0 |             0 |      3958
      630 |     +0.0% |       0 |       0 |             0 |      3948
      640 |     +0.0% |       0 |       0 |             0 |      3938
      650 |     +0.0% |       0 |       0 |             0 |      3928
      660 |     +0.0% |       0 |       0 |             0 |      3918
      670 |     +0.0% |       0 |       0 |             0 |      3908
      680 |     +0.0% |       0 |       0 |             0 |      3898
      690 |     +0.0% |       0 |       0 |             0 |      3888
      700 |     +0.0% |       0 |       0 |             0 |      3878
      710 |     +0.0% |       0 |       0 |             0 |      3868
      720 |     +0.0% |       0 |       0 |             0 |      3858
      730 |     +0.0% |       0 |       0 |             0 |      3848
      740 |     +0.0% |       0 |       0 |             0 |      3838
      750 |     +0.0% |       0 |       0 |             0 |      3828
      760 |     +0.0% |       0 |       0 |             0 |      3818
      770 |     +0.0% |       0 |       0 |             0 |      3808
      780 |     +0.0% |       0 |       0 |             0 |      3798
      790 |     +0.0% |       0 |       0 |             0 |      3788
      800 |     +0.0% |       0 |       0 |             0 |      3778
      810 |     +0.0% |       0 |       0 |             0 |      3768
      820 |     +0.0% |       0 |       0 |             0 |      3758
      830 |     +0.0% |       0 |       0 |             0 |      3748
      840 |     +0.0% |       0 |       0 |             0 |      3738
      850 |     +0.0% |       0 |       0 |             0 |      3728
      860 |     +0.0% |       0 |       0 |             0 |      3718
      870 |     +0.0% |       0 |       0 |             0 |      3708
      880 |     +0.0% |       0 |       0 |             0 |      3698
      890 |     +0.0% |       0 |       0 |             0 |      3688
      900 |     +0.0% |       0 |       0 |             0 |      3678
      910 |     +0.0% |       0 |       0 |             0 |      3668
      920 |     +0.0% |       0 |       0 |             0 |      3658
      930 |     +0.0% |       0 |       0 |             0 |      3648
      940 |     +0.0% |       0 |       0 |             0 |      3638
      950 |     +0.0% |       0 |       0 |             0 |      3628
      960 |     +0.0% |       0 |       0 |             0 |      3618
      970 |     +0.0% |       0 |       0 |             0 |      3608
      980 |     +0.0% |       0 |       0 |             0 |      3598
      990 |     +0.0% |       0 |       0 |             0 |      3588
     1000 |     +0.0% |       0 |       0 |             0 |      3578
     1010 |     +0.0% |       0 |       0 |             0 |      3568
     1020 |     +0.0% |       0 |       0 |             0 |      3558
     1030 |     +0.0% |       0 |       0 |             0 |      3548
     1040 |     +0.0% |       0 |       0 |             0 |      3538
     1050 |     +0.0% |       0 |       0 |             0 |      3528
     1060 |     +0.0% |       0 |       0 |             0 |      3518
     1070 |     +0.0% |       0 |       0 |             0 |      3508
     1080 |     +0.0% |       0 |       0 |             0 |      3498
     1090 |     +0.0% |       0 |       0 |             0 |      3488
     1100 |     +0.0% |       0 |       0 |             0 |      3478
     1110 |     +0.0% |       0 |       0 |             0 |      3468
     1120 |     +0.0% |       0 |       0 |             0 |      3458
     1130 |     +0.0% |       0 |       0 |             0 |      3448
     1140 |     +0.0% |       0 |       0 |             0 |      3438
     1150 |     +0.0% |       0 |       0 |             0 |      3428
     1160 |     +0.0% |       0 |       0 |             0 |      3418
     1170 |     +0.0% |       0 |       0 |             0 |      3408
     1180 |     +0.0% |       0 |       0 |             0 |      3398
     1190 |     +0.0% |       0 |       0 |             0 |      3388
     1200 |     +0.0% |       0 |       0 |             0 |      3378
     1210 |     +0.0% |       0 |       0 |             0 |      3368
     1220 |     +0.0% |       0 |       0 |             0 |      3358
     1230 |     +0.0% |       0 |       0 |             0 |      3348
     1240 |     +0.0% |       0 |       0 |             0 |      3338
     1250 |     +0.0% |       0 |       0 |             0 |      3328
     1260 |     +0.0% |       0 |       0 |             0 |      3318
     1270 |     +0.0% |       0 |       0 |             0 |      3308
     1280 |     +0.0% |       0 |       0 |             0 |      3298
     1290 |     +0.0% |       0 |       0 |             0 |      3288
     1300 |     +0.0% |       0 |       0 |             0 |      3278
     1310 |     +0.0% |       0 |       0 |             0 |      3268
     1320 |     +0.0% |       0 |       0 |             0 |      3258
     1330 |     +0.0% |       0 |       0 |             0 |      3248
     1340 |     +0.0% |       0 |       0 |             0 |      3238
     1350 |     +0.0% |       0 |       0 |             0 |      3228
     1360 |     +0.0% |       0 |       0 |             0 |      3218
     1370 |     +0.0% |       0 |       0 |             0 |      3208
     1380 |     +0.0% |       0 |       0 |             0 |      3198
     1390 |     +0.0% |       0 |       0 |             0 |      3188
     1400 |     +0.0% |       0 |       0 |             0 |      3178
     1410 |     +0.0% |       0 |       0 |             0 |      3168
[WARNING RSZ-0104] Net _0359_ only has one pin. Check if it is intended to be dangling.
     1420 |     +0.0% |       0 |       0 |             0 |      3158
[WARNING RSZ-0104] Net _4282_ only has one pin. Check if it is intended to be dangling.
     1430 |     +0.0% |       0 |       0 |             0 |      3148
     1440 |     +0.0% |       0 |       0 |             0 |      3138
     1450 |     +0.0% |       0 |       0 |             0 |      3128
     1460 |     +0.0% |       0 |       0 |             0 |      3118
     1470 |     +0.0% |       0 |       0 |             0 |      3108
     1480 |     +0.0% |       0 |       0 |             0 |      3098
     1490 |     +0.0% |       0 |       0 |             0 |      3088
     1500 |     +0.0% |       0 |       0 |             0 |      3078
     1510 |     +0.0% |       0 |       0 |             0 |      3068
     1520 |     +0.0% |       0 |       0 |             0 |      3058
     1530 |     +0.0% |       0 |       0 |             0 |      3048
     1540 |     +0.0% |       0 |       0 |             0 |      3038
     1550 |     +0.0% |       0 |       0 |             0 |      3028
     1560 |     +0.0% |       0 |       0 |             0 |      3018
     1570 |     +0.0% |       0 |       0 |             0 |      3008
     1580 |     +0.0% |       0 |       0 |             0 |      2998
     1590 |     +0.0% |       0 |       0 |             0 |      2988
     1600 |     +0.0% |       0 |       0 |             0 |      2978
     1610 |     +0.0% |       0 |       0 |             0 |      2968
     1620 |     +0.0% |       0 |       0 |             0 |      2958
     1630 |     +0.0% |       0 |       0 |             0 |      2948
     1640 |     +0.0% |       0 |       0 |             0 |      2938
     1650 |     +0.0% |       0 |       0 |             0 |      2928
     1660 |     +0.0% |       0 |       0 |             0 |      2918
[WARNING RSZ-0104] Net _6081_ only has one pin. Check if it is intended to be dangling.
     1670 |     +0.0% |       0 |       0 |             0 |      2908
[WARNING RSZ-0104] Net _6077_ only has one pin. Check if it is intended to be dangling.
     1680 |     +0.0% |       0 |       0 |             0 |      2898
     1690 |     +0.0% |       0 |       0 |             0 |      2888
     1700 |     +0.0% |       0 |       0 |             0 |      2878
     1710 |     +0.0% |       0 |       0 |             0 |      2868
     1720 |     +0.0% |       0 |       0 |             0 |      2858
     1730 |     +0.0% |       0 |       0 |             0 |      2848
     1740 |     +0.0% |       0 |       0 |             0 |      2838
     1750 |     +0.0% |       0 |       0 |             0 |      2828
     1760 |     +0.0% |       0 |       0 |             0 |      2818
     1770 |     +0.0% |       0 |       0 |             0 |      2808
     1780 |     +0.0% |       0 |       0 |             0 |      2798
     1790 |     +0.0% |       0 |       0 |             0 |      2788
     1800 |     +0.0% |       0 |       0 |             0 |      2778
     1810 |     +0.0% |       0 |       0 |             0 |      2768
[WARNING RSZ-0104] Net _6133_ only has one pin. Check if it is intended to be dangling.
     1820 |     +0.0% |       0 |       0 |             0 |      2758
[WARNING RSZ-0104] Net _6124_ only has one pin. Check if it is intended to be dangling.
     1830 |     +0.0% |       0 |       0 |             0 |      2748
[WARNING RSZ-0104] Net _6115_ only has one pin. Check if it is intended to be dangling.
     1840 |     +0.0% |       0 |       0 |             0 |      2738
[WARNING RSZ-0104] Net _6108_ only has one pin. Check if it is intended to be dangling.
     1850 |     +0.0% |       0 |       0 |             0 |      2728
     1860 |     +0.0% |       0 |       0 |             0 |      2718
     1870 |     +0.0% |       0 |       0 |             0 |      2708
     1880 |     +0.0% |       0 |       0 |             0 |      2698
     1890 |     +0.0% |       0 |       0 |             0 |      2688
     1900 |     +0.0% |       0 |       0 |             0 |      2678
     1910 |     +0.0% |       0 |       0 |             0 |      2668
     1920 |     +0.0% |       0 |       0 |             0 |      2658
     1930 |     +0.0% |       0 |       0 |             0 |      2648
     1940 |     +0.0% |       0 |       0 |             0 |      2638
     1950 |     +0.0% |       0 |       0 |             0 |      2628
     1960 |     +0.0% |       0 |       0 |             0 |      2618
     1970 |     +0.0% |       0 |       0 |             0 |      2608
     1980 |     +0.0% |       0 |       0 |             0 |      2598
     1990 |     +0.0% |       0 |       0 |             0 |      2588
     2000 |     +0.0% |       0 |       0 |             0 |      2578
     2010 |     +0.0% |       0 |       0 |             0 |      2568
     2020 |     +0.0% |       0 |       0 |             0 |      2558
     2030 |     +0.0% |       0 |       0 |             0 |      2548
     2040 |     +0.0% |       0 |       0 |             0 |      2538
     2050 |     +0.0% |       0 |       0 |             0 |      2528
     2060 |     +0.0% |       0 |       0 |             0 |      2518
     2070 |     +0.0% |       0 |       0 |             0 |      2508
     2080 |     +0.0% |       0 |       0 |             0 |      2498
     2090 |     +0.0% |       0 |       0 |             0 |      2488
     2100 |     +0.0% |       0 |       0 |             0 |      2478
     2110 |     +0.0% |       0 |       0 |             0 |      2468
     2120 |     +0.0% |       0 |       0 |             0 |      2458
     2130 |     +0.0% |       0 |       0 |             0 |      2448
     2140 |     +0.0% |       0 |       0 |             0 |      2438
     2150 |     +0.0% |       0 |       0 |             0 |      2428
[WARNING RSZ-0104] Net _6099_ only has one pin. Check if it is intended to be dangling.
[WARNING RSZ-0104] Net _6090_ only has one pin. Check if it is intended to be dangling.
     2160 |     +0.0% |       0 |       0 |             0 |      2418
     2170 |     +0.0% |       0 |       0 |             0 |      2408
     2180 |     +0.0% |       0 |       0 |             0 |      2398
     2190 |     +0.0% |       0 |       0 |             0 |      2388
     2200 |     +0.0% |       0 |       0 |             0 |      2378
     2210 |     +0.0% |       0 |       0 |             0 |      2368
     2220 |     +0.0% |       0 |       0 |             0 |      2358
     2230 |     +0.0% |       0 |       0 |             0 |      2348
     2240 |     +0.0% |       0 |       0 |             0 |      2338
     2250 |     +0.0% |       0 |       0 |             0 |      2328
     2260 |     +0.0% |       0 |       0 |             0 |      2318
     2270 |     +0.0% |       0 |       0 |             0 |      2308
     2280 |     +0.0% |       0 |       0 |             0 |      2298
     2290 |     +0.0% |       0 |       0 |             0 |      2288
     2300 |     +0.0% |       0 |       0 |             0 |      2278
     2310 |     +0.0% |       0 |       0 |             0 |      2268
     2320 |     +0.0% |       0 |       0 |             0 |      2258
     2330 |     +0.0% |       0 |       0 |             0 |      2248
     2340 |     +0.0% |       0 |       0 |             0 |      2238
     2350 |     +0.0% |       0 |       0 |             0 |      2228
     2360 |     +0.0% |       0 |       0 |             0 |      2218
     2370 |     +0.0% |       0 |       0 |             0 |      2208
     2380 |     +0.0% |       0 |       0 |             0 |      2198
     2390 |     +0.0% |       0 |       0 |             0 |      2188
     2400 |     +0.0% |       0 |       0 |             0 |      2178
     2410 |     +0.0% |       0 |       0 |             0 |      2168
     2420 |     +0.0% |       0 |       0 |             0 |      2158
     2430 |     +0.0% |       0 |       0 |             0 |      2148
     2440 |     +0.0% |       0 |       0 |             0 |      2138
     2450 |     +0.0% |       0 |       0 |             0 |      2128
     2460 |     +0.0% |       0 |       0 |             0 |      2118
     2470 |     +0.0% |       0 |       0 |             0 |      2108
     2480 |     +0.0% |       0 |       0 |             0 |      2098
     2490 |     +0.0% |       0 |       0 |             0 |      2088
     2500 |     +0.0% |       0 |       0 |             0 |      2078
     2510 |     +0.0% |       0 |       0 |             0 |      2068
[WARNING RSZ-0104] Net _6089_ only has one pin. Check if it is intended to be dangling.
     2520 |     +0.0% |       0 |       0 |             0 |      2058
     2530 |     +0.0% |       0 |       0 |             0 |      2048
     2540 |     +0.0% |       0 |       0 |             0 |      2038
     2550 |     +0.0% |       0 |       0 |             0 |      2028
     2560 |     +0.0% |       0 |       0 |             0 |      2018
     2570 |     +0.0% |       0 |       0 |             0 |      2008
     2580 |     +0.0% |       0 |       0 |             0 |      1998
     2590 |     +0.0% |       0 |       0 |             0 |      1988
     2600 |     +0.0% |       0 |       0 |             0 |      1978
     2610 |     +0.0% |       0 |       0 |             0 |      1968
     2620 |     +0.0% |       0 |       0 |             0 |      1958
     2630 |     +0.0% |       0 |       0 |             0 |      1948
     2640 |     +0.0% |       0 |       0 |             0 |      1938
     2650 |     +0.0% |       0 |       0 |             0 |      1928
     2660 |     +0.0% |       0 |       0 |             0 |      1918
     2670 |     +0.0% |       0 |       0 |             0 |      1908
     2680 |     +0.0% |       0 |       0 |             0 |      1898
     2690 |     +0.0% |       0 |       0 |             0 |      1888
     2700 |     +0.0% |       0 |       0 |             0 |      1878
     2710 |     +0.0% |       0 |       0 |             0 |      1868
     2720 |     +0.0% |       0 |       0 |             0 |      1858
     2730 |     +0.0% |       0 |       0 |             0 |      1848
     2740 |     +0.0% |       0 |       0 |             0 |      1838
     2750 |     +0.0% |       0 |       0 |             0 |      1828
     2760 |     +0.0% |       0 |       0 |             0 |      1818
     2770 |     +0.0% |       0 |       0 |             0 |      1808
     2780 |     +0.0% |       0 |       0 |             0 |      1798
     2790 |     +0.0% |       0 |       0 |             0 |      1788
     2800 |     +0.0% |       0 |       0 |             0 |      1778
     2810 |     +0.0% |       0 |       0 |             0 |      1768
     2820 |     +0.0% |       0 |       0 |             0 |      1758
     2830 |     +0.0% |       0 |       0 |             0 |      1748
     2840 |     +0.0% |       0 |       0 |             0 |      1738
     2850 |     +0.0% |       0 |       0 |             0 |      1728
     2860 |     +0.0% |       0 |       0 |             0 |      1718
     2870 |     +0.0% |       0 |       0 |             0 |      1708
     2880 |     +0.0% |       0 |       0 |             0 |      1698
     2890 |     +0.0% |       0 |       0 |             0 |      1688
     2900 |     +0.0% |       0 |       0 |             0 |      1678
     2910 |     +0.0% |       0 |       0 |             0 |      1668
     2920 |     +0.0% |       0 |       0 |             0 |      1658
     2930 |     +0.0% |       0 |       0 |             0 |      1648
     2940 |     +0.0% |       0 |       0 |             0 |      1638
     2950 |     +0.0% |       0 |       0 |             0 |      1628
     2960 |     +0.0% |       0 |       0 |             0 |      1618
     2970 |     +0.0% |       0 |       0 |             0 |      1608
     2980 |     +0.0% |       0 |       0 |             0 |      1598
     2990 |     +0.0% |       0 |       0 |             0 |      1588
     3000 |     +0.0% |       0 |       0 |             0 |      1578
     3010 |     +0.0% |       0 |       0 |             0 |      1568
     3020 |     +0.0% |       0 |       0 |             0 |      1558
     3030 |     +0.0% |       0 |       0 |             0 |      1548
     3040 |     +0.0% |       0 |       0 |             0 |      1538
     3050 |     +0.0% |       0 |       0 |             0 |      1528
     3060 |     +0.0% |       0 |       0 |             0 |      1518
     3070 |     +0.0% |       0 |       0 |             0 |      1508
     3080 |     +0.0% |       0 |       0 |             0 |      1498
     3090 |     +0.0% |       0 |       0 |             0 |      1488
     3100 |     +0.0% |       0 |       0 |             0 |      1478
     3110 |     +0.0% |       0 |       0 |             0 |      1468
     3120 |     +0.0% |       0 |       0 |             0 |      1458
     3130 |     +0.0% |       0 |       0 |             0 |      1448
     3140 |     +0.0% |       0 |       0 |             0 |      1438
     3150 |     +0.0% |       0 |       0 |             0 |      1428
     3160 |     +0.0% |       0 |       0 |             0 |      1418
     3170 |     +0.0% |       0 |       0 |             0 |      1408
     3180 |     +0.0% |       0 |       0 |             0 |      1398
     3190 |     +0.0% |       0 |       0 |             0 |      1388
     3200 |     +0.0% |       0 |       0 |             0 |      1378
     3210 |     +0.0% |       0 |       0 |             0 |      1368
     3220 |     +0.0% |       0 |       0 |             0 |      1358
     3230 |     +0.0% |       0 |       0 |             0 |      1348
     3240 |     +0.0% |       0 |       0 |             0 |      1338
     3250 |     +0.0% |       0 |       0 |             0 |      1328
     3260 |     +0.0% |       0 |       0 |             0 |      1318
     3270 |     +0.0% |       0 |       0 |             0 |      1308
     3280 |     +0.0% |       0 |       0 |             0 |      1298
     3290 |     +0.0% |       0 |       0 |             0 |      1288
     3300 |     +0.0% |       0 |       0 |             0 |      1278
     3310 |     +0.0% |       0 |       0 |             0 |      1268
     3320 |     +0.0% |       0 |       0 |             0 |      1258
     3330 |     +0.0% |       0 |       0 |             0 |      1248
     3340 |     +0.0% |       0 |       0 |             0 |      1238
     3350 |     +0.0% |       0 |       0 |             0 |      1228
     3360 |     +0.0% |       0 |       0 |             0 |      1218
     3370 |     +0.0% |       0 |       0 |             0 |      1208
     3380 |     +0.0% |       0 |       0 |             0 |      1198
     3390 |     +0.0% |       0 |       0 |             0 |      1188
     3400 |     +0.0% |       0 |       0 |             0 |      1178
     3410 |     +0.0% |       0 |       0 |             0 |      1168
     3420 |     +0.0% |       0 |       0 |             0 |      1158
     3430 |     +0.0% |       0 |       0 |             0 |      1148
     3440 |     +0.0% |       0 |       0 |             0 |      1138
     3450 |     +0.0% |       0 |       0 |             0 |      1128
     3460 |     +0.0% |       0 |       0 |             0 |      1118
     3470 |     +0.0% |       0 |       0 |             0 |      1108
     3480 |     +0.0% |       0 |       0 |             0 |      1098
     3490 |     +0.0% |       0 |       0 |             0 |      1088
     3500 |     +0.0% |       0 |       0 |             0 |      1078
     3510 |     +0.0% |       0 |       0 |             0 |      1068
     3520 |     +0.0% |       0 |       0 |             0 |      1058
     3530 |     +0.0% |       0 |       0 |             0 |      1048
     3540 |     +0.0% |       0 |       0 |             0 |      1038
     3550 |     +0.0% |       0 |       0 |             0 |      1028
     3560 |     +0.0% |       0 |       0 |             0 |      1018
     3570 |     +0.0% |       0 |       0 |             0 |      1008
     3580 |     +0.0% |       0 |       0 |             0 |       998
     3590 |     +0.0% |       0 |       0 |             0 |       988
     3600 |     +0.0% |       0 |       0 |             0 |       978
     3610 |     +0.0% |       0 |       0 |             0 |       968
     3620 |     +0.0% |       0 |       0 |             0 |       958
     3630 |     +0.0% |       0 |       0 |             0 |       948
     3640 |     +0.0% |       0 |       0 |             0 |       938
     3650 |     +0.0% |       0 |       0 |             0 |       928
     3660 |     +0.0% |       0 |       0 |             0 |       918
     3670 |     +0.0% |       0 |       0 |             0 |       908
     3680 |     +0.0% |       0 |       0 |             0 |       898
     3690 |     +0.0% |       0 |       0 |             0 |       888
     3700 |     +0.0% |       0 |       0 |             0 |       878
     3710 |     +0.0% |       0 |       0 |             0 |       868
     3720 |     +0.0% |       0 |       0 |             0 |       858
     3730 |     +0.0% |       0 |       0 |             0 |       848
     3740 |     +0.0% |       0 |       0 |             0 |       838
     3750 |     +0.0% |       0 |       0 |             0 |       828
     3760 |     +0.0% |       0 |       0 |             0 |       818
     3770 |     +0.0% |       0 |       0 |             0 |       808
     3780 |     +0.0% |       0 |       0 |             0 |       798
     3790 |     +0.0% |       0 |       0 |             0 |       788
     3800 |     +0.0% |       0 |       0 |             0 |       778
     3810 |     +0.0% |       0 |       0 |             0 |       768
     3820 |     +0.0% |       0 |       0 |             0 |       758
     3830 |     +0.0% |       0 |       0 |             0 |       748
     3840 |     +0.0% |       0 |       0 |             0 |       738
     3850 |     +0.0% |       0 |       0 |             0 |       728
     3860 |     +0.0% |       0 |       0 |             0 |       718
     3870 |     +0.0% |       0 |       0 |             0 |       708
     3880 |     +0.0% |       0 |       0 |             0 |       698
     3890 |     +0.0% |       0 |       0 |             0 |       688
     3900 |     +0.0% |       0 |       0 |             0 |       678
     3910 |     +0.0% |       0 |       0 |             0 |       668
     3920 |     +0.0% |       0 |       0 |             0 |       658
     3930 |     +0.0% |       0 |       0 |             0 |       648
     3940 |     +0.0% |       0 |       0 |             0 |       638
     3950 |     +0.0% |       0 |       0 |             0 |       628
     3960 |     +0.0% |       0 |       0 |             0 |       618
     3970 |     +0.0% |       0 |       0 |             0 |       608
     3980 |     +0.0% |       0 |       0 |             0 |       598
     3990 |     +0.0% |       0 |       0 |             0 |       588
     4000 |     +0.0% |       0 |       0 |             0 |       578
     4010 |     +0.0% |       0 |       0 |             0 |       568
     4020 |     +0.0% |       0 |       0 |             0 |       558
     4030 |     +0.0% |       0 |       0 |             0 |       548
     4040 |     +0.0% |       0 |       0 |             0 |       538
     4050 |     +0.0% |       0 |       0 |             0 |       528
     4060 |     +0.0% |       0 |       0 |             0 |       518
     4070 |     +0.0% |       0 |       0 |             0 |       508
     4080 |     +0.0% |       0 |       0 |             0 |       498
     4090 |     +0.0% |       0 |       0 |             0 |       488
     4100 |     +0.0% |       0 |       0 |             0 |       478
     4110 |     +0.0% |       0 |       0 |             0 |       468
     4120 |     +0.0% |       0 |       0 |             0 |       458
     4130 |     +0.0% |       0 |       0 |             0 |       448
     4140 |     +0.0% |       0 |       0 |             0 |       438
     4150 |     +0.0% |       0 |       0 |             0 |       428
     4160 |     +0.0% |       0 |       0 |             0 |       418
     4170 |     +0.0% |       0 |       0 |             0 |       408
     4180 |     +0.0% |       0 |       0 |             0 |       398
     4190 |     +0.0% |       0 |       0 |             0 |       388
     4200 |     +0.0% |       0 |       0 |             0 |       378
     4210 |     +0.0% |       0 |       0 |             0 |       368
     4220 |     +0.0% |       0 |       0 |             0 |       358
     4230 |     +0.0% |       0 |       0 |             0 |       348
     4240 |     +0.0% |       0 |       0 |             0 |       338
     4250 |     +0.0% |       0 |       0 |             0 |       328
     4260 |     +0.0% |       0 |       0 |             0 |       318
     4270 |     +0.0% |       0 |       0 |             0 |       308
     4280 |     +0.0% |       0 |       0 |             0 |       298
     4290 |     +0.0% |       0 |       0 |             0 |       288
     4300 |     +0.0% |       0 |       0 |             0 |       278
     4310 |     +0.0% |       0 |       0 |             0 |       268
     4320 |     +0.0% |       0 |       0 |             0 |       258
     4330 |     +0.0% |       0 |       0 |             0 |       248
     4340 |     +0.0% |       0 |       0 |             0 |       238
     4350 |     +0.0% |       0 |       0 |             0 |       228
     4360 |     +0.0% |       0 |       0 |             0 |       218
     4370 |     +0.0% |       0 |       0 |             0 |       208
     4380 |     +0.0% |       0 |       0 |             0 |       198
     4390 |     +0.0% |       0 |       0 |             0 |       188
     4400 |     +0.0% |       0 |       0 |             0 |       178
     4410 |     +0.0% |       0 |       0 |             0 |       168
     4420 |     +0.0% |       0 |       0 |             0 |       158
     4430 |     +0.0% |       0 |       0 |             0 |       148
     4440 |     +0.0% |       0 |       0 |             0 |       138
     4450 |     +0.0% |       0 |       0 |             0 |       128
     4460 |     +0.0% |       0 |       0 |             0 |       118
     4470 |     +0.0% |       0 |       0 |             0 |       108
     4480 |     +0.0% |       0 |       0 |             0 |        98
     4490 |     +0.0% |       0 |       0 |             0 |        88
     4500 |     +0.0% |       0 |       0 |             0 |        78
     4510 |     +0.0% |       0 |       0 |             0 |        68
     4520 |     +0.0% |       0 |       0 |             0 |        58
     4530 |     +0.0% |       0 |       0 |             0 |        48
     4540 |     +0.0% |       0 |       0 |             0 |        38
     4550 |     +0.0% |       0 |       0 |             0 |        28
     4560 |     +0.0% |       0 |       0 |             0 |        18
     4570 |     +0.0% |       0 |       0 |             0 |         8
    final |     +0.0% |       0 |       0 |             0 |         0
---------------------------------------------------------------------
global_route -start_incremental
detailed_placement
[INFO DPL-0006] Core area: 143829.19 um^2, Instances area: 37347.07 um^2, Utilization: 26.0%
[INFO DPL-0005] Diamond search max displacement: +/- 500 sites horizontally, +/- 100 rows vertically.
[INFO DPL-1101] Legalizing using diamond search.
Movements Summary
---------------------------------------
Total cells:                    3612
Diamond Move Success:           3612 (100.00%)
Diamond Move Failure:              0
Rip-up and replace Success:        0 (  0.00% of diamond failures)
Rip-up and replace Failure:        0
Total Placement Failures:          0
---------------------------------------
Placement Analysis
---------------------------------
total displacement          0.0 u
average displacement        0.0 u
max displacement            0.0 u
original HPWL           73009.5 u
legalized HPWL          73009.5 u
delta HPWL                    0 %

global_route -end_incremental -congestion_report_file /home/harish_d1121/Spec_to_Tapeout-main/openroad_runs/p5/reports/sky130hd/dot_product/base/congestion_post_repair_design.rpt
Repair setup and hold violations...
estimate_parasitics -global_routing
repair_timing -setup_margin 0.1 -hold_margin 0.05 -repair_tns 100 -verbose
[INFO RSZ-0100] Repair move sequence: UnbufferMove SizeUpMove SwapPinsMove BufferMove CloneMove SplitLoadMove 
[INFO RSZ-0094] Found 29 endpoints with setup violations.
[INFO RSZ-0099] Repairing 29 out of 29 (100.00%) violating endpoints...
   Iter   | Removed | Resized | Inserted | Cloned |  Pin  |   Area   |    WNS   |   StTNS    |   EnTNS    |  Viol  |  Worst  
          | Buffers |  Gates  | Buffers  |  Gates | Swaps |          |          |            |            | Endpts | St/EnPt 
------------------------------------------------------------------------------------------------------------------------------
       0* |       0 |       0 |        0 |      0 |     0 |    +0.0% |   -0.255 |       -8.1 |       -1.6 |     29 | prod_regs\[5\]\[15\]$_DFF_P_/D
      10* |       0 |       5 |        0 |      0 |     4 |    -0.0% |   -0.265 |       -7.9 |       -1.6 |     29 | prod_regs\[5\]\[15\]$_DFF_P_/D
      20* |       0 |       9 |        0 |      0 |    10 |    -0.1% |   -0.222 |       -7.5 |       -1.5 |     29 | prod_regs\[5\]\[15\]$_DFF_P_/D
      30* |       0 |      15 |        0 |      0 |    14 |    -0.1% |   -0.180 |       -6.8 |       -1.5 |     29 | prod_regs\[5\]\[15\]$_DFF_P_/D
      40* |       0 |      23 |        0 |      0 |    16 |    -0.0% |   -0.131 |       -5.2 |       -1.2 |     29 | prod_regs\[2\]\[15\]$_DFF_P_/D
      50* |       0 |      27 |        0 |      0 |    22 |    -0.0% |   -0.210 |       -5.6 |       -1.3 |     29 | prod_regs\[2\]\[15\]$_DFF_P_/D
      60* |       0 |      28 |        0 |      0 |    31 |    -0.0% |   -0.170 |       -5.4 |       -1.3 |     29 | prod_regs\[2\]\[15\]$_DFF_P_/D
      70* |       0 |      32 |        0 |      0 |    37 |    +0.0% |   -0.159 |       -5.3 |       -1.3 |     29 | prod_regs\[2\]\[15\]$_DFF_P_/D
      80* |       0 |      40 |        0 |      0 |    39 |    -0.1% |   -0.125 |       -4.5 |       -1.2 |     29 | prod_regs\[2\]\[15\]$_DFF_P_/D
      90* |       0 |      47 |        1 |      0 |    41 |    -0.0% |   -0.137 |       -4.2 |       -1.1 |     29 | prod_regs\[5\]\[15\]$_DFF_P_/D
     100* |       0 |      55 |        1 |      0 |    43 |    +0.0% |   -0.127 |       -3.9 |       -1.1 |     29 | prod_regs\[5\]\[15\]$_DFF_P_/D
     110* |       0 |      64 |        1 |      0 |    44 |    +0.1% |   -0.087 |       -3.3 |       -0.9 |     29 | prod_regs\[0\]\[15\]$_DFF_P_/D
     120* |       0 |      68 |        1 |      0 |    50 |    +0.1% |   -0.084 |       -2.7 |       -0.8 |     29 | prod_regs\[3\]\[15\]$_DFF_P_/D
     130* |       0 |      72 |        1 |      0 |    56 |    +0.1% |   -0.098 |       -2.3 |       -0.7 |     29 | prod_regs\[4\]\[15\]$_DFF_P_/D
     140* |       0 |      80 |        2 |      0 |    57 |    +0.2% |   -0.060 |       -1.9 |       -0.5 |     29 | prod_regs\[2\]\[15\]$_DFF_P_/D
     150* |       0 |      85 |        2 |      0 |    62 |    +0.3% |   -0.051 |       -1.7 |       -0.5 |     29 | prod_regs\[2\]\[15\]$_DFF_P_/D
     160* |       0 |      90 |        3 |      0 |    66 |    +0.3% |   -0.079 |       -1.7 |       -0.5 |     29 | prod_regs\[3\]\[15\]$_DFF_P_/D
     170* |       0 |      95 |        4 |      0 |    70 |    +0.3% |   -0.065 |       -1.3 |       -0.4 |     29 | prod_regs\[2\]\[15\]$_DFF_P_/D
     177* |       0 |      95 |        4 |      0 |    69 |    +0.3% |   -0.042 |       -1.1 |       -0.4 |     29 | prod_regs\[2\]\[15\]$_DFF_P_/D
     180* |       0 |      97 |        4 |      0 |    69 |    +0.3% |   -0.042 |       -1.1 |       -0.3 |     29 | prod_regs\[2\]\[15\]$_DFF_P_/D
     190* |       0 |     100 |        4 |      0 |    76 |    +0.4% |   -0.086 |       -1.3 |       -0.4 |     29 | prod_regs\[4\]\[15\]$_DFF_P_/D
     200* |       0 |     106 |        5 |      0 |    79 |    +0.4% |   -0.042 |       -1.1 |       -0.4 |     29 | prod_regs\[2\]\[15\]$_DFF_P_/D
     210* |       0 |     110 |        6 |      0 |    84 |    +0.4% |   -0.059 |       -1.1 |       -0.4 |     29 | prod_regs\[4\]\[15\]$_DFF_P_/D
     220* |       0 |     115 |        6 |      0 |    89 |    +0.4% |   -0.042 |       -1.0 |       -0.3 |     29 | prod_regs\[2\]\[15\]$_DFF_P_/D
     230* |       0 |     117 |        9 |      0 |    94 |    +0.5% |   -0.057 |       -1.1 |       -0.4 |     29 | prod_regs\[4\]\[15\]$_DFF_P_/D
     240* |       0 |     123 |       12 |      0 |    96 |    +0.6% |   -0.042 |       -1.0 |       -0.3 |     29 | prod_regs\[2\]\[15\]$_DFF_P_/D
     250* |       0 |     132 |       12 |      0 |    97 |    +0.6% |   -0.042 |       -1.0 |       -0.3 |     29 | prod_regs\[2\]\[15\]$_DFF_P_/D
     258* |       1 |     134 |       12 |      0 |    99 |    +0.6% |   -0.042 |       -1.0 |       -0.3 |     29 | prod_regs\[2\]\[15\]$_DFF_P_/D
     260* |       1 |     134 |       12 |      0 |   100 |    +0.6% |   -0.086 |       -1.3 |       -0.4 |     29 | prod_regs\[1\]\[15\]$_DFF_P_/D
     270* |       1 |     141 |       12 |      0 |   103 |    +0.7% |   -0.116 |       -1.6 |       -0.4 |     29 | prod_regs\[1\]\[15\]$_DFF_P_/D
     280* |       1 |     150 |       12 |      0 |   104 |    +0.7% |   -0.042 |       -0.8 |       -0.3 |     29 | prod_regs\[2\]\[15\]$_DFF_P_/D
     281* |       1 |     151 |       12 |      0 |   104 |    +0.7% |   -0.042 |       -0.8 |       -0.3 |     29 | prod_regs\[2\]\[15\]$_DFF_P_/D
     288* |       1 |     157 |       12 |      0 |   104 |    +0.7% |   -0.042 |       -0.7 |       -0.3 |     29 | prod_regs\[0\]\[15\]$_DFF_P_/D
     290* |       1 |     157 |       12 |      0 |   105 |    +0.7% |   -0.083 |       -1.0 |       -0.3 |     29 | prod_regs\[6\]\[15\]$_DFF_P_/D
     300* |       1 |     164 |       12 |      0 |   108 |    +0.7% |   -0.042 |       -0.7 |       -0.2 |     29 | prod_regs\[0\]\[15\]$_DFF_P_/D
     310* |       1 |     169 |       12 |      0 |   113 |    +0.7% |   -0.042 |       -0.6 |       -0.2 |     29 | prod_regs\[0\]\[15\]$_DFF_P_/D
     320* |       1 |     176 |       12 |      0 |   116 |    +0.7% |   -0.042 |       -0.6 |       -0.2 |     29 | prod_regs\[0\]\[15\]$_DFF_P_/D
     330* |       1 |     184 |       12 |      0 |   118 |    +0.7% |   -0.042 |       -0.6 |       -0.2 |     29 | prod_regs\[0\]\[15\]$_DFF_P_/D
     335* |       1 |     189 |       12 |      0 |   118 |    +0.7% |   -0.042 |       -0.6 |       -0.2 |     29 | prod_regs\[0\]\[15\]$_DFF_P_/D
     340* |       1 |     192 |       12 |      0 |   119 |    +0.7% |   -0.042 |       -0.6 |       -0.2 |     29 | prod_regs\[0\]\[15\]$_DFF_P_/D
     345* |       1 |     195 |       12 |      0 |   121 |    +0.7% |   -0.042 |       -0.5 |       -0.2 |     29 | prod_regs\[5\]\[15\]$_DFF_P_/D
     350* |       1 |     198 |       12 |      0 |   122 |    +0.8% |   -0.042 |       -0.5 |       -0.2 |     29 | prod_regs\[5\]\[15\]$_DFF_P_/D
     360* |       1 |     206 |       13 |      0 |   123 |    +0.8% |   -0.042 |       -0.5 |       -0.1 |     29 | prod_regs\[5\]\[15\]$_DFF_P_/D
     367* |       1 |     209 |       13 |      0 |   127 |    +0.8% |   -0.042 |       -0.5 |       -0.1 |     29 | prod_regs\[5\]\[15\]$_DFF_P_/D
     368* |       1 |     209 |       13 |      0 |   127 |    +0.8% |   -0.042 |       -0.5 |       -0.1 |     29 | prod_regs\[5\]\[15\]$_DFF_P_/D
     370* |       1 |     210 |       13 |      0 |   127 |    +0.9% |   -0.042 |       -0.5 |       -0.1 |     29 | prod_regs\[5\]\[15\]$_DFF_P_/D
     371* |       1 |     211 |       13 |      0 |   127 |    +0.9% |   -0.042 |       -0.5 |       -0.1 |     29 | prod_regs\[5\]\[15\]$_DFF_P_/D
     373* |       1 |     212 |       13 |      0 |   127 |    +0.9% |   -0.042 |       -0.5 |       -0.1 |     29 | prod_regs\[5\]\[15\]$_DFF_P_/D
     380* |       1 |     216 |       13 |      0 |   129 |    +0.9% |   -0.042 |       -0.5 |       -0.1 |     29 | prod_regs\[5\]\[15\]$_DFF_P_/D
     390* |       1 |     221 |       14 |      0 |   133 |    +0.9% |   -0.042 |       -0.5 |       -0.1 |     29 | prod_regs\[5\]\[15\]$_DFF_P_/D
     391* |       1 |     222 |       14 |      0 |   133 |    +0.9% |   -0.042 |       -0.5 |       -0.1 |     29 | prod_regs\[5\]\[15\]$_DFF_P_/D
     392* |       1 |     222 |       14 |      0 |   133 |    +0.9% |   -0.042 |       -0.5 |       -0.1 |     29 | prod_regs\[5\]\[15\]$_DFF_P_/D
     395* |       1 |     224 |       14 |      0 |   133 |    +0.9% |   -0.042 |       -0.4 |       -0.1 |     29 | prod_regs\[5\]\[15\]$_DFF_P_/D
     396* |       1 |     224 |       14 |      0 |   133 |    +0.9% |   -0.042 |       -0.4 |       -0.1 |     29 | prod_regs\[5\]\[15\]$_DFF_P_/D
     397* |       1 |     224 |       14 |      0 |   133 |    +0.9% |   -0.042 |       -0.4 |       -0.1 |     29 | prod_regs\[5\]\[15\]$_DFF_P_/D
     398* |       1 |     224 |       14 |      0 |   133 |    +0.9% |   -0.042 |       -0.4 |       -0.1 |     29 | prod_regs\[5\]\[15\]$_DFF_P_/D
     399* |       1 |     224 |       14 |      0 |   133 |    +0.9% |   -0.042 |       -0.4 |       -0.1 |     29 | prod_regs\[5\]\[15\]$_DFF_P_/D
     400* |       1 |     224 |       14 |      0 |   133 |    +0.9% |   -0.042 |       -0.4 |       -0.1 |     29 | prod_regs\[5\]\[15\]$_DFF_P_/D
     400* |       1 |     224 |       14 |      0 |   133 |    +0.9% |   -0.042 |       -0.4 |       -0.1 |     29 | prod_regs\[5\]\[15\]$_DFF_P_/D
     401* |       1 |     224 |       14 |      0 |   133 |    +0.9% |   -0.042 |       -0.4 |       -0.1 |     29 | prod_regs\[5\]\[15\]$_DFF_P_/D
     402* |       1 |     224 |       14 |      0 |   133 |    +0.9% |   -0.042 |       -0.4 |       -0.1 |     29 | prod_regs\[5\]\[15\]$_DFF_P_/D
     403* |       1 |     224 |       14 |      0 |   133 |    +0.9% |   -0.042 |       -0.4 |       -0.1 |     29 | prod_regs\[5\]\[15\]$_DFF_P_/D
     404* |       1 |     224 |       14 |      0 |   133 |    +0.9% |   -0.042 |       -0.4 |       -0.1 |     29 | prod_regs\[5\]\[15\]$_DFF_P_/D
     407* |       1 |     224 |       14 |      0 |   135 |    +0.9% |   -0.042 |       -0.4 |       -0.1 |     29 | prod_regs\[5\]\[15\]$_DFF_P_/D
     408* |       1 |     224 |       14 |      0 |   135 |    +0.9% |   -0.042 |       -0.4 |       -0.1 |     29 | prod_regs\[5\]\[15\]$_DFF_P_/D
     409* |       1 |     224 |       14 |      0 |   135 |    +0.9% |   -0.042 |       -0.4 |       -0.1 |     29 | prod_regs\[5\]\[15\]$_DFF_P_/D
     410* |       1 |     224 |       14 |      0 |   135 |    +0.9% |   -0.042 |       -0.4 |       -0.1 |     29 | prod_regs\[5\]\[15\]$_DFF_P_/D
     410* |       1 |     224 |       14 |      0 |   135 |    +0.9% |   -0.042 |       -0.4 |       -0.1 |     29 | prod_regs\[5\]\[15\]$_DFF_P_/D
     411* |       1 |     224 |       14 |      0 |   135 |    +0.9% |   -0.042 |       -0.4 |       -0.1 |     29 | prod_regs\[5\]\[15\]$_DFF_P_/D
     412* |       1 |     224 |       14 |      0 |   135 |    +0.9% |   -0.042 |       -0.4 |       -0.1 |     29 | prod_regs\[5\]\[15\]$_DFF_P_/D
     414* |       1 |     225 |       14 |      0 |   135 |    +1.0% |   -0.042 |       -0.4 |       -0.1 |     29 | prod_regs\[5\]\[15\]$_DFF_P_/D
     414* |       1 |     225 |       14 |      0 |   135 |    +1.0% |   -0.042 |       -0.4 |       -0.1 |     29 | prod_regs\[5\]\[15\]$_DFF_P_/D
     420+ |       1 |     230 |       14 |      0 |   135 |    +1.0% |   -0.025 |       -0.3 |       -0.0 |      3 | prod_regs\[5\]\[15\]$_DFF_P_/D
     421+ |       1 |     231 |       14 |      0 |   135 |    +1.0% |   -0.024 |       -0.2 |       -0.0 |      3 | prod_regs\[2\]\[15\]$_DFF_P_/D
     422+ |       1 |     231 |       14 |      0 |   135 |    +1.0% |   -0.024 |       -0.2 |       -0.0 |      3 | prod_regs\[2\]\[15\]$_DFF_P_/D
     429+ |       1 |     237 |       14 |      0 |   135 |    +1.1% |   -0.024 |       -0.2 |       -0.0 |      3 | prod_regs\[2\]\[15\]$_DFF_P_/D
    final |       1 |     237 |       14 |      0 |   135 |    +1.1% |   -0.024 |       -0.2 |       -0.0 |      3 | prod_regs\[2\]\[15\]$_DFF_P_/D
------------------------------------------------------------------------------------------------------------------------------
[INFO RSZ-0059] Removed 1 buffers.
[INFO RSZ-0040] Inserted 14 buffers.
[INFO RSZ-0051] Resized 237 instances: 237 up, 0 up match, 0 down, 0 VT
[INFO RSZ-0043] Swapped pins on 135 instances.
[WARNING RSZ-0062] Unable to repair all setup violations.
[INFO RSZ-0033] No hold violations found.
Took 6 seconds: repair_timing -setup_margin 0.1 -hold_margin 0.05 -repair_tns 100 -verbose
global_route -start_incremental
detailed_placement
[INFO DPL-0006] Core area: 143829.19 um^2, Instances area: 37747.45 um^2, Utilization: 26.2%
[INFO DPL-0005] Diamond search max displacement: +/- 500 sites horizontally, +/- 100 rows vertically.
[INFO DPL-1101] Legalizing using diamond search.
Movements Summary
---------------------------------------
Total cells:                    3625
Diamond Move Success:           3625 (100.00%)
Diamond Move Failure:              0
Rip-up and replace Success:        0 (  0.00% of diamond failures)
Rip-up and replace Failure:        0
Total Placement Failures:          0
---------------------------------------
Placement Analysis
---------------------------------
total displacement        116.6 u
average displacement        0.0 u
max displacement            4.6 u
original HPWL           73242.9 u
legalized HPWL          73330.5 u
delta HPWL                    0 %

global_route -end_incremental -congestion_report_file /home/harish_d1121/Spec_to_Tapeout-main/openroad_runs/p5/reports/sky130hd/dot_product/base/congestion_post_repair_timing.rpt
global_route -start_incremental
global_route -end_incremental -congestion_report_file /home/harish_d1121/Spec_to_Tapeout-main/openroad_runs/p5/reports/sky130hd/dot_product/base/congestion_post_recover_power.rpt
Repair antennas...
[INFO GRT-0012] Found 1 antenna violations.
[INFO GRT-0302] Inserted 1 jumpers for 1 nets.
[INFO GRT-0012] Found 0 antenna violations.
[INFO ANT-0002] Found 0 net violations.
[INFO ANT-0001] Found 0 pin violations.
Estimate parasitics...
estimate_parasitics -global_routing
Report metrics stage 5, global route...

==========================================================================
global route report_design_area
--------------------------------------------------------------------------
Design area 37747 um^2 26% utilization.
[INFO FLW-0007] clock clk period 4.500000
[INFO FLW-0008] Clock clk period 4.299
[INFO FLW-0009] Clock clk slack -0.025
[INFO FLW-0011] Path endpoint path count 238
write_db /home/harish_d1121/Spec_to_Tapeout-main/openroad_runs/p5/results/sky130hd/dot_product/base/5_1_grt.odb
write_sdc -no_timestamp /home/harish_d1121/Spec_to_Tapeout-main/openroad_runs/p5/results/sky130hd/dot_product/base/5_1_grt.sdc
Elapsed time: 0:28.40[h:]min:sec. CPU time: user 97.12 sys 0.82 (344%). Peak memory: 313104KB.
Log                        Elapsed/s Peak Memory/MB  sha1sum .odb [0:20)
5_1_grt                           28            305 79e5ca1208759c378238
