OpenROAD 26Q2-339-g0504146ce6 
Features included (+) or not (-): +GPU +GUI +Python
This program is licensed under the BSD-3 license. See the LICENSE file for details.
Components of this program may be licensed under more restrictive licenses which must be honored.
[INFO ORD-0030] Using 4 thread(s).
read_liberty /home/harish_d1121/OpenROAD-flow-scripts/flow/platforms/sky130hd/lib/sky130_fd_sc_hd__tt_025C_1v80.lib
read_db /home/harish_d1121/Spec_to_Tapeout-main/openroad_runs/p5/results/sky130hd/dot_product/base/6_1_fill.odb
read_sdc /home/harish_d1121/Spec_to_Tapeout-main/openroad_runs/p5/results/sky130hd/dot_product/base/6_1_fill.sdc
source /home/harish_d1121/OpenROAD-flow-scripts/flow/platforms/sky130hd/setRC.tcl
write_db /home/harish_d1121/Spec_to_Tapeout-main/openroad_runs/p5/results/sky130hd/dot_product/base/6_final.odb
Deleted 0 routing obstructions
Warning: master sky130_ef_sc_hd__decap_12 has signal pins but no liberty cell
[INFO RCX-0431] Defined process_corner X with ext_model_index 0
[INFO RCX-0029] Defined extraction corner X
[INFO RCX-0435] Reading extraction model file /home/harish_d1121/OpenROAD-flow-scripts/flow/platforms/sky130hd/rcx_patterns.rules ...
[INFO RCX-0436] RC segment generation dot_product (max_merge_res 50.0) ...
[INFO RCX-0040] Final 10274 rc segments
[INFO RCX-0439] Coupling Cap extraction dot_product ...
[INFO RCX-0440] Coupling threshhold is 0.1000 fF, coupling capacitance less than 0.1000 fF will be grounded.
[INFO RCX-0442] 60% of 21846 wires extracted
[INFO RCX-0442] 100% of 21846 wires extracted
[INFO RCX-0045] Extract 4577 nets, 14840 rsegs, 14840 caps, 16511 ccs
[INFO RCX-0443] 4577 nets finished
[INFO PSM-0040] All shapes on net VDD are connected.
########## IR report #################
Net              : VDD
Corner           : default
Total power      : 1.95e-02 W
Supply voltage   : 1.80e+00 V
Worstcase voltage: 1.80e+00 V
Average voltage  : 1.80e+00 V
Average IR drop  : 2.56e-05 V
Worstcase IR drop: 2.86e-04 V
Percentage drop  : 0.02 %
######################################
[INFO PSM-0040] All shapes on net VSS are connected.
########## IR report #################
Net              : VSS
Corner           : default
Total power      : 1.95e-02 W
Supply voltage   : 0.00e+00 V
Worstcase voltage: 2.06e-04 V
Average voltage  : 2.50e-05 V
Average IR drop  : 2.50e-05 V
Worstcase IR drop: 2.06e-04 V
Percentage drop  : 0.01 %
######################################
Cell type report:                       Count       Area
  Fill cell                             15409  106074.23
  Tap cell                               1903    2381.03
  Antenna cell                              3       7.51
  Clock buffer                             20     456.69
  Timing Repair Buffer                    639    5079.87
  Inverter                                555    2083.25
  Clock inverter                           11     130.12
  Sequential cell                         192    3849.94
  Multi-Input combinational cell         2208   23766.54
  Total                                 20940  143829.19
Report metrics stage 6, finish...

==========================================================================
finish report_design_area
--------------------------------------------------------------------------
Design area 37755 um^2 26% utilization.
[WARNING GUI-0076] QStandardPaths: wrong permissions on runtime directory /home/harish_d1121/Spec_to_Tapeout-main/openroad_runs/p5/.xdg_runtime, 0755 instead of 0700
[WARNING GUI-0066] Heat map "IR Drop" has not been populated with data.
[WARNING GUI-0066] Heat map "Routing Congestion" has not been populated with data.
Elapsed time: 0:03.26[h:]min:sec. CPU time: user 3.33 sys 0.31 (111%). Peak memory: 266744KB.
Log                        Elapsed/s Peak Memory/MB  sha1sum .odb [0:20)
6_report                           3            260                  N/A
