OpenROAD 26Q2-339-g0504146ce6 
Features included (+) or not (-): +GPU +GUI +Python
This program is licensed under the BSD-3 license. See the LICENSE file for details.
Components of this program may be licensed under more restrictive licenses which must be honored.
[INFO ORD-0030] Using 4 thread(s).
read_liberty /home/harish_d1121/OpenROAD-flow-scripts/flow/platforms/sky130hd/lib/sky130_fd_sc_hd__tt_025C_1v80.lib
read_db /home/harish_d1121/Spec_to_Tapeout-main/openroad_runs/p3/results/sky130hd/seq_detect_101/base/2_floorplan.odb
read_sdc /home/harish_d1121/Spec_to_Tapeout-main/openroad_runs/p3/results/sky130hd/seq_detect_101/base/2_floorplan.sdc
source /home/harish_d1121/OpenROAD-flow-scripts/flow/platforms/sky130hd/setRC.tcl
[INFO GPL-0022] Initialize gpl and calculate uniform density.
Placement density is 0.11699999872595072, computed from PLACE_DENSITY_LB_ADDON  0.05 and lower bound 0.05999999865889549
global_placement -skip_io -density 0.11699999872595072 -pad_left 0 -pad_right 0
[INFO GPL-0001] ---- Initialize GPL Main Data Structures
[INFO GPL-0002] DBU: 1000
[INFO GPL-0003] SiteSize: (  0.460  2.720 ) um
[INFO GPL-0004] CoreBBox: (  6.440  8.160 ) ( 47.380 46.240 ) um
[INFO GPL-0036] Movable instances area:         86.333 um^2
[INFO GPL-0037] Total instances area:          106.352 um^2
[INFO GPL-0035] Pin density area adjust:         5.705 um^2
[INFO GPL-0032] ---- Initialize Region: Top-level
[INFO GPL-0006] Number of instances:                22
[INFO GPL-0007] Movable instances:                   6
[INFO GPL-0008] Fixed instances:                    16
[INFO GPL-0009] Dummy instances:                     0
[INFO GPL-0010] Number of nets:                      9
[INFO GPL-0011] Number of pins:                     20
[INFO GPL-0012] Die BBox:  (  0.000  0.000 ) ( 53.555 53.555 ) um
[INFO GPL-0013] Core BBox: (  6.440  8.160 ) ( 47.380 46.240 ) um
[INFO GPL-0016] Core area:                    1558.995 um^2
[INFO GPL-0014] Region name: top-level.
[INFO GPL-0015] Region area:                  1558.995 um^2
[INFO GPL-0017] Fixed instances area:           20.019 um^2
[INFO GPL-0018] Movable instances area:         92.038 um^2
[INFO GPL-0019] Utilization:                     5.980 %
[INFO GPL-0020] Standard cells area:            92.038 um^2
[INFO GPL-0021] Large instances area:            0.000 um^2
[INFO GPL-0005] ---- Execute Conjugate Gradient Initial Placement.
[INFO GPL-0051] Source of initial instance position counters:
	Odb location = 0	Core center = 6	Region center = 0
[INFO GPL-0033] ---- Initialize Nesterov Region: Top-level
[INFO GPL-0023] Placement target density:       0.1170
[INFO GPL-0024] Movable insts average area:     15.340 um^2
[INFO GPL-0025] Ideal bin area:                131.109 um^2
[INFO GPL-0026] Ideal bin count:                    11
[INFO GPL-0027] Total bin area:               1558.995 um^2
[INFO GPL-0028] Bin count (X, Y):           2 ,      2
[INFO GPL-0029] Bin size (W * H):      20.470 * 19.040 um
[INFO GPL-0030] Number of bins:                      4
[INFO GPL-0007] ---- Execute Nesterov Global Placement.
[INFO GPL-0031] HPWL: Half-Perimeter Wirelength
Iteration | Overflow |     HPWL (um) |  HPWL(%) |   Penalty | Group
---------------------------------------------------------------
        0 |   0.0000 |  1.963100e+01 |   +0.00% |  8.25e-12 |      
        0 |   0.0000 |  1.963100e+01 |          |  8.57e-12 |      
---------------------------------------------------------------
[INFO GPL-1001] Global placement finished at iteration 0
[INFO GPL-1002] Placed Cell Area               92.0383
[INFO GPL-1003] Available Free Area          1538.9760
[INFO GPL-1004] Minimum Feasible Density        0.0600 (cell_area / free_area)
[INFO GPL-1006]   Suggested Target Densities:
[INFO GPL-1007]     - For 90% usage of free space: 0.0664
[INFO GPL-1008]     - For 80% usage of free space: 0.0748
[INFO GPL-1009]     - For 50% usage of free space: 0.1196
[INFO GPL-1014] Final placement area: 92.04 (+0.00%)
Design area 106 um^2 7% utilization.
write_db /home/harish_d1121/Spec_to_Tapeout-main/openroad_runs/p3/results/sky130hd/seq_detect_101/base/3_1_place_gp_skip_io.odb
Elapsed time: 0:00.33[h:]min:sec. CPU time: user 0.32 sys 0.03 (107%). Peak memory: 118360KB.
Log                        Elapsed/s Peak Memory/MB  sha1sum .odb [0:20)
3_1_place_gp_skip_io               0            115 4c03813744b3c2a0c406
