$ yosys sanity_check.ys

 /----------------------------------------------------------------------------\
 |                                                                            |
 |  yosys -- Yosys Open SYnthesis Suite                                       |
 |                                                                            |
 |  Copyright (C) 2012 - 2019  Clifford Wolf <clifford@clifford.at>           |
 |                                                                            |
 |  Permission to use, copy, modify, and/or distribute this software for any  |
 |  purpose with or without fee is hereby granted, provided that the above    |
 |  copyright notice and this permission notice appear in all copies.         |
 |                                                                            |
 |  THE SOFTWARE IS PROVIDED "AS IS" AND THE AUTHOR DISCLAIMS ALL WARRANTIES  |
 |  WITH REGARD TO THIS SOFTWARE INCLUDING ALL IMPLIED WARRANTIES OF          |
 |  MERCHANTABILITY AND FITNESS. IN NO EVENT SHALL THE AUTHOR BE LIABLE FOR   |
 |  ANY SPECIAL, DIRECT, INDIRECT, OR CONSEQUENTIAL DAMAGES OR ANY DAMAGES    |
 |  WHATSOEVER RESULTING FROM LOSS OF USE, DATA OR PROFITS, WHETHER IN AN     |
 |  ACTION OF CONTRACT, NEGLIGENCE OR OTHER TORTIOUS ACTION, ARISING OUT OF   |
 |  OR IN CONNECTION WITH THE USE OR PERFORMANCE OF THIS SOFTWARE.            |
 |                                                                            |
 \----------------------------------------------------------------------------/

 Yosys 0.9 (git sha1 1979e0b)


-- Executing script file `sanity_check.ys' --

1. Executing Verilog-2005 frontend: ../design_candidate.v
Parsing Verilog input from `../design_candidate.v' to AST representation.
Generating RTLIL representation for module `\exp_fixed_point'.
Successfully finished Verilog frontend.

2. Executing HIERARCHY pass (managing design hierarchy).

2.1. Analyzing design hierarchy..
Top module:  \exp_fixed_point

2.2. Analyzing design hierarchy..
Top module:  \exp_fixed_point
Removed 0 unused modules.

3. Executing PROC pass (convert processes to netlists).

3.1. Executing PROC_CLEAN pass (remove empty switches from decision trees).
Found and cleaned up 1 empty switch in `\exp_fixed_point.$proc$../design_candidate.v:295$2'.
Cleaned up 1 empty switch.

3.2. Executing PROC_RMDEAD pass (remove dead branches from decision trees).
Removed 1 dead cases from process $proc$../design_candidate.v:295$2 in module exp_fixed_point.
Marked 4 switch rules as full_case in process $proc$../design_candidate.v:295$2 in module exp_fixed_point.
Removed a total of 1 dead cases.

3.3. Executing PROC_INIT pass (extract init attributes).

3.4. Executing PROC_ARST pass (detect async resets in processes).

3.5. Executing PROC_MUX pass (convert decision trees to multiplexers).
Creating decoders for process `\exp_fixed_point.$proc$../design_candidate.v:295$2'.
     1/13: $4$func$\approx_exp$../design_candidate.v:311$1$\approx_exp[15:0]$10
     2/13: $3$func$\approx_exp$../design_candidate.v:311$1$\approx_exp[15:0]$9
     3/13: $2$func$\approx_exp$../design_candidate.v:311$1$\approx_exp[15:0]$7
     4/13: $2$func$\approx_exp$../design_candidate.v:311$1$\xin[7:0]$8
     5/13: $1$func$\approx_exp$../design_candidate.v:311$1$\xin[7:0]$6
     6/13: $1$func$\approx_exp$../design_candidate.v:311$1$\approx_exp[15:0]$5
     7/13: $0$func$\approx_exp$../design_candidate.v:311$1$\xin[7:0]$4
     8/13: $0$func$\approx_exp$../design_candidate.v:311$1$\approx_exp[15:0]$3
     9/13: $0\stage2_valid[0:0]
    10/13: $0\stage1_valid[0:0]
    11/13: $0\lut_stage2[15:0]
    12/13: $0\x_stage1[7:0]
    13/13: $0\exp_out[15:0]

3.6. Executing PROC_DLATCH pass (convert process syncs to latches).

3.7. Executing PROC_DFF pass (convert process syncs to FFs).
Creating register for signal `\exp_fixed_point.\exp_out' using process `\exp_fixed_point.$proc$../design_candidate.v:295$2'.
  created $dff cell `$procdff$324' with positive edge clock.
Creating register for signal `\exp_fixed_point.\x_stage1' using process `\exp_fixed_point.$proc$../design_candidate.v:295$2'.
  created $dff cell `$procdff$325' with positive edge clock.
Creating register for signal `\exp_fixed_point.\lut_stage2' using process `\exp_fixed_point.$proc$../design_candidate.v:295$2'.
  created $dff cell `$procdff$326' with positive edge clock.
Creating register for signal `\exp_fixed_point.\stage1_valid' using process `\exp_fixed_point.$proc$../design_candidate.v:295$2'.
  created $dff cell `$procdff$327' with positive edge clock.
Creating register for signal `\exp_fixed_point.\stage2_valid' using process `\exp_fixed_point.$proc$../design_candidate.v:295$2'.
  created $dff cell `$procdff$328' with positive edge clock.
Creating register for signal `\exp_fixed_point.$func$\approx_exp$../design_candidate.v:311$1$\approx_exp' using process `\exp_fixed_point.$proc$../design_candidate.v:295$2'.
  created $dff cell `$procdff$329' with positive edge clock.
Creating register for signal `\exp_fixed_point.$func$\approx_exp$../design_candidate.v:311$1$\xin' using process `\exp_fixed_point.$proc$../design_candidate.v:295$2'.
  created $dff cell `$procdff$330' with positive edge clock.

3.8. Executing PROC_CLEAN pass (remove empty switches from decision trees).
Found and cleaned up 5 empty switches in `\exp_fixed_point.$proc$../design_candidate.v:295$2'.
Removing empty process `exp_fixed_point.$proc$../design_candidate.v:295$2'.
Cleaned up 5 empty switches.

4. Executing CHECK pass (checking for obvious problems).
checking module exp_fixed_point..
found and reported 0 problems.

End of script. Logfile hash: 84fa1c37dd
CPU: user 0.06s system 0.00s, MEM: 18.29 MB total, 12.50 MB resident
Yosys 0.9 (git sha1 1979e0b)
Time spent: 42% 2x read_verilog (0 sec), 19% 1x check (0 sec), ...
