OpenROAD 26Q2-339-g0504146ce6 
Features included (+) or not (-): +GPU +GUI +Python
This program is licensed under the BSD-3 license. See the LICENSE file for details.
Components of this program may be licensed under more restrictive licenses which must be honored.
[INFO ORD-0030] Using 4 thread(s).
read_liberty /home/harish_d1121/OpenROAD-flow-scripts/flow/platforms/sky130hd/lib/sky130_fd_sc_hd__tt_025C_1v80.lib
read_db /home/harish_d1121/Spec_to_Tapeout-main/openroad_runs/p9/results/sky130hd/fir_filter/base/2_floorplan.odb
read_sdc /home/harish_d1121/Spec_to_Tapeout-main/openroad_runs/p9/results/sky130hd/fir_filter/base/2_floorplan.sdc
source /home/harish_d1121/OpenROAD-flow-scripts/flow/platforms/sky130hd/setRC.tcl
[INFO GPL-0022] Initialize gpl and calculate uniform density.
Placement density is 0.26479999780654906, computed from PLACE_DENSITY_LB_ADDON  0.08 and lower bound 0.1899999976158142
global_placement -skip_io -density 0.26479999780654906 -pad_left 0 -pad_right 0
[INFO GPL-0001] ---- Initialize GPL Main Data Structures
[INFO GPL-0002] DBU: 1000
[INFO GPL-0003] SiteSize: (  0.460  2.720 ) um
[INFO GPL-0004] CoreBBox: (  4.140  5.440 ) ( 721.740 720.800 ) um
[INFO GPL-0036] Movable instances area:      91375.136 um^2
[INFO GPL-0037] Total instances area:        99829.494 um^2
[INFO GPL-0035] Pin density area adjust:       701.849 um^2
[INFO GPL-0032] ---- Initialize Region: Top-level
[INFO GPL-0006] Number of instances:             15488
[INFO GPL-0007] Movable instances:                8731
[INFO GPL-0008] Fixed instances:                  6757
[INFO GPL-0009] Dummy instances:                     0
[INFO GPL-0010] Number of nets:                  12146
[INFO GPL-0011] Number of pins:                  30406
[INFO GPL-0012] Die BBox:  (  0.000  0.000 ) ( 726.160 726.160 ) um
[INFO GPL-0013] Core BBox: (  4.140  5.440 ) ( 721.740 720.800 ) um
[INFO GPL-0016] Core area:                  513342.336 um^2
[INFO GPL-0014] Region name: top-level.
[INFO GPL-0015] Region area:                513342.336 um^2
[INFO GPL-0017] Fixed instances area:         8454.358 um^2
[INFO GPL-0018] Movable instances area:      92076.985 um^2
[INFO GPL-0019] Utilization:                    18.237 %
[INFO GPL-0020] Standard cells area:         92076.985 um^2
[INFO GPL-0021] Large instances area:            0.000 um^2
[INFO GPL-0005] ---- Execute Conjugate Gradient Initial Placement.
[INFO GPL-0051] Source of initial instance position counters:
	Odb location = 0	Core center = 8731	Region center = 0
[INFO GPL-0033] ---- Initialize Nesterov Region: Top-level
[INFO GPL-0023] Placement target density:       0.2648
[INFO GPL-0024] Movable insts average area:     10.546 um^2
[INFO GPL-0025] Ideal bin area:                 39.826 um^2
[INFO GPL-0026] Ideal bin count:                 12889
[INFO GPL-0027] Total bin area:             513342.336 um^2
[INFO GPL-0028] Bin count (X, Y):          64 ,     64
[INFO GPL-0029] Bin size (W * H):      11.213 * 11.178 um
[INFO GPL-0030] Number of bins:                   4096
[INFO GPL-0007] ---- Execute Nesterov Global Placement.
[INFO GPL-0031] HPWL: Half-Perimeter Wirelength
Iteration | Overflow |     HPWL (um) |  HPWL(%) |   Penalty | Group
---------------------------------------------------------------
        0 |   0.9984 |  3.258429e+04 |   +0.00% |  1.86e-15 |      
       10 |   0.9973 |  2.130128e+04 |  -34.63% |  3.03e-15 |      
       20 |   0.9970 |  2.088501e+04 |   -1.95% |  4.94e-15 |      
       30 |   0.9970 |  2.093985e+04 |   +0.26% |  8.04e-15 |      
       40 |   0.9970 |  2.098051e+04 |   +0.19% |  1.31e-14 |      
       50 |   0.9970 |  2.101021e+04 |   +0.14% |  2.13e-14 |      
       60 |   0.9970 |  2.104520e+04 |   +0.17% |  3.48e-14 |      
       70 |   0.9970 |  2.109725e+04 |   +0.25% |  5.66e-14 |      
       80 |   0.9969 |  2.120426e+04 |   +0.51% |  9.22e-14 |      
       90 |   0.9966 |  2.144853e+04 |   +1.15% |  1.50e-13 |      
      100 |   0.9956 |  2.200026e+04 |   +2.57% |  2.45e-13 |      
      110 |   0.9955 |  2.318190e+04 |   +5.37% |  3.98e-13 |      
      120 |   0.9941 |  2.533872e+04 |   +9.30% |  6.49e-13 |      
      130 |   0.9924 |  2.857262e+04 |  +12.76% |  1.06e-12 |      
      140 |   0.9880 |  3.299386e+04 |  +15.47% |  1.72e-12 |      
      150 |   0.9797 |  4.004293e+04 |  +21.36% |  2.80e-12 |      
      160 |   0.9632 |  5.147493e+04 |  +28.55% |  4.56e-12 |      
      170 |   0.9314 |  6.584466e+04 |  +27.92% |  7.41e-12 |      
      180 |   0.8940 |  7.804936e+04 |  +18.54% |  1.21e-11 |      
      190 |   0.8646 |  8.562826e+04 |   +9.71% |  1.96e-11 |      
      200 |   0.8402 |  9.116320e+04 |   +6.46% |  3.19e-11 |      
      210 |   0.8093 |  1.000693e+05 |   +9.77% |  5.20e-11 |      
      220 |   0.7617 |  1.140814e+05 |  +14.00% |  8.45e-11 |      
      230 |   0.7105 |  1.278718e+05 |  +12.09% |  1.37e-10 |      
      240 |   0.6694 |  1.372766e+05 |   +7.35% |  2.24e-10 |      
      250 |   0.6358 |  1.466663e+05 |   +6.84% |  3.64e-10 |      
      260 |   0.5915 |  1.577138e+05 |   +7.53% |  5.92e-10 |      
      270 |   0.5469 |  1.674483e+05 |   +6.17% |  9.63e-10 |      
      280 |   0.5057 |  1.756684e+05 |   +4.91% |  1.57e-09 |      
      290 |   0.4664 |  1.810655e+05 |   +3.07% |  2.55e-09 |      
      300 |   0.4233 |  1.847020e+05 |   +2.01% |  4.16e-09 |      
      310 |   0.3748 |  1.881016e+05 |   +1.84% |  6.77e-09 |      
      320 |   0.3311 |  1.895168e+05 |   +0.75% |  1.07e-08 |      
      330 |   0.3065 |  1.897786e+05 |   +0.14% |  1.58e-08 |      
      340 |   0.2746 |  1.912825e+05 |   +0.79% |  2.32e-08 |      
      350 |   0.2400 |  1.923463e+05 |   +0.56% |  3.42e-08 |      
      360 |   0.2084 |  1.931744e+05 |   +0.43% |  5.03e-08 |      
      370 |   0.1800 |  1.948368e+05 |   +0.86% |  7.41e-08 |      
      380 |   0.1555 |  1.957845e+05 |   +0.49% |  1.09e-07 |      
      390 |   0.1344 |  1.965840e+05 |   +0.41% |  1.61e-07 |      
      400 |   0.1175 |  1.969295e+05 |   +0.18% |  2.37e-07 |      
      410 |   0.0989 |  1.973181e+05 |   +0.20% |  3.49e-07 |      
      410 |   0.0989 |  1.973181e+05 |          |  3.63e-07 |      
---------------------------------------------------------------
[INFO GPL-1001] Global placement finished at iteration 410
[INFO GPL-1002] Placed Cell Area            92076.9847
[INFO GPL-1003] Available Free Area         504887.9776
[INFO GPL-1004] Minimum Feasible Density        0.1900 (cell_area / free_area)
[INFO GPL-1006]   Suggested Target Densities:
[INFO GPL-1007]     - For 90% usage of free space: 0.2026
[INFO GPL-1008]     - For 80% usage of free space: 0.2280
[INFO GPL-1009]     - For 50% usage of free space: 0.3647
[INFO GPL-1014] Final placement area: 92076.98 (+0.00%)
Design area 99829 um^2 19% utilization.
write_db /home/harish_d1121/Spec_to_Tapeout-main/openroad_runs/p9/results/sky130hd/fir_filter/base/3_1_place_gp_skip_io.odb
Elapsed time: 0:01.54[h:]min:sec. CPU time: user 4.85 sys 0.06 (318%). Peak memory: 160932KB.
Log                        Elapsed/s Peak Memory/MB  sha1sum .odb [0:20)
3_1_place_gp_skip_io               1            157 b0001b877f40400455fe
