OpenROAD 26Q2-339-g0504146ce6 
Features included (+) or not (-): +GPU +GUI +Python
This program is licensed under the BSD-3 license. See the LICENSE file for details.
Components of this program may be licensed under more restrictive licenses which must be honored.
[INFO ORD-0030] Using 4 thread(s).
read_liberty /home/harish_d1121/OpenROAD-flow-scripts/flow/platforms/sky130hd/lib/sky130_fd_sc_hd__tt_025C_1v80.lib
read_db /home/harish_d1121/Spec_to_Tapeout-main/openroad_runs/p9/results/sky130hd/fir_filter/base/3_place.odb
read_sdc /home/harish_d1121/Spec_to_Tapeout-main/openroad_runs/p9/results/sky130hd/fir_filter/base/3_place.sdc
source /home/harish_d1121/OpenROAD-flow-scripts/flow/platforms/sky130hd/setRC.tcl
clock_tree_synthesis -sink_clustering_enable -repair_clock_nets -sink_clustering_size 10 -sink_clustering_max_diameter 50
[INFO CTS-0050] Root buffer is sky130_fd_sc_hd__clkbuf_16.
[INFO CTS-0051] Sink buffer is sky130_fd_sc_hd__clkbuf_16.
[INFO CTS-0052] The following clock buffers will be used for CTS:
                    sky130_fd_sc_hd__clkbuf_16
[INFO CTS-0049] Characterization buffer is sky130_fd_sc_hd__clkbuf_16.
[INFO CTS-0007] Net "clk" found for clock "clk".
[INFO CTS-0010]  Clock net "clk" has 284 sinks.
[INFO CTS-0008] TritonCTS found 1 clock nets.
[INFO CTS-0097] Characterization used 1 buffer(s) types.
[INFO CTS-0201] 0 blockages from hard placement blockages and placed macros will be used.
[INFO CTS-0027] Generating H-Tree topology for net clk.
[INFO CTS-0028]  Total number of sinks: 284.
[INFO CTS-0029]  Register sinks will be clustered in groups of up to 10 and with maximum cluster diameter of 50.0 um.
[INFO CTS-0030]  Number of static layers: 0.
[INFO CTS-0020]  Wire segment unit: 13600  dbu (13 um).
[INFO CTS-0204] A clustering solution was found from clustering size of 10 and clustering diameter of 50.
[INFO CTS-0205] Better solution may be possible if either -sink_clustering_size, -sink_clustering_max_diameter, or both options are omitted to enable automatic clustering.
[INFO CTS-0019]  Total number of sinks after clustering: 84.
[INFO CTS-0024]  Normalized sink region: [(1.9587, 1.55221), (52.1415, 49.1267)].
[INFO CTS-0025]     Width:  50.1828.
[INFO CTS-0026]     Height: 47.5745.
 Level 1
    Direction: Horizontal
    Sinks per sub-region: 42
    Sub-region size: 25.0914 X 47.5745
[INFO CTS-0034]     Segment length (rounded): 12.
 Level 2
    Direction: Vertical
    Sinks per sub-region: 21
    Sub-region size: 25.0914 X 23.7872
[INFO CTS-0034]     Segment length (rounded): 12.
 Level 3
    Direction: Horizontal
    Sinks per sub-region: 11
    Sub-region size: 12.5457 X 23.7872
[INFO CTS-0034]     Segment length (rounded): 6.
[INFO CTS-0032]  Stop criterion found. Max number of sinks is 15.
[INFO CTS-0035]  Number of sinks covered: 84.
[INFO CTS-0018]     Created 86 clock buffers.
[INFO CTS-0012]     Minimum number of buffers in the clock path: 3.
[INFO CTS-0013]     Maximum number of buffers in the clock path: 4.
[INFO CTS-0015]     Created 86 clock nets.
[INFO CTS-0016]     Fanout distribution for the current clock = 2:20, 3:18, 4:17, 5:5, 6:7, 7:4, 8:3, 9:2, 11:2, 12:3..
[INFO CTS-0017]     Max level of the clock tree: 3.
[INFO CTS-0098] Clock net "clk"
[INFO CTS-0099]  Sinks 352
[INFO CTS-0100]  Leaf buffers 73
[INFO CTS-0101]  Average sink wire length 1152.38 um
[INFO CTS-0102]  Path depth 3 - 4
[INFO CTS-0207]  Dummy loads inserted 68
estimate_parasitics -placement
detailed_placement
[INFO DPL-0006] Core area: 513342.34 um^2, Instances area: 110801.27 um^2, Utilization: 21.6%
[INFO DPL-0005] Diamond search max displacement: +/- 500 sites horizontally, +/- 100 rows vertically.
[INFO DPL-1101] Legalizing using diamond search.
Movements Summary
---------------------------------------
Total cells:                    9666
Diamond Move Success:           9666 (100.00%)
Diamond Move Failure:              0
Rip-up and replace Success:        0 (  0.00% of diamond failures)
Rip-up and replace Failure:        0
Total Placement Failures:          0
---------------------------------------
Placement Analysis
---------------------------------
total displacement        571.9 u
average displacement        0.0 u
max displacement            6.8 u
original HPWL          267308.3 u
legalized HPWL         273580.8 u
delta HPWL                    2 %

estimate_parasitics -placement
repair_timing -setup_margin 0.08 -hold_margin 0.05 -repair_tns 100 -match_cell_footprint -verbose
[INFO RSZ-0100] Repair move sequence: UnbufferMove SizeUpMove SwapPinsMove BufferMove CloneMove SplitLoadMove 
[INFO RSZ-0098] No setup violations found
[INFO RSZ-0046] Found 153 endpoints with hold violations.
Iteration | Resized | Buffers | Cloned Gates |   Area   |   WNS   |   TNS   | Endpoint
--------------------------------------------------------------------------------------
        0 |       0 |       0 |            0 |    +0.0% |  -0.440 | -20.793 | state[0][24]$_DFF_P_/D
       10 |       0 |       1 |            0 |    +0.0% |  -0.077 |  -0.077 | state_reg[6][0]$_DFF_P_/D
       20 |       0 |       1 |            0 |    +0.0% |  -0.077 |  -0.077 | state_reg[6][0]$_DFF_P_/D
       30 |       0 |       1 |            0 |    +0.0% |  -0.077 |  -0.077 | state_reg[6][0]$_DFF_P_/D
       40 |       0 |       1 |            0 |    +0.0% |  -0.077 |  -0.077 | state_reg[6][0]$_DFF_P_/D
       50 |       0 |       1 |            0 |    +0.0% |  -0.077 |  -0.077 | state_reg[6][0]$_DFF_P_/D
       60 |       0 |       2 |            0 |    +0.0% |   0.110 |   0.000 | state[1][1]$_DFF_P_/D
       70 |       0 |       2 |            0 |    +0.0% |   0.110 |   0.000 | state[1][1]$_DFF_P_/D
       80 |       0 |       2 |            0 |    +0.0% |   0.110 |   0.000 | state[1][1]$_DFF_P_/D
       90 |       0 |       2 |            0 |    +0.0% |   0.110 |   0.000 | state[1][1]$_DFF_P_/D
      100 |       0 |       2 |            0 |    +0.0% |   0.110 |   0.000 | state[1][1]$_DFF_P_/D
      110 |       0 |       2 |            0 |    +0.0% |   0.110 |   0.000 | state[1][1]$_DFF_P_/D
      120 |       0 |       2 |            0 |    +0.0% |   0.110 |   0.000 | state[1][1]$_DFF_P_/D
      130 |       0 |       2 |            0 |    +0.0% |   0.110 |   0.000 | state[1][1]$_DFF_P_/D
      140 |       0 |       2 |            0 |    +0.0% |   0.110 |   0.000 | state[1][1]$_DFF_P_/D
      150 |       0 |       2 |            0 |    +0.0% |   0.110 |   0.000 | state[1][1]$_DFF_P_/D
    final |       0 |       2 |            0 |    +0.0% |   0.110 |   0.000 | state[1][1]$_DFF_P_/D
--------------------------------------------------------------------------------------
[INFO RSZ-0032] Inserted 2 hold buffers.
detailed_placement
[INFO DPL-0006] Core area: 513342.34 um^2, Instances area: 110821.29 um^2, Utilization: 21.6%
[INFO DPL-0005] Diamond search max displacement: +/- 500 sites horizontally, +/- 100 rows vertically.
[INFO DPL-1101] Legalizing using diamond search.
Movements Summary
---------------------------------------
Total cells:                    9668
Diamond Move Success:           9668 (100.00%)
Diamond Move Failure:              0
Rip-up and replace Success:        0 (  0.00% of diamond failures)
Rip-up and replace Failure:        0
Total Placement Failures:          0
---------------------------------------
Placement Analysis
---------------------------------
total displacement          2.7 u
average displacement        0.0 u
max displacement            1.5 u
original HPWL          273581.8 u
legalized HPWL         273582.5 u
delta HPWL                    0 %

Report metrics stage 4, cts final...

==========================================================================
cts final report_design_area
--------------------------------------------------------------------------
Design area 110821 um^2 22% utilization.
write_db /home/harish_d1121/Spec_to_Tapeout-main/openroad_runs/p9/results/sky130hd/fir_filter/base/4_1_cts.odb
write_sdc -no_timestamp /home/harish_d1121/Spec_to_Tapeout-main/openroad_runs/p9/results/sky130hd/fir_filter/base/4_cts.sdc
Elapsed time: 0:03.44[h:]min:sec. CPU time: user 4.15 sys 0.79 (143%). Peak memory: 231164KB.
Log                        Elapsed/s Peak Memory/MB  sha1sum .odb [0:20)
4_1_cts                            3            225 cb1d7f8d3fdc88f0badf
