#! /usr/bin/vvp
:ivl_version "11.0 (stable)";
:ivl_delay_selection "TYPICAL";
:vpi_time_precision - 12;
:vpi_module "/usr/lib/x86_64-linux-gnu/ivl/system.vpi";
:vpi_module "/usr/lib/x86_64-linux-gnu/ivl/vhdl_sys.vpi";
:vpi_module "/usr/lib/x86_64-linux-gnu/ivl/vhdl_textio.vpi";
:vpi_module "/usr/lib/x86_64-linux-gnu/ivl/v2005_math.vpi";
:vpi_module "/usr/lib/x86_64-linux-gnu/ivl/va_math.vpi";
:vpi_module "/usr/lib/x86_64-linux-gnu/ivl/v2009.vpi";
S_0x61d1fc882600 .scope package, "$unit" "$unit" 2 1;
 .timescale 0 0;
S_0x61d1fc882790 .scope module, "tb" "tb" 3 3;
 .timescale -9 -12;
v0x61d1fc8a18e0_0 .var "a", 15 0;
v0x61d1fc8a19a0_0 .var "b", 15 0;
v0x61d1fc8a1a40_0 .net "result", 15 0, v0x61d1fc8a1200_0;  1 drivers
S_0x61d1fc882920 .scope task, "check_result" "check_result" 3 14, 3 14 0, S_0x61d1fc882790;
 .timescale -9 -12;
v0x61d1fc83e7b0_0 .var "expected", 15 0;
v0x61d1fc83eba0_0 .var "name", 127 0;
TD_tb.check_result ;
    %delay 1000, 0;
    %load/vec4 v0x61d1fc8a1a40_0;
    %load/vec4 v0x61d1fc83e7b0_0;
    %cmp/ne;
    %jmp/0xz  T_0.0, 6;
    %vpi_call/w 3 20 "$display", "FAIL: %0s expected=%h got=%h time=%0t", v0x61d1fc83eba0_0, v0x61d1fc83e7b0_0, v0x61d1fc8a1a40_0, $time {0 0 0};
    %vpi_call/w 3 21 "$fatal", 32'sb00000000000000000000000000000001 {0 0 0};
T_0.0 ;
    %end;
S_0x61d1fc8a03a0 .scope module, "dut" "fp16_multiplier" 3 8, 4 1 0, S_0x61d1fc882790;
 .timescale 0 0;
    .port_info 0 /INPUT 16 "a";
    .port_info 1 /INPUT 16 "b";
    .port_info 2 /OUTPUT 16 "result";
v0x61d1fc8a0670_0 .net "a", 15 0, v0x61d1fc8a18e0_0;  1 drivers
v0x61d1fc8a0770_0 .net "b", 15 0, v0x61d1fc8a19a0_0;  1 drivers
v0x61d1fc8a0850_0 .var "exp_a", 4 0;
v0x61d1fc8a0910_0 .var "exp_b", 4 0;
v0x61d1fc8a09f0_0 .var "exp_norm", 4 0;
v0x61d1fc8a0b20_0 .var "exp_sum", 5 0;
v0x61d1fc8a0c00_0 .var "frac_a", 9 0;
v0x61d1fc8a0ce0_0 .var "frac_b", 9 0;
v0x61d1fc8a0dc0_0 .var "frac_norm", 9 0;
v0x61d1fc8a0ea0_0 .var "guard_bit", 0 0;
v0x61d1fc8a0f60_0 .var "mant_a", 10 0;
v0x61d1fc8a1040_0 .var "mant_b", 10 0;
v0x61d1fc8a1120_0 .var "mant_prod", 21 0;
v0x61d1fc8a1200_0 .var "result", 15 0;
v0x61d1fc8a12e0_0 .var "round_bit", 0 0;
v0x61d1fc8a13a0_0 .var "rounded_exp", 4 0;
v0x61d1fc8a1480_0 .var "rounded_mant", 10 0;
v0x61d1fc8a1560_0 .var "sign_a", 0 0;
v0x61d1fc8a1620_0 .var "sign_b", 0 0;
v0x61d1fc8a16e0_0 .var "sign_r", 0 0;
v0x61d1fc8a17a0_0 .var "sticky_bit", 0 0;
E_0x61d1fc879200/0 .event edge, v0x61d1fc8a0670_0, v0x61d1fc8a0770_0, v0x61d1fc8a0850_0, v0x61d1fc8a0c00_0;
E_0x61d1fc879200/1 .event edge, v0x61d1fc8a0910_0, v0x61d1fc8a0ce0_0, v0x61d1fc8a1560_0, v0x61d1fc8a1620_0;
E_0x61d1fc879200/2 .event edge, v0x61d1fc8a0f60_0, v0x61d1fc8a1040_0, v0x61d1fc8a1120_0, v0x61d1fc8a0b20_0;
E_0x61d1fc879200/3 .event edge, v0x61d1fc8a0dc0_0, v0x61d1fc8a09f0_0, v0x61d1fc8a0ea0_0, v0x61d1fc8a12e0_0;
E_0x61d1fc879200/4 .event edge, v0x61d1fc8a17a0_0, v0x61d1fc8a1480_0, v0x61d1fc8a16e0_0, v0x61d1fc8a13a0_0;
E_0x61d1fc879200 .event/or E_0x61d1fc879200/0, E_0x61d1fc879200/1, E_0x61d1fc879200/2, E_0x61d1fc879200/3, E_0x61d1fc879200/4;
    .scope S_0x61d1fc8a03a0;
T_1 ;
    %wait E_0x61d1fc879200;
    %load/vec4 v0x61d1fc8a0670_0;
    %parti/s 1, 15, 5;
    %store/vec4 v0x61d1fc8a1560_0, 0, 1;
    %load/vec4 v0x61d1fc8a0770_0;
    %parti/s 1, 15, 5;
    %store/vec4 v0x61d1fc8a1620_0, 0, 1;
    %load/vec4 v0x61d1fc8a0670_0;
    %parti/s 5, 10, 5;
    %store/vec4 v0x61d1fc8a0850_0, 0, 5;
    %load/vec4 v0x61d1fc8a0770_0;
    %parti/s 5, 10, 5;
    %store/vec4 v0x61d1fc8a0910_0, 0, 5;
    %load/vec4 v0x61d1fc8a0670_0;
    %parti/s 10, 0, 2;
    %store/vec4 v0x61d1fc8a0c00_0, 0, 10;
    %load/vec4 v0x61d1fc8a0770_0;
    %parti/s 10, 0, 2;
    %store/vec4 v0x61d1fc8a0ce0_0, 0, 10;
    %pushi/vec4 0, 0, 11;
    %store/vec4 v0x61d1fc8a0f60_0, 0, 11;
    %pushi/vec4 0, 0, 11;
    %store/vec4 v0x61d1fc8a1040_0, 0, 11;
    %pushi/vec4 0, 0, 1;
    %store/vec4 v0x61d1fc8a16e0_0, 0, 1;
    %pushi/vec4 0, 0, 6;
    %store/vec4 v0x61d1fc8a0b20_0, 0, 6;
    %pushi/vec4 0, 0, 22;
    %store/vec4 v0x61d1fc8a1120_0, 0, 22;
    %pushi/vec4 0, 0, 5;
    %store/vec4 v0x61d1fc8a09f0_0, 0, 5;
    %pushi/vec4 0, 0, 10;
    %store/vec4 v0x61d1fc8a0dc0_0, 0, 10;
    %pushi/vec4 0, 0, 1;
    %store/vec4 v0x61d1fc8a0ea0_0, 0, 1;
    %pushi/vec4 0, 0, 1;
    %store/vec4 v0x61d1fc8a12e0_0, 0, 1;
    %pushi/vec4 0, 0, 1;
    %store/vec4 v0x61d1fc8a17a0_0, 0, 1;
    %pushi/vec4 0, 0, 11;
    %store/vec4 v0x61d1fc8a1480_0, 0, 11;
    %pushi/vec4 0, 0, 5;
    %store/vec4 v0x61d1fc8a13a0_0, 0, 5;
    %pushi/vec4 0, 0, 16;
    %store/vec4 v0x61d1fc8a1200_0, 0, 16;
    %load/vec4 v0x61d1fc8a0850_0;
    %pushi/vec4 0, 0, 5;
    %cmp/e;
    %flag_get/vec4 4;
    %load/vec4 v0x61d1fc8a0c00_0;
    %pushi/vec4 0, 0, 10;
    %cmp/e;
    %flag_get/vec4 4;
    %and;
    %flag_set/vec4 8;
    %load/vec4 v0x61d1fc8a0910_0;
    %pushi/vec4 0, 0, 5;
    %cmp/e;
    %flag_get/vec4 4;
    %load/vec4 v0x61d1fc8a0ce0_0;
    %pushi/vec4 0, 0, 10;
    %cmp/e;
    %flag_get/vec4 4;
    %and;
    %flag_set/vec4 9;
    %flag_or 9, 8;
    %jmp/0xz  T_1.0, 9;
    %pushi/vec4 0, 0, 16;
    %store/vec4 v0x61d1fc8a1200_0, 0, 16;
    %jmp T_1.1;
T_1.0 ;
    %pushi/vec4 1, 0, 1;
    %load/vec4 v0x61d1fc8a0c00_0;
    %concat/vec4; draw_concat_vec4
    %store/vec4 v0x61d1fc8a0f60_0, 0, 11;
    %pushi/vec4 1, 0, 1;
    %load/vec4 v0x61d1fc8a0ce0_0;
    %concat/vec4; draw_concat_vec4
    %store/vec4 v0x61d1fc8a1040_0, 0, 11;
    %load/vec4 v0x61d1fc8a1560_0;
    %load/vec4 v0x61d1fc8a1620_0;
    %xor;
    %store/vec4 v0x61d1fc8a16e0_0, 0, 1;
    %load/vec4 v0x61d1fc8a0850_0;
    %pad/u 6;
    %load/vec4 v0x61d1fc8a0910_0;
    %pad/u 6;
    %add;
    %subi 15, 0, 6;
    %store/vec4 v0x61d1fc8a0b20_0, 0, 6;
    %load/vec4 v0x61d1fc8a0f60_0;
    %pad/u 22;
    %load/vec4 v0x61d1fc8a1040_0;
    %pad/u 22;
    %mul;
    %store/vec4 v0x61d1fc8a1120_0, 0, 22;
    %load/vec4 v0x61d1fc8a1120_0;
    %parti/s 1, 21, 6;
    %flag_set/vec4 8;
    %jmp/0xz  T_1.2, 8;
    %load/vec4 v0x61d1fc8a0b20_0;
    %parti/s 5, 0, 2;
    %addi 1, 0, 5;
    %store/vec4 v0x61d1fc8a09f0_0, 0, 5;
    %load/vec4 v0x61d1fc8a1120_0;
    %parti/s 10, 11, 5;
    %store/vec4 v0x61d1fc8a0dc0_0, 0, 10;
    %load/vec4 v0x61d1fc8a1120_0;
    %parti/s 1, 10, 5;
    %store/vec4 v0x61d1fc8a0ea0_0, 0, 1;
    %load/vec4 v0x61d1fc8a1120_0;
    %parti/s 1, 9, 5;
    %store/vec4 v0x61d1fc8a12e0_0, 0, 1;
    %load/vec4 v0x61d1fc8a1120_0;
    %parti/s 9, 0, 2;
    %or/r;
    %store/vec4 v0x61d1fc8a17a0_0, 0, 1;
    %jmp T_1.3;
T_1.2 ;
    %load/vec4 v0x61d1fc8a0b20_0;
    %parti/s 5, 0, 2;
    %store/vec4 v0x61d1fc8a09f0_0, 0, 5;
    %load/vec4 v0x61d1fc8a1120_0;
    %parti/s 10, 10, 5;
    %store/vec4 v0x61d1fc8a0dc0_0, 0, 10;
    %load/vec4 v0x61d1fc8a1120_0;
    %parti/s 1, 9, 5;
    %store/vec4 v0x61d1fc8a0ea0_0, 0, 1;
    %load/vec4 v0x61d1fc8a1120_0;
    %parti/s 1, 8, 5;
    %store/vec4 v0x61d1fc8a12e0_0, 0, 1;
    %load/vec4 v0x61d1fc8a1120_0;
    %parti/s 8, 0, 2;
    %or/r;
    %store/vec4 v0x61d1fc8a17a0_0, 0, 1;
T_1.3 ;
    %pushi/vec4 0, 0, 1;
    %load/vec4 v0x61d1fc8a0dc0_0;
    %concat/vec4; draw_concat_vec4
    %store/vec4 v0x61d1fc8a1480_0, 0, 11;
    %load/vec4 v0x61d1fc8a09f0_0;
    %store/vec4 v0x61d1fc8a13a0_0, 0, 5;
    %load/vec4 v0x61d1fc8a0ea0_0;
    %load/vec4 v0x61d1fc8a12e0_0;
    %load/vec4 v0x61d1fc8a17a0_0;
    %or;
    %load/vec4 v0x61d1fc8a0dc0_0;
    %parti/s 1, 0, 2;
    %or;
    %and;
    %flag_set/vec4 8;
    %jmp/0xz  T_1.4, 8;
    %pushi/vec4 0, 0, 1;
    %load/vec4 v0x61d1fc8a0dc0_0;
    %concat/vec4; draw_concat_vec4
    %addi 1, 0, 11;
    %store/vec4 v0x61d1fc8a1480_0, 0, 11;
    %load/vec4 v0x61d1fc8a1480_0;
    %parti/s 1, 10, 5;
    %flag_set/vec4 8;
    %jmp/0xz  T_1.6, 8;
    %pushi/vec4 0, 0, 11;
    %store/vec4 v0x61d1fc8a1480_0, 0, 11;
    %load/vec4 v0x61d1fc8a09f0_0;
    %addi 1, 0, 5;
    %store/vec4 v0x61d1fc8a13a0_0, 0, 5;
T_1.6 ;
T_1.4 ;
    %load/vec4 v0x61d1fc8a16e0_0;
    %load/vec4 v0x61d1fc8a13a0_0;
    %concat/vec4; draw_concat_vec4
    %load/vec4 v0x61d1fc8a1480_0;
    %parti/s 10, 0, 2;
    %concat/vec4; draw_concat_vec4
    %store/vec4 v0x61d1fc8a1200_0, 0, 16;
T_1.1 ;
    %jmp T_1;
    .thread T_1, $push;
    .scope S_0x61d1fc882790;
T_2 ;
    %pushi/vec4 15360, 0, 16;
    %store/vec4 v0x61d1fc8a18e0_0, 0, 16;
    %pushi/vec4 16384, 0, 16;
    %store/vec4 v0x61d1fc8a19a0_0, 0, 16;
    %delay 1000, 0;
    %pushi/vec4 16384, 0, 16;
    %store/vec4 v0x61d1fc83e7b0_0, 0, 16;
    %pushi/vec4 3862979676, 0, 33;
    %concati/vec4 3229717957, 0, 33;
    %concati/vec4 3582308812, 0, 32;
    %concati/vec4 540159536, 0, 30;
    %store/vec4 v0x61d1fc83eba0_0, 0, 128;
    %fork TD_tb.check_result, S_0x61d1fc882920;
    %join;
    %pushi/vec4 0, 0, 16;
    %store/vec4 v0x61d1fc8a18e0_0, 0, 16;
    %pushi/vec4 16384, 0, 16;
    %store/vec4 v0x61d1fc8a19a0_0, 0, 16;
    %delay 1000, 0;
    %pushi/vec4 0, 0, 16;
    %store/vec4 v0x61d1fc83e7b0_0, 0, 16;
    %pushi/vec4 31333, 0, 32; draw_string_vec4
    %pushi/vec4 1919885412, 0, 32; draw_string_vec4
    %concat/vec4; draw_string_vec4
    %pushi/vec4 1702126947, 0, 32; draw_string_vec4
    %concat/vec4; draw_string_vec4
    %pushi/vec4 1953066862, 0, 32; draw_string_vec4
    %concat/vec4; draw_string_vec4
    %store/vec4 v0x61d1fc83eba0_0, 0, 128;
    %fork TD_tb.check_result, S_0x61d1fc882920;
    %join;
    %pushi/vec4 48128, 0, 16;
    %store/vec4 v0x61d1fc8a18e0_0, 0, 16;
    %pushi/vec4 15360, 0, 16;
    %store/vec4 v0x61d1fc8a19a0_0, 0, 16;
    %delay 1000, 0;
    %pushi/vec4 48128, 0, 16;
    %store/vec4 v0x61d1fc83e7b0_0, 0, 16;
    %pushi/vec4 115, 0, 32; draw_string_vec4
    %pushi/vec4 1768386080, 0, 32; draw_string_vec4
    %concat/vec4; draw_string_vec4
    %pushi/vec4 1751215716, 0, 32; draw_string_vec4
    %concat/vec4; draw_string_vec4
    %pushi/vec4 1818848871, 0, 32; draw_string_vec4
    %concat/vec4; draw_string_vec4
    %store/vec4 v0x61d1fc83eba0_0, 0, 128;
    %fork TD_tb.check_result, S_0x61d1fc882920;
    %join;
    %vpi_call/w 3 39 "$display", "TEST PASSED" {0 0 0};
    %vpi_call/w 3 40 "$finish" {0 0 0};
    %end;
    .thread T_2;
# The file index is used to find the file name in the following table.
:file_names 5;
    "N/A";
    "<interactive>";
    "-";
    "/home/harish_d1121/Spec_to_Tapeout-main/output/p8/tb_candidate.v";
    "/home/harish_d1121/Spec_to_Tapeout-main/output/p8/design_candidate.v";
