OpenROAD 26Q2-339-g0504146ce6 
Features included (+) or not (-): +GPU +GUI +Python
This program is licensed under the BSD-3 license. See the LICENSE file for details.
Components of this program may be licensed under more restrictive licenses which must be honored.
[INFO ORD-0030] Using 4 thread(s).
read_liberty /home/harish_d1121/OpenROAD-flow-scripts/flow/platforms/sky130hd/lib/sky130_fd_sc_hd__tt_025C_1v80.lib
read_db /home/harish_d1121/Spec_to_Tapeout-main/openroad_runs/p1/results/sky130hd/seq_detector_0011/base/4_cts.odb
read_sdc /home/harish_d1121/Spec_to_Tapeout-main/openroad_runs/p1/results/sky130hd/seq_detector_0011/base/4_cts.sdc
source /home/harish_d1121/OpenROAD-flow-scripts/flow/platforms/sky130hd/setRC.tcl
pin_access
[INFO DRT-0149] Reading tech and libs.
[WARNING DRT-0349] LEF58_ENCLOSURE with no CUTCLASS is not supported. Skipping for layer mcon
[WARNING DRT-0349] LEF58_ENCLOSURE with no CUTCLASS is not supported. Skipping for layer mcon
[WARNING DRT-0349] LEF58_ENCLOSURE with no CUTCLASS is not supported. Skipping for layer via
[WARNING DRT-0349] LEF58_ENCLOSURE with no CUTCLASS is not supported. Skipping for layer via
[WARNING DRT-0349] LEF58_ENCLOSURE with no CUTCLASS is not supported. Skipping for layer via2
[WARNING DRT-0349] LEF58_ENCLOSURE with no CUTCLASS is not supported. Skipping for layer via2
[WARNING DRT-0349] LEF58_ENCLOSURE with no CUTCLASS is not supported. Skipping for layer via3
[WARNING DRT-0349] LEF58_ENCLOSURE with no CUTCLASS is not supported. Skipping for layer via3
[WARNING DRT-0349] LEF58_ENCLOSURE with no CUTCLASS is not supported. Skipping for layer via4
[WARNING DRT-0349] LEF58_ENCLOSURE with no CUTCLASS is not supported. Skipping for layer via4

Units:                1000
Number of layers:     13
Number of macros:     441
Number of vias:       29
Number of viarulegen: 25

[INFO DRT-0150] Reading design.

Design:                   seq_detector_0011
Die area:                 ( 0 0 ) ( 46095 46095 )
Number of track patterns: 12
Number of DEF vias:       0
Number of components:     33
Number of terminals:      6
Number of snets:          2
Number of nets:           20

[INFO DRT-0167] List of default vias:
  Layer via
    default via: M1M2_PR
  Layer via2
    default via: M2M3_PR
  Layer via3
    default via: M3M4_PR
  Layer via4
    default via: M4M5_PR
[INFO DRT-0162] Library cell analysis.
[INFO DRT-0163] Instance analysis.
[INFO DRT-0164] Number of unique instances = 13.
[INFO DRT-0168] Init region query.
[INFO DRT-0024]   Complete FR_MASTERSLICE.
[INFO DRT-0024]   Complete Fr_VIA.
[INFO DRT-0024]   Complete li1.
[INFO DRT-0024]   Complete mcon.
[INFO DRT-0024]   Complete met1.
[INFO DRT-0024]   Complete via.
[INFO DRT-0024]   Complete met2.
[INFO DRT-0024]   Complete via2.
[INFO DRT-0024]   Complete met3.
[INFO DRT-0024]   Complete via3.
[INFO DRT-0024]   Complete met4.
[INFO DRT-0024]   Complete via4.
[INFO DRT-0024]   Complete met5.
[INFO DRT-0033] FR_MASTERSLICE shape region query size = 0.
[INFO DRT-0033] FR_VIA shape region query size = 0.
[INFO DRT-0033] li1 shape region query size = 851.
[INFO DRT-0033] mcon shape region query size = 382.
[INFO DRT-0033] met1 shape region query size = 134.
[INFO DRT-0033] via shape region query size = 70.
[INFO DRT-0033] met2 shape region query size = 43.
[INFO DRT-0033] via2 shape region query size = 56.
[INFO DRT-0033] met3 shape region query size = 45.
[INFO DRT-0033] via3 shape region query size = 56.
[INFO DRT-0033] met4 shape region query size = 18.
[INFO DRT-0033] via4 shape region query size = 2.
[INFO DRT-0033] met5 shape region query size = 6.
[INFO DRT-0165] Start pin access.
[INFO DRT-0078]   Complete 77 pins.
[INFO DRT-0081]   Complete 13 unique inst patterns.
[INFO DRT-0084]   Complete 14 groups.
#scanned instances     = 33
#unique  instances     = 13
#stdCellGenAp          = 213
#stdCellValidPlanarAp  = 0
#stdCellValidViaAp     = 140
#stdCellPinNoAp        = 0
#stdCellPinCnt         = 47
#instTermValidViaApCnt = 0
#macroGenAp            = 0
#macroValidPlanarAp    = 0
#macroValidViaAp       = 0
#macroNoAp             = 0
[INFO DRT-0166] Complete pin access.
[INFO DRT-0267] cpu time = 00:00:02, elapsed time = 00:00:01, memory = 123.13 (MB), peak = 123.13 (MB)
global_route -congestion_report_file /home/harish_d1121/Spec_to_Tapeout-main/openroad_runs/p1/reports/sky130hd/seq_detector_0011/base/congestion.rpt -congestion_iterations 30 -congestion_report_iter_step 5 -verbose
[INFO GRT-0020] Min routing layer: met1
[INFO GRT-0021] Max routing layer: met5
[INFO GRT-0022] Global adjustment: 0%
[INFO GRT-0023] Grid origin: (0, 0)
[INFO GRT-0088] Layer li1     Track-Pitch = 0.4600  line-2-Via Pitch: 0.3400
[INFO GRT-0088] Layer met1    Track-Pitch = 0.3400  line-2-Via Pitch: 0.3400
[INFO GRT-0088] Layer met2    Track-Pitch = 0.4600  line-2-Via Pitch: 0.3500
[INFO GRT-0088] Layer met3    Track-Pitch = 0.6800  line-2-Via Pitch: 0.6150
[INFO GRT-0088] Layer met4    Track-Pitch = 0.9200  line-2-Via Pitch: 1.0400
[INFO GRT-0088] Layer met5    Track-Pitch = 3.4000  line-2-Via Pitch: 3.1100
[INFO GRT-0003] Macros: 0
[INFO GRT-0004] Blockages: 70
[INFO GRT-0019] Found 4 clock nets.
[INFO GRT-0001] Minimum degree: 2
[INFO GRT-0002] Maximum degree: 5

[INFO GRT-0053] Routing resources analysis:
          Routing      Original      Derated      Resource
Layer     Direction    Resources     Resources    Reduction (%)
---------------------------------------------------------------
li1        Vertical            0             0          0.00%
met1       Horizontal        508           395          22.24%
met2       Vertical          464           364          21.55%
met3       Horizontal        326           254          22.09%
met4       Vertical          232           176          24.14%
met5       Horizontal         55            35          36.36%
---------------------------------------------------------------

[INFO GRT-0197] Via related to pin nodes: 76
[INFO GRT-0198] Via related Steiner nodes: 0
[INFO GRT-0199] Via filling finished.
[INFO GRT-0111] Final number of vias: 91
[INFO GRT-0112] Final usage 3D: 306

[INFO GRT-0096] Final congestion report:
Layer         Resource        Demand        Usage (%)    Max H / Max V / Total Overflow
---------------------------------------------------------------------------------------
li1                  0             0            0.00%             0 /  0 /  0
met1               395            10            2.53%             0 /  0 /  0
met2               364            10            2.75%             0 /  0 /  0
met3               254            12            4.72%             0 /  0 /  0
met4               176             1            0.57%             0 /  0 /  0
met5                35             0            0.00%             0 /  0 /  0
---------------------------------------------------------------------------------------
Total             1224            33            2.70%             0 /  0 /  0

[INFO GRT-0018] Total wirelength: 345 um
[INFO GRT-0014] Routed nets: 20
[INFO GRT-0303] Global routing runtime = 00:00:00
estimate_parasitics -global_routing
Perform buffer insertion and gate resizing...
repair_design -verbose
Iteration |   Area    | Resized | Buffers | Nets repaired | Remaining
---------------------------------------------------------------------
        0 |     +0.0% |       0 |       0 |             0 |        21
       10 |     +0.0% |       0 |       0 |             0 |        11
       20 |     +0.0% |       0 |       0 |             0 |         1
    final |     +0.0% |       0 |       0 |             0 |         0
---------------------------------------------------------------------
global_route -start_incremental
detailed_placement
[INFO DPL-0006] Core area: 1333.78 um^2, Instances area: 220.21 um^2, Utilization: 16.5%
[INFO DPL-0005] Diamond search max displacement: +/- 500 sites horizontally, +/- 100 rows vertically.
[INFO DPL-1101] Legalizing using diamond search.
Movements Summary
---------------------------------------
Total cells:                      18
Diamond Move Success:             18 (100.00%)
Diamond Move Failure:              0
Rip-up and replace Success:        0 (  0.00% of diamond failures)
Rip-up and replace Failure:        0
Total Placement Failures:          0
---------------------------------------
Placement Analysis
---------------------------------
total displacement          0.0 u
average displacement        0.0 u
max displacement            0.0 u
original HPWL             213.0 u
legalized HPWL            213.0 u
delta HPWL                    0 %

global_route -end_incremental -congestion_report_file /home/harish_d1121/Spec_to_Tapeout-main/openroad_runs/p1/reports/sky130hd/seq_detector_0011/base/congestion_post_repair_design.rpt
Repair setup and hold violations...
estimate_parasitics -global_routing
repair_timing -setup_margin 0.0 -hold_margin 0.0 -repair_tns 100 -verbose
[INFO RSZ-0100] Repair move sequence: UnbufferMove SizeUpMove SwapPinsMove BufferMove CloneMove SplitLoadMove 
[INFO RSZ-0098] No setup violations found
[INFO RSZ-0033] No hold violations found.
global_route -start_incremental
detailed_placement
[INFO DPL-0006] Core area: 1333.78 um^2, Instances area: 220.21 um^2, Utilization: 16.5%
[INFO DPL-0005] Diamond search max displacement: +/- 500 sites horizontally, +/- 100 rows vertically.
[INFO DPL-1101] Legalizing using diamond search.
Movements Summary
---------------------------------------
Total cells:                      18
Diamond Move Success:             18 (100.00%)
Diamond Move Failure:              0
Rip-up and replace Success:        0 (  0.00% of diamond failures)
Rip-up and replace Failure:        0
Total Placement Failures:          0
---------------------------------------
Placement Analysis
---------------------------------
total displacement          0.0 u
average displacement        0.0 u
max displacement            0.0 u
original HPWL             213.0 u
legalized HPWL            213.0 u
delta HPWL                    0 %

global_route -end_incremental -congestion_report_file /home/harish_d1121/Spec_to_Tapeout-main/openroad_runs/p1/reports/sky130hd/seq_detector_0011/base/congestion_post_repair_timing.rpt
global_route -start_incremental
global_route -end_incremental -congestion_report_file /home/harish_d1121/Spec_to_Tapeout-main/openroad_runs/p1/reports/sky130hd/seq_detector_0011/base/congestion_post_recover_power.rpt
Repair antennas...
[INFO GRT-0012] Found 0 antenna violations.
[INFO ANT-0002] Found 0 net violations.
[INFO ANT-0001] Found 0 pin violations.
Estimate parasitics...
estimate_parasitics -global_routing
Report metrics stage 5, global route...

==========================================================================
global route report_design_area
--------------------------------------------------------------------------
Design area 220 um^2 17% utilization.
[INFO FLW-0007] clock clk period 1.100000
[INFO FLW-0008] Clock clk period 0.984
[INFO FLW-0009] Clock clk slack 0.065
[INFO FLW-0011] Path endpoint path count 7
write_db /home/harish_d1121/Spec_to_Tapeout-main/openroad_runs/p1/results/sky130hd/seq_detector_0011/base/5_1_grt.odb
write_sdc -no_timestamp /home/harish_d1121/Spec_to_Tapeout-main/openroad_runs/p1/results/sky130hd/seq_detector_0011/base/5_1_grt.sdc
Elapsed time: 0:01.63[h:]min:sec. CPU time: user 2.86 sys 0.20 (188%). Peak memory: 235112KB.
Log                        Elapsed/s Peak Memory/MB  sha1sum .odb [0:20)
5_1_grt                            1            229 7aaa170ccc001f86e8aa
