OpenROAD 26Q2-339-g0504146ce6 
Features included (+) or not (-): +GPU +GUI +Python
This program is licensed under the BSD-3 license. See the LICENSE file for details.
Components of this program may be licensed under more restrictive licenses which must be honored.
[INFO ORD-0030] Using 4 thread(s).
read_liberty /home/harish_d1121/OpenROAD-flow-scripts/flow/platforms/sky130hd/lib/sky130_fd_sc_hd__tt_025C_1v80.lib
read_db /home/harish_d1121/Spec_to_Tapeout-main/openroad_runs/p1/results/sky130hd/seq_detector_0011/base/6_1_fill.odb
read_sdc /home/harish_d1121/Spec_to_Tapeout-main/openroad_runs/p1/results/sky130hd/seq_detector_0011/base/6_1_fill.sdc
source /home/harish_d1121/OpenROAD-flow-scripts/flow/platforms/sky130hd/setRC.tcl
write_db /home/harish_d1121/Spec_to_Tapeout-main/openroad_runs/p1/results/sky130hd/seq_detector_0011/base/6_final.odb
Deleted 0 routing obstructions
Warning: master sky130_ef_sc_hd__decap_12 has signal pins but no liberty cell
[INFO RCX-0431] Defined process_corner X with ext_model_index 0
[INFO RCX-0029] Defined extraction corner X
[INFO RCX-0435] Reading extraction model file /home/harish_d1121/OpenROAD-flow-scripts/flow/platforms/sky130hd/rcx_patterns.rules ...
[INFO RCX-0436] RC segment generation seq_detector_0011 (max_merge_res 50.0) ...
[INFO RCX-0040] Final 46 rc segments
[INFO RCX-0439] Coupling Cap extraction seq_detector_0011 ...
[INFO RCX-0440] Coupling threshhold is 0.1000 fF, coupling capacitance less than 0.1000 fF will be grounded.
[INFO RCX-0442] 70% of 118 wires extracted
[INFO RCX-0442] 100% of 118 wires extracted
[INFO RCX-0045] Extract 20 nets, 66 rsegs, 66 caps, 36 ccs
[INFO RCX-0443] 20 nets finished
[INFO PSM-0040] All shapes on net VDD are connected.
########## IR report #################
Net              : VDD
Corner           : default
Total power      : 4.18e-04 W
Supply voltage   : 1.80e+00 V
Worstcase voltage: 1.80e+00 V
Average voltage  : 1.80e+00 V
Average IR drop  : 1.28e-04 V
Worstcase IR drop: 4.72e-04 V
Percentage drop  : 0.03 %
######################################
[INFO PSM-0040] All shapes on net VSS are connected.
########## IR report #################
Net              : VSS
Corner           : default
Total power      : 4.18e-04 W
Supply voltage   : 0.00e+00 V
Worstcase voltage: 4.46e-04 V
Average voltage  : 9.63e-05 V
Average IR drop  : 9.63e-05 V
Worstcase IR drop: 4.46e-04 V
Percentage drop  : 0.02 %
######################################
Cell type report:                       Count       Area
  Fill cell                               152    1113.57
  Tap cell                                 15      18.77
  Clock buffer                              4      26.28
  Timing Repair Buffer                      3      30.03
  Sequential cell                           5     100.10
  Multi-Input combinational cell            6      45.04
  Total                                   185    1333.78
Report metrics stage 6, finish...

==========================================================================
finish report_design_area
--------------------------------------------------------------------------
Design area 220 um^2 17% utilization.
[WARNING GUI-0076] QStandardPaths: wrong permissions on runtime directory /home/harish_d1121/Spec_to_Tapeout-main/openroad_runs/p1/.xdg_runtime, 0755 instead of 0700
[WARNING GUI-0066] Heat map "IR Drop" has not been populated with data.
[WARNING GUI-0066] Heat map "Routing Congestion" has not been populated with data.
Elapsed time: 0:01.14[h:]min:sec. CPU time: user 1.03 sys 0.14 (101%). Peak memory: 182428KB.
Log                        Elapsed/s Peak Memory/MB  sha1sum .odb [0:20)
6_report                           1            178                  N/A
