OpenROAD 26Q2-339-g0504146ce6 
Features included (+) or not (-): +GPU +GUI +Python
This program is licensed under the BSD-3 license. See the LICENSE file for details.
Components of this program may be licensed under more restrictive licenses which must be honored.
[INFO ORD-0030] Using 4 thread(s).
read_liberty /home/harish_d1121/OpenROAD-flow-scripts/flow/platforms/sky130hd/lib/sky130_fd_sc_hd__tt_025C_1v80.lib
read_db /home/harish_d1121/Spec_to_Tapeout-main/openroad_runs/p10/results/sky130hd/rising_edge_detector/base/2_floorplan.odb
read_sdc /home/harish_d1121/Spec_to_Tapeout-main/openroad_runs/p10/results/sky130hd/rising_edge_detector/base/2_floorplan.sdc
source /home/harish_d1121/OpenROAD-flow-scripts/flow/platforms/sky130hd/setRC.tcl
[INFO GPL-0022] Initialize gpl and calculate uniform density.
Placement density is 0.12650000028312208, computed from PLACE_DENSITY_LB_ADDON  0.05 and lower bound 0.07000000029802322
global_placement -skip_io -density 0.12650000028312208 -pad_left 0 -pad_right 0
[INFO GPL-0001] ---- Initialize GPL Main Data Structures
[INFO GPL-0002] DBU: 1000
[INFO GPL-0003] SiteSize: (  0.460  2.720 ) um
[INFO GPL-0004] CoreBBox: (  6.440  8.160 ) ( 40.020 38.080 ) um
[INFO GPL-0036] Movable instances area:         58.806 um^2
[INFO GPL-0037] Total instances area:           75.072 um^2
[INFO GPL-0035] Pin density area adjust:         4.354 um^2
[INFO GPL-0032] ---- Initialize Region: Top-level
[INFO GPL-0006] Number of instances:                17
[INFO GPL-0007] Movable instances:                   4
[INFO GPL-0008] Fixed instances:                    13
[INFO GPL-0009] Dummy instances:                     0
[INFO GPL-0010] Number of nets:                      7
[INFO GPL-0011] Number of pins:                     13
[INFO GPL-0012] Die BBox:  (  0.000  0.000 ) ( 46.295 46.295 ) um
[INFO GPL-0013] Core BBox: (  6.440  8.160 ) ( 40.020 38.080 ) um
[INFO GPL-0016] Core area:                    1004.714 um^2
[INFO GPL-0014] Region name: top-level.
[INFO GPL-0015] Region area:                  1004.714 um^2
[INFO GPL-0017] Fixed instances area:           16.266 um^2
[INFO GPL-0018] Movable instances area:         63.161 um^2
[INFO GPL-0019] Utilization:                     6.390 %
[INFO GPL-0020] Standard cells area:            63.161 um^2
[INFO GPL-0021] Large instances area:            0.000 um^2
[INFO GPL-0005] ---- Execute Conjugate Gradient Initial Placement.
[INFO GPL-0051] Source of initial instance position counters:
	Odb location = 0	Core center = 4	Region center = 0
[INFO GPL-0033] ---- Initialize Nesterov Region: Top-level
[INFO GPL-0023] Placement target density:       0.1265
[INFO GPL-0024] Movable insts average area:     15.790 um^2
[INFO GPL-0025] Ideal bin area:                124.823 um^2
[INFO GPL-0026] Ideal bin count:                     8
[INFO GPL-0027] Total bin area:               1004.714 um^2
[INFO GPL-0028] Bin count (X, Y):           2 ,      2
[INFO GPL-0029] Bin size (W * H):      16.790 * 14.960 um
[INFO GPL-0030] Number of bins:                      4
[INFO GPL-0007] ---- Execute Nesterov Global Placement.
[INFO GPL-0031] HPWL: Half-Perimeter Wirelength
Iteration | Overflow |     HPWL (um) |  HPWL(%) |   Penalty | Group
---------------------------------------------------------------
        0 |   0.0000 |  1.383000e+01 |   +0.00% |  4.98e-12 |      
        0 |   0.0000 |  1.383000e+01 |          |  5.18e-12 |      
---------------------------------------------------------------
[INFO GPL-1001] Global placement finished at iteration 0
[INFO GPL-1002] Placed Cell Area               63.1606
[INFO GPL-1003] Available Free Area           988.4480
[INFO GPL-1004] Minimum Feasible Density        0.0700 (cell_area / free_area)
[INFO GPL-1006]   Suggested Target Densities:
[INFO GPL-1007]     - For 90% usage of free space: 0.0710
[INFO GPL-1008]     - For 80% usage of free space: 0.0799
[INFO GPL-1009]     - For 50% usage of free space: 0.1278
[INFO GPL-1014] Final placement area: 63.16 (+0.00%)
Design area 75 um^2 7% utilization.
write_db /home/harish_d1121/Spec_to_Tapeout-main/openroad_runs/p10/results/sky130hd/rising_edge_detector/base/3_1_place_gp_skip_io.odb
Elapsed time: 0:00.32[h:]min:sec. CPU time: user 0.32 sys 0.03 (108%). Peak memory: 118500KB.
Log                        Elapsed/s Peak Memory/MB  sha1sum .odb [0:20)
3_1_place_gp_skip_io               0            115 fb981757b5a000e82795
