OpenROAD 26Q2-339-g0504146ce6 
Features included (+) or not (-): +GPU +GUI +Python
This program is licensed under the BSD-3 license. See the LICENSE file for details.
Components of this program may be licensed under more restrictive licenses which must be honored.
[INFO ORD-0030] Using 4 thread(s).
read_liberty /home/harish_d1121/OpenROAD-flow-scripts/flow/platforms/sky130hd/lib/sky130_fd_sc_hd__tt_025C_1v80.lib
read_db /home/harish_d1121/Spec_to_Tapeout-main/openroad_runs/p10/results/sky130hd/rising_edge_detector/base/3_4_place_resized.odb
read_sdc /home/harish_d1121/Spec_to_Tapeout-main/openroad_runs/p10/results/sky130hd/rising_edge_detector/base/2_floorplan.sdc
source /home/harish_d1121/OpenROAD-flow-scripts/flow/platforms/sky130hd/setRC.tcl
detailed_placement
[INFO DPL-0006] Core area: 1004.71 um^2, Instances area: 115.11 um^2, Utilization: 11.5%
[INFO DPL-0005] Diamond search max displacement: +/- 500 sites horizontally, +/- 100 rows vertically.
[INFO DPL-1101] Legalizing using diamond search.
Movements Summary
---------------------------------------
Total cells:                       8
Diamond Move Success:              8 (100.00%)
Diamond Move Failure:              0
Rip-up and replace Success:        0 (  0.00% of diamond failures)
Rip-up and replace Failure:        0
Total Placement Failures:          0
---------------------------------------
Placement Analysis
---------------------------------
total displacement         23.7 u
average displacement        1.1 u
max displacement            6.7 u
original HPWL             102.6 u
legalized HPWL            134.6 u
delta HPWL                   31 %

improve_placement -max_displacement "5 1"
Detailed placement improvement.
[INFO DPL-0401] Setting random seed to 1.
[INFO DPL-0402] Setting maximum displacement 5 1 to 13600 2720 units.
[INFO DPL-0320] Collected 17 fixed cells.
[INFO DPL-0318] Collected 8 single height cells.
[INFO DPL-0321] Collected 0 wide cells.
[INFO DPL-0322] Image (6440, 8160) - (40020, 38080)
[INFO DPL-0310] Assigned 8 cells into segments.  Movement in X-direction is 0.000000, movement in Y-direction is 0.000000.
[INFO DPL-0313] Found 0 cells in wrong regions.
[INFO DPL-0315] Found 0 row alignment problems.
[INFO DPL-0314] Found 0 site alignment problems.
[INFO DPL-0311] Found 0 overlaps between adjacent cells.
[INFO DPL-0312] Found 0 edge spacing violations and 0 padding violations.
[INFO DPL-0303] Running algorithm for independent set matching.
[INFO DPL-0300] Set matching objective is wirelength.
[INFO DPL-0301] Pass   1 of matching; objective is 1.357180e+05.
[INFO DPL-0302] End of matching; objective is 1.357180e+05, improvement is 0.00 percent.
[INFO DPL-0303] Running algorithm for global swaps.
[INFO DPL-0306] Pass   1 of global swaps; hpwl is 1.278460e+05.
[INFO DPL-0306] Pass   2 of global swaps; hpwl is 1.278460e+05.
[INFO DPL-0307] End of global swaps; objective is 1.278460e+05, improvement is 5.80 percent.
[INFO DPL-0303] Running algorithm for vertical swaps.
[INFO DPL-0308] Pass   1 of vertical swaps; hpwl is 1.266950e+05.
[INFO DPL-0309] End of vertical swaps; objective is 1.266950e+05, improvement is 0.90 percent.
[INFO DPL-0303] Running algorithm for reordering.
[INFO DPL-0304] Pass   1 of reordering; objective is 1.266950e+05.
[INFO DPL-0305] End of reordering; objective is 1.266950e+05, improvement is 0.00 percent.
[INFO DPL-0303] Running algorithm for random improvement.
[INFO DPL-0324] Random improver is using random generator.
[INFO DPL-0325] Random improver is using hpwl objective.
[INFO DPL-0326] Random improver cost string is (a).
[INFO DPL-0332] End of pass, Generator random called 160 times.
[INFO DPL-0335] Generator random, Cumulative attempts 160, swaps 8, moves    72 since last reset.
[INFO DPL-0333] End of pass, Objective hpwl, Initial cost 1.266950e+05, Scratch cost 1.139520e+05, Incremental cost 1.139520e+05, Mismatch? N
[INFO DPL-0338] End of pass, Total cost is 1.139520e+05.
[INFO DPL-0327] Pass   1 of random improver; improvement in cost is 10.06 percent.
[INFO DPL-0332] End of pass, Generator random called 160 times.
[INFO DPL-0335] Generator random, Cumulative attempts 320, swaps 11, moves   142 since last reset.
[INFO DPL-0333] End of pass, Objective hpwl, Initial cost 1.139520e+05, Scratch cost 1.107320e+05, Incremental cost 1.107320e+05, Mismatch? N
[INFO DPL-0338] End of pass, Total cost is 1.107320e+05.
[INFO DPL-0327] Pass   2 of random improver; improvement in cost is 2.83 percent.
[INFO DPL-0332] End of pass, Generator random called 160 times.
[INFO DPL-0335] Generator random, Cumulative attempts 480, swaps 12, moves   213 since last reset.
[INFO DPL-0333] End of pass, Objective hpwl, Initial cost 1.107320e+05, Scratch cost 1.107320e+05, Incremental cost 1.107320e+05, Mismatch? N
[INFO DPL-0338] End of pass, Total cost is 1.107320e+05.
[INFO DPL-0327] Pass   3 of random improver; improvement in cost is 0.00 percent.
[INFO DPL-0328] End of random improver; improvement is 12.599550 percent.
[INFO DPL-0380] Cell flipping.
[INFO DPL-0382] Changed 0 cell orientations for row compatibility.
[INFO DPL-0383] Performed 2 cell flips.
[INFO DPL-0384] End of flipping; objective is 1.027660e+05, improvement is 7.19 percent.
[INFO DPL-0313] Found 0 cells in wrong regions.
[INFO DPL-0315] Found 0 row alignment problems.
[INFO DPL-0314] Found 0 site alignment problems.
[INFO DPL-0311] Found 0 overlaps between adjacent cells.
[INFO DPL-0312] Found 0 edge spacing violations and 0 padding violations.
Detailed Improvement Results
------------------------------------------
Original HPWL              134.6 u (      82.0,       52.6)
Final HPWL                 101.7 u (      59.7,       42.0)
Delta HPWL                 -24.4 % (     -27.2,      -20.1)

optimize_mirroring
[INFO FLW-0012] Placement violations .
estimate_parasitics -placement
Report metrics stage 3, detailed place...

==========================================================================
detailed place report_design_area
--------------------------------------------------------------------------
Design area 115 um^2 11% utilization.
write_db /home/harish_d1121/Spec_to_Tapeout-main/openroad_runs/p10/results/sky130hd/rising_edge_detector/base/3_5_place_dp.odb
Elapsed time: 0:00.34[h:]min:sec. CPU time: user 0.30 sys 0.03 (99%). Peak memory: 120912KB.
Log                        Elapsed/s Peak Memory/MB  sha1sum .odb [0:20)
3_5_place_dp                       0            118 2112bd1008b031930908
