OpenROAD 26Q2-339-g0504146ce6 
Features included (+) or not (-): +GPU +GUI +Python
This program is licensed under the BSD-3 license. See the LICENSE file for details.
Components of this program may be licensed under more restrictive licenses which must be honored.
[INFO ORD-0030] Using 4 thread(s).
read_liberty /home/harish_d1121/OpenROAD-flow-scripts/flow/platforms/sky130hd/lib/sky130_fd_sc_hd__tt_025C_1v80.lib
read_db /home/harish_d1121/Spec_to_Tapeout-main/openroad_runs/p8/results/sky130hd/fp16_multiplier/base/4_cts.odb
read_sdc /home/harish_d1121/Spec_to_Tapeout-main/openroad_runs/p8/results/sky130hd/fp16_multiplier/base/4_cts.sdc
source /home/harish_d1121/OpenROAD-flow-scripts/flow/platforms/sky130hd/setRC.tcl
pin_access
[INFO DRT-0149] Reading tech and libs.
[WARNING DRT-0349] LEF58_ENCLOSURE with no CUTCLASS is not supported. Skipping for layer mcon
[WARNING DRT-0349] LEF58_ENCLOSURE with no CUTCLASS is not supported. Skipping for layer mcon
[WARNING DRT-0349] LEF58_ENCLOSURE with no CUTCLASS is not supported. Skipping for layer via
[WARNING DRT-0349] LEF58_ENCLOSURE with no CUTCLASS is not supported. Skipping for layer via
[WARNING DRT-0349] LEF58_ENCLOSURE with no CUTCLASS is not supported. Skipping for layer via2
[WARNING DRT-0349] LEF58_ENCLOSURE with no CUTCLASS is not supported. Skipping for layer via2
[WARNING DRT-0349] LEF58_ENCLOSURE with no CUTCLASS is not supported. Skipping for layer via3
[WARNING DRT-0349] LEF58_ENCLOSURE with no CUTCLASS is not supported. Skipping for layer via3
[WARNING DRT-0349] LEF58_ENCLOSURE with no CUTCLASS is not supported. Skipping for layer via4
[WARNING DRT-0349] LEF58_ENCLOSURE with no CUTCLASS is not supported. Skipping for layer via4

Units:                1000
Number of layers:     13
Number of macros:     441
Number of vias:       29
Number of viarulegen: 25

[INFO DRT-0150] Reading design.

Design:                   fp16_multiplier
Die area:                 ( 0 0 ) ( 116415 116415 )
Number of track patterns: 12
Number of DEF vias:       0
Number of components:     698
Number of terminals:      50
Number of snets:          2
Number of nets:           706

[INFO DRT-0167] List of default vias:
  Layer via
    default via: M1M2_PR
  Layer via2
    default via: M2M3_PR
  Layer via3
    default via: M3M4_PR
  Layer via4
    default via: M4M5_PR
[INFO DRT-0162] Library cell analysis.
[INFO DRT-0163] Instance analysis.
[INFO DRT-0164] Number of unique instances = 62.
[INFO DRT-0168] Init region query.
[INFO DRT-0024]   Complete FR_MASTERSLICE.
[INFO DRT-0024]   Complete Fr_VIA.
[INFO DRT-0024]   Complete li1.
[INFO DRT-0024]   Complete mcon.
[INFO DRT-0024]   Complete met1.
[INFO DRT-0024]   Complete via.
[INFO DRT-0024]   Complete met2.
[INFO DRT-0024]   Complete via2.
[INFO DRT-0024]   Complete met3.
[INFO DRT-0024]   Complete via3.
[INFO DRT-0024]   Complete met4.
[INFO DRT-0024]   Complete via4.
[INFO DRT-0024]   Complete met5.
[INFO DRT-0033] FR_MASTERSLICE shape region query size = 0.
[INFO DRT-0033] FR_VIA shape region query size = 0.
[INFO DRT-0033] li1 shape region query size = 14753.
[INFO DRT-0033] mcon shape region query size = 8854.
[INFO DRT-0033] met1 shape region query size = 3354.
[INFO DRT-0033] via shape region query size = 840.
[INFO DRT-0033] met2 shape region query size = 535.
[INFO DRT-0033] via2 shape region query size = 672.
[INFO DRT-0033] met3 shape region query size = 521.
[INFO DRT-0033] via3 shape region query size = 672.
[INFO DRT-0033] met4 shape region query size = 208.
[INFO DRT-0033] via4 shape region query size = 32.
[INFO DRT-0033] met5 shape region query size = 48.
[INFO DRT-0165] Start pin access.
[INFO DRT-0078]   Complete 486 pins.
[INFO DRT-0081]   Complete 62 unique inst patterns.
[INFO DRT-0084]   Complete 341 groups.
#scanned instances     = 698
#unique  instances     = 62
#stdCellGenAp          = 2320
#stdCellValidPlanarAp  = 26
#stdCellValidViaAp     = 1461
#stdCellPinNoAp        = 6
#stdCellPinCnt         = 1800
#instTermValidViaApCnt = 0
#macroGenAp            = 0
#macroValidPlanarAp    = 0
#macroValidViaAp       = 0
#macroNoAp             = 0
[INFO DRT-0166] Complete pin access.
[INFO DRT-0267] cpu time = 00:00:24, elapsed time = 00:00:08, memory = 126.75 (MB), peak = 126.75 (MB)
Took 9 seconds: pin_access
global_route -congestion_report_file /home/harish_d1121/Spec_to_Tapeout-main/openroad_runs/p8/reports/sky130hd/fp16_multiplier/base/congestion.rpt -congestion_iterations 30 -congestion_report_iter_step 5 -verbose
[INFO GRT-0020] Min routing layer: met1
[INFO GRT-0021] Max routing layer: met5
[INFO GRT-0022] Global adjustment: 0%
[INFO GRT-0023] Grid origin: (0, 0)
[INFO GRT-0088] Layer li1     Track-Pitch = 0.4600  line-2-Via Pitch: 0.3400
[INFO GRT-0088] Layer met1    Track-Pitch = 0.3400  line-2-Via Pitch: 0.3400
[INFO GRT-0088] Layer met2    Track-Pitch = 0.4600  line-2-Via Pitch: 0.3500
[INFO GRT-0088] Layer met3    Track-Pitch = 0.6800  line-2-Via Pitch: 0.6150
[INFO GRT-0088] Layer met4    Track-Pitch = 0.9200  line-2-Via Pitch: 1.0400
[INFO GRT-0088] Layer met5    Track-Pitch = 3.4000  line-2-Via Pitch: 3.1100
[INFO GRT-0003] Macros: 0
[INFO GRT-0004] Blockages: 460
[INFO GRT-0019] Found 0 clock nets.
[INFO GRT-0001] Minimum degree: 2
[INFO GRT-0002] Maximum degree: 24

[INFO GRT-0053] Routing resources analysis:
          Routing      Original      Derated      Resource
Layer     Direction    Resources     Resources    Reduction (%)
---------------------------------------------------------------
li1        Vertical            0             0          0.00%
met1       Horizontal       3365          2608          22.50%
met2       Vertical         3345          2580          22.87%
met3       Horizontal       2418          1892          21.75%
met4       Vertical         1650          1260          23.64%
met5       Horizontal        405           270          33.33%
---------------------------------------------------------------

[INFO GRT-0197] Via related to pin nodes: 2871
[INFO GRT-0198] Via related Steiner nodes: 29
[INFO GRT-0199] Via filling finished.
[INFO GRT-0111] Final number of vias: 3564
[INFO GRT-0112] Final usage 3D: 12116

[INFO GRT-0096] Final congestion report:
Layer         Resource        Demand        Usage (%)    Max H / Max V / Total Overflow
---------------------------------------------------------------------------------------
li1                  0             0            0.00%             0 /  0 /  0
met1              2608           643           24.65%             0 /  0 /  0
met2              2580           733           28.41%             0 /  0 /  0
met3              1892            44            2.33%             0 /  0 /  0
met4              1260             4            0.32%             0 /  0 /  0
met5               270             0            0.00%             0 /  0 /  0
---------------------------------------------------------------------------------------
Total             8610          1424           16.54%             0 /  0 /  0

[INFO GRT-0018] Total wirelength: 17174 um
[INFO GRT-0014] Routed nets: 706
[INFO GRT-0303] Global routing runtime = 00:00:00
estimate_parasitics -global_routing
Perform buffer insertion and gate resizing...
repair_design -verbose
Iteration |   Area    | Resized | Buffers | Nets repaired | Remaining
---------------------------------------------------------------------
        0 |     +0.0% |       0 |       0 |             0 |       706
       10 |     +0.0% |       0 |       0 |             0 |       696
       20 |     +0.0% |       0 |       0 |             0 |       686
       30 |     +0.0% |       0 |       0 |             0 |       676
       40 |     +0.0% |       0 |       0 |             0 |       666
       50 |     +0.0% |       0 |       0 |             0 |       656
       60 |     +0.0% |       0 |       0 |             0 |       646
       70 |     +0.0% |       0 |       0 |             0 |       636
       80 |     +0.0% |       0 |       0 |             0 |       626
       90 |     +0.0% |       0 |       0 |             0 |       616
      100 |     +0.0% |       0 |       0 |             0 |       606
      110 |     +0.0% |       0 |       0 |             0 |       596
      120 |     +0.0% |       0 |       0 |             0 |       586
      130 |     +0.0% |       0 |       0 |             0 |       576
      140 |     +0.0% |       0 |       0 |             0 |       566
      150 |     +0.0% |       0 |       0 |             0 |       556
      160 |     +0.0% |       0 |       0 |             0 |       546
      170 |     +0.0% |       0 |       0 |             0 |       536
      180 |     +0.0% |       0 |       0 |             0 |       526
      190 |     +0.0% |       0 |       0 |             0 |       516
      200 |     +0.0% |       0 |       0 |             0 |       506
      210 |     +0.0% |       0 |       0 |             0 |       496
      220 |     +0.0% |       0 |       0 |             0 |       486
      230 |     +0.0% |       0 |       0 |             0 |       476
      240 |     +0.0% |       0 |       0 |             0 |       466
      250 |     +0.0% |       0 |       0 |             0 |       456
      260 |     +0.0% |       0 |       0 |             0 |       446
      270 |     +0.0% |       0 |       0 |             0 |       436
      280 |     +0.0% |       0 |       0 |             0 |       426
      290 |     +0.0% |       0 |       0 |             0 |       416
      300 |     +0.0% |       0 |       0 |             0 |       406
      310 |     +0.0% |       0 |       0 |             0 |       396
      320 |     +0.0% |       0 |       0 |             0 |       386
      330 |     +0.0% |       0 |       0 |             0 |       376
      340 |     +0.0% |       0 |       0 |             0 |       366
      350 |     +0.0% |       0 |       0 |             0 |       356
      360 |     +0.0% |       0 |       0 |             0 |       346
      370 |     +0.0% |       0 |       0 |             0 |       336
      380 |     +0.0% |       0 |       0 |             0 |       326
      390 |     +0.0% |       0 |       0 |             0 |       316
      400 |     +0.0% |       0 |       0 |             0 |       306
      410 |     +0.0% |       0 |       0 |             0 |       296
      420 |     +0.0% |       0 |       0 |             0 |       286
      430 |     +0.0% |       0 |       0 |             0 |       276
      440 |     +0.0% |       0 |       0 |             0 |       266
      450 |     +0.0% |       0 |       0 |             0 |       256
      460 |     +0.0% |       0 |       0 |             0 |       246
      470 |     +0.0% |       0 |       0 |             0 |       236
      480 |     +0.0% |       0 |       0 |             0 |       226
      490 |     +0.0% |       0 |       0 |             0 |       216
      500 |     +0.0% |       0 |       0 |             0 |       206
      510 |     +0.0% |       0 |       0 |             0 |       196
      520 |     +0.0% |       0 |       0 |             0 |       186
      530 |     +0.0% |       0 |       0 |             0 |       176
      540 |     +0.0% |       0 |       0 |             0 |       166
      550 |     +0.0% |       0 |       0 |             0 |       156
      560 |     +0.0% |       0 |       0 |             0 |       146
      570 |     +0.0% |       0 |       0 |             0 |       136
      580 |     +0.0% |       0 |       0 |             0 |       126
      590 |     +0.0% |       0 |       0 |             0 |       116
      600 |     +0.0% |       0 |       0 |             0 |       106
      610 |     +0.0% |       0 |       0 |             0 |        96
      620 |     +0.0% |       0 |       0 |             0 |        86
      630 |     +0.0% |       0 |       0 |             0 |        76
      640 |     +0.0% |       0 |       0 |             0 |        66
      650 |     +0.0% |       0 |       0 |             0 |        56
      660 |     +0.0% |       0 |       0 |             0 |        46
      670 |     +0.0% |       0 |       0 |             0 |        36
      680 |     +0.0% |       0 |       0 |             0 |        26
      690 |     +0.0% |       0 |       0 |             0 |        16
      700 |     +0.0% |       0 |       0 |             0 |         6
    final |     +0.0% |       0 |       0 |             0 |         0
---------------------------------------------------------------------
global_route -start_incremental
detailed_placement
[INFO DPL-0006] Core area: 12465.71 um^2, Instances area: 5021.07 um^2, Utilization: 40.3%
[INFO DPL-0005] Diamond search max displacement: +/- 500 sites horizontally, +/- 100 rows vertically.
[INFO DPL-1101] Legalizing using diamond search.
Movements Summary
---------------------------------------
Total cells:                     526
Diamond Move Success:            526 (100.00%)
Diamond Move Failure:              0
Rip-up and replace Success:        0 (  0.00% of diamond failures)
Rip-up and replace Failure:        0
Total Placement Failures:          0
---------------------------------------
Placement Analysis
---------------------------------
total displacement          0.0 u
average displacement        0.0 u
max displacement            0.0 u
original HPWL            8651.8 u
legalized HPWL           8651.8 u
delta HPWL                    0 %

global_route -end_incremental -congestion_report_file /home/harish_d1121/Spec_to_Tapeout-main/openroad_runs/p8/reports/sky130hd/fp16_multiplier/base/congestion_post_repair_design.rpt
Repair setup and hold violations...
estimate_parasitics -global_routing
repair_timing -setup_margin 0.0 -hold_margin 0.0 -repair_tns 100 -verbose
[INFO RSZ-0100] Repair move sequence: UnbufferMove SizeUpMove SwapPinsMove BufferMove CloneMove SplitLoadMove 
[INFO RSZ-0098] No setup violations found
[INFO RSZ-0033] No hold violations found.
global_route -start_incremental
detailed_placement
[INFO DPL-0006] Core area: 12465.71 um^2, Instances area: 5021.07 um^2, Utilization: 40.3%
[INFO DPL-0005] Diamond search max displacement: +/- 500 sites horizontally, +/- 100 rows vertically.
[INFO DPL-1101] Legalizing using diamond search.
Movements Summary
---------------------------------------
Total cells:                     526
Diamond Move Success:            526 (100.00%)
Diamond Move Failure:              0
Rip-up and replace Success:        0 (  0.00% of diamond failures)
Rip-up and replace Failure:        0
Total Placement Failures:          0
---------------------------------------
Placement Analysis
---------------------------------
total displacement          0.0 u
average displacement        0.0 u
max displacement            0.0 u
original HPWL            8651.8 u
legalized HPWL           8651.8 u
delta HPWL                    0 %

global_route -end_incremental -congestion_report_file /home/harish_d1121/Spec_to_Tapeout-main/openroad_runs/p8/reports/sky130hd/fp16_multiplier/base/congestion_post_repair_timing.rpt
global_route -start_incremental
global_route -end_incremental -congestion_report_file /home/harish_d1121/Spec_to_Tapeout-main/openroad_runs/p8/reports/sky130hd/fp16_multiplier/base/congestion_post_recover_power.rpt
Repair antennas...
[INFO GRT-0012] Found 0 antenna violations.
[INFO ANT-0002] Found 0 net violations.
[INFO ANT-0001] Found 0 pin violations.
Estimate parasitics...
estimate_parasitics -global_routing
Report metrics stage 5, global route...
No registers in design

==========================================================================
global route report_design_area
--------------------------------------------------------------------------
Design area 5021 um^2 40% utilization.
[WARNING FLW-0006] No clocks found.
[INFO FLW-0011] Path endpoint path count 16
write_db /home/harish_d1121/Spec_to_Tapeout-main/openroad_runs/p8/results/sky130hd/fp16_multiplier/base/5_1_grt.odb
write_sdc -no_timestamp /home/harish_d1121/Spec_to_Tapeout-main/openroad_runs/p8/results/sky130hd/fp16_multiplier/base/5_1_grt.sdc
Elapsed time: 0:09.74[h:]min:sec. CPU time: user 25.35 sys 0.19 (262%). Peak memory: 240112KB.
Log                        Elapsed/s Peak Memory/MB  sha1sum .odb [0:20)
5_1_grt                            9            234 ad5258d0674bf844b15c
